<Event xmlns="http://schemas.microsoft.com/win/2004/08/events/event"><System><Provider Name="Service Control Manager" Guid="{555908d1-a6d7-4695-8e1e-26931d2012f4}" EventSourceName="Service Control Manager"></Provider>
<EventID Qualifiers="16384">7036</EventID>
<Version>0</Version>
<Level>4</Level>
<Task>0</Task>
<Opcode>0</Opcode>
<Keywords>0x8080000000000000</Keywords>
<TimeCreated SystemTime="2025-08-06 03:09:27.322206+00:00"></TimeCreated>
<EventRecordID>9476421</EventRecordID>
<Correlation ActivityID="{0af565f8-6ade-4381-b0eb-ca43f56fadf8}" RelatedActivityID=""></Correlation>
<Execution ProcessID="1644" ThreadID="85360"></Execution>
<Channel>System</Channel>
<Computer>WS101.commercevision.cloud</Computer>
<Security UserID=""></Security>
</System>
<EventData><Data Name="param1">WMI Performance Adapter</Data>
<Data Name="param2">stopped</Data>
<Binary>dwBtAGkAQQBwAFMAcgB2AC8AMQAAAA==</Binary>
</EventData>
</Event>
<Event xmlns="http://schemas.microsoft.com/win/2004/08/events/event"><System><Provider Name="Service Control Manager" Guid="{555908d1-a6d7-4695-8e1e-26931d2012f4}" EventSourceName="Service Control Manager"></Provider>
<EventID Qualifiers="16384">7036</EventID>
<Version>0</Version>
<Level>4</Level>
<Task>0</Task>
<Opcode>0</Opcode>
<Keywords>0x8080000000000000</Keywords>
<TimeCreated SystemTime="2025-08-06 03:10:07.690203+00:00"></TimeCreated>
<EventRecordID>9476422</EventRecordID>
<Correlation ActivityID="{ccba9bd2-31d4-4eba-bcf6-a3a5f91b81c4}" RelatedActivityID=""></Correlation>
<Execution ProcessID="1644" ThreadID="85360"></Execution>
<Channel>System</Channel>
<Computer>WS101.commercevision.cloud</Computer>
<Security UserID=""></Security>
</System>
<EventData><Data Name="param1">WMI Performance Adapter</Data>
<Data Name="param2">running</Data>
<Binary>dwBtAGkAQQBwAFMAcgB2AC8ANAAAAA==</Binary>
</EventData>
</Event>
<Event xmlns="http://schemas.microsoft.com/win/2004/08/events/event"><System><Provider Name="Service Control Manager" Guid="{555908d1-a6d7-4695-8e1e-26931d2012f4}" EventSourceName="Service Control Manager"></Provider>
<EventID Qualifiers="16384">7036</EventID>
<Version>0</Version>
<Level>4</Level>
<Task>0</Task>
<Opcode>0</Opcode>
<Keywords>0x8080000000000000</Keywords>
<TimeCreated SystemTime="2025-08-06 03:12:38.076544+00:00"></TimeCreated>
<EventRecordID>9476423</EventRecordID>
<Correlation ActivityID="{6d0305ab-313e-42f2-88d1-f9d00bd8b1df}" RelatedActivityID=""></Correlation>
<Execution ProcessID="1644" ThreadID="13108"></Execution>
<Channel>System</Channel>
<Computer>WS101.commercevision.cloud</Computer>
<Security UserID=""></Security>
</System>
<EventData><Data Name="param1">WMI Performance Adapter</Data>
<Data Name="param2">stopped</Data>
<Binary>dwBtAGkAQQBwAFMAcgB2AC8AMQAAAA==</Binary>
</EventData>
</Event>
<Event xmlns="http://schemas.microsoft.com/win/2004/08/events/event"><System><Provider Name="Service Control Manager" Guid="{555908d1-a6d7-4695-8e1e-26931d2012f4}" EventSourceName="Service Control Manager"></Provider>
<EventID Qualifiers="16384">7036</EventID>
<Version>0</Version>
<Level>4</Level>
<Task>0</Task>
<Opcode>0</Opcode>
<Keywords>0x8080000000000000</Keywords>
<TimeCreated SystemTime="2025-08-06 03:13:01.701607+00:00"></TimeCreated>
<EventRecordID>9476424</EventRecordID>
<Correlation ActivityID="{f9413d7c-003b-4791-9e90-ebd9702d0aae}" RelatedActivityID=""></Correlation>
<Execution ProcessID="1644" ThreadID="13108"></Execution>
<Channel>System</Channel>
<Computer>WS101.commercevision.cloud</Computer>
<Security UserID=""></Security>
</System>
<EventData><Data Name="param1">Windows Update</Data>
<Data Name="param2">stopped</Data>
<Binary>dwB1AGEAdQBzAGUAcgB2AC8AMQAAAA==</Binary>
</EventData>
</Event>
<Event xmlns="http://schemas.microsoft.com/win/2004/08/events/event"><System><Provider Name="Service Control Manager" Guid="{555908d1-a6d7-4695-8e1e-26931d2012f4}" EventSourceName="Service Control Manager"></Provider>
<EventID Qualifiers="16384">7040</EventID>
<Version>0</Version>
<Level>4</Level>
<Task>0</Task>
<Opcode>0</Opcode>
<Keywords>0x8080000000000000</Keywords>
<TimeCreated SystemTime="2025-08-06 03:14:37.955145+00:00"></TimeCreated>
<EventRecordID>9476425</EventRecordID>
<Correlation ActivityID="{e752c942-9953-4088-9d4b-d25f1fcded0c}" RelatedActivityID=""></Correlation>
<Execution ProcessID="1644" ThreadID="34764"></Execution>
<Channel>System</Channel>
<Computer>WS101.commercevision.cloud</Computer>
<Security UserID="S-1-5-18"></Security>
</System>
<EventData><Data Name="param1">Background Intelligent Transfer Service</Data>
<Data Name="param2">auto start</Data>
<Data Name="param3">demand start</Data>
<Data Name="param4">BITS</Data>
</EventData>
</Event>
<Event xmlns="http://schemas.microsoft.com/win/2004/08/events/event"><System><Provider Name="Service Control Manager" Guid="{555908d1-a6d7-4695-8e1e-26931d2012f4}" EventSourceName="Service Control Manager"></Provider>
<EventID Qualifiers="16384">7036</EventID>
<Version>0</Version>
<Level>4</Level>
<Task>0</Task>
<Opcode>0</Opcode>
<Keywords>0x8080000000000000</Keywords>
<TimeCreated SystemTime="2025-08-06 03:14:38.080145+00:00"></TimeCreated>
<EventRecordID>9476426</EventRecordID>
<Correlation ActivityID="{2b2f7c95-19c4-4a0e-bbca-bbedb47d9d27}" RelatedActivityID=""></Correlation>
<Execution ProcessID="1644" ThreadID="34764"></Execution>
<Channel>System</Channel>
<Computer>WS101.commercevision.cloud</Computer>
<Security UserID=""></Security>
</System>
<EventData><Data Name="param1">Background Intelligent Transfer Service</Data>
<Data Name="param2">stopped</Data>
<Binary>QgBJAFQAUwAvADEAAAA=</Binary>
</EventData>
</Event>
<Event xmlns="http://schemas.microsoft.com/win/2004/08/events/event"><System><Provider Name="Service Control Manager" Guid="{555908d1-a6d7-4695-8e1e-26931d2012f4}" EventSourceName="Service Control Manager"></Provider>
<EventID Qualifiers="16384">7036</EventID>
<Version>0</Version>
<Level>4</Level>
<Task>0</Task>
<Opcode>0</Opcode>
<Keywords>0x8080000000000000</Keywords>
<TimeCreated SystemTime="2025-08-06 03:15:26.044777+00:00"></TimeCreated>
<EventRecordID>9476427</EventRecordID>
<Correlation ActivityID="{23f75af5-5e34-413c-bcdc-fd34ef3f5666}" RelatedActivityID=""></Correlation>
<Execution ProcessID="1644" ThreadID="34764"></Execution>
<Channel>System</Channel>
<Computer>WS101.commercevision.cloud</Computer>
<Security UserID=""></Security>
</System>
<EventData><Data Name="param1">Background Intelligent Transfer Service</Data>
<Data Name="param2">running</Data>
<Binary>QgBJAFQAUwAvADQAAAA=</Binary>
</EventData>
</Event>
<Event xmlns="http://schemas.microsoft.com/win/2004/08/events/event"><System><Provider Name="Service Control Manager" Guid="{555908d1-a6d7-4695-8e1e-26931d2012f4}" EventSourceName="Service Control Manager"></Provider>
<EventID Qualifiers="16384">7040</EventID>
<Version>0</Version>
<Level>4</Level>
<Task>0</Task>
<Opcode>0</Opcode>
<Keywords>0x8080000000000000</Keywords>
<TimeCreated SystemTime="2025-08-06 03:15:26.091648+00:00"></TimeCreated>
<EventRecordID>9476428</EventRecordID>
<Correlation ActivityID="{d7014108-602d-4034-ab8d-83600295eddc}" RelatedActivityID=""></Correlation>
<Execution ProcessID="1644" ThreadID="34764"></Execution>
<Channel>System</Channel>
<Computer>WS101.commercevision.cloud</Computer>
<Security UserID="S-1-5-18"></Security>
</System>
<EventData><Data Name="param1">Background Intelligent Transfer Service</Data>
<Data Name="param2">demand start</Data>
<Data Name="param3">auto start</Data>
<Data Name="param4">BITS</Data>
</EventData>
</Event>
<Event xmlns="http://schemas.microsoft.com/win/2004/08/events/event"><System><Provider Name="Service Control Manager" Guid="{555908d1-a6d7-4695-8e1e-26931d2012f4}" EventSourceName="Service Control Manager"></Provider>
<EventID Qualifiers="16384">7036</EventID>
<Version>0</Version>
<Level>4</Level>
<Task>0</Task>
<Opcode>0</Opcode>
<Keywords>0x8080000000000000</Keywords>
<TimeCreated SystemTime="2025-08-06 03:15:28.842524+00:00"></TimeCreated>
<EventRecordID>9476429</EventRecordID>
<Correlation ActivityID="{74bdfaba-01fe-478d-94c4-64c338d3155d}" RelatedActivityID=""></Correlation>
<Execution ProcessID="1644" ThreadID="13108"></Execution>
<Channel>System</Channel>
<Computer>WS101.commercevision.cloud</Computer>
<Security UserID=""></Security>
</System>
<EventData><Data Name="param1">WMI Performance Adapter</Data>
<Data Name="param2">running</Data>
<Binary>dwBtAGkAQQBwAFMAcgB2AC8ANAAAAA==</Binary>
</EventData>
</Event>
<Event xmlns="http://schemas.microsoft.com/win/2004/08/events/event"><System><Provider Name="Service Control Manager" Guid="{555908d1-a6d7-4695-8e1e-26931d2012f4}" EventSourceName="Service Control Manager"></Provider>
<EventID Qualifiers="16384">7040</EventID>
<Version>0</Version>
<Level>4</Level>
<Task>0</Task>
<Opcode>0</Opcode>
<Keywords>0x8080000000000000</Keywords>
<TimeCreated SystemTime="2025-08-06 03:17:26.355749+00:00"></TimeCreated>
<EventRecordID>9476430</EventRecordID>
<Correlation ActivityID="{07ecafc8-33d4-4ce6-906e-36b960eb8ac5}" RelatedActivityID=""></Correlation>
<Execution ProcessID="1644" ThreadID="13108"></Execution>
<Channel>System</Channel>
<Computer>WS101.commercevision.cloud</Computer>
<Security UserID="S-1-5-18"></Security>
</System>
<EventData><Data Name="param1">Background Intelligent Transfer Service</Data>
<Data Name="param2">auto start</Data>
<Data Name="param3">demand start</Data>
<Data Name="param4">BITS</Data>
</EventData>
</Event>
<Event xmlns="http://schemas.microsoft.com/win/2004/08/events/event"><System><Provider Name="Service Control Manager" Guid="{555908d1-a6d7-4695-8e1e-26931d2012f4}" EventSourceName="Service Control Manager"></Provider>
<EventID Qualifiers="16384">7036</EventID>
<Version>0</Version>
<Level>4</Level>
<Task>0</Task>
<Opcode>0</Opcode>
<Keywords>0x8080000000000000</Keywords>
<TimeCreated SystemTime="2025-08-06 03:17:26.469294+00:00"></TimeCreated>
<EventRecordID>9476431</EventRecordID>
<Correlation ActivityID="{d4bdae88-3a36-4b37-8a62-52a2b333b66a}" RelatedActivityID=""></Correlation>
<Execution ProcessID="1644" ThreadID="13108"></Execution>
<Channel>System</Channel>
<Computer>WS101.commercevision.cloud</Computer>
<Security UserID=""></Security>
</System>
<EventData><Data Name="param1">Background Intelligent Transfer Service</Data>
<Data Name="param2">stopped</Data>
<Binary>QgBJAFQAUwAvADEAAAA=</Binary>
</EventData>
</Event>
<Event xmlns="http://schemas.microsoft.com/win/2004/08/events/event"><System><Provider Name="Service Control Manager" Guid="{555908d1-a6d7-4695-8e1e-26931d2012f4}" EventSourceName="Service Control Manager"></Provider>
<EventID Qualifiers="16384">7036</EventID>
<Version>0</Version>
<Level>4</Level>
<Task>0</Task>
<Opcode>0</Opcode>
<Keywords>0x8080000000000000</Keywords>
<TimeCreated SystemTime="2025-08-06 03:17:47.578625+00:00"></TimeCreated>
<EventRecordID>9476432</EventRecordID>
<Correlation ActivityID="{a2765c5a-c1a1-46dd-85bf-8daf7a72650e}" RelatedActivityID=""></Correlation>
<Execution ProcessID="1644" ThreadID="13108"></Execution>
<Channel>System</Channel>
<Computer>WS101.commercevision.cloud</Computer>
<Security UserID=""></Security>
</System>
<EventData><Data Name="param1">WMI Performance Adapter</Data>
<Data Name="param2">stopped</Data>
<Binary>dwBtAGkAQQBwAFMAcgB2AC8AMQAAAA==</Binary>
</EventData>
</Event>
<Event xmlns="http://schemas.microsoft.com/win/2004/08/events/event"><System><Provider Name="Service Control Manager" Guid="{555908d1-a6d7-4695-8e1e-26931d2012f4}" EventSourceName="Service Control Manager"></Provider>
<EventID Qualifiers="16384">7036</EventID>
<Version>0</Version>
<Level>4</Level>
<Task>0</Task>
<Opcode>0</Opcode>
<Keywords>0x8080000000000000</Keywords>
<TimeCreated SystemTime="2025-08-06 03:18:07.535908+00:00"></TimeCreated>
<EventRecordID>9476433</EventRecordID>
<Correlation ActivityID="{3c3fc4af-8ce1-4d15-aaa0-31504a99bc4d}" RelatedActivityID=""></Correlation>
<Execution ProcessID="1644" ThreadID="13108"></Execution>
<Channel>System</Channel>
<Computer>WS101.commercevision.cloud</Computer>
<Security UserID=""></Security>
</System>
<EventData><Data Name="param1">WMI Performance Adapter</Data>
<Data Name="param2">running</Data>
<Binary>dwBtAGkAQQBwAFMAcgB2AC8ANAAAAA==</Binary>
</EventData>
</Event>
<Event xmlns="http://schemas.microsoft.com/win/2004/08/events/event"><System><Provider Name="Service Control Manager" Guid="{555908d1-a6d7-4695-8e1e-26931d2012f4}" EventSourceName="Service Control Manager"></Provider>
<EventID Qualifiers="16384">7036</EventID>
<Version>0</Version>
<Level>4</Level>
<Task>0</Task>
<Opcode>0</Opcode>
<Keywords>0x8080000000000000</Keywords>
<TimeCreated SystemTime="2025-08-06 03:18:07.629658+00:00"></TimeCreated>
<EventRecordID>9476434</EventRecordID>
<Correlation ActivityID="{ce626552-a4e9-4e4c-9909-69e2d4e19a14}" RelatedActivityID=""></Correlation>
<Execution ProcessID="1644" ThreadID="13108"></Execution>
<Channel>System</Channel>
<Computer>WS101.commercevision.cloud</Computer>
<Security UserID=""></Security>
</System>
<EventData><Data Name="param1">WMI Performance Adapter</Data>
<Data Name="param2">stopped</Data>
<Binary>dwBtAGkAQQBwAFMAcgB2AC8AMQAAAA==</Binary>
</EventData>
</Event>
<Event xmlns="http://schemas.microsoft.com/win/2004/08/events/event"><System><Provider Name="Service Control Manager" Guid="{555908d1-a6d7-4695-8e1e-26931d2012f4}" EventSourceName="Service Control Manager"></Provider>
<EventID Qualifiers="16384">7036</EventID>
<Version>0</Version>
<Level>4</Level>
<Task>0</Task>
<Opcode>0</Opcode>
<Keywords>0x8080000000000000</Keywords>
<TimeCreated SystemTime="2025-08-06 03:18:08.230659+00:00"></TimeCreated>
<EventRecordID>9476435</EventRecordID>
<Correlation ActivityID="{ce417ea4-3581-4d47-9ac4-270350bd6809}" RelatedActivityID=""></Correlation>
<Execution ProcessID="1644" ThreadID="13108"></Execution>
<Channel>System</Channel>
<Computer>WS101.commercevision.cloud</Computer>
<Security UserID=""></Security>
</System>
<EventData><Data Name="param1">Background Intelligent Transfer Service</Data>
<Data Name="param2">running</Data>
<Binary>QgBJAFQAUwAvADQAAAA=</Binary>
</EventData>
</Event>
<Event xmlns="http://schemas.microsoft.com/win/2004/08/events/event"><System><Provider Name="Service Control Manager" Guid="{555908d1-a6d7-4695-8e1e-26931d2012f4}" EventSourceName="Service Control Manager"></Provider>
<EventID Qualifiers="16384">7040</EventID>
<Version>0</Version>
<Level>4</Level>
<Task>0</Task>
<Opcode>0</Opcode>
<Keywords>0x8080000000000000</Keywords>
<TimeCreated SystemTime="2025-08-06 03:18:08.277538+00:00"></TimeCreated>
<EventRecordID>9476436</EventRecordID>
<Correlation ActivityID="{5f453388-fca0-443f-aef7-8119e86ab0b6}" RelatedActivityID=""></Correlation>
<Execution ProcessID="1644" ThreadID="13108"></Execution>
<Channel>System</Channel>
<Computer>WS101.commercevision.cloud</Computer>
<Security UserID="S-1-5-18"></Security>
</System>
<EventData><Data Name="param1">Background Intelligent Transfer Service</Data>
<Data Name="param2">demand start</Data>
<Data Name="param3">auto start</Data>
<Data Name="param4">BITS</Data>
</EventData>
</Event>
<Event xmlns="http://schemas.microsoft.com/win/2004/08/events/event"><System><Provider Name="Service Control Manager" Guid="{555908d1-a6d7-4695-8e1e-26931d2012f4}" EventSourceName="Service Control Manager"></Provider>
<EventID Qualifiers="16384">7036</EventID>
<Version>0</Version>
<Level>4</Level>
<Task>0</Task>
<Opcode>0</Opcode>
<Keywords>0x8080000000000000</Keywords>
<TimeCreated SystemTime="2025-08-06 03:18:10.844376+00:00"></TimeCreated>
<EventRecordID>9476437</EventRecordID>
<Correlation ActivityID="{da2a91e2-c854-4d35-8487-9a3ef5a364da}" RelatedActivityID=""></Correlation>
<Execution ProcessID="1644" ThreadID="66680"></Execution>
<Channel>System</Channel>
<Computer>WS101.commercevision.cloud</Computer>
<Security UserID=""></Security>
</System>
<EventData><Data Name="param1">WMI Performance Adapter</Data>
<Data Name="param2">running</Data>
<Binary>dwBtAGkAQQBwAFMAcgB2AC8ANAAAAA==</Binary>
</EventData>
</Event>
<Event xmlns="http://schemas.microsoft.com/win/2004/08/events/event"><System><Provider Name="Service Control Manager" Guid="{555908d1-a6d7-4695-8e1e-26931d2012f4}" EventSourceName="Service Control Manager"></Provider>
<EventID Qualifiers="16384">7036</EventID>
<Version>0</Version>
<Level>4</Level>
<Task>0</Task>
<Opcode>0</Opcode>
<Keywords>0x8080000000000000</Keywords>
<TimeCreated SystemTime="2025-08-06 03:18:18.532082+00:00"></TimeCreated>
<EventRecordID>9476438</EventRecordID>
<Correlation ActivityID="{16a0902a-b9a1-4876-81f3-02706d9601d7}" RelatedActivityID=""></Correlation>
<Execution ProcessID="1644" ThreadID="66680"></Execution>
<Channel>System</Channel>
<Computer>WS101.commercevision.cloud</Computer>
<Security UserID=""></Security>
</System>
<EventData><Data Name="param1">Network Setup Service</Data>
<Data Name="param2">stopped</Data>
<Binary>TgBlAHQAUwBlAHQAdQBwAFMAdgBjAC8AMQAAAA==</Binary>
</EventData>
</Event>
<Event xmlns="http://schemas.microsoft.com/win/2004/08/events/event"><System><Provider Name="Service Control Manager" Guid="{555908d1-a6d7-4695-8e1e-26931d2012f4}" EventSourceName="Service Control Manager"></Provider>
<EventID Qualifiers="16384">7036</EventID>
<Version>0</Version>
<Level>4</Level>
<Task>0</Task>
<Opcode>0</Opcode>
<Keywords>0x8080000000000000</Keywords>
<TimeCreated SystemTime="2025-08-06 03:18:20.726418+00:00"></TimeCreated>
<EventRecordID>9476439</EventRecordID>
<Correlation ActivityID="{9cbd6532-d88e-4d41-be83-0cc6f258989f}" RelatedActivityID=""></Correlation>
<Execution ProcessID="1644" ThreadID="66680"></Execution>
<Channel>System</Channel>
<Computer>WS101.commercevision.cloud</Computer>
<Security UserID=""></Security>
</System>
<EventData><Data Name="param1">Network Setup Service</Data>
<Data Name="param2">running</Data>
<Binary>TgBlAHQAUwBlAHQAdQBwAFMAdgBjAC8ANAAAAA==</Binary>
</EventData>
</Event>
<Event xmlns="http://schemas.microsoft.com/win/2004/08/events/event"><System><Provider Name="Service Control Manager" Guid="{555908d1-a6d7-4695-8e1e-26931d2012f4}" EventSourceName="Service Control Manager"></Provider>
<EventID Qualifiers="16384">7036</EventID>
<Version>0</Version>
<Level>4</Level>
<Task>0</Task>
<Opcode>0</Opcode>
<Keywords>0x8080000000000000</Keywords>
<TimeCreated SystemTime="2025-08-06 03:19:53.813845+00:00"></TimeCreated>
<EventRecordID>9476440</EventRecordID>
<Correlation ActivityID="{fd0af3ed-dde2-490f-8be6-2cca17583cf9}" RelatedActivityID=""></Correlation>
<Execution ProcessID="1644" ThreadID="66680"></Execution>
<Channel>System</Channel>
<Computer>WS101.commercevision.cloud</Computer>
<Security UserID=""></Security>
</System>
<EventData><Data Name="param1">AppX Deployment Service (AppXSVC)</Data>
<Data Name="param2">running</Data>
<Binary>QQBwAHAAWABTAHYAYwAvADQAAAA=</Binary>
</EventData>
</Event>
<Event xmlns="http://schemas.microsoft.com/win/2004/08/events/event"><System><Provider Name="Service Control Manager" Guid="{555908d1-a6d7-4695-8e1e-26931d2012f4}" EventSourceName="Service Control Manager"></Provider>
<EventID Qualifiers="16384">7036</EventID>
<Version>0</Version>
<Level>4</Level>
<Task>0</Task>
<Opcode>0</Opcode>
<Keywords>0x8080000000000000</Keywords>
<TimeCreated SystemTime="2025-08-06 03:19:58.371147+00:00"></TimeCreated>
<EventRecordID>9476441</EventRecordID>
<Correlation ActivityID="{16b07fc0-3c17-48dd-948c-338bb001f807}" RelatedActivityID=""></Correlation>
<Execution ProcessID="1644" ThreadID="13108"></Execution>
<Channel>System</Channel>
<Computer>WS101.commercevision.cloud</Computer>
<Security UserID=""></Security>
</System>
<EventData><Data Name="param1">Windows Modules Installer</Data>
<Data Name="param2">running</Data>
<Binary>VAByAHUAcwB0AGUAZABJAG4AcwB0AGEAbABsAGUAcgAvADQAAAA=</Binary>
</EventData>
</Event>
<Event xmlns="http://schemas.microsoft.com/win/2004/08/events/event"><System><Provider Name="Service Control Manager" Guid="{555908d1-a6d7-4695-8e1e-26931d2012f4}" EventSourceName="Service Control Manager"></Provider>
<EventID Qualifiers="16384">7036</EventID>
<Version>0</Version>
<Level>4</Level>
<Task>0</Task>
<Opcode>0</Opcode>
<Keywords>0x8080000000000000</Keywords>
<TimeCreated SystemTime="2025-08-06 03:22:02.752296+00:00"></TimeCreated>
<EventRecordID>9476442</EventRecordID>
<Correlation ActivityID="{78fd6b2f-1989-40f5-a630-697ee0341d7f}" RelatedActivityID=""></Correlation>
<Execution ProcessID="1644" ThreadID="34764"></Execution>
<Channel>System</Channel>
<Computer>WS101.commercevision.cloud</Computer>
<Security UserID=""></Security>
</System>
<EventData><Data Name="param1">Windows Modules Installer</Data>
<Data Name="param2">stopped</Data>
<Binary>VAByAHUAcwB0AGUAZABJAG4AcwB0AGEAbABsAGUAcgAvADEAAAA=</Binary>
</EventData>
</Event>
<Event xmlns="http://schemas.microsoft.com/win/2004/08/events/event"><System><Provider Name="Service Control Manager" Guid="{555908d1-a6d7-4695-8e1e-26931d2012f4}" EventSourceName="Service Control Manager"></Provider>
<EventID Qualifiers="16384">7036</EventID>
<Version>0</Version>
<Level>4</Level>
<Task>0</Task>
<Opcode>0</Opcode>
<Keywords>0x8080000000000000</Keywords>
<TimeCreated SystemTime="2025-08-06 03:24:53.883570+00:00"></TimeCreated>
<EventRecordID>9476443</EventRecordID>
<Correlation ActivityID="{85ccfd29-a8d0-42df-93cd-01e429ffa6ee}" RelatedActivityID=""></Correlation>
<Execution ProcessID="1644" ThreadID="34764"></Execution>
<Channel>System</Channel>
<Computer>WS101.commercevision.cloud</Computer>
<Security UserID=""></Security>
</System>
<EventData><Data Name="param1">AppX Deployment Service (AppXSVC)</Data>
<Data Name="param2">stopped</Data>
<Binary>QQBwAHAAWABTAHYAYwAvADEAAAA=</Binary>
</EventData>
</Event>
<Event xmlns="http://schemas.microsoft.com/win/2004/08/events/event"><System><Provider Name="Service Control Manager" Guid="{555908d1-a6d7-4695-8e1e-26931d2012f4}" EventSourceName="Service Control Manager"></Provider>
<EventID Qualifiers="16384">7036</EventID>
<Version>0</Version>
<Level>4</Level>
<Task>0</Task>
<Opcode>0</Opcode>
<Keywords>0x8080000000000000</Keywords>
<TimeCreated SystemTime="2025-08-06 03:26:33.179016+00:00"></TimeCreated>
<EventRecordID>9476444</EventRecordID>
<Correlation ActivityID="{8b92c0de-cf43-4a08-b624-1abbe1864180}" RelatedActivityID=""></Correlation>
<Execution ProcessID="1644" ThreadID="82224"></Execution>
<Channel>System</Channel>
<Computer>WS101.commercevision.cloud</Computer>
<Security UserID=""></Security>
</System>
<EventData><Data Name="param1">WMI Performance Adapter</Data>
<Data Name="param2">stopped</Data>
<Binary>dwBtAGkAQQBwAFMAcgB2AC8AMQAAAA==</Binary>
</EventData>
</Event>
<Event xmlns="http://schemas.microsoft.com/win/2004/08/events/event"><System><Provider Name="Service Control Manager" Guid="{555908d1-a6d7-4695-8e1e-26931d2012f4}" EventSourceName="Service Control Manager"></Provider>
<EventID Qualifiers="16384">7040</EventID>
<Version>0</Version>
<Level>4</Level>
<Task>0</Task>
<Opcode>0</Opcode>
<Keywords>0x8080000000000000</Keywords>
<TimeCreated SystemTime="2025-08-06 03:28:33.086300+00:00"></TimeCreated>
<EventRecordID>9476445</EventRecordID>
<Correlation ActivityID="{67461337-0eb0-42a5-8eb1-c3ce73968d7f}" RelatedActivityID=""></Correlation>
<Execution ProcessID="1644" ThreadID="34764"></Execution>
<Channel>System</Channel>
<Computer>WS101.commercevision.cloud</Computer>
<Security UserID="S-1-5-18"></Security>
</System>
<EventData><Data Name="param1">Background Intelligent Transfer Service</Data>
<Data Name="param2">auto start</Data>
<Data Name="param3">demand start</Data>
<Data Name="param4">BITS</Data>
</EventData>
</Event>
<Event xmlns="http://schemas.microsoft.com/win/2004/08/events/event"><System><Provider Name="Service Control Manager" Guid="{555908d1-a6d7-4695-8e1e-26931d2012f4}" EventSourceName="Service Control Manager"></Provider>
<EventID Qualifiers="16384">7036</EventID>
<Version>0</Version>
<Level>4</Level>
<Task>0</Task>
<Opcode>0</Opcode>
<Keywords>0x8080000000000000</Keywords>
<TimeCreated SystemTime="2025-08-06 03:28:33.141787+00:00"></TimeCreated>
<EventRecordID>9476446</EventRecordID>
<Correlation ActivityID="{234ec1a9-999a-4fe1-9a8f-98ca5950ab09}" RelatedActivityID=""></Correlation>
<Execution ProcessID="1644" ThreadID="34764"></Execution>
<Channel>System</Channel>
<Computer>WS101.commercevision.cloud</Computer>
<Security UserID=""></Security>
</System>
<EventData><Data Name="param1">Background Intelligent Transfer Service</Data>
<Data Name="param2">stopped</Data>
<Binary>QgBJAFQAUwAvADEAAAA=</Binary>
</EventData>
</Event>
<Event xmlns="http://schemas.microsoft.com/win/2004/08/events/event"><System><Provider Name="Service Control Manager" Guid="{555908d1-a6d7-4695-8e1e-26931d2012f4}" EventSourceName="Service Control Manager"></Provider>
<EventID Qualifiers="16384">7036</EventID>
<Version>0</Version>
<Level>4</Level>
<Task>0</Task>
<Opcode>0</Opcode>
<Keywords>0x8080000000000000</Keywords>
<TimeCreated SystemTime="2025-08-06 03:30:14.818031+00:00"></TimeCreated>
<EventRecordID>9476447</EventRecordID>
<Correlation ActivityID="{2dcee01b-df13-457c-8373-7f64c7f9e529}" RelatedActivityID=""></Correlation>
<Execution ProcessID="1644" ThreadID="80440"></Execution>
<Channel>System</Channel>
<Computer>WS101.commercevision.cloud</Computer>
<Security UserID=""></Security>
</System>
<EventData><Data Name="param1">Background Intelligent Transfer Service</Data>
<Data Name="param2">running</Data>
<Binary>QgBJAFQAUwAvADQAAAA=</Binary>
</EventData>
</Event>
<Event xmlns="http://schemas.microsoft.com/win/2004/08/events/event"><System><Provider Name="Service Control Manager" Guid="{555908d1-a6d7-4695-8e1e-26931d2012f4}" EventSourceName="Service Control Manager"></Provider>
<EventID Qualifiers="16384">7040</EventID>
<Version>0</Version>
<Level>4</Level>
<Task>0</Task>
<Opcode>0</Opcode>
<Keywords>0x8080000000000000</Keywords>
<TimeCreated SystemTime="2025-08-06 03:30:14.864901+00:00"></TimeCreated>
<EventRecordID>9476448</EventRecordID>
<Correlation ActivityID="{850bf75e-31a3-46cb-8d95-c43a95912db1}" RelatedActivityID=""></Correlation>
<Execution ProcessID="1644" ThreadID="80440"></Execution>
<Channel>System</Channel>
<Computer>WS101.commercevision.cloud</Computer>
<Security UserID="S-1-5-18"></Security>
</System>
<EventData><Data Name="param1">Background Intelligent Transfer Service</Data>
<Data Name="param2">demand start</Data>
<Data Name="param3">auto start</Data>
<Data Name="param4">BITS</Data>
</EventData>
</Event>
<Event xmlns="http://schemas.microsoft.com/win/2004/08/events/event"><System><Provider Name="Service Control Manager" Guid="{555908d1-a6d7-4695-8e1e-26931d2012f4}" EventSourceName="Service Control Manager"></Provider>
<EventID Qualifiers="16384">7036</EventID>
<Version>0</Version>
<Level>4</Level>
<Task>0</Task>
<Opcode>0</Opcode>
<Keywords>0x8080000000000000</Keywords>
<TimeCreated SystemTime="2025-08-06 03:30:17.391815+00:00"></TimeCreated>
<EventRecordID>9476449</EventRecordID>
<Correlation ActivityID="{d944fd26-7275-42cd-9c14-44ba479603ad}" RelatedActivityID=""></Correlation>
<Execution ProcessID="1644" ThreadID="72616"></Execution>
<Channel>System</Channel>
<Computer>WS101.commercevision.cloud</Computer>
<Security UserID=""></Security>
</System>
<EventData><Data Name="param1">WMI Performance Adapter</Data>
<Data Name="param2">running</Data>
<Binary>dwBtAGkAQQBwAFMAcgB2AC8ANAAAAA==</Binary>
</EventData>
</Event>
<Event xmlns="http://schemas.microsoft.com/win/2004/08/events/event"><System><Provider Name="Service Control Manager" Guid="{555908d1-a6d7-4695-8e1e-26931d2012f4}" EventSourceName="Service Control Manager"></Provider>
<EventID Qualifiers="16384">7036</EventID>
<Version>0</Version>
<Level>4</Level>
<Task>0</Task>
<Opcode>0</Opcode>
<Keywords>0x8080000000000000</Keywords>
<TimeCreated SystemTime="2025-08-06 03:31:04.537395+00:00"></TimeCreated>
<EventRecordID>9476450</EventRecordID>
<Correlation ActivityID="{019af215-b247-4c60-8691-14a9c71a63fc}" RelatedActivityID=""></Correlation>
<Execution ProcessID="1644" ThreadID="72616"></Execution>
<Channel>System</Channel>
<Computer>WS101.commercevision.cloud</Computer>
<Security UserID=""></Security>
</System>
<EventData><Data Name="param1">Windows Update</Data>
<Data Name="param2">running</Data>
<Binary>dwB1AGEAdQBzAGUAcgB2AC8ANAAAAA==</Binary>
</EventData>
</Event>
<Event xmlns="http://schemas.microsoft.com/win/2004/08/events/event"><System><Provider Name="Service Control Manager" Guid="{555908d1-a6d7-4695-8e1e-26931d2012f4}" EventSourceName="Service Control Manager"></Provider>
<EventID Qualifiers="16384">7036</EventID>
<Version>0</Version>
<Level>4</Level>
<Task>0</Task>
<Opcode>0</Opcode>
<Keywords>0x8080000000000000</Keywords>
<TimeCreated SystemTime="2025-08-06 03:34:13.082060+00:00"></TimeCreated>
<EventRecordID>9476451</EventRecordID>
<Correlation ActivityID="{cae4dd18-0b43-47db-9a48-ce68dee76fb8}" RelatedActivityID=""></Correlation>
<Execution ProcessID="1644" ThreadID="72616"></Execution>
<Channel>System</Channel>
<Computer>WS101.commercevision.cloud</Computer>
<Security UserID=""></Security>
</System>
<EventData><Data Name="param1">WMI Performance Adapter</Data>
<Data Name="param2">stopped</Data>
<Binary>dwBtAGkAQQBwAFMAcgB2AC8AMQAAAA==</Binary>
</EventData>
</Event>
<Event xmlns="http://schemas.microsoft.com/win/2004/08/events/event"><System><Provider Name="Service Control Manager" Guid="{555908d1-a6d7-4695-8e1e-26931d2012f4}" EventSourceName="Service Control Manager"></Provider>
<EventID Qualifiers="16384">7036</EventID>
<Version>0</Version>
<Level>4</Level>
<Task>0</Task>
<Opcode>0</Opcode>
<Keywords>0x8080000000000000</Keywords>
<TimeCreated SystemTime="2025-08-06 03:34:24.945957+00:00"></TimeCreated>
<EventRecordID>9476452</EventRecordID>
<Correlation ActivityID="{db0c80b1-2a23-4f44-a9ce-75db3f3df94a}" RelatedActivityID=""></Correlation>
<Execution ProcessID="1644" ThreadID="72616"></Execution>
<Channel>System</Channel>
<Computer>WS101.commercevision.cloud</Computer>
<Security UserID=""></Security>
</System>
<EventData><Data Name="param1">Windows Modules Installer</Data>
<Data Name="param2">running</Data>
<Binary>VAByAHUAcwB0AGUAZABJAG4AcwB0AGEAbABsAGUAcgAvADQAAAA=</Binary>
</EventData>
</Event>
<Event xmlns="http://schemas.microsoft.com/win/2004/08/events/event"><System><Provider Name="Microsoft-Windows-Kernel-General" Guid="{a68ca8b7-004f-d7b6-a698-07e2de0f1f5d}"></Provider>
<EventID Qualifiers="">16</EventID>
<Version>0</Version>
<Level>4</Level>
<Task>0</Task>
<Opcode>0</Opcode>
<Keywords>0x8000000000000000</Keywords>
<TimeCreated SystemTime="2025-08-06 03:34:29.128830+00:00"></TimeCreated>
<EventRecordID>9476453</EventRecordID>
<Correlation ActivityID="" RelatedActivityID=""></Correlation>
<Execution ProcessID="83100" ThreadID="25832"></Execution>
<Channel>System</Channel>
<Computer>WS101.commercevision.cloud</Computer>
<Security UserID="S-1-5-18"></Security>
</System>
<EventData><Data Name="HiveNameLength">41</Data>
<Data Name="HiveName">\??\C:\Windows\System32\config\COMPONENTS</Data>
<Data Name="KeysUpdated">198</Data>
<Data Name="DirtyPages">57</Data>
</EventData>
</Event>
<Event xmlns="http://schemas.microsoft.com/win/2004/08/events/event"><System><Provider Name="Service Control Manager" Guid="{555908d1-a6d7-4695-8e1e-26931d2012f4}" EventSourceName="Service Control Manager"></Provider>
<EventID Qualifiers="16384">7036</EventID>
<Version>0</Version>
<Level>4</Level>
<Task>0</Task>
<Opcode>0</Opcode>
<Keywords>0x8080000000000000</Keywords>
<TimeCreated SystemTime="2025-08-06 03:34:32.673981+00:00"></TimeCreated>
<EventRecordID>9476454</EventRecordID>
<Correlation ActivityID="{19f92123-cfaf-46b2-8ed2-ac176eb2c1b0}" RelatedActivityID=""></Correlation>
<Execution ProcessID="1644" ThreadID="19248"></Execution>
<Channel>System</Channel>
<Computer>WS101.commercevision.cloud</Computer>
<Security UserID=""></Security>
</System>
<EventData><Data Name="param1">WMI Performance Adapter</Data>
<Data Name="param2">running</Data>
<Binary>dwBtAGkAQQBwAFMAcgB2AC8ANAAAAA==</Binary>
</EventData>
</Event>
<Event xmlns="http://schemas.microsoft.com/win/2004/08/events/event"><System><Provider Name="Service Control Manager" Guid="{555908d1-a6d7-4695-8e1e-26931d2012f4}" EventSourceName="Service Control Manager"></Provider>
<EventID Qualifiers="16384">7036</EventID>
<Version>0</Version>
<Level>4</Level>
<Task>0</Task>
<Opcode>0</Opcode>
<Keywords>0x8080000000000000</Keywords>
<TimeCreated SystemTime="2025-08-06 03:34:32.752092+00:00"></TimeCreated>
<EventRecordID>9476455</EventRecordID>
<Correlation ActivityID="{3c6b1cf2-d891-42b0-aa4f-34186526a414}" RelatedActivityID=""></Correlation>
<Execution ProcessID="1644" ThreadID="19248"></Execution>
<Channel>System</Channel>
<Computer>WS101.commercevision.cloud</Computer>
<Security UserID=""></Security>
</System>
<EventData><Data Name="param1">WMI Performance Adapter</Data>
<Data Name="param2">stopped</Data>
<Binary>dwBtAGkAQQBwAFMAcgB2AC8AMQAAAA==</Binary>
</EventData>
</Event>
<Event xmlns="http://schemas.microsoft.com/win/2004/08/events/event"><System><Provider Name="Service Control Manager" Guid="{555908d1-a6d7-4695-8e1e-26931d2012f4}" EventSourceName="Service Control Manager"></Provider>
<EventID Qualifiers="16384">7036</EventID>
<Version>0</Version>
<Level>4</Level>
<Task>0</Task>
<Opcode>0</Opcode>
<Keywords>0x8080000000000000</Keywords>
<TimeCreated SystemTime="2025-08-06 03:34:35.335617+00:00"></TimeCreated>
<EventRecordID>9476456</EventRecordID>
<Correlation ActivityID="{199f1438-13b7-4816-935b-a2a45af1e400}" RelatedActivityID=""></Correlation>
<Execution ProcessID="1644" ThreadID="72616"></Execution>
<Channel>System</Channel>
<Computer>WS101.commercevision.cloud</Computer>
<Security UserID=""></Security>
</System>
<EventData><Data Name="param1">WMI Performance Adapter</Data>
<Data Name="param2">running</Data>
<Binary>dwBtAGkAQQBwAFMAcgB2AC8ANAAAAA==</Binary>
</EventData>
</Event>
<Event xmlns="http://schemas.microsoft.com/win/2004/08/events/event"><System><Provider Name="Service Control Manager" Guid="{555908d1-a6d7-4695-8e1e-26931d2012f4}" EventSourceName="Service Control Manager"></Provider>
<EventID Qualifiers="16384">7036</EventID>
<Version>0</Version>
<Level>4</Level>
<Task>0</Task>
<Opcode>0</Opcode>
<Keywords>0x8080000000000000</Keywords>
<TimeCreated SystemTime="2025-08-06 03:36:30.741720+00:00"></TimeCreated>
<EventRecordID>9476457</EventRecordID>
<Correlation ActivityID="{1dbd9d66-7311-436b-af0f-ed4ca0b1ff1b}" RelatedActivityID=""></Correlation>
<Execution ProcessID="1644" ThreadID="34764"></Execution>
<Channel>System</Channel>
<Computer>WS101.commercevision.cloud</Computer>
<Security UserID=""></Security>
</System>
<EventData><Data Name="param1">Windows Modules Installer</Data>
<Data Name="param2">stopped</Data>
<Binary>VAByAHUAcwB0AGUAZABJAG4AcwB0AGEAbABsAGUAcgAvADEAAAA=</Binary>
</EventData>
</Event>
<Event xmlns="http://schemas.microsoft.com/win/2004/08/events/event"><System><Provider Name="Service Control Manager" Guid="{555908d1-a6d7-4695-8e1e-26931d2012f4}" EventSourceName="Service Control Manager"></Provider>
<EventID Qualifiers="16384">7040</EventID>
<Version>0</Version>
<Level>4</Level>
<Task>0</Task>
<Opcode>0</Opcode>
<Keywords>0x8080000000000000</Keywords>
<TimeCreated SystemTime="2025-08-06 03:36:33.225744+00:00"></TimeCreated>
<EventRecordID>9476458</EventRecordID>
<Correlation ActivityID="{b239b388-2c65-428d-bdd4-2717f564990c}" RelatedActivityID=""></Correlation>
<Execution ProcessID="1644" ThreadID="34764"></Execution>
<Channel>System</Channel>
<Computer>WS101.commercevision.cloud</Computer>
<Security UserID="S-1-5-18"></Security>
</System>
<EventData><Data Name="param1">Background Intelligent Transfer Service</Data>
<Data Name="param2">auto start</Data>
<Data Name="param3">demand start</Data>
<Data Name="param4">BITS</Data>
</EventData>
</Event>
<Event xmlns="http://schemas.microsoft.com/win/2004/08/events/event"><System><Provider Name="Service Control Manager" Guid="{555908d1-a6d7-4695-8e1e-26931d2012f4}" EventSourceName="Service Control Manager"></Provider>
<EventID Qualifiers="16384">7036</EventID>
<Version>0</Version>
<Level>4</Level>
<Task>0</Task>
<Opcode>0</Opcode>
<Keywords>0x8080000000000000</Keywords>
<TimeCreated SystemTime="2025-08-06 03:36:33.314472+00:00"></TimeCreated>
<EventRecordID>9476459</EventRecordID>
<Correlation ActivityID="{b1e147fc-fb09-436d-8305-cef588cf8381}" RelatedActivityID=""></Correlation>
<Execution ProcessID="1644" ThreadID="34764"></Execution>
<Channel>System</Channel>
<Computer>WS101.commercevision.cloud</Computer>
<Security UserID=""></Security>
</System>
<EventData><Data Name="param1">Background Intelligent Transfer Service</Data>
<Data Name="param2">stopped</Data>
<Binary>QgBJAFQAUwAvADEAAAA=</Binary>
</EventData>
</Event>
<Event xmlns="http://schemas.microsoft.com/win/2004/08/events/event"><System><Provider Name="Schannel" Guid="{1f678132-5938-4686-9fdc-c8ff68f15c85}"></Provider>
<EventID Qualifiers="">36874</EventID>
<Version>0</Version>
<Level>2</Level>
<Task>0</Task>
<Opcode>0</Opcode>
<Keywords>0x8000000000000000</Keywords>
<TimeCreated SystemTime="2025-08-06 03:36:49.252329+00:00"></TimeCreated>
<EventRecordID>9476460</EventRecordID>
<Correlation ActivityID="{885414db-f1bc-000a-7dbb-02cbbfe0db01}" RelatedActivityID=""></Correlation>
<Execution ProcessID="1664" ThreadID="56308"></Execution>
<Channel>System</Channel>
<Computer>WS101.commercevision.cloud</Computer>
<Security UserID="S-1-5-18"></Security>
</System>
<EventData><Data Name="Protocol">TLS 1.2</Data>
</EventData>
</Event>
<Event xmlns="http://schemas.microsoft.com/win/2004/08/events/event"><System><Provider Name="Schannel" Guid="{1f678132-5938-4686-9fdc-c8ff68f15c85}"></Provider>
<EventID Qualifiers="">36874</EventID>
<Version>0</Version>
<Level>2</Level>
<Task>0</Task>
<Opcode>0</Opcode>
<Keywords>0x8000000000000000</Keywords>
<TimeCreated SystemTime="2025-08-06 03:36:49.400774+00:00"></TimeCreated>
<EventRecordID>9476461</EventRecordID>
<Correlation ActivityID="{885414db-f1bc-000a-7dbb-02cbbfe0db01}" RelatedActivityID=""></Correlation>
<Execution ProcessID="1664" ThreadID="56308"></Execution>
<Channel>System</Channel>
<Computer>WS101.commercevision.cloud</Computer>
<Security UserID="S-1-5-18"></Security>
</System>
<EventData><Data Name="Protocol">TLS 1.2</Data>
</EventData>
</Event>
<Event xmlns="http://schemas.microsoft.com/win/2004/08/events/event"><System><Provider Name="Service Control Manager" Guid="{555908d1-a6d7-4695-8e1e-26931d2012f4}" EventSourceName="Service Control Manager"></Provider>
<EventID Qualifiers="16384">7036</EventID>
<Version>0</Version>
<Level>4</Level>
<Task>0</Task>
<Opcode>0</Opcode>
<Keywords>0x8080000000000000</Keywords>
<TimeCreated SystemTime="2025-08-06 03:38:33.640312+00:00"></TimeCreated>
<EventRecordID>9476462</EventRecordID>
<Correlation ActivityID="{c8043284-0b65-4466-b6a6-f545a9cf6948}" RelatedActivityID=""></Correlation>
<Execution ProcessID="1644" ThreadID="80836"></Execution>
<Channel>System</Channel>
<Computer>WS101.commercevision.cloud</Computer>
<Security UserID=""></Security>
</System>
<EventData><Data Name="param1">Background Intelligent Transfer Service</Data>
<Data Name="param2">running</Data>
<Binary>QgBJAFQAUwAvADQAAAA=</Binary>
</EventData>
</Event>
<Event xmlns="http://schemas.microsoft.com/win/2004/08/events/event"><System><Provider Name="Service Control Manager" Guid="{555908d1-a6d7-4695-8e1e-26931d2012f4}" EventSourceName="Service Control Manager"></Provider>
<EventID Qualifiers="16384">7040</EventID>
<Version>0</Version>
<Level>4</Level>
<Task>0</Task>
<Opcode>0</Opcode>
<Keywords>0x8080000000000000</Keywords>
<TimeCreated SystemTime="2025-08-06 03:38:33.687183+00:00"></TimeCreated>
<EventRecordID>9476463</EventRecordID>
<Correlation ActivityID="{1a395ccc-f696-45ce-893b-20099e38ed50}" RelatedActivityID=""></Correlation>
<Execution ProcessID="1644" ThreadID="80836"></Execution>
<Channel>System</Channel>
<Computer>WS101.commercevision.cloud</Computer>
<Security UserID="S-1-5-18"></Security>
</System>
<EventData><Data Name="param1">Background Intelligent Transfer Service</Data>
<Data Name="param2">demand start</Data>
<Data Name="param3">auto start</Data>
<Data Name="param4">BITS</Data>
</EventData>
</Event>
