<Event xmlns="http://schemas.microsoft.com/win/2004/08/events/event"><System><Provider Name="Service Control Manager" Guid="{555908d1-a6d7-4695-8e1e-26931d2012f4}" EventSourceName="Service Control Manager"></Provider>
<EventID Qualifiers="16384">7036</EventID>
<Version>0</Version>
<Level>4</Level>
<Task>0</Task>
<Opcode>0</Opcode>
<Keywords>0x8080000000000000</Keywords>
<TimeCreated SystemTime="2025-08-06 01:56:34.947308+00:00"></TimeCreated>
<EventRecordID>9476317</EventRecordID>
<Correlation ActivityID="{1f5213c3-ae8f-470b-934d-deb2432dfbab}" RelatedActivityID=""></Correlation>
<Execution ProcessID="1644" ThreadID="34764"></Execution>
<Channel>System</Channel>
<Computer>WS101.commercevision.cloud</Computer>
<Security UserID=""></Security>
</System>
<EventData><Data Name="param1">Windows Modules Installer</Data>
<Data Name="param2">stopped</Data>
<Binary>VAByAHUAcwB0AGUAZABJAG4AcwB0AGEAbABsAGUAcgAvADEAAAA=</Binary>
</EventData>
</Event>
<Event xmlns="http://schemas.microsoft.com/win/2004/08/events/event"><System><Provider Name="Service Control Manager" Guid="{555908d1-a6d7-4695-8e1e-26931d2012f4}" EventSourceName="Service Control Manager"></Provider>
<EventID Qualifiers="16384">7036</EventID>
<Version>0</Version>
<Level>4</Level>
<Task>0</Task>
<Opcode>0</Opcode>
<Keywords>0x8080000000000000</Keywords>
<TimeCreated SystemTime="2025-08-06 01:59:19.859419+00:00"></TimeCreated>
<EventRecordID>9476318</EventRecordID>
<Correlation ActivityID="{6cb9fdf6-b43e-464e-b297-067f849b331f}" RelatedActivityID=""></Correlation>
<Execution ProcessID="1644" ThreadID="34764"></Execution>
<Channel>System</Channel>
<Computer>WS101.commercevision.cloud</Computer>
<Security UserID=""></Security>
</System>
<EventData><Data Name="param1">Windows Modules Installer</Data>
<Data Name="param2">running</Data>
<Binary>VAByAHUAcwB0AGUAZABJAG4AcwB0AGEAbABsAGUAcgAvADQAAAA=</Binary>
</EventData>
</Event>
<Event xmlns="http://schemas.microsoft.com/win/2004/08/events/event"><System><Provider Name="EventLog"></Provider>
<EventID Qualifiers="32768">6013</EventID>
<Level>4</Level>
<Task>0</Task>
<Keywords>0x0080000000000000</Keywords>
<TimeCreated SystemTime="2025-08-06 02:00:00.805521+00:00"></TimeCreated>
<EventRecordID>9476319</EventRecordID>
<Channel>System</Channel>
<Computer>WS101.commercevision.cloud</Computer>
<Security UserID=""></Security>
</System>
<EventData><Data>&lt;string&gt;4146374&lt;/string&gt;
&lt;string&gt;374&lt;/string&gt;
&lt;string&gt;60&lt;/string&gt;
&lt;string&gt;-600 E. Australia Standard Time&lt;/string&gt;
</Data>
<Binary>MQAuADEAAAAwAAAAVwBpAG4AZABvAHcAcwAgAFMAZQByAHYAZQByACAAMgAwADEAOQAgAEQAYQB0AGEAYwBlAG4AdABlAHIAAAAxADAALgAwAC4AMQA3ADcANgAzACAAQgB1AGkAbABkACAAMQA3ADcANgAzACAAIAAAAE0AdQBsAHQAaQBwAHIAbwBjAGUAcwBzAG8AcgAgAEYAcgBlAGUAAAAxADcANwA2ADMALgByAHMANQBfAHIAZQBsAGUAYQBzAGUALgAxADgAMAA5ADEANAAtADEANAAzADQAAAA2ADAAZQBlAGEAYQAzAGMAAABOAG8AdAAgAEEAdgBhAGkAbABhAGIAbABlAAAATgBvAHQAIABBAHYAYQBpAGwAYQBiAGwAZQAAADkAAAAzADIAAAAxADMAMQAwADcAMQAAAGMAMAA5AAAAVwBTADEAMAAxAC4AYwBvAG0AbQBlAHIAYwBlAHYAaQBzAGkAbwBuAC4AYwBsAG8AdQBkAAAAAAA=</Binary>
</EventData>
</Event>
<Event xmlns="http://schemas.microsoft.com/win/2004/08/events/event"><System><Provider Name="Service Control Manager" Guid="{555908d1-a6d7-4695-8e1e-26931d2012f4}" EventSourceName="Service Control Manager"></Provider>
<EventID Qualifiers="16384">7036</EventID>
<Version>0</Version>
<Level>4</Level>
<Task>0</Task>
<Opcode>0</Opcode>
<Keywords>0x8080000000000000</Keywords>
<TimeCreated SystemTime="2025-08-06 02:00:01.718922+00:00"></TimeCreated>
<EventRecordID>9476320</EventRecordID>
<Correlation ActivityID="{51386b33-aaab-416d-b9cb-d34661cab851}" RelatedActivityID=""></Correlation>
<Execution ProcessID="1644" ThreadID="34764"></Execution>
<Channel>System</Channel>
<Computer>WS101.commercevision.cloud</Computer>
<Security UserID=""></Security>
</System>
<EventData><Data Name="param1">Network Setup Service</Data>
<Data Name="param2">stopped</Data>
<Binary>TgBlAHQAUwBlAHQAdQBwAFMAdgBjAC8AMQAAAA==</Binary>
</EventData>
</Event>
<Event xmlns="http://schemas.microsoft.com/win/2004/08/events/event"><System><Provider Name="Service Control Manager" Guid="{555908d1-a6d7-4695-8e1e-26931d2012f4}" EventSourceName="Service Control Manager"></Provider>
<EventID Qualifiers="16384">7036</EventID>
<Version>0</Version>
<Level>4</Level>
<Task>0</Task>
<Opcode>0</Opcode>
<Keywords>0x8080000000000000</Keywords>
<TimeCreated SystemTime="2025-08-06 02:00:16.734846+00:00"></TimeCreated>
<EventRecordID>9476321</EventRecordID>
<Correlation ActivityID="{ec792ab3-21dd-41bd-99fa-a43a3dfe368f}" RelatedActivityID=""></Correlation>
<Execution ProcessID="1644" ThreadID="34764"></Execution>
<Channel>System</Channel>
<Computer>WS101.commercevision.cloud</Computer>
<Security UserID=""></Security>
</System>
<EventData><Data Name="param1">Network Setup Service</Data>
<Data Name="param2">running</Data>
<Binary>TgBlAHQAUwBlAHQAdQBwAFMAdgBjAC8ANAAAAA==</Binary>
</EventData>
</Event>
<Event xmlns="http://schemas.microsoft.com/win/2004/08/events/event"><System><Provider Name="Service Control Manager" Guid="{555908d1-a6d7-4695-8e1e-26931d2012f4}" EventSourceName="Service Control Manager"></Provider>
<EventID Qualifiers="16384">7036</EventID>
<Version>0</Version>
<Level>4</Level>
<Task>0</Task>
<Opcode>0</Opcode>
<Keywords>0x8080000000000000</Keywords>
<TimeCreated SystemTime="2025-08-06 02:01:04.547285+00:00"></TimeCreated>
<EventRecordID>9476322</EventRecordID>
<Correlation ActivityID="{e068970a-4a6e-4d82-97aa-8e1a65846dfd}" RelatedActivityID=""></Correlation>
<Execution ProcessID="1644" ThreadID="7152"></Execution>
<Channel>System</Channel>
<Computer>WS101.commercevision.cloud</Computer>
<Security UserID=""></Security>
</System>
<EventData><Data Name="param1">Windows Update</Data>
<Data Name="param2">running</Data>
<Binary>dwB1AGEAdQBzAGUAcgB2AC8ANAAAAA==</Binary>
</EventData>
</Event>
<Event xmlns="http://schemas.microsoft.com/win/2004/08/events/event"><System><Provider Name="Service Control Manager" Guid="{555908d1-a6d7-4695-8e1e-26931d2012f4}" EventSourceName="Service Control Manager"></Provider>
<EventID Qualifiers="16384">7036</EventID>
<Version>0</Version>
<Level>4</Level>
<Task>0</Task>
<Opcode>0</Opcode>
<Keywords>0x8080000000000000</Keywords>
<TimeCreated SystemTime="2025-08-06 02:01:21.437918+00:00"></TimeCreated>
<EventRecordID>9476323</EventRecordID>
<Correlation ActivityID="{3b07b3e8-ef4c-4748-980b-87f027acea52}" RelatedActivityID=""></Correlation>
<Execution ProcessID="1644" ThreadID="7152"></Execution>
<Channel>System</Channel>
<Computer>WS101.commercevision.cloud</Computer>
<Security UserID=""></Security>
</System>
<EventData><Data Name="param1">Windows Modules Installer</Data>
<Data Name="param2">stopped</Data>
<Binary>VAByAHUAcwB0AGUAZABJAG4AcwB0AGEAbABsAGUAcgAvADEAAAA=</Binary>
</EventData>
</Event>
<Event xmlns="http://schemas.microsoft.com/win/2004/08/events/event"><System><Provider Name="Service Control Manager" Guid="{555908d1-a6d7-4695-8e1e-26931d2012f4}" EventSourceName="Service Control Manager"></Provider>
<EventID Qualifiers="16384">7036</EventID>
<Version>0</Version>
<Level>4</Level>
<Task>0</Task>
<Opcode>0</Opcode>
<Keywords>0x8080000000000000</Keywords>
<TimeCreated SystemTime="2025-08-06 02:04:38.278799+00:00"></TimeCreated>
<EventRecordID>9476324</EventRecordID>
<Correlation ActivityID="{02fa8f5e-22e1-4617-93be-cc86a12a92bb}" RelatedActivityID=""></Correlation>
<Execution ProcessID="1644" ThreadID="34764"></Execution>
<Channel>System</Channel>
<Computer>WS101.commercevision.cloud</Computer>
<Security UserID=""></Security>
</System>
<EventData><Data Name="param1">Windows Modules Installer</Data>
<Data Name="param2">running</Data>
<Binary>VAByAHUAcwB0AGUAZABJAG4AcwB0AGEAbABsAGUAcgAvADQAAAA=</Binary>
</EventData>
</Event>
<Event xmlns="http://schemas.microsoft.com/win/2004/08/events/event"><System><Provider Name="Service Control Manager" Guid="{555908d1-a6d7-4695-8e1e-26931d2012f4}" EventSourceName="Service Control Manager"></Provider>
<EventID Qualifiers="16384">7036</EventID>
<Version>0</Version>
<Level>4</Level>
<Task>0</Task>
<Opcode>0</Opcode>
<Keywords>0x8080000000000000</Keywords>
<TimeCreated SystemTime="2025-08-06 02:05:09.808157+00:00"></TimeCreated>
<EventRecordID>9476325</EventRecordID>
<Correlation ActivityID="{31eb9e1f-6f0f-4750-936e-60a158131bf4}" RelatedActivityID=""></Correlation>
<Execution ProcessID="1644" ThreadID="34764"></Execution>
<Channel>System</Channel>
<Computer>WS101.commercevision.cloud</Computer>
<Security UserID=""></Security>
</System>
<EventData><Data Name="param1">WMI Performance Adapter</Data>
<Data Name="param2">stopped</Data>
<Binary>dwBtAGkAQQBwAFMAcgB2AC8AMQAAAA==</Binary>
</EventData>
</Event>
<Event xmlns="http://schemas.microsoft.com/win/2004/08/events/event"><System><Provider Name="Service Control Manager" Guid="{555908d1-a6d7-4695-8e1e-26931d2012f4}" EventSourceName="Service Control Manager"></Provider>
<EventID Qualifiers="16384">7036</EventID>
<Version>0</Version>
<Level>4</Level>
<Task>0</Task>
<Opcode>0</Opcode>
<Keywords>0x8080000000000000</Keywords>
<TimeCreated SystemTime="2025-08-06 02:06:01.728151+00:00"></TimeCreated>
<EventRecordID>9476326</EventRecordID>
<Correlation ActivityID="{0886f35b-1dde-4383-810f-440c9ee8764c}" RelatedActivityID=""></Correlation>
<Execution ProcessID="1644" ThreadID="34764"></Execution>
<Channel>System</Channel>
<Computer>WS101.commercevision.cloud</Computer>
<Security UserID=""></Security>
</System>
<EventData><Data Name="param1">Network Setup Service</Data>
<Data Name="param2">stopped</Data>
<Binary>TgBlAHQAUwBlAHQAdQBwAFMAdgBjAC8AMQAAAA==</Binary>
</EventData>
</Event>
<Event xmlns="http://schemas.microsoft.com/win/2004/08/events/event"><System><Provider Name="Service Control Manager" Guid="{555908d1-a6d7-4695-8e1e-26931d2012f4}" EventSourceName="Service Control Manager"></Provider>
<EventID Qualifiers="16384">7036</EventID>
<Version>0</Version>
<Level>4</Level>
<Task>0</Task>
<Opcode>0</Opcode>
<Keywords>0x8080000000000000</Keywords>
<TimeCreated SystemTime="2025-08-06 02:06:16.236971+00:00"></TimeCreated>
<EventRecordID>9476327</EventRecordID>
<Correlation ActivityID="{0f85e093-bdcd-43e2-96ff-4a1705b8bc76}" RelatedActivityID=""></Correlation>
<Execution ProcessID="1644" ThreadID="34764"></Execution>
<Channel>System</Channel>
<Computer>WS101.commercevision.cloud</Computer>
<Security UserID=""></Security>
</System>
<EventData><Data Name="param1">Network Setup Service</Data>
<Data Name="param2">running</Data>
<Binary>TgBlAHQAUwBlAHQAdQBwAFMAdgBjAC8ANAAAAA==</Binary>
</EventData>
</Event>
<Event xmlns="http://schemas.microsoft.com/win/2004/08/events/event"><System><Provider Name="Service Control Manager" Guid="{555908d1-a6d7-4695-8e1e-26931d2012f4}" EventSourceName="Service Control Manager"></Provider>
<EventID Qualifiers="16384">7036</EventID>
<Version>0</Version>
<Level>4</Level>
<Task>0</Task>
<Opcode>0</Opcode>
<Keywords>0x8080000000000000</Keywords>
<TimeCreated SystemTime="2025-08-06 02:06:39.630215+00:00"></TimeCreated>
<EventRecordID>9476328</EventRecordID>
<Correlation ActivityID="{ae42d0ef-b061-4a83-99a1-e35fe4822b5e}" RelatedActivityID=""></Correlation>
<Execution ProcessID="1644" ThreadID="34764"></Execution>
<Channel>System</Channel>
<Computer>WS101.commercevision.cloud</Computer>
<Security UserID=""></Security>
</System>
<EventData><Data Name="param1">Windows Modules Installer</Data>
<Data Name="param2">stopped</Data>
<Binary>VAByAHUAcwB0AGUAZABJAG4AcwB0AGEAbABsAGUAcgAvADEAAAA=</Binary>
</EventData>
</Event>
<Event xmlns="http://schemas.microsoft.com/win/2004/08/events/event"><System><Provider Name="Service Control Manager" Guid="{555908d1-a6d7-4695-8e1e-26931d2012f4}" EventSourceName="Service Control Manager"></Provider>
<EventID Qualifiers="16384">7040</EventID>
<Version>0</Version>
<Level>4</Level>
<Task>0</Task>
<Opcode>0</Opcode>
<Keywords>0x8080000000000000</Keywords>
<TimeCreated SystemTime="2025-08-06 02:07:09.800581+00:00"></TimeCreated>
<EventRecordID>9476329</EventRecordID>
<Correlation ActivityID="{ae844f76-f89b-4320-9c37-7fd27c185424}" RelatedActivityID=""></Correlation>
<Execution ProcessID="1644" ThreadID="34764"></Execution>
<Channel>System</Channel>
<Computer>WS101.commercevision.cloud</Computer>
<Security UserID="S-1-5-18"></Security>
</System>
<EventData><Data Name="param1">Background Intelligent Transfer Service</Data>
<Data Name="param2">auto start</Data>
<Data Name="param3">demand start</Data>
<Data Name="param4">BITS</Data>
</EventData>
</Event>
<Event xmlns="http://schemas.microsoft.com/win/2004/08/events/event"><System><Provider Name="Service Control Manager" Guid="{555908d1-a6d7-4695-8e1e-26931d2012f4}" EventSourceName="Service Control Manager"></Provider>
<EventID Qualifiers="16384">7036</EventID>
<Version>0</Version>
<Level>4</Level>
<Task>0</Task>
<Opcode>0</Opcode>
<Keywords>0x8080000000000000</Keywords>
<TimeCreated SystemTime="2025-08-06 02:07:09.878696+00:00"></TimeCreated>
<EventRecordID>9476330</EventRecordID>
<Correlation ActivityID="{6f36345b-9141-4027-b2cc-8baf7ffe0bc7}" RelatedActivityID=""></Correlation>
<Execution ProcessID="1644" ThreadID="34764"></Execution>
<Channel>System</Channel>
<Computer>WS101.commercevision.cloud</Computer>
<Security UserID=""></Security>
</System>
<EventData><Data Name="param1">Background Intelligent Transfer Service</Data>
<Data Name="param2">stopped</Data>
<Binary>QgBJAFQAUwAvADEAAAA=</Binary>
</EventData>
</Event>
<Event xmlns="http://schemas.microsoft.com/win/2004/08/events/event"><System><Provider Name="Service Control Manager" Guid="{555908d1-a6d7-4695-8e1e-26931d2012f4}" EventSourceName="Service Control Manager"></Provider>
<EventID Qualifiers="16384">7036</EventID>
<Version>0</Version>
<Level>4</Level>
<Task>0</Task>
<Opcode>0</Opcode>
<Keywords>0x8080000000000000</Keywords>
<TimeCreated SystemTime="2025-08-06 02:09:35.857492+00:00"></TimeCreated>
<EventRecordID>9476331</EventRecordID>
<Correlation ActivityID="{d741c047-6d77-4474-84e2-b4a05f7c1641}" RelatedActivityID=""></Correlation>
<Execution ProcessID="1644" ThreadID="21176"></Execution>
<Channel>System</Channel>
<Computer>WS101.commercevision.cloud</Computer>
<Security UserID=""></Security>
</System>
<EventData><Data Name="param1">Background Intelligent Transfer Service</Data>
<Data Name="param2">running</Data>
<Binary>QgBJAFQAUwAvADQAAAA=</Binary>
</EventData>
</Event>
<Event xmlns="http://schemas.microsoft.com/win/2004/08/events/event"><System><Provider Name="Service Control Manager" Guid="{555908d1-a6d7-4695-8e1e-26931d2012f4}" EventSourceName="Service Control Manager"></Provider>
<EventID Qualifiers="16384">7040</EventID>
<Version>0</Version>
<Level>4</Level>
<Task>0</Task>
<Opcode>0</Opcode>
<Keywords>0x8080000000000000</Keywords>
<TimeCreated SystemTime="2025-08-06 02:09:35.904364+00:00"></TimeCreated>
<EventRecordID>9476332</EventRecordID>
<Correlation ActivityID="{43f90891-40ae-4080-a95d-aaa027d26442}" RelatedActivityID=""></Correlation>
<Execution ProcessID="1644" ThreadID="21176"></Execution>
<Channel>System</Channel>
<Computer>WS101.commercevision.cloud</Computer>
<Security UserID="S-1-5-18"></Security>
</System>
<EventData><Data Name="param1">Background Intelligent Transfer Service</Data>
<Data Name="param2">demand start</Data>
<Data Name="param3">auto start</Data>
<Data Name="param4">BITS</Data>
</EventData>
</Event>
<Event xmlns="http://schemas.microsoft.com/win/2004/08/events/event"><System><Provider Name="Service Control Manager" Guid="{555908d1-a6d7-4695-8e1e-26931d2012f4}" EventSourceName="Service Control Manager"></Provider>
<EventID Qualifiers="16384">7036</EventID>
<Version>0</Version>
<Level>4</Level>
<Task>0</Task>
<Opcode>0</Opcode>
<Keywords>0x8080000000000000</Keywords>
<TimeCreated SystemTime="2025-08-06 02:09:38.637957+00:00"></TimeCreated>
<EventRecordID>9476333</EventRecordID>
<Correlation ActivityID="{b3a24b50-3f5c-436c-beca-20fec863c304}" RelatedActivityID=""></Correlation>
<Execution ProcessID="1644" ThreadID="34764"></Execution>
<Channel>System</Channel>
<Computer>WS101.commercevision.cloud</Computer>
<Security UserID=""></Security>
</System>
<EventData><Data Name="param1">WMI Performance Adapter</Data>
<Data Name="param2">running</Data>
<Binary>dwBtAGkAQQBwAFMAcgB2AC8ANAAAAA==</Binary>
</EventData>
</Event>
<Event xmlns="http://schemas.microsoft.com/win/2004/08/events/event"><System><Provider Name="Service Control Manager" Guid="{555908d1-a6d7-4695-8e1e-26931d2012f4}" EventSourceName="Service Control Manager"></Provider>
<EventID Qualifiers="16384">7036</EventID>
<Version>0</Version>
<Level>4</Level>
<Task>0</Task>
<Opcode>0</Opcode>
<Keywords>0x8080000000000000</Keywords>
<TimeCreated SystemTime="2025-08-06 02:11:30.109146+00:00"></TimeCreated>
<EventRecordID>9476334</EventRecordID>
<Correlation ActivityID="{f14e5851-ab90-442a-9c68-32892fd8548b}" RelatedActivityID=""></Correlation>
<Execution ProcessID="1644" ThreadID="21176"></Execution>
<Channel>System</Channel>
<Computer>WS101.commercevision.cloud</Computer>
<Security UserID=""></Security>
</System>
<EventData><Data Name="param1">Windows Modules Installer</Data>
<Data Name="param2">running</Data>
<Binary>VAByAHUAcwB0AGUAZABJAG4AcwB0AGEAbABsAGUAcgAvADQAAAA=</Binary>
</EventData>
</Event>
<Event xmlns="http://schemas.microsoft.com/win/2004/08/events/event"><System><Provider Name="Service Control Manager" Guid="{555908d1-a6d7-4695-8e1e-26931d2012f4}" EventSourceName="Service Control Manager"></Provider>
<EventID Qualifiers="16384">7036</EventID>
<Version>0</Version>
<Level>4</Level>
<Task>0</Task>
<Opcode>0</Opcode>
<Keywords>0x8080000000000000</Keywords>
<TimeCreated SystemTime="2025-08-06 02:11:57.598948+00:00"></TimeCreated>
<EventRecordID>9476335</EventRecordID>
<Correlation ActivityID="{3aca64e6-a07e-49c7-b6bc-81092b438922}" RelatedActivityID=""></Correlation>
<Execution ProcessID="1644" ThreadID="33668"></Execution>
<Channel>System</Channel>
<Computer>WS101.commercevision.cloud</Computer>
<Security UserID=""></Security>
</System>
<EventData><Data Name="param1">WMI Performance Adapter</Data>
<Data Name="param2">stopped</Data>
<Binary>dwBtAGkAQQBwAFMAcgB2AC8AMQAAAA==</Binary>
</EventData>
</Event>
<Event xmlns="http://schemas.microsoft.com/win/2004/08/events/event"><System><Provider Name="Service Control Manager" Guid="{555908d1-a6d7-4695-8e1e-26931d2012f4}" EventSourceName="Service Control Manager"></Provider>
<EventID Qualifiers="16384">7036</EventID>
<Version>0</Version>
<Level>4</Level>
<Task>0</Task>
<Opcode>0</Opcode>
<Keywords>0x8080000000000000</Keywords>
<TimeCreated SystemTime="2025-08-06 02:12:01.723967+00:00"></TimeCreated>
<EventRecordID>9476336</EventRecordID>
<Correlation ActivityID="{4b0f188d-830a-4182-ac0c-4de02ff621d9}" RelatedActivityID=""></Correlation>
<Execution ProcessID="1644" ThreadID="33668"></Execution>
<Channel>System</Channel>
<Computer>WS101.commercevision.cloud</Computer>
<Security UserID=""></Security>
</System>
<EventData><Data Name="param1">Network Setup Service</Data>
<Data Name="param2">stopped</Data>
<Binary>TgBlAHQAUwBlAHQAdQBwAFMAdgBjAC8AMQAAAA==</Binary>
</EventData>
</Event>
<Event xmlns="http://schemas.microsoft.com/win/2004/08/events/event"><System><Provider Name="Service Control Manager" Guid="{555908d1-a6d7-4695-8e1e-26931d2012f4}" EventSourceName="Service Control Manager"></Provider>
<EventID Qualifiers="16384">7036</EventID>
<Version>0</Version>
<Level>4</Level>
<Task>0</Task>
<Opcode>0</Opcode>
<Keywords>0x8080000000000000</Keywords>
<TimeCreated SystemTime="2025-08-06 02:12:16.049599+00:00"></TimeCreated>
<EventRecordID>9476337</EventRecordID>
<Correlation ActivityID="{fa69b954-b6b6-4616-8f93-b667df1556aa}" RelatedActivityID=""></Correlation>
<Execution ProcessID="1644" ThreadID="33668"></Execution>
<Channel>System</Channel>
<Computer>WS101.commercevision.cloud</Computer>
<Security UserID=""></Security>
</System>
<EventData><Data Name="param1">Network Setup Service</Data>
<Data Name="param2">running</Data>
<Binary>TgBlAHQAUwBlAHQAdQBwAFMAdgBjAC8ANAAAAA==</Binary>
</EventData>
</Event>
<Event xmlns="http://schemas.microsoft.com/win/2004/08/events/event"><System><Provider Name="Service Control Manager" Guid="{555908d1-a6d7-4695-8e1e-26931d2012f4}" EventSourceName="Service Control Manager"></Provider>
<EventID Qualifiers="16384">7036</EventID>
<Version>0</Version>
<Level>4</Level>
<Task>0</Task>
<Opcode>0</Opcode>
<Keywords>0x8080000000000000</Keywords>
<TimeCreated SystemTime="2025-08-06 02:12:17.256222+00:00"></TimeCreated>
<EventRecordID>9476338</EventRecordID>
<Correlation ActivityID="{9c3d9658-033b-4aed-94cc-664cae30a63f}" RelatedActivityID=""></Correlation>
<Execution ProcessID="1644" ThreadID="34764"></Execution>
<Channel>System</Channel>
<Computer>WS101.commercevision.cloud</Computer>
<Security UserID=""></Security>
</System>
<EventData><Data Name="param1">WMI Performance Adapter</Data>
<Data Name="param2">running</Data>
<Binary>dwBtAGkAQQBwAFMAcgB2AC8ANAAAAA==</Binary>
</EventData>
</Event>
<Event xmlns="http://schemas.microsoft.com/win/2004/08/events/event"><System><Provider Name="Service Control Manager" Guid="{555908d1-a6d7-4695-8e1e-26931d2012f4}" EventSourceName="Service Control Manager"></Provider>
<EventID Qualifiers="16384">7036</EventID>
<Version>0</Version>
<Level>4</Level>
<Task>0</Task>
<Opcode>0</Opcode>
<Keywords>0x8080000000000000</Keywords>
<TimeCreated SystemTime="2025-08-06 02:12:17.318722+00:00"></TimeCreated>
<EventRecordID>9476339</EventRecordID>
<Correlation ActivityID="{5907a32d-d82b-4a9d-80d1-5849ad75b186}" RelatedActivityID=""></Correlation>
<Execution ProcessID="1644" ThreadID="34764"></Execution>
<Channel>System</Channel>
<Computer>WS101.commercevision.cloud</Computer>
<Security UserID=""></Security>
</System>
<EventData><Data Name="param1">WMI Performance Adapter</Data>
<Data Name="param2">stopped</Data>
<Binary>dwBtAGkAQQBwAFMAcgB2AC8AMQAAAA==</Binary>
</EventData>
</Event>
<Event xmlns="http://schemas.microsoft.com/win/2004/08/events/event"><System><Provider Name="Service Control Manager" Guid="{555908d1-a6d7-4695-8e1e-26931d2012f4}" EventSourceName="Service Control Manager"></Provider>
<EventID Qualifiers="16384">7036</EventID>
<Version>0</Version>
<Level>4</Level>
<Task>0</Task>
<Opcode>0</Opcode>
<Keywords>0x8080000000000000</Keywords>
<TimeCreated SystemTime="2025-08-06 02:12:19.833157+00:00"></TimeCreated>
<EventRecordID>9476340</EventRecordID>
<Correlation ActivityID="{50450938-dfca-4dd2-b96b-97a89ef65537}" RelatedActivityID=""></Correlation>
<Execution ProcessID="1644" ThreadID="34764"></Execution>
<Channel>System</Channel>
<Computer>WS101.commercevision.cloud</Computer>
<Security UserID=""></Security>
</System>
<EventData><Data Name="param1">WMI Performance Adapter</Data>
<Data Name="param2">running</Data>
<Binary>dwBtAGkAQQBwAFMAcgB2AC8ANAAAAA==</Binary>
</EventData>
</Event>
<Event xmlns="http://schemas.microsoft.com/win/2004/08/events/event"><System><Provider Name="Service Control Manager" Guid="{555908d1-a6d7-4695-8e1e-26931d2012f4}" EventSourceName="Service Control Manager"></Provider>
<EventID Qualifiers="16384">7036</EventID>
<Version>0</Version>
<Level>4</Level>
<Task>0</Task>
<Opcode>0</Opcode>
<Keywords>0x8080000000000000</Keywords>
<TimeCreated SystemTime="2025-08-06 02:13:02.053293+00:00"></TimeCreated>
<EventRecordID>9476341</EventRecordID>
<Correlation ActivityID="{e27c13a0-4700-495f-ac5d-16a2dceb7f49}" RelatedActivityID=""></Correlation>
<Execution ProcessID="1644" ThreadID="34764"></Execution>
<Channel>System</Channel>
<Computer>WS101.commercevision.cloud</Computer>
<Security UserID=""></Security>
</System>
<EventData><Data Name="param1">Windows Update</Data>
<Data Name="param2">stopped</Data>
<Binary>dwB1AGEAdQBzAGUAcgB2AC8AMQAAAA==</Binary>
</EventData>
</Event>
<Event xmlns="http://schemas.microsoft.com/win/2004/08/events/event"><System><Provider Name="Service Control Manager" Guid="{555908d1-a6d7-4695-8e1e-26931d2012f4}" EventSourceName="Service Control Manager"></Provider>
<EventID Qualifiers="16384">7040</EventID>
<Version>0</Version>
<Level>4</Level>
<Task>0</Task>
<Opcode>0</Opcode>
<Keywords>0x8080000000000000</Keywords>
<TimeCreated SystemTime="2025-08-06 02:14:17.780642+00:00"></TimeCreated>
<EventRecordID>9476342</EventRecordID>
<Correlation ActivityID="{48f682cd-9c58-4dbe-bf51-1b196bdb4627}" RelatedActivityID=""></Correlation>
<Execution ProcessID="1644" ThreadID="33668"></Execution>
<Channel>System</Channel>
<Computer>WS101.commercevision.cloud</Computer>
<Security UserID="S-1-5-18"></Security>
</System>
<EventData><Data Name="param1">Background Intelligent Transfer Service</Data>
<Data Name="param2">auto start</Data>
<Data Name="param3">demand start</Data>
<Data Name="param4">BITS</Data>
</EventData>
</Event>
<Event xmlns="http://schemas.microsoft.com/win/2004/08/events/event"><System><Provider Name="Service Control Manager" Guid="{555908d1-a6d7-4695-8e1e-26931d2012f4}" EventSourceName="Service Control Manager"></Provider>
<EventID Qualifiers="16384">7036</EventID>
<Version>0</Version>
<Level>4</Level>
<Task>0</Task>
<Opcode>0</Opcode>
<Keywords>0x8080000000000000</Keywords>
<TimeCreated SystemTime="2025-08-06 02:14:17.858765+00:00"></TimeCreated>
<EventRecordID>9476343</EventRecordID>
<Correlation ActivityID="{6d5e75b6-3f1c-48ad-bdf1-22e34ec948f2}" RelatedActivityID=""></Correlation>
<Execution ProcessID="1644" ThreadID="33668"></Execution>
<Channel>System</Channel>
<Computer>WS101.commercevision.cloud</Computer>
<Security UserID=""></Security>
</System>
<EventData><Data Name="param1">Background Intelligent Transfer Service</Data>
<Data Name="param2">stopped</Data>
<Binary>QgBJAFQAUwAvADEAAAA=</Binary>
</EventData>
</Event>
<Event xmlns="http://schemas.microsoft.com/win/2004/08/events/event"><System><Provider Name="Service Control Manager" Guid="{555908d1-a6d7-4695-8e1e-26931d2012f4}" EventSourceName="Service Control Manager"></Provider>
<EventID Qualifiers="16384">7036</EventID>
<Version>0</Version>
<Level>4</Level>
<Task>0</Task>
<Opcode>0</Opcode>
<Keywords>0x8080000000000000</Keywords>
<TimeCreated SystemTime="2025-08-06 02:15:05.395452+00:00"></TimeCreated>
<EventRecordID>9476344</EventRecordID>
<Correlation ActivityID="{27b2d5f5-0a31-4d8d-9b24-5d926c26040a}" RelatedActivityID=""></Correlation>
<Execution ProcessID="1644" ThreadID="33668"></Execution>
<Channel>System</Channel>
<Computer>WS101.commercevision.cloud</Computer>
<Security UserID=""></Security>
</System>
<EventData><Data Name="param1">Background Intelligent Transfer Service</Data>
<Data Name="param2">running</Data>
<Binary>QgBJAFQAUwAvADQAAAA=</Binary>
</EventData>
</Event>
<Event xmlns="http://schemas.microsoft.com/win/2004/08/events/event"><System><Provider Name="Service Control Manager" Guid="{555908d1-a6d7-4695-8e1e-26931d2012f4}" EventSourceName="Service Control Manager"></Provider>
<EventID Qualifiers="16384">7040</EventID>
<Version>0</Version>
<Level>4</Level>
<Task>0</Task>
<Opcode>0</Opcode>
<Keywords>0x8080000000000000</Keywords>
<TimeCreated SystemTime="2025-08-06 02:15:05.443483+00:00"></TimeCreated>
<EventRecordID>9476345</EventRecordID>
<Correlation ActivityID="{d0e05b56-b938-488f-a36e-4e20be9fb028}" RelatedActivityID=""></Correlation>
<Execution ProcessID="1644" ThreadID="33668"></Execution>
<Channel>System</Channel>
<Computer>WS101.commercevision.cloud</Computer>
<Security UserID="S-1-5-18"></Security>
</System>
<EventData><Data Name="param1">Background Intelligent Transfer Service</Data>
<Data Name="param2">demand start</Data>
<Data Name="param3">auto start</Data>
<Data Name="param4">BITS</Data>
</EventData>
</Event>
<Event xmlns="http://schemas.microsoft.com/win/2004/08/events/event"><System><Provider Name="Service Control Manager" Guid="{555908d1-a6d7-4695-8e1e-26931d2012f4}" EventSourceName="Service Control Manager"></Provider>
<EventID Qualifiers="16384">7036</EventID>
<Version>0</Version>
<Level>4</Level>
<Task>0</Task>
<Opcode>0</Opcode>
<Keywords>0x8080000000000000</Keywords>
<TimeCreated SystemTime="2025-08-06 02:17:03.613907+00:00"></TimeCreated>
<EventRecordID>9476346</EventRecordID>
<Correlation ActivityID="{503600eb-88f2-46df-bf4a-4ead47a4e436}" RelatedActivityID=""></Correlation>
<Execution ProcessID="1644" ThreadID="41472"></Execution>
<Channel>System</Channel>
<Computer>WS101.commercevision.cloud</Computer>
<Security UserID=""></Security>
</System>
<EventData><Data Name="param1">AppX Deployment Service (AppXSVC)</Data>
<Data Name="param2">running</Data>
<Binary>QQBwAHAAWABTAHYAYwAvADQAAAA=</Binary>
</EventData>
</Event>
<Event xmlns="http://schemas.microsoft.com/win/2004/08/events/event"><System><Provider Name="Service Control Manager" Guid="{555908d1-a6d7-4695-8e1e-26931d2012f4}" EventSourceName="Service Control Manager"></Provider>
<EventID Qualifiers="16384">7036</EventID>
<Version>0</Version>
<Level>4</Level>
<Task>0</Task>
<Opcode>0</Opcode>
<Keywords>0x8080000000000000</Keywords>
<TimeCreated SystemTime="2025-08-06 02:17:21.315603+00:00"></TimeCreated>
<EventRecordID>9476347</EventRecordID>
<Correlation ActivityID="{f10f183a-67e6-49ac-9a3b-39e83d9e8836}" RelatedActivityID=""></Correlation>
<Execution ProcessID="1644" ThreadID="41892"></Execution>
<Channel>System</Channel>
<Computer>WS101.commercevision.cloud</Computer>
<Security UserID=""></Security>
</System>
<EventData><Data Name="param1">Microsoft Account Sign-in Assistant</Data>
<Data Name="param2">running</Data>
<Binary>dwBsAGkAZABzAHYAYwAvADQAAAA=</Binary>
</EventData>
</Event>
<Event xmlns="http://schemas.microsoft.com/win/2004/08/events/event"><System><Provider Name="Service Control Manager" Guid="{555908d1-a6d7-4695-8e1e-26931d2012f4}" EventSourceName="Service Control Manager"></Provider>
<EventID Qualifiers="16384">7036</EventID>
<Version>0</Version>
<Level>4</Level>
<Task>0</Task>
<Opcode>0</Opcode>
<Keywords>0x8080000000000000</Keywords>
<TimeCreated SystemTime="2025-08-06 02:18:01.741949+00:00"></TimeCreated>
<EventRecordID>9476348</EventRecordID>
<Correlation ActivityID="{6b97a729-570a-403f-b62c-989c81657365}" RelatedActivityID=""></Correlation>
<Execution ProcessID="1644" ThreadID="41892"></Execution>
<Channel>System</Channel>
<Computer>WS101.commercevision.cloud</Computer>
<Security UserID=""></Security>
</System>
<EventData><Data Name="param1">Network Setup Service</Data>
<Data Name="param2">stopped</Data>
<Binary>TgBlAHQAUwBlAHQAdQBwAFMAdgBjAC8AMQAAAA==</Binary>
</EventData>
</Event>
<Event xmlns="http://schemas.microsoft.com/win/2004/08/events/event"><System><Provider Name="Service Control Manager" Guid="{555908d1-a6d7-4695-8e1e-26931d2012f4}" EventSourceName="Service Control Manager"></Provider>
<EventID Qualifiers="16384">7036</EventID>
<Version>0</Version>
<Level>4</Level>
<Task>0</Task>
<Opcode>0</Opcode>
<Keywords>0x8080000000000000</Keywords>
<TimeCreated SystemTime="2025-08-06 02:18:17.258577+00:00"></TimeCreated>
<EventRecordID>9476349</EventRecordID>
<Correlation ActivityID="{268ea65f-f50a-425c-8547-f440cc944df6}" RelatedActivityID=""></Correlation>
<Execution ProcessID="1644" ThreadID="63156"></Execution>
<Channel>System</Channel>
<Computer>WS101.commercevision.cloud</Computer>
<Security UserID=""></Security>
</System>
<EventData><Data Name="param1">Network Setup Service</Data>
<Data Name="param2">running</Data>
<Binary>TgBlAHQAUwBlAHQAdQBwAFMAdgBjAC8ANAAAAA==</Binary>
</EventData>
</Event>
<Event xmlns="http://schemas.microsoft.com/win/2004/08/events/event"><System><Provider Name="Service Control Manager" Guid="{555908d1-a6d7-4695-8e1e-26931d2012f4}" EventSourceName="Service Control Manager"></Provider>
<EventID Qualifiers="16384">7036</EventID>
<Version>0</Version>
<Level>4</Level>
<Task>0</Task>
<Opcode>0</Opcode>
<Keywords>0x8080000000000000</Keywords>
<TimeCreated SystemTime="2025-08-06 02:20:22.982168+00:00"></TimeCreated>
<EventRecordID>9476350</EventRecordID>
<Correlation ActivityID="{881ccd01-dfd5-4d32-99ac-0c76e1372f83}" RelatedActivityID=""></Correlation>
<Execution ProcessID="1644" ThreadID="41892"></Execution>
<Channel>System</Channel>
<Computer>WS101.commercevision.cloud</Computer>
<Security UserID=""></Security>
</System>
<EventData><Data Name="param1">Microsoft Account Sign-in Assistant</Data>
<Data Name="param2">stopped</Data>
<Binary>dwBsAGkAZABzAHYAYwAvADEAAAA=</Binary>
</EventData>
</Event>
<Event xmlns="http://schemas.microsoft.com/win/2004/08/events/event"><System><Provider Name="Service Control Manager" Guid="{555908d1-a6d7-4695-8e1e-26931d2012f4}" EventSourceName="Service Control Manager"></Provider>
<EventID Qualifiers="16384">7036</EventID>
<Version>0</Version>
<Level>4</Level>
<Task>0</Task>
<Opcode>0</Opcode>
<Keywords>0x8080000000000000</Keywords>
<TimeCreated SystemTime="2025-08-06 02:20:25.573111+00:00"></TimeCreated>
<EventRecordID>9476351</EventRecordID>
<Correlation ActivityID="{65c3c947-1156-47b5-ad09-0915d25ef59e}" RelatedActivityID=""></Correlation>
<Execution ProcessID="1644" ThreadID="41892"></Execution>
<Channel>System</Channel>
<Computer>WS101.commercevision.cloud</Computer>
<Security UserID=""></Security>
</System>
<EventData><Data Name="param1">Windows Modules Installer</Data>
<Data Name="param2">stopped</Data>
<Binary>VAByAHUAcwB0AGUAZABJAG4AcwB0AGEAbABsAGUAcgAvADEAAAA=</Binary>
</EventData>
</Event>
<Event xmlns="http://schemas.microsoft.com/win/2004/08/events/event"><System><Provider Name="Service Control Manager" Guid="{555908d1-a6d7-4695-8e1e-26931d2012f4}" EventSourceName="Service Control Manager"></Provider>
<EventID Qualifiers="16384">7036</EventID>
<Version>0</Version>
<Level>4</Level>
<Task>0</Task>
<Opcode>0</Opcode>
<Keywords>0x8080000000000000</Keywords>
<TimeCreated SystemTime="2025-08-06 02:23:14.447222+00:00"></TimeCreated>
<EventRecordID>9476352</EventRecordID>
<Correlation ActivityID="{9e5f53b4-3335-4d61-85ff-9e7ef16bc93e}" RelatedActivityID=""></Correlation>
<Execution ProcessID="1644" ThreadID="17776"></Execution>
<Channel>System</Channel>
<Computer>WS101.commercevision.cloud</Computer>
<Security UserID=""></Security>
</System>
<EventData><Data Name="param1">WMI Performance Adapter</Data>
<Data Name="param2">stopped</Data>
<Binary>dwBtAGkAQQBwAFMAcgB2AC8AMQAAAA==</Binary>
</EventData>
</Event>
<Event xmlns="http://schemas.microsoft.com/win/2004/08/events/event"><System><Provider Name="Service Control Manager" Guid="{555908d1-a6d7-4695-8e1e-26931d2012f4}" EventSourceName="Service Control Manager"></Provider>
<EventID Qualifiers="16384">7036</EventID>
<Version>0</Version>
<Level>4</Level>
<Task>0</Task>
<Opcode>0</Opcode>
<Keywords>0x8080000000000000</Keywords>
<TimeCreated SystemTime="2025-08-06 02:23:17.465008+00:00"></TimeCreated>
<EventRecordID>9476353</EventRecordID>
<Correlation ActivityID="{d8a45e1f-ab0f-42a9-a8dc-7ba5ad520fed}" RelatedActivityID=""></Correlation>
<Execution ProcessID="1644" ThreadID="17776"></Execution>
<Channel>System</Channel>
<Computer>WS101.commercevision.cloud</Computer>
<Security UserID=""></Security>
</System>
<EventData><Data Name="param1">AppX Deployment Service (AppXSVC)</Data>
<Data Name="param2">stopped</Data>
<Binary>QQBwAHAAWABTAHYAYwAvADEAAAA=</Binary>
</EventData>
</Event>
<Event xmlns="http://schemas.microsoft.com/win/2004/08/events/event"><System><Provider Name="Service Control Manager" Guid="{555908d1-a6d7-4695-8e1e-26931d2012f4}" EventSourceName="Service Control Manager"></Provider>
<EventID Qualifiers="16384">7036</EventID>
<Version>0</Version>
<Level>4</Level>
<Task>0</Task>
<Opcode>0</Opcode>
<Keywords>0x8080000000000000</Keywords>
<TimeCreated SystemTime="2025-08-06 02:24:01.729170+00:00"></TimeCreated>
<EventRecordID>9476354</EventRecordID>
<Correlation ActivityID="{1ca4bf80-3870-4c75-9d91-d92e0a39a44a}" RelatedActivityID=""></Correlation>
<Execution ProcessID="1644" ThreadID="34764"></Execution>
<Channel>System</Channel>
<Computer>WS101.commercevision.cloud</Computer>
<Security UserID=""></Security>
</System>
<EventData><Data Name="param1">Network Setup Service</Data>
<Data Name="param2">stopped</Data>
<Binary>TgBlAHQAUwBlAHQAdQBwAFMAdgBjAC8AMQAAAA==</Binary>
</EventData>
</Event>
<Event xmlns="http://schemas.microsoft.com/win/2004/08/events/event"><System><Provider Name="Service Control Manager" Guid="{555908d1-a6d7-4695-8e1e-26931d2012f4}" EventSourceName="Service Control Manager"></Provider>
<EventID Qualifiers="16384">7036</EventID>
<Version>0</Version>
<Level>4</Level>
<Task>0</Task>
<Opcode>0</Opcode>
<Keywords>0x8080000000000000</Keywords>
<TimeCreated SystemTime="2025-08-06 02:24:07.744358+00:00"></TimeCreated>
<EventRecordID>9476355</EventRecordID>
<Correlation ActivityID="{105aed68-7edd-4e12-85d3-8d4dee032a99}" RelatedActivityID=""></Correlation>
<Execution ProcessID="1644" ThreadID="34764"></Execution>
<Channel>System</Channel>
<Computer>WS101.commercevision.cloud</Computer>
<Security UserID=""></Security>
</System>
<EventData><Data Name="param1">Windows Modules Installer</Data>
<Data Name="param2">running</Data>
<Binary>VAByAHUAcwB0AGUAZABJAG4AcwB0AGEAbABsAGUAcgAvADQAAAA=</Binary>
</EventData>
</Event>
<Event xmlns="http://schemas.microsoft.com/win/2004/08/events/event"><System><Provider Name="Service Control Manager" Guid="{555908d1-a6d7-4695-8e1e-26931d2012f4}" EventSourceName="Service Control Manager"></Provider>
<EventID Qualifiers="16384">7036</EventID>
<Version>0</Version>
<Level>4</Level>
<Task>0</Task>
<Opcode>0</Opcode>
<Keywords>0x8080000000000000</Keywords>
<TimeCreated SystemTime="2025-08-06 02:24:17.463182+00:00"></TimeCreated>
<EventRecordID>9476356</EventRecordID>
<Correlation ActivityID="{68b65a6c-5578-4a08-8e11-e998c4356146}" RelatedActivityID=""></Correlation>
<Execution ProcessID="1644" ThreadID="17776"></Execution>
<Channel>System</Channel>
<Computer>WS101.commercevision.cloud</Computer>
<Security UserID=""></Security>
</System>
<EventData><Data Name="param1">Network Setup Service</Data>
<Data Name="param2">running</Data>
<Binary>TgBlAHQAUwBlAHQAdQBwAFMAdgBjAC8ANAAAAA==</Binary>
</EventData>
</Event>
<Event xmlns="http://schemas.microsoft.com/win/2004/08/events/event"><System><Provider Name="Service Control Manager" Guid="{555908d1-a6d7-4695-8e1e-26931d2012f4}" EventSourceName="Service Control Manager"></Provider>
<EventID Qualifiers="16384">7040</EventID>
<Version>0</Version>
<Level>4</Level>
<Task>0</Task>
<Opcode>0</Opcode>
<Keywords>0x8080000000000000</Keywords>
<TimeCreated SystemTime="2025-08-06 02:25:14.447893+00:00"></TimeCreated>
<EventRecordID>9476357</EventRecordID>
<Correlation ActivityID="{d6da5a5b-25a3-459e-a182-7890737cd9f4}" RelatedActivityID=""></Correlation>
<Execution ProcessID="1644" ThreadID="34764"></Execution>
<Channel>System</Channel>
<Computer>WS101.commercevision.cloud</Computer>
<Security UserID="S-1-5-18"></Security>
</System>
<EventData><Data Name="param1">Background Intelligent Transfer Service</Data>
<Data Name="param2">auto start</Data>
<Data Name="param3">demand start</Data>
<Data Name="param4">BITS</Data>
</EventData>
</Event>
<Event xmlns="http://schemas.microsoft.com/win/2004/08/events/event"><System><Provider Name="Service Control Manager" Guid="{555908d1-a6d7-4695-8e1e-26931d2012f4}" EventSourceName="Service Control Manager"></Provider>
<EventID Qualifiers="16384">7036</EventID>
<Version>0</Version>
<Level>4</Level>
<Task>0</Task>
<Opcode>0</Opcode>
<Keywords>0x8080000000000000</Keywords>
<TimeCreated SystemTime="2025-08-06 02:25:14.526037+00:00"></TimeCreated>
<EventRecordID>9476358</EventRecordID>
<Correlation ActivityID="{cafdbe30-e8a9-416c-b83d-967c1a264904}" RelatedActivityID=""></Correlation>
<Execution ProcessID="1644" ThreadID="34764"></Execution>
<Channel>System</Channel>
<Computer>WS101.commercevision.cloud</Computer>
<Security UserID=""></Security>
</System>
<EventData><Data Name="param1">Background Intelligent Transfer Service</Data>
<Data Name="param2">stopped</Data>
<Binary>QgBJAFQAUwAvADEAAAA=</Binary>
</EventData>
</Event>
<Event xmlns="http://schemas.microsoft.com/win/2004/08/events/event"><System><Provider Name="Service Control Manager" Guid="{555908d1-a6d7-4695-8e1e-26931d2012f4}" EventSourceName="Service Control Manager"></Provider>
<EventID Qualifiers="16384">7036</EventID>
<Version>0</Version>
<Level>4</Level>
<Task>0</Task>
<Opcode>0</Opcode>
<Keywords>0x8080000000000000</Keywords>
<TimeCreated SystemTime="2025-08-06 02:26:02.315079+00:00"></TimeCreated>
<EventRecordID>9476359</EventRecordID>
<Correlation ActivityID="{78700be1-d3f3-42ab-98c9-5fc812cc66a9}" RelatedActivityID=""></Correlation>
<Execution ProcessID="1644" ThreadID="17776"></Execution>
<Channel>System</Channel>
<Computer>WS101.commercevision.cloud</Computer>
<Security UserID=""></Security>
</System>
<EventData><Data Name="param1">Background Intelligent Transfer Service</Data>
<Data Name="param2">running</Data>
<Binary>QgBJAFQAUwAvADQAAAA=</Binary>
</EventData>
</Event>
<Event xmlns="http://schemas.microsoft.com/win/2004/08/events/event"><System><Provider Name="Service Control Manager" Guid="{555908d1-a6d7-4695-8e1e-26931d2012f4}" EventSourceName="Service Control Manager"></Provider>
<EventID Qualifiers="16384">7040</EventID>
<Version>0</Version>
<Level>4</Level>
<Task>0</Task>
<Opcode>0</Opcode>
<Keywords>0x8080000000000000</Keywords>
<TimeCreated SystemTime="2025-08-06 02:26:02.380716+00:00"></TimeCreated>
<EventRecordID>9476360</EventRecordID>
<Correlation ActivityID="{659040f8-cbf3-4f42-8a4d-5af38e5afb00}" RelatedActivityID=""></Correlation>
<Execution ProcessID="1644" ThreadID="17776"></Execution>
<Channel>System</Channel>
<Computer>WS101.commercevision.cloud</Computer>
<Security UserID="S-1-5-18"></Security>
</System>
<EventData><Data Name="param1">Background Intelligent Transfer Service</Data>
<Data Name="param2">demand start</Data>
<Data Name="param3">auto start</Data>
<Data Name="param4">BITS</Data>
</EventData>
</Event>
<Event xmlns="http://schemas.microsoft.com/win/2004/08/events/event"><System><Provider Name="Service Control Manager" Guid="{555908d1-a6d7-4695-8e1e-26931d2012f4}" EventSourceName="Service Control Manager"></Provider>
<EventID Qualifiers="16384">7036</EventID>
<Version>0</Version>
<Level>4</Level>
<Task>0</Task>
<Opcode>0</Opcode>
<Keywords>0x8080000000000000</Keywords>
<TimeCreated SystemTime="2025-08-06 02:26:05.346222+00:00"></TimeCreated>
<EventRecordID>9476361</EventRecordID>
<Correlation ActivityID="{f49c4636-fec3-4d13-b5aa-ff0cc7c3765c}" RelatedActivityID=""></Correlation>
<Execution ProcessID="1644" ThreadID="34764"></Execution>
<Channel>System</Channel>
<Computer>WS101.commercevision.cloud</Computer>
<Security UserID=""></Security>
</System>
<EventData><Data Name="param1">WMI Performance Adapter</Data>
<Data Name="param2">running</Data>
<Binary>dwBtAGkAQQBwAFMAcgB2AC8ANAAAAA==</Binary>
</EventData>
</Event>
<Event xmlns="http://schemas.microsoft.com/win/2004/08/events/event"><System><Provider Name="Service Control Manager" Guid="{555908d1-a6d7-4695-8e1e-26931d2012f4}" EventSourceName="Service Control Manager"></Provider>
<EventID Qualifiers="16384">7036</EventID>
<Version>0</Version>
<Level>4</Level>
<Task>0</Task>
<Opcode>0</Opcode>
<Keywords>0x8080000000000000</Keywords>
<TimeCreated SystemTime="2025-08-06 02:26:09.399313+00:00"></TimeCreated>
<EventRecordID>9476362</EventRecordID>
<Correlation ActivityID="{af70c6e2-a58e-450f-bf46-b162460a4f3d}" RelatedActivityID=""></Correlation>
<Execution ProcessID="1644" ThreadID="34764"></Execution>
<Channel>System</Channel>
<Computer>WS101.commercevision.cloud</Computer>
<Security UserID=""></Security>
</System>
<EventData><Data Name="param1">Windows Modules Installer</Data>
<Data Name="param2">stopped</Data>
<Binary>VAByAHUAcwB0AGUAZABJAG4AcwB0AGEAbABsAGUAcgAvADEAAAA=</Binary>
</EventData>
</Event>
<Event xmlns="http://schemas.microsoft.com/win/2004/08/events/event"><System><Provider Name="Service Control Manager" Guid="{555908d1-a6d7-4695-8e1e-26931d2012f4}" EventSourceName="Service Control Manager"></Provider>
<EventID Qualifiers="16384">7036</EventID>
<Version>0</Version>
<Level>4</Level>
<Task>0</Task>
<Opcode>0</Opcode>
<Keywords>0x8080000000000000</Keywords>
<TimeCreated SystemTime="2025-08-06 02:27:06.413071+00:00"></TimeCreated>
<EventRecordID>9476363</EventRecordID>
<Correlation ActivityID="{ee301b70-2505-4ba2-9870-5fea732d1d93}" RelatedActivityID=""></Correlation>
<Execution ProcessID="1644" ThreadID="17776"></Execution>
<Channel>System</Channel>
<Computer>WS101.commercevision.cloud</Computer>
<Security UserID=""></Security>
</System>
<EventData><Data Name="param1">Windows Modules Installer</Data>
<Data Name="param2">running</Data>
<Binary>VAByAHUAcwB0AGUAZABJAG4AcwB0AGEAbABsAGUAcgAvADQAAAA=</Binary>
</EventData>
</Event>
<Event xmlns="http://schemas.microsoft.com/win/2004/08/events/event"><System><Provider Name="Service Control Manager" Guid="{555908d1-a6d7-4695-8e1e-26931d2012f4}" EventSourceName="Service Control Manager"></Provider>
<EventID Qualifiers="16384">7040</EventID>
<Version>0</Version>
<Level>4</Level>
<Task>0</Task>
<Opcode>0</Opcode>
<Keywords>0x8080000000000000</Keywords>
<TimeCreated SystemTime="2025-08-06 02:28:02.641884+00:00"></TimeCreated>
<EventRecordID>9476364</EventRecordID>
<Correlation ActivityID="{228f97f4-faad-4ee4-92ec-be01f7ba965a}" RelatedActivityID=""></Correlation>
<Execution ProcessID="1644" ThreadID="17776"></Execution>
<Channel>System</Channel>
<Computer>WS101.commercevision.cloud</Computer>
<Security UserID="S-1-5-18"></Security>
</System>
<EventData><Data Name="param1">Background Intelligent Transfer Service</Data>
<Data Name="param2">auto start</Data>
<Data Name="param3">demand start</Data>
<Data Name="param4">BITS</Data>
</EventData>
</Event>
<Event xmlns="http://schemas.microsoft.com/win/2004/08/events/event"><System><Provider Name="Service Control Manager" Guid="{555908d1-a6d7-4695-8e1e-26931d2012f4}" EventSourceName="Service Control Manager"></Provider>
<EventID Qualifiers="16384">7036</EventID>
<Version>0</Version>
<Level>4</Level>
<Task>0</Task>
<Opcode>0</Opcode>
<Keywords>0x8080000000000000</Keywords>
<TimeCreated SystemTime="2025-08-06 02:28:02.705458+00:00"></TimeCreated>
<EventRecordID>9476365</EventRecordID>
<Correlation ActivityID="{c73a7597-0ab6-4a9f-baf5-b83c6a45667d}" RelatedActivityID=""></Correlation>
<Execution ProcessID="1644" ThreadID="17776"></Execution>
<Channel>System</Channel>
<Computer>WS101.commercevision.cloud</Computer>
<Security UserID=""></Security>
</System>
<EventData><Data Name="param1">Background Intelligent Transfer Service</Data>
<Data Name="param2">stopped</Data>
<Binary>QgBJAFQAUwAvADEAAAA=</Binary>
</EventData>
</Event>
<Event xmlns="http://schemas.microsoft.com/win/2004/08/events/event"><System><Provider Name="Service Control Manager" Guid="{555908d1-a6d7-4695-8e1e-26931d2012f4}" EventSourceName="Service Control Manager"></Provider>
<EventID Qualifiers="16384">7036</EventID>
<Version>0</Version>
<Level>4</Level>
<Task>0</Task>
<Opcode>0</Opcode>
<Keywords>0x8080000000000000</Keywords>
<TimeCreated SystemTime="2025-08-06 02:28:24.351225+00:00"></TimeCreated>
<EventRecordID>9476366</EventRecordID>
<Correlation ActivityID="{ed4f25b2-5289-48f5-9cdb-f80bf7b40f9c}" RelatedActivityID=""></Correlation>
<Execution ProcessID="1644" ThreadID="34764"></Execution>
<Channel>System</Channel>
<Computer>WS101.commercevision.cloud</Computer>
<Security UserID=""></Security>
</System>
<EventData><Data Name="param1">WMI Performance Adapter</Data>
<Data Name="param2">stopped</Data>
<Binary>dwBtAGkAQQBwAFMAcgB2AC8AMQAAAA==</Binary>
</EventData>
</Event>
<Event xmlns="http://schemas.microsoft.com/win/2004/08/events/event"><System><Provider Name="Service Control Manager" Guid="{555908d1-a6d7-4695-8e1e-26931d2012f4}" EventSourceName="Service Control Manager"></Provider>
<EventID Qualifiers="16384">7036</EventID>
<Version>0</Version>
<Level>4</Level>
<Task>0</Task>
<Opcode>0</Opcode>
<Keywords>0x8080000000000000</Keywords>
<TimeCreated SystemTime="2025-08-06 02:28:43.874176+00:00"></TimeCreated>
<EventRecordID>9476367</EventRecordID>
<Correlation ActivityID="{14488e25-b0eb-4b02-9f6a-04d52898b256}" RelatedActivityID=""></Correlation>
<Execution ProcessID="1644" ThreadID="34764"></Execution>
<Channel>System</Channel>
<Computer>WS101.commercevision.cloud</Computer>
<Security UserID=""></Security>
</System>
<EventData><Data Name="param1">WMI Performance Adapter</Data>
<Data Name="param2">running</Data>
<Binary>dwBtAGkAQQBwAFMAcgB2AC8ANAAAAA==</Binary>
</EventData>
</Event>
<Event xmlns="http://schemas.microsoft.com/win/2004/08/events/event"><System><Provider Name="Service Control Manager" Guid="{555908d1-a6d7-4695-8e1e-26931d2012f4}" EventSourceName="Service Control Manager"></Provider>
<EventID Qualifiers="16384">7036</EventID>
<Version>0</Version>
<Level>4</Level>
<Task>0</Task>
<Opcode>0</Opcode>
<Keywords>0x8080000000000000</Keywords>
<TimeCreated SystemTime="2025-08-06 02:28:43.979692+00:00"></TimeCreated>
<EventRecordID>9476368</EventRecordID>
<Correlation ActivityID="{f3cd0f97-cd70-4fd5-ae93-ce3156c352d0}" RelatedActivityID=""></Correlation>
<Execution ProcessID="1644" ThreadID="34764"></Execution>
<Channel>System</Channel>
<Computer>WS101.commercevision.cloud</Computer>
<Security UserID=""></Security>
</System>
<EventData><Data Name="param1">WMI Performance Adapter</Data>
<Data Name="param2">stopped</Data>
<Binary>dwBtAGkAQQBwAFMAcgB2AC8AMQAAAA==</Binary>
</EventData>
</Event>
