<Event xmlns="http://schemas.microsoft.com/win/2004/08/events/event"><System><Provider Name="Service Control Manager" Guid="{555908d1-a6d7-4695-8e1e-26931d2012f4}" EventSourceName="Service Control Manager"></Provider>
<EventID Qualifiers="16384">7036</EventID>
<Version>0</Version>
<Level>4</Level>
<Task>0</Task>
<Opcode>0</Opcode>
<Keywords>0x8080000000000000</Keywords>
<TimeCreated SystemTime="2025-08-06 02:28:44.459169+00:00"></TimeCreated>
<EventRecordID>9476369</EventRecordID>
<Correlation ActivityID="{1f93c707-17a1-4add-aafb-d4ea8037db44}" RelatedActivityID=""></Correlation>
<Execution ProcessID="1644" ThreadID="34764"></Execution>
<Channel>System</Channel>
<Computer>WS101.commercevision.cloud</Computer>
<Security UserID=""></Security>
</System>
<EventData><Data Name="param1">Background Intelligent Transfer Service</Data>
<Data Name="param2">running</Data>
<Binary>QgBJAFQAUwAvADQAAAA=</Binary>
</EventData>
</Event>
<Event xmlns="http://schemas.microsoft.com/win/2004/08/events/event"><System><Provider Name="Service Control Manager" Guid="{555908d1-a6d7-4695-8e1e-26931d2012f4}" EventSourceName="Service Control Manager"></Provider>
<EventID Qualifiers="16384">7040</EventID>
<Version>0</Version>
<Level>4</Level>
<Task>0</Task>
<Opcode>0</Opcode>
<Keywords>0x8080000000000000</Keywords>
<TimeCreated SystemTime="2025-08-06 02:28:44.506678+00:00"></TimeCreated>
<EventRecordID>9476370</EventRecordID>
<Correlation ActivityID="{f0b70d29-6a6f-4d9c-9dbd-80ec9c9ec417}" RelatedActivityID=""></Correlation>
<Execution ProcessID="1644" ThreadID="34764"></Execution>
<Channel>System</Channel>
<Computer>WS101.commercevision.cloud</Computer>
<Security UserID="S-1-5-18"></Security>
</System>
<EventData><Data Name="param1">Background Intelligent Transfer Service</Data>
<Data Name="param2">demand start</Data>
<Data Name="param3">auto start</Data>
<Data Name="param4">BITS</Data>
</EventData>
</Event>
<Event xmlns="http://schemas.microsoft.com/win/2004/08/events/event"><System><Provider Name="Service Control Manager" Guid="{555908d1-a6d7-4695-8e1e-26931d2012f4}" EventSourceName="Service Control Manager"></Provider>
<EventID Qualifiers="16384">7036</EventID>
<Version>0</Version>
<Level>4</Level>
<Task>0</Task>
<Opcode>0</Opcode>
<Keywords>0x8080000000000000</Keywords>
<TimeCreated SystemTime="2025-08-06 02:28:46.975754+00:00"></TimeCreated>
<EventRecordID>9476371</EventRecordID>
<Correlation ActivityID="{6275b05a-7668-4aca-9c83-31ce449366f9}" RelatedActivityID=""></Correlation>
<Execution ProcessID="1644" ThreadID="34764"></Execution>
<Channel>System</Channel>
<Computer>WS101.commercevision.cloud</Computer>
<Security UserID=""></Security>
</System>
<EventData><Data Name="param1">WMI Performance Adapter</Data>
<Data Name="param2">running</Data>
<Binary>dwBtAGkAQQBwAFMAcgB2AC8ANAAAAA==</Binary>
</EventData>
</Event>
<Event xmlns="http://schemas.microsoft.com/win/2004/08/events/event"><System><Provider Name="Service Control Manager" Guid="{555908d1-a6d7-4695-8e1e-26931d2012f4}" EventSourceName="Service Control Manager"></Provider>
<EventID Qualifiers="16384">7036</EventID>
<Version>0</Version>
<Level>4</Level>
<Task>0</Task>
<Opcode>0</Opcode>
<Keywords>0x8080000000000000</Keywords>
<TimeCreated SystemTime="2025-08-06 02:29:07.705837+00:00"></TimeCreated>
<EventRecordID>9476372</EventRecordID>
<Correlation ActivityID="{f65a2ada-9800-4333-9033-9e523210f7c4}" RelatedActivityID=""></Correlation>
<Execution ProcessID="1644" ThreadID="34764"></Execution>
<Channel>System</Channel>
<Computer>WS101.commercevision.cloud</Computer>
<Security UserID=""></Security>
</System>
<EventData><Data Name="param1">Windows Modules Installer</Data>
<Data Name="param2">stopped</Data>
<Binary>VAByAHUAcwB0AGUAZABJAG4AcwB0AGEAbABsAGUAcgAvADEAAAA=</Binary>
</EventData>
</Event>
<Event xmlns="http://schemas.microsoft.com/win/2004/08/events/event"><System><Provider Name="Service Control Manager" Guid="{555908d1-a6d7-4695-8e1e-26931d2012f4}" EventSourceName="Service Control Manager"></Provider>
<EventID Qualifiers="16384">7036</EventID>
<Version>0</Version>
<Level>4</Level>
<Task>0</Task>
<Opcode>0</Opcode>
<Keywords>0x8080000000000000</Keywords>
<TimeCreated SystemTime="2025-08-06 02:30:01.727880+00:00"></TimeCreated>
<EventRecordID>9476373</EventRecordID>
<Correlation ActivityID="{d76c054f-8abd-4e05-b522-8f7da6aa1fea}" RelatedActivityID=""></Correlation>
<Execution ProcessID="1644" ThreadID="34764"></Execution>
<Channel>System</Channel>
<Computer>WS101.commercevision.cloud</Computer>
<Security UserID=""></Security>
</System>
<EventData><Data Name="param1">Network Setup Service</Data>
<Data Name="param2">stopped</Data>
<Binary>TgBlAHQAUwBlAHQAdQBwAFMAdgBjAC8AMQAAAA==</Binary>
</EventData>
</Event>
<Event xmlns="http://schemas.microsoft.com/win/2004/08/events/event"><System><Provider Name="Service Control Manager" Guid="{555908d1-a6d7-4695-8e1e-26931d2012f4}" EventSourceName="Service Control Manager"></Provider>
<EventID Qualifiers="16384">7036</EventID>
<Version>0</Version>
<Level>4</Level>
<Task>0</Task>
<Opcode>0</Opcode>
<Keywords>0x8080000000000000</Keywords>
<TimeCreated SystemTime="2025-08-06 02:30:17.622789+00:00"></TimeCreated>
<EventRecordID>9476374</EventRecordID>
<Correlation ActivityID="{1d757ad1-ed56-4cd3-b7df-234a66c4a22e}" RelatedActivityID=""></Correlation>
<Execution ProcessID="1644" ThreadID="34764"></Execution>
<Channel>System</Channel>
<Computer>WS101.commercevision.cloud</Computer>
<Security UserID=""></Security>
</System>
<EventData><Data Name="param1">Network Setup Service</Data>
<Data Name="param2">running</Data>
<Binary>TgBlAHQAUwBlAHQAdQBwAFMAdgBjAC8ANAAAAA==</Binary>
</EventData>
</Event>
<Event xmlns="http://schemas.microsoft.com/win/2004/08/events/event"><System><Provider Name="Service Control Manager" Guid="{555908d1-a6d7-4695-8e1e-26931d2012f4}" EventSourceName="Service Control Manager"></Provider>
<EventID Qualifiers="16384">7036</EventID>
<Version>0</Version>
<Level>4</Level>
<Task>0</Task>
<Opcode>0</Opcode>
<Keywords>0x8080000000000000</Keywords>
<TimeCreated SystemTime="2025-08-06 02:31:04.621952+00:00"></TimeCreated>
<EventRecordID>9476375</EventRecordID>
<Correlation ActivityID="{0c0d0cea-cf49-45ef-b80c-2e7173ac7a2b}" RelatedActivityID=""></Correlation>
<Execution ProcessID="1644" ThreadID="34764"></Execution>
<Channel>System</Channel>
<Computer>WS101.commercevision.cloud</Computer>
<Security UserID=""></Security>
</System>
<EventData><Data Name="param1">Windows Update</Data>
<Data Name="param2">running</Data>
<Binary>dwB1AGEAdQBzAGUAcgB2AC8ANAAAAA==</Binary>
</EventData>
</Event>
<Event xmlns="http://schemas.microsoft.com/win/2004/08/events/event"><System><Provider Name="Service Control Manager" Guid="{555908d1-a6d7-4695-8e1e-26931d2012f4}" EventSourceName="Service Control Manager"></Provider>
<EventID Qualifiers="16384">7036</EventID>
<Version>0</Version>
<Level>4</Level>
<Task>0</Task>
<Opcode>0</Opcode>
<Keywords>0x8080000000000000</Keywords>
<TimeCreated SystemTime="2025-08-06 02:34:24.252710+00:00"></TimeCreated>
<EventRecordID>9476376</EventRecordID>
<Correlation ActivityID="{abd14d2c-b0b1-41b6-8ed5-4a6add5efa15}" RelatedActivityID=""></Correlation>
<Execution ProcessID="1644" ThreadID="34764"></Execution>
<Channel>System</Channel>
<Computer>WS101.commercevision.cloud</Computer>
<Security UserID=""></Security>
</System>
<EventData><Data Name="param1">WMI Performance Adapter</Data>
<Data Name="param2">stopped</Data>
<Binary>dwBtAGkAQQBwAFMAcgB2AC8AMQAAAA==</Binary>
</EventData>
</Event>
<Event xmlns="http://schemas.microsoft.com/win/2004/08/events/event"><System><Provider Name="Service Control Manager" Guid="{555908d1-a6d7-4695-8e1e-26931d2012f4}" EventSourceName="Service Control Manager"></Provider>
<EventID Qualifiers="16384">7036</EventID>
<Version>0</Version>
<Level>4</Level>
<Task>0</Task>
<Opcode>0</Opcode>
<Keywords>0x8080000000000000</Keywords>
<TimeCreated SystemTime="2025-08-06 02:34:27.639091+00:00"></TimeCreated>
<EventRecordID>9476377</EventRecordID>
<Correlation ActivityID="{04677b7f-e096-447e-be1f-1e8c552cb35e}" RelatedActivityID=""></Correlation>
<Execution ProcessID="1644" ThreadID="34764"></Execution>
<Channel>System</Channel>
<Computer>WS101.commercevision.cloud</Computer>
<Security UserID=""></Security>
</System>
<EventData><Data Name="param1">Windows Modules Installer</Data>
<Data Name="param2">running</Data>
<Binary>VAByAHUAcwB0AGUAZABJAG4AcwB0AGEAbABsAGUAcgAvADQAAAA=</Binary>
</EventData>
</Event>
<Event xmlns="http://schemas.microsoft.com/win/2004/08/events/event"><System><Provider Name="Service Control Manager" Guid="{555908d1-a6d7-4695-8e1e-26931d2012f4}" EventSourceName="Service Control Manager"></Provider>
<EventID Qualifiers="16384">7040</EventID>
<Version>0</Version>
<Level>4</Level>
<Task>0</Task>
<Opcode>0</Opcode>
<Keywords>0x8080000000000000</Keywords>
<TimeCreated SystemTime="2025-08-06 02:34:37.670181+00:00"></TimeCreated>
<EventRecordID>9476378</EventRecordID>
<Correlation ActivityID="{e44bdf9f-78dd-4db0-baa8-da12220ebf97}" RelatedActivityID=""></Correlation>
<Execution ProcessID="1644" ThreadID="34764"></Execution>
<Channel>System</Channel>
<Computer>WS101.commercevision.cloud</Computer>
<Security UserID="S-1-5-18"></Security>
</System>
<EventData><Data Name="param1">Background Intelligent Transfer Service</Data>
<Data Name="param2">auto start</Data>
<Data Name="param3">demand start</Data>
<Data Name="param4">BITS</Data>
</EventData>
</Event>
<Event xmlns="http://schemas.microsoft.com/win/2004/08/events/event"><System><Provider Name="Service Control Manager" Guid="{555908d1-a6d7-4695-8e1e-26931d2012f4}" EventSourceName="Service Control Manager"></Provider>
<EventID Qualifiers="16384">7036</EventID>
<Version>0</Version>
<Level>4</Level>
<Task>0</Task>
<Opcode>0</Opcode>
<Keywords>0x8080000000000000</Keywords>
<TimeCreated SystemTime="2025-08-06 02:34:37.748308+00:00"></TimeCreated>
<EventRecordID>9476379</EventRecordID>
<Correlation ActivityID="{8784ade3-fcba-4dbd-9ce2-266e26f75e6d}" RelatedActivityID=""></Correlation>
<Execution ProcessID="1644" ThreadID="34764"></Execution>
<Channel>System</Channel>
<Computer>WS101.commercevision.cloud</Computer>
<Security UserID=""></Security>
</System>
<EventData><Data Name="param1">Background Intelligent Transfer Service</Data>
<Data Name="param2">stopped</Data>
<Binary>QgBJAFQAUwAvADEAAAA=</Binary>
</EventData>
</Event>
<Event xmlns="http://schemas.microsoft.com/win/2004/08/events/event"><System><Provider Name="Service Control Manager" Guid="{555908d1-a6d7-4695-8e1e-26931d2012f4}" EventSourceName="Service Control Manager"></Provider>
<EventID Qualifiers="16384">7036</EventID>
<Version>0</Version>
<Level>4</Level>
<Task>0</Task>
<Opcode>0</Opcode>
<Keywords>0x8080000000000000</Keywords>
<TimeCreated SystemTime="2025-08-06 02:36:01.737385+00:00"></TimeCreated>
<EventRecordID>9476380</EventRecordID>
<Correlation ActivityID="{e1d78423-8c33-4b7e-a46e-e97af08e592b}" RelatedActivityID=""></Correlation>
<Execution ProcessID="1644" ThreadID="34764"></Execution>
<Channel>System</Channel>
<Computer>WS101.commercevision.cloud</Computer>
<Security UserID=""></Security>
</System>
<EventData><Data Name="param1">Network Setup Service</Data>
<Data Name="param2">stopped</Data>
<Binary>TgBlAHQAUwBlAHQAdQBwAFMAdgBjAC8AMQAAAA==</Binary>
</EventData>
</Event>
<Event xmlns="http://schemas.microsoft.com/win/2004/08/events/event"><System><Provider Name="Service Control Manager" Guid="{555908d1-a6d7-4695-8e1e-26931d2012f4}" EventSourceName="Service Control Manager"></Provider>
<EventID Qualifiers="16384">7036</EventID>
<Version>0</Version>
<Level>4</Level>
<Task>0</Task>
<Opcode>0</Opcode>
<Keywords>0x8080000000000000</Keywords>
<TimeCreated SystemTime="2025-08-06 02:36:16.091869+00:00"></TimeCreated>
<EventRecordID>9476381</EventRecordID>
<Correlation ActivityID="{31c8778d-6cf4-4277-b395-e55d1d030572}" RelatedActivityID=""></Correlation>
<Execution ProcessID="1644" ThreadID="20532"></Execution>
<Channel>System</Channel>
<Computer>WS101.commercevision.cloud</Computer>
<Security UserID=""></Security>
</System>
<EventData><Data Name="param1">Network Setup Service</Data>
<Data Name="param2">running</Data>
<Binary>TgBlAHQAUwBlAHQAdQBwAFMAdgBjAC8ANAAAAA==</Binary>
</EventData>
</Event>
<Event xmlns="http://schemas.microsoft.com/win/2004/08/events/event"><System><Provider Name="Service Control Manager" Guid="{555908d1-a6d7-4695-8e1e-26931d2012f4}" EventSourceName="Service Control Manager"></Provider>
<EventID Qualifiers="16384">7036</EventID>
<Version>0</Version>
<Level>4</Level>
<Task>0</Task>
<Opcode>0</Opcode>
<Keywords>0x8080000000000000</Keywords>
<TimeCreated SystemTime="2025-08-06 02:36:30.592871+00:00"></TimeCreated>
<EventRecordID>9476382</EventRecordID>
<Correlation ActivityID="{512c9073-d69d-4217-9e3a-091fd0d9f020}" RelatedActivityID=""></Correlation>
<Execution ProcessID="1644" ThreadID="20532"></Execution>
<Channel>System</Channel>
<Computer>WS101.commercevision.cloud</Computer>
<Security UserID=""></Security>
</System>
<EventData><Data Name="param1">Windows Modules Installer</Data>
<Data Name="param2">stopped</Data>
<Binary>VAByAHUAcwB0AGUAZABJAG4AcwB0AGEAbABsAGUAcgAvADEAAAA=</Binary>
</EventData>
</Event>
<Event xmlns="http://schemas.microsoft.com/win/2004/08/events/event"><System><Provider Name="Service Control Manager" Guid="{555908d1-a6d7-4695-8e1e-26931d2012f4}" EventSourceName="Service Control Manager"></Provider>
<EventID Qualifiers="16384">7036</EventID>
<Version>0</Version>
<Level>4</Level>
<Task>0</Task>
<Opcode>0</Opcode>
<Keywords>0x8080000000000000</Keywords>
<TimeCreated SystemTime="2025-08-06 02:37:49.781048+00:00"></TimeCreated>
<EventRecordID>9476383</EventRecordID>
<Correlation ActivityID="{7dd5f426-22b1-4e85-884e-55bb626bc34a}" RelatedActivityID=""></Correlation>
<Execution ProcessID="1644" ThreadID="34764"></Execution>
<Channel>System</Channel>
<Computer>WS101.commercevision.cloud</Computer>
<Security UserID=""></Security>
</System>
<EventData><Data Name="param1">Microsoft Account Sign-in Assistant</Data>
<Data Name="param2">running</Data>
<Binary>dwBsAGkAZABzAHYAYwAvADQAAAA=</Binary>
</EventData>
</Event>
<Event xmlns="http://schemas.microsoft.com/win/2004/08/events/event"><System><Provider Name="Service Control Manager" Guid="{555908d1-a6d7-4695-8e1e-26931d2012f4}" EventSourceName="Service Control Manager"></Provider>
<EventID Qualifiers="16384">7036</EventID>
<Version>0</Version>
<Level>4</Level>
<Task>0</Task>
<Opcode>0</Opcode>
<Keywords>0x8080000000000000</Keywords>
<TimeCreated SystemTime="2025-08-06 02:37:50.359444+00:00"></TimeCreated>
<EventRecordID>9476384</EventRecordID>
<Correlation ActivityID="{b2e0f918-6236-4825-894d-b6b87de17dea}" RelatedActivityID=""></Correlation>
<Execution ProcessID="1644" ThreadID="63024"></Execution>
<Channel>System</Channel>
<Computer>WS101.commercevision.cloud</Computer>
<Security UserID=""></Security>
</System>
<EventData><Data Name="param1">Software Protection</Data>
<Data Name="param2">running</Data>
<Binary>cwBwAHAAcwB2AGMALwA0AAAA</Binary>
</EventData>
</Event>
<Event xmlns="http://schemas.microsoft.com/win/2004/08/events/event"><System><Provider Name="Service Control Manager" Guid="{555908d1-a6d7-4695-8e1e-26931d2012f4}" EventSourceName="Service Control Manager"></Provider>
<EventID Qualifiers="16384">7036</EventID>
<Version>0</Version>
<Level>4</Level>
<Task>0</Task>
<Opcode>0</Opcode>
<Keywords>0x8080000000000000</Keywords>
<TimeCreated SystemTime="2025-08-06 02:37:57.984436+00:00"></TimeCreated>
<EventRecordID>9476385</EventRecordID>
<Correlation ActivityID="{0d7bae07-9a96-4f61-a17a-5f47699bde7c}" RelatedActivityID=""></Correlation>
<Execution ProcessID="1644" ThreadID="8680"></Execution>
<Channel>System</Channel>
<Computer>WS101.commercevision.cloud</Computer>
<Security UserID=""></Security>
</System>
<EventData><Data Name="param1">Delivery Optimization</Data>
<Data Name="param2">running</Data>
<Binary>RABvAFMAdgBjAC8ANAAAAA==</Binary>
</EventData>
</Event>
<Event xmlns="http://schemas.microsoft.com/win/2004/08/events/event"><System><Provider Name="Microsoft-Windows-WindowsUpdateClient" Guid="{945a8954-c147-4acd-923f-40c45405a658}"></Provider>
<EventID Qualifiers="">44</EventID>
<Version>1</Version>
<Level>4</Level>
<Task>1</Task>
<Opcode>12</Opcode>
<Keywords>0x8000000000002004</Keywords>
<TimeCreated SystemTime="2025-08-06 02:38:04.206205+00:00"></TimeCreated>
<EventRecordID>9476386</EventRecordID>
<Correlation ActivityID="" RelatedActivityID=""></Correlation>
<Execution ProcessID="15968" ThreadID="44928"></Execution>
<Channel>System</Channel>
<Computer>WS101.commercevision.cloud</Computer>
<Security UserID="S-1-5-18"></Security>
</System>
<EventData><Data Name="updateTitle">Security Intelligence Update for Microsoft Defender Antivirus - KB2267602 (Version 1.433.308.0) - Current Channel (Broad)</Data>
<Data Name="updateGuid">{3b3bf58d-fc7f-472c-9809-36fb3ab514c1}</Data>
<Data Name="updateRevisionNumber">200</Data>
</EventData>
</Event>
<Event xmlns="http://schemas.microsoft.com/win/2004/08/events/event"><System><Provider Name="Microsoft-Windows-WindowsUpdateClient" Guid="{945a8954-c147-4acd-923f-40c45405a658}"></Provider>
<EventID Qualifiers="">43</EventID>
<Version>1</Version>
<Level>4</Level>
<Task>1</Task>
<Opcode>13</Opcode>
<Keywords>0x8000000000002008</Keywords>
<TimeCreated SystemTime="2025-08-06 02:38:04.206209+00:00"></TimeCreated>
<EventRecordID>9476387</EventRecordID>
<Correlation ActivityID="" RelatedActivityID=""></Correlation>
<Execution ProcessID="15968" ThreadID="44928"></Execution>
<Channel>System</Channel>
<Computer>WS101.commercevision.cloud</Computer>
<Security UserID="S-1-5-18"></Security>
</System>
<EventData><Data Name="updateTitle">Security Intelligence Update for Microsoft Defender Antivirus - KB2267602 (Version 1.433.308.0) - Current Channel (Broad)</Data>
<Data Name="updateGuid">{3b3bf58d-fc7f-472c-9809-36fb3ab514c1}</Data>
<Data Name="updateRevisionNumber">200</Data>
</EventData>
</Event>
<Event xmlns="http://schemas.microsoft.com/win/2004/08/events/event"><System><Provider Name="Microsoft-Windows-WindowsUpdateClient" Guid="{945a8954-c147-4acd-923f-40c45405a658}"></Provider>
<EventID Qualifiers="">19</EventID>
<Version>1</Version>
<Level>4</Level>
<Task>1</Task>
<Opcode>13</Opcode>
<Keywords>0x8000000000000018</Keywords>
<TimeCreated SystemTime="2025-08-06 02:38:18.304756+00:00"></TimeCreated>
<EventRecordID>9476388</EventRecordID>
<Correlation ActivityID="" RelatedActivityID=""></Correlation>
<Execution ProcessID="15968" ThreadID="44928"></Execution>
<Channel>System</Channel>
<Computer>WS101.commercevision.cloud</Computer>
<Security UserID="S-1-5-18"></Security>
</System>
<EventData><Data Name="updateTitle">Security Intelligence Update for Microsoft Defender Antivirus - KB2267602 (Version 1.433.308.0) - Current Channel (Broad)</Data>
<Data Name="updateGuid">{3b3bf58d-fc7f-472c-9809-36fb3ab514c1}</Data>
<Data Name="updateRevisionNumber">200</Data>
<Data Name="serviceGuid">{7971f918-a847-4430-9279-4a52d1efe18d}</Data>
</EventData>
</Event>
<Event xmlns="http://schemas.microsoft.com/win/2004/08/events/event"><System><Provider Name="Service Control Manager" Guid="{555908d1-a6d7-4695-8e1e-26931d2012f4}" EventSourceName="Service Control Manager"></Provider>
<EventID Qualifiers="16384">7036</EventID>
<Version>0</Version>
<Level>4</Level>
<Task>0</Task>
<Opcode>0</Opcode>
<Keywords>0x8080000000000000</Keywords>
<TimeCreated SystemTime="2025-08-06 02:38:23.781441+00:00"></TimeCreated>
<EventRecordID>9476389</EventRecordID>
<Correlation ActivityID="{cc1388e6-5cd2-472d-a1e4-afd6f1591098}" RelatedActivityID=""></Correlation>
<Execution ProcessID="1644" ThreadID="20532"></Execution>
<Channel>System</Channel>
<Computer>WS101.commercevision.cloud</Computer>
<Security UserID=""></Security>
</System>
<EventData><Data Name="param1">Background Intelligent Transfer Service</Data>
<Data Name="param2">running</Data>
<Binary>QgBJAFQAUwAvADQAAAA=</Binary>
</EventData>
</Event>
<Event xmlns="http://schemas.microsoft.com/win/2004/08/events/event"><System><Provider Name="Service Control Manager" Guid="{555908d1-a6d7-4695-8e1e-26931d2012f4}" EventSourceName="Service Control Manager"></Provider>
<EventID Qualifiers="16384">7040</EventID>
<Version>0</Version>
<Level>4</Level>
<Task>0</Task>
<Opcode>0</Opcode>
<Keywords>0x8080000000000000</Keywords>
<TimeCreated SystemTime="2025-08-06 02:38:23.828320+00:00"></TimeCreated>
<EventRecordID>9476390</EventRecordID>
<Correlation ActivityID="{f826b0ff-2be1-4350-84d8-b76207c8496b}" RelatedActivityID=""></Correlation>
<Execution ProcessID="1644" ThreadID="20532"></Execution>
<Channel>System</Channel>
<Computer>WS101.commercevision.cloud</Computer>
<Security UserID="S-1-5-18"></Security>
</System>
<EventData><Data Name="param1">Background Intelligent Transfer Service</Data>
<Data Name="param2">demand start</Data>
<Data Name="param3">auto start</Data>
<Data Name="param4">BITS</Data>
</EventData>
</Event>
<Event xmlns="http://schemas.microsoft.com/win/2004/08/events/event"><System><Provider Name="Service Control Manager" Guid="{555908d1-a6d7-4695-8e1e-26931d2012f4}" EventSourceName="Service Control Manager"></Provider>
<EventID Qualifiers="16384">7036</EventID>
<Version>0</Version>
<Level>4</Level>
<Task>0</Task>
<Opcode>0</Opcode>
<Keywords>0x8080000000000000</Keywords>
<TimeCreated SystemTime="2025-08-06 02:38:26.232325+00:00"></TimeCreated>
<EventRecordID>9476391</EventRecordID>
<Correlation ActivityID="{d430b10f-e214-4b79-aea9-522817134b8a}" RelatedActivityID=""></Correlation>
<Execution ProcessID="1644" ThreadID="20532"></Execution>
<Channel>System</Channel>
<Computer>WS101.commercevision.cloud</Computer>
<Security UserID=""></Security>
</System>
<EventData><Data Name="param1">WMI Performance Adapter</Data>
<Data Name="param2">running</Data>
<Binary>dwBtAGkAQQBwAFMAcgB2AC8ANAAAAA==</Binary>
</EventData>
</Event>
<Event xmlns="http://schemas.microsoft.com/win/2004/08/events/event"><System><Provider Name="Service Control Manager" Guid="{555908d1-a6d7-4695-8e1e-26931d2012f4}" EventSourceName="Service Control Manager"></Provider>
<EventID Qualifiers="16384">7036</EventID>
<Version>0</Version>
<Level>4</Level>
<Task>0</Task>
<Opcode>0</Opcode>
<Keywords>0x8080000000000000</Keywords>
<TimeCreated SystemTime="2025-08-06 02:38:29.812763+00:00"></TimeCreated>
<EventRecordID>9476392</EventRecordID>
<Correlation ActivityID="{029761c3-f27b-4f97-a9bd-4323340cb42e}" RelatedActivityID=""></Correlation>
<Execution ProcessID="1644" ThreadID="20532"></Execution>
<Channel>System</Channel>
<Computer>WS101.commercevision.cloud</Computer>
<Security UserID=""></Security>
</System>
<EventData><Data Name="param1">Software Protection</Data>
<Data Name="param2">stopped</Data>
<Binary>cwBwAHAAcwB2AGMALwAxAAAA</Binary>
</EventData>
</Event>
<Event xmlns="http://schemas.microsoft.com/win/2004/08/events/event"><System><Provider Name="Service Control Manager" Guid="{555908d1-a6d7-4695-8e1e-26931d2012f4}" EventSourceName="Service Control Manager"></Provider>
<EventID Qualifiers="16384">7036</EventID>
<Version>0</Version>
<Level>4</Level>
<Task>0</Task>
<Opcode>0</Opcode>
<Keywords>0x8080000000000000</Keywords>
<TimeCreated SystemTime="2025-08-06 02:40:50.453981+00:00"></TimeCreated>
<EventRecordID>9476393</EventRecordID>
<Correlation ActivityID="{2bf71f67-64f5-4f67-829a-397117ca905f}" RelatedActivityID=""></Correlation>
<Execution ProcessID="1644" ThreadID="20532"></Execution>
<Channel>System</Channel>
<Computer>WS101.commercevision.cloud</Computer>
<Security UserID=""></Security>
</System>
<EventData><Data Name="param1">Microsoft Account Sign-in Assistant</Data>
<Data Name="param2">stopped</Data>
<Binary>dwBsAGkAZABzAHYAYwAvADEAAAA=</Binary>
</EventData>
</Event>
<Event xmlns="http://schemas.microsoft.com/win/2004/08/events/event"><System><Provider Name="Service Control Manager" Guid="{555908d1-a6d7-4695-8e1e-26931d2012f4}" EventSourceName="Service Control Manager"></Provider>
<EventID Qualifiers="16384">7036</EventID>
<Version>0</Version>
<Level>4</Level>
<Task>0</Task>
<Opcode>0</Opcode>
<Keywords>0x8080000000000000</Keywords>
<TimeCreated SystemTime="2025-08-06 02:41:57.169188+00:00"></TimeCreated>
<EventRecordID>9476394</EventRecordID>
<Correlation ActivityID="{d04d4798-b26d-4df9-9c5e-20e8999a5a03}" RelatedActivityID=""></Correlation>
<Execution ProcessID="1644" ThreadID="20532"></Execution>
<Channel>System</Channel>
<Computer>WS101.commercevision.cloud</Computer>
<Security UserID=""></Security>
</System>
<EventData><Data Name="param1">Windows Modules Installer</Data>
<Data Name="param2">running</Data>
<Binary>VAByAHUAcwB0AGUAZABJAG4AcwB0AGEAbABsAGUAcgAvADQAAAA=</Binary>
</EventData>
</Event>
<Event xmlns="http://schemas.microsoft.com/win/2004/08/events/event"><System><Provider Name="Service Control Manager" Guid="{555908d1-a6d7-4695-8e1e-26931d2012f4}" EventSourceName="Service Control Manager"></Provider>
<EventID Qualifiers="16384">7036</EventID>
<Version>0</Version>
<Level>4</Level>
<Task>0</Task>
<Opcode>0</Opcode>
<Keywords>0x8080000000000000</Keywords>
<TimeCreated SystemTime="2025-08-06 02:42:01.751459+00:00"></TimeCreated>
<EventRecordID>9476395</EventRecordID>
<Correlation ActivityID="{c1fca004-4827-46a6-b9af-ef9aa051f403}" RelatedActivityID=""></Correlation>
<Execution ProcessID="1644" ThreadID="20532"></Execution>
<Channel>System</Channel>
<Computer>WS101.commercevision.cloud</Computer>
<Security UserID=""></Security>
</System>
<EventData><Data Name="param1">Network Setup Service</Data>
<Data Name="param2">stopped</Data>
<Binary>TgBlAHQAUwBlAHQAdQBwAFMAdgBjAC8AMQAAAA==</Binary>
</EventData>
</Event>
<Event xmlns="http://schemas.microsoft.com/win/2004/08/events/event"><System><Provider Name="Service Control Manager" Guid="{555908d1-a6d7-4695-8e1e-26931d2012f4}" EventSourceName="Service Control Manager"></Provider>
<EventID Qualifiers="16384">7036</EventID>
<Version>0</Version>
<Level>4</Level>
<Task>0</Task>
<Opcode>0</Opcode>
<Keywords>0x8080000000000000</Keywords>
<TimeCreated SystemTime="2025-08-06 02:42:16.642546+00:00"></TimeCreated>
<EventRecordID>9476396</EventRecordID>
<Correlation ActivityID="{2ed71ff2-006b-4b5b-9e28-976bbdbde143}" RelatedActivityID=""></Correlation>
<Execution ProcessID="1644" ThreadID="20532"></Execution>
<Channel>System</Channel>
<Computer>WS101.commercevision.cloud</Computer>
<Security UserID=""></Security>
</System>
<EventData><Data Name="param1">Network Setup Service</Data>
<Data Name="param2">running</Data>
<Binary>TgBlAHQAUwBlAHQAdQBwAFMAdgBjAC8ANAAAAA==</Binary>
</EventData>
</Event>
<Event xmlns="http://schemas.microsoft.com/win/2004/08/events/event"><System><Provider Name="Service Control Manager" Guid="{555908d1-a6d7-4695-8e1e-26931d2012f4}" EventSourceName="Service Control Manager"></Provider>
<EventID Qualifiers="16384">7036</EventID>
<Version>0</Version>
<Level>4</Level>
<Task>0</Task>
<Opcode>0</Opcode>
<Keywords>0x8080000000000000</Keywords>
<TimeCreated SystemTime="2025-08-06 02:42:58.064363+00:00"></TimeCreated>
<EventRecordID>9476397</EventRecordID>
<Correlation ActivityID="{eac3ac64-00b6-48ef-8f8c-8e421a9ebdaf}" RelatedActivityID=""></Correlation>
<Execution ProcessID="1644" ThreadID="20532"></Execution>
<Channel>System</Channel>
<Computer>WS101.commercevision.cloud</Computer>
<Security UserID=""></Security>
</System>
<EventData><Data Name="param1">Delivery Optimization</Data>
<Data Name="param2">stopped</Data>
<Binary>RABvAFMAdgBjAC8AMQAAAA==</Binary>
</EventData>
</Event>
<Event xmlns="http://schemas.microsoft.com/win/2004/08/events/event"><System><Provider Name="Service Control Manager" Guid="{555908d1-a6d7-4695-8e1e-26931d2012f4}" EventSourceName="Service Control Manager"></Provider>
<EventID Qualifiers="16384">7036</EventID>
<Version>0</Version>
<Level>4</Level>
<Task>0</Task>
<Opcode>0</Opcode>
<Keywords>0x8080000000000000</Keywords>
<TimeCreated SystemTime="2025-08-06 02:43:46.283802+00:00"></TimeCreated>
<EventRecordID>9476398</EventRecordID>
<Correlation ActivityID="{cae23ffc-a890-4ee2-a73e-8d3a969802fb}" RelatedActivityID=""></Correlation>
<Execution ProcessID="1644" ThreadID="20532"></Execution>
<Channel>System</Channel>
<Computer>WS101.commercevision.cloud</Computer>
<Security UserID=""></Security>
</System>
<EventData><Data Name="param1">Network Setup Service</Data>
<Data Name="param2">stopped</Data>
<Binary>TgBlAHQAUwBlAHQAdQBwAFMAdgBjAC8AMQAAAA==</Binary>
</EventData>
</Event>
<Event xmlns="http://schemas.microsoft.com/win/2004/08/events/event"><System><Provider Name="Service Control Manager" Guid="{555908d1-a6d7-4695-8e1e-26931d2012f4}" EventSourceName="Service Control Manager"></Provider>
<EventID Qualifiers="16384">7036</EventID>
<Version>0</Version>
<Level>4</Level>
<Task>0</Task>
<Opcode>0</Opcode>
<Keywords>0x8080000000000000</Keywords>
<TimeCreated SystemTime="2025-08-06 02:44:05.518070+00:00"></TimeCreated>
<EventRecordID>9476399</EventRecordID>
<Correlation ActivityID="{dbcdbdc2-55f0-4f73-9c5f-4659be16b58a}" RelatedActivityID=""></Correlation>
<Execution ProcessID="1644" ThreadID="67844"></Execution>
<Channel>System</Channel>
<Computer>WS101.commercevision.cloud</Computer>
<Security UserID=""></Security>
</System>
<EventData><Data Name="param1">Windows Modules Installer</Data>
<Data Name="param2">stopped</Data>
<Binary>VAByAHUAcwB0AGUAZABJAG4AcwB0AGEAbABsAGUAcgAvADEAAAA=</Binary>
</EventData>
</Event>
<Event xmlns="http://schemas.microsoft.com/win/2004/08/events/event"><System><Provider Name="Service Control Manager" Guid="{555908d1-a6d7-4695-8e1e-26931d2012f4}" EventSourceName="Service Control Manager"></Provider>
<EventID Qualifiers="16384">7036</EventID>
<Version>0</Version>
<Level>4</Level>
<Task>0</Task>
<Opcode>0</Opcode>
<Keywords>0x8080000000000000</Keywords>
<TimeCreated SystemTime="2025-08-06 02:44:16.409952+00:00"></TimeCreated>
<EventRecordID>9476400</EventRecordID>
<Correlation ActivityID="{8ee67ef8-1d8c-422c-9224-c90d45694439}" RelatedActivityID=""></Correlation>
<Execution ProcessID="1644" ThreadID="67844"></Execution>
<Channel>System</Channel>
<Computer>WS101.commercevision.cloud</Computer>
<Security UserID=""></Security>
</System>
<EventData><Data Name="param1">Network Setup Service</Data>
<Data Name="param2">running</Data>
<Binary>TgBlAHQAUwBlAHQAdQBwAFMAdgBjAC8ANAAAAA==</Binary>
</EventData>
</Event>
<Event xmlns="http://schemas.microsoft.com/win/2004/08/events/event"><System><Provider Name="Service Control Manager" Guid="{555908d1-a6d7-4695-8e1e-26931d2012f4}" EventSourceName="Service Control Manager"></Provider>
<EventID Qualifiers="16384">7036</EventID>
<Version>0</Version>
<Level>4</Level>
<Task>0</Task>
<Opcode>0</Opcode>
<Keywords>0x8080000000000000</Keywords>
<TimeCreated SystemTime="2025-08-06 02:48:18.521471+00:00"></TimeCreated>
<EventRecordID>9476401</EventRecordID>
<Correlation ActivityID="{0adac1ed-0c6e-47db-b3bd-09ad03d6fb55}" RelatedActivityID=""></Correlation>
<Execution ProcessID="1644" ThreadID="34764"></Execution>
<Channel>System</Channel>
<Computer>WS101.commercevision.cloud</Computer>
<Security UserID=""></Security>
</System>
<EventData><Data Name="param1">Network Setup Service</Data>
<Data Name="param2">stopped</Data>
<Binary>TgBlAHQAUwBlAHQAdQBwAFMAdgBjAC8AMQAAAA==</Binary>
</EventData>
</Event>
<Event xmlns="http://schemas.microsoft.com/win/2004/08/events/event"><System><Provider Name="Service Control Manager" Guid="{555908d1-a6d7-4695-8e1e-26931d2012f4}" EventSourceName="Service Control Manager"></Provider>
<EventID Qualifiers="16384">7036</EventID>
<Version>0</Version>
<Level>4</Level>
<Task>0</Task>
<Opcode>0</Opcode>
<Keywords>0x8080000000000000</Keywords>
<TimeCreated SystemTime="2025-08-06 02:48:20.441656+00:00"></TimeCreated>
<EventRecordID>9476402</EventRecordID>
<Correlation ActivityID="{6312ef8e-382c-4490-aec7-b7d6c24b8427}" RelatedActivityID=""></Correlation>
<Execution ProcessID="1644" ThreadID="34764"></Execution>
<Channel>System</Channel>
<Computer>WS101.commercevision.cloud</Computer>
<Security UserID=""></Security>
</System>
<EventData><Data Name="param1">Network Setup Service</Data>
<Data Name="param2">running</Data>
<Binary>TgBlAHQAUwBlAHQAdQBwAFMAdgBjAC8ANAAAAA==</Binary>
</EventData>
</Event>
<Event xmlns="http://schemas.microsoft.com/win/2004/08/events/event"><System><Provider Name="Service Control Manager" Guid="{555908d1-a6d7-4695-8e1e-26931d2012f4}" EventSourceName="Service Control Manager"></Provider>
<EventID Qualifiers="16384">7040</EventID>
<Version>0</Version>
<Level>4</Level>
<Task>0</Task>
<Opcode>0</Opcode>
<Keywords>0x8080000000000000</Keywords>
<TimeCreated SystemTime="2025-08-06 02:48:32.024639+00:00"></TimeCreated>
<EventRecordID>9476403</EventRecordID>
<Correlation ActivityID="{1a6071c4-71fa-4e31-98dc-8c37f67a9798}" RelatedActivityID=""></Correlation>
<Execution ProcessID="1644" ThreadID="34764"></Execution>
<Channel>System</Channel>
<Computer>WS101.commercevision.cloud</Computer>
<Security UserID="S-1-5-18"></Security>
</System>
<EventData><Data Name="param1">Background Intelligent Transfer Service</Data>
<Data Name="param2">auto start</Data>
<Data Name="param3">demand start</Data>
<Data Name="param4">BITS</Data>
</EventData>
</Event>
<Event xmlns="http://schemas.microsoft.com/win/2004/08/events/event"><System><Provider Name="Service Control Manager" Guid="{555908d1-a6d7-4695-8e1e-26931d2012f4}" EventSourceName="Service Control Manager"></Provider>
<EventID Qualifiers="16384">7036</EventID>
<Version>0</Version>
<Level>4</Level>
<Task>0</Task>
<Opcode>0</Opcode>
<Keywords>0x8080000000000000</Keywords>
<TimeCreated SystemTime="2025-08-06 02:48:32.124981+00:00"></TimeCreated>
<EventRecordID>9476404</EventRecordID>
<Correlation ActivityID="{833514a3-8b0e-4511-80fb-b7ff5cd291cb}" RelatedActivityID=""></Correlation>
<Execution ProcessID="1644" ThreadID="34764"></Execution>
<Channel>System</Channel>
<Computer>WS101.commercevision.cloud</Computer>
<Security UserID=""></Security>
</System>
<EventData><Data Name="param1">Background Intelligent Transfer Service</Data>
<Data Name="param2">stopped</Data>
<Binary>QgBJAFQAUwAvADEAAAA=</Binary>
</EventData>
</Event>
<Event xmlns="http://schemas.microsoft.com/win/2004/08/events/event"><System><Provider Name="Service Control Manager" Guid="{555908d1-a6d7-4695-8e1e-26931d2012f4}" EventSourceName="Service Control Manager"></Provider>
<EventID Qualifiers="16384">7036</EventID>
<Version>0</Version>
<Level>4</Level>
<Task>0</Task>
<Opcode>0</Opcode>
<Keywords>0x8080000000000000</Keywords>
<TimeCreated SystemTime="2025-08-06 02:49:55.250673+00:00"></TimeCreated>
<EventRecordID>9476405</EventRecordID>
<Correlation ActivityID="{f0c081a9-033e-4fcc-aa17-4a8c1d1ae73b}" RelatedActivityID=""></Correlation>
<Execution ProcessID="1644" ThreadID="34764"></Execution>
<Channel>System</Channel>
<Computer>WS101.commercevision.cloud</Computer>
<Security UserID=""></Security>
</System>
<EventData><Data Name="param1">Background Intelligent Transfer Service</Data>
<Data Name="param2">running</Data>
<Binary>QgBJAFQAUwAvADQAAAA=</Binary>
</EventData>
</Event>
<Event xmlns="http://schemas.microsoft.com/win/2004/08/events/event"><System><Provider Name="Service Control Manager" Guid="{555908d1-a6d7-4695-8e1e-26931d2012f4}" EventSourceName="Service Control Manager"></Provider>
<EventID Qualifiers="16384">7040</EventID>
<Version>0</Version>
<Level>4</Level>
<Task>0</Task>
<Opcode>0</Opcode>
<Keywords>0x8080000000000000</Keywords>
<TimeCreated SystemTime="2025-08-06 02:49:55.297550+00:00"></TimeCreated>
<EventRecordID>9476406</EventRecordID>
<Correlation ActivityID="{d4218f47-9e2c-4eb5-84fd-5500518c6158}" RelatedActivityID=""></Correlation>
<Execution ProcessID="1644" ThreadID="34764"></Execution>
<Channel>System</Channel>
<Computer>WS101.commercevision.cloud</Computer>
<Security UserID="S-1-5-18"></Security>
</System>
<EventData><Data Name="param1">Background Intelligent Transfer Service</Data>
<Data Name="param2">demand start</Data>
<Data Name="param3">auto start</Data>
<Data Name="param4">BITS</Data>
</EventData>
</Event>
<Event xmlns="http://schemas.microsoft.com/win/2004/08/events/event"><System><Provider Name="Service Control Manager" Guid="{555908d1-a6d7-4695-8e1e-26931d2012f4}" EventSourceName="Service Control Manager"></Provider>
<EventID Qualifiers="16384">7036</EventID>
<Version>0</Version>
<Level>4</Level>
<Task>0</Task>
<Opcode>0</Opcode>
<Keywords>0x8080000000000000</Keywords>
<TimeCreated SystemTime="2025-08-06 02:52:37.809793+00:00"></TimeCreated>
<EventRecordID>9476407</EventRecordID>
<Correlation ActivityID="{013297ab-a7bd-46dd-a993-2a68a3f42b0a}" RelatedActivityID=""></Correlation>
<Execution ProcessID="1644" ThreadID="52324"></Execution>
<Channel>System</Channel>
<Computer>WS101.commercevision.cloud</Computer>
<Security UserID=""></Security>
</System>
<EventData><Data Name="param1">WMI Performance Adapter</Data>
<Data Name="param2">stopped</Data>
<Binary>dwBtAGkAQQBwAFMAcgB2AC8AMQAAAA==</Binary>
</EventData>
</Event>
<Event xmlns="http://schemas.microsoft.com/win/2004/08/events/event"><System><Provider Name="Service Control Manager" Guid="{555908d1-a6d7-4695-8e1e-26931d2012f4}" EventSourceName="Service Control Manager"></Provider>
<EventID Qualifiers="16384">7036</EventID>
<Version>0</Version>
<Level>4</Level>
<Task>0</Task>
<Opcode>0</Opcode>
<Keywords>0x8080000000000000</Keywords>
<TimeCreated SystemTime="2025-08-06 02:54:00.300920+00:00"></TimeCreated>
<EventRecordID>9476408</EventRecordID>
<Correlation ActivityID="{fffd0f3f-ce71-4240-8ddb-df17ea2aa25f}" RelatedActivityID=""></Correlation>
<Execution ProcessID="1644" ThreadID="34764"></Execution>
<Channel>System</Channel>
<Computer>WS101.commercevision.cloud</Computer>
<Security UserID=""></Security>
</System>
<EventData><Data Name="param1">Windows Modules Installer</Data>
<Data Name="param2">running</Data>
<Binary>VAByAHUAcwB0AGUAZABJAG4AcwB0AGEAbABsAGUAcgAvADQAAAA=</Binary>
</EventData>
</Event>
<Event xmlns="http://schemas.microsoft.com/win/2004/08/events/event"><System><Provider Name="Service Control Manager" Guid="{555908d1-a6d7-4695-8e1e-26931d2012f4}" EventSourceName="Service Control Manager"></Provider>
<EventID Qualifiers="16384">7040</EventID>
<Version>0</Version>
<Level>4</Level>
<Task>0</Task>
<Opcode>0</Opcode>
<Keywords>0x8080000000000000</Keywords>
<TimeCreated SystemTime="2025-08-06 02:54:37.787807+00:00"></TimeCreated>
<EventRecordID>9476409</EventRecordID>
<Correlation ActivityID="{553b548e-ef9c-4b9f-be3b-3bcb3df8f2db}" RelatedActivityID=""></Correlation>
<Execution ProcessID="1644" ThreadID="52324"></Execution>
<Channel>System</Channel>
<Computer>WS101.commercevision.cloud</Computer>
<Security UserID="S-1-5-18"></Security>
</System>
<EventData><Data Name="param1">Background Intelligent Transfer Service</Data>
<Data Name="param2">auto start</Data>
<Data Name="param3">demand start</Data>
<Data Name="param4">BITS</Data>
</EventData>
</Event>
<Event xmlns="http://schemas.microsoft.com/win/2004/08/events/event"><System><Provider Name="Service Control Manager" Guid="{555908d1-a6d7-4695-8e1e-26931d2012f4}" EventSourceName="Service Control Manager"></Provider>
<EventID Qualifiers="16384">7036</EventID>
<Version>0</Version>
<Level>4</Level>
<Task>0</Task>
<Opcode>0</Opcode>
<Keywords>0x8080000000000000</Keywords>
<TimeCreated SystemTime="2025-08-06 02:54:37.850536+00:00"></TimeCreated>
<EventRecordID>9476410</EventRecordID>
<Correlation ActivityID="{a6264d6f-144a-4c52-8408-e5987a909e61}" RelatedActivityID=""></Correlation>
<Execution ProcessID="1644" ThreadID="52324"></Execution>
<Channel>System</Channel>
<Computer>WS101.commercevision.cloud</Computer>
<Security UserID=""></Security>
</System>
<EventData><Data Name="param1">Background Intelligent Transfer Service</Data>
<Data Name="param2">stopped</Data>
<Binary>QgBJAFQAUwAvADEAAAA=</Binary>
</EventData>
</Event>
<Event xmlns="http://schemas.microsoft.com/win/2004/08/events/event"><System><Provider Name="Service Control Manager" Guid="{555908d1-a6d7-4695-8e1e-26931d2012f4}" EventSourceName="Service Control Manager"></Provider>
<EventID Qualifiers="16384">7036</EventID>
<Version>0</Version>
<Level>4</Level>
<Task>0</Task>
<Opcode>0</Opcode>
<Keywords>0x8080000000000000</Keywords>
<TimeCreated SystemTime="2025-08-06 02:56:01.741665+00:00"></TimeCreated>
<EventRecordID>9476411</EventRecordID>
<Correlation ActivityID="{ff007cd4-0c38-479d-a1dd-de743632a766}" RelatedActivityID=""></Correlation>
<Execution ProcessID="1644" ThreadID="52324"></Execution>
<Channel>System</Channel>
<Computer>WS101.commercevision.cloud</Computer>
<Security UserID=""></Security>
</System>
<EventData><Data Name="param1">Windows Modules Installer</Data>
<Data Name="param2">stopped</Data>
<Binary>VAByAHUAcwB0AGUAZABJAG4AcwB0AGEAbABsAGUAcgAvADEAAAA=</Binary>
</EventData>
</Event>
<Event xmlns="http://schemas.microsoft.com/win/2004/08/events/event"><System><Provider Name="Service Control Manager" Guid="{555908d1-a6d7-4695-8e1e-26931d2012f4}" EventSourceName="Service Control Manager"></Provider>
<EventID Qualifiers="16384">7036</EventID>
<Version>0</Version>
<Level>4</Level>
<Task>0</Task>
<Opcode>0</Opcode>
<Keywords>0x8080000000000000</Keywords>
<TimeCreated SystemTime="2025-08-06 02:56:47.318514+00:00"></TimeCreated>
<EventRecordID>9476412</EventRecordID>
<Correlation ActivityID="{1e4b1720-169f-464e-b236-6f54f28b827a}" RelatedActivityID=""></Correlation>
<Execution ProcessID="1644" ThreadID="52324"></Execution>
<Channel>System</Channel>
<Computer>WS101.commercevision.cloud</Computer>
<Security UserID=""></Security>
</System>
<EventData><Data Name="param1">Windows Modules Installer</Data>
<Data Name="param2">running</Data>
<Binary>VAByAHUAcwB0AGUAZABJAG4AcwB0AGEAbABsAGUAcgAvADQAAAA=</Binary>
</EventData>
</Event>
<Event xmlns="http://schemas.microsoft.com/win/2004/08/events/event"><System><Provider Name="Service Control Manager" Guid="{555908d1-a6d7-4695-8e1e-26931d2012f4}" EventSourceName="Service Control Manager"></Provider>
<EventID Qualifiers="16384">7036</EventID>
<Version>0</Version>
<Level>4</Level>
<Task>0</Task>
<Opcode>0</Opcode>
<Keywords>0x8080000000000000</Keywords>
<TimeCreated SystemTime="2025-08-06 02:57:27.088049+00:00"></TimeCreated>
<EventRecordID>9476413</EventRecordID>
<Correlation ActivityID="{1faf4f88-916c-48fc-8132-6d055eb9f412}" RelatedActivityID=""></Correlation>
<Execution ProcessID="1644" ThreadID="34764"></Execution>
<Channel>System</Channel>
<Computer>WS101.commercevision.cloud</Computer>
<Security UserID=""></Security>
</System>
<EventData><Data Name="param1">Windows Update</Data>
<Data Name="param2">stopped</Data>
<Binary>dwB1AGEAdQBzAGUAcgB2AC8AMQAAAA==</Binary>
</EventData>
</Event>
<Event xmlns="http://schemas.microsoft.com/win/2004/08/events/event"><System><Provider Name="Service Control Manager" Guid="{555908d1-a6d7-4695-8e1e-26931d2012f4}" EventSourceName="Service Control Manager"></Provider>
<EventID Qualifiers="16384">7036</EventID>
<Version>0</Version>
<Level>4</Level>
<Task>0</Task>
<Opcode>0</Opcode>
<Keywords>0x8080000000000000</Keywords>
<TimeCreated SystemTime="2025-08-06 02:58:30.144762+00:00"></TimeCreated>
<EventRecordID>9476414</EventRecordID>
<Correlation ActivityID="{2c9a9538-d128-4205-a758-ea5c39ed8be3}" RelatedActivityID=""></Correlation>
<Execution ProcessID="1644" ThreadID="34764"></Execution>
<Channel>System</Channel>
<Computer>WS101.commercevision.cloud</Computer>
<Security UserID=""></Security>
</System>
<EventData><Data Name="param1">Background Intelligent Transfer Service</Data>
<Data Name="param2">running</Data>
<Binary>QgBJAFQAUwAvADQAAAA=</Binary>
</EventData>
</Event>
<Event xmlns="http://schemas.microsoft.com/win/2004/08/events/event"><System><Provider Name="Service Control Manager" Guid="{555908d1-a6d7-4695-8e1e-26931d2012f4}" EventSourceName="Service Control Manager"></Provider>
<EventID Qualifiers="16384">7040</EventID>
<Version>0</Version>
<Level>4</Level>
<Task>0</Task>
<Opcode>0</Opcode>
<Keywords>0x8080000000000000</Keywords>
<TimeCreated SystemTime="2025-08-06 02:58:30.207285+00:00"></TimeCreated>
<EventRecordID>9476415</EventRecordID>
<Correlation ActivityID="{978160fd-fbdb-4fe0-b239-8eebe39afc9f}" RelatedActivityID=""></Correlation>
<Execution ProcessID="1644" ThreadID="34764"></Execution>
<Channel>System</Channel>
<Computer>WS101.commercevision.cloud</Computer>
<Security UserID="S-1-5-18"></Security>
</System>
<EventData><Data Name="param1">Background Intelligent Transfer Service</Data>
<Data Name="param2">demand start</Data>
<Data Name="param3">auto start</Data>
<Data Name="param4">BITS</Data>
</EventData>
</Event>
<Event xmlns="http://schemas.microsoft.com/win/2004/08/events/event"><System><Provider Name="Service Control Manager" Guid="{555908d1-a6d7-4695-8e1e-26931d2012f4}" EventSourceName="Service Control Manager"></Provider>
<EventID Qualifiers="16384">7036</EventID>
<Version>0</Version>
<Level>4</Level>
<Task>0</Task>
<Opcode>0</Opcode>
<Keywords>0x8080000000000000</Keywords>
<TimeCreated SystemTime="2025-08-06 02:58:32.463903+00:00"></TimeCreated>
<EventRecordID>9476416</EventRecordID>
<Correlation ActivityID="{1f891e8e-e367-4f22-995c-2e6f97b1b61f}" RelatedActivityID=""></Correlation>
<Execution ProcessID="1644" ThreadID="34764"></Execution>
<Channel>System</Channel>
<Computer>WS101.commercevision.cloud</Computer>
<Security UserID=""></Security>
</System>
<EventData><Data Name="param1">WMI Performance Adapter</Data>
<Data Name="param2">running</Data>
<Binary>dwBtAGkAQQBwAFMAcgB2AC8ANAAAAA==</Binary>
</EventData>
</Event>
<Event xmlns="http://schemas.microsoft.com/win/2004/08/events/event"><System><Provider Name="Service Control Manager" Guid="{555908d1-a6d7-4695-8e1e-26931d2012f4}" EventSourceName="Service Control Manager"></Provider>
<EventID Qualifiers="16384">7036</EventID>
<Version>0</Version>
<Level>4</Level>
<Task>0</Task>
<Opcode>0</Opcode>
<Keywords>0x8080000000000000</Keywords>
<TimeCreated SystemTime="2025-08-06 02:58:32.880293+00:00"></TimeCreated>
<EventRecordID>9476417</EventRecordID>
<Correlation ActivityID="{1b3e19e6-5345-42eb-a288-84e15047a5c4}" RelatedActivityID=""></Correlation>
<Execution ProcessID="1644" ThreadID="34764"></Execution>
<Channel>System</Channel>
<Computer>WS101.commercevision.cloud</Computer>
<Security UserID=""></Security>
</System>
<EventData><Data Name="param1">WMI Performance Adapter</Data>
<Data Name="param2">stopped</Data>
<Binary>dwBtAGkAQQBwAFMAcgB2AC8AMQAAAA==</Binary>
</EventData>
</Event>
<Event xmlns="http://schemas.microsoft.com/win/2004/08/events/event"><System><Provider Name="Service Control Manager" Guid="{555908d1-a6d7-4695-8e1e-26931d2012f4}" EventSourceName="Service Control Manager"></Provider>
<EventID Qualifiers="16384">7036</EventID>
<Version>0</Version>
<Level>4</Level>
<Task>0</Task>
<Opcode>0</Opcode>
<Keywords>0x8080000000000000</Keywords>
<TimeCreated SystemTime="2025-08-06 02:58:48.555439+00:00"></TimeCreated>
<EventRecordID>9476418</EventRecordID>
<Correlation ActivityID="{c39de4d6-7cf1-4932-8b98-654bc20b8486}" RelatedActivityID=""></Correlation>
<Execution ProcessID="1644" ThreadID="34764"></Execution>
<Channel>System</Channel>
<Computer>WS101.commercevision.cloud</Computer>
<Security UserID=""></Security>
</System>
<EventData><Data Name="param1">Windows Modules Installer</Data>
<Data Name="param2">stopped</Data>
<Binary>VAByAHUAcwB0AGUAZABJAG4AcwB0AGEAbABsAGUAcgAvADEAAAA=</Binary>
</EventData>
</Event>
<Event xmlns="http://schemas.microsoft.com/win/2004/08/events/event"><System><Provider Name="Service Control Manager" Guid="{555908d1-a6d7-4695-8e1e-26931d2012f4}" EventSourceName="Service Control Manager"></Provider>
<EventID Qualifiers="16384">7036</EventID>
<Version>0</Version>
<Level>4</Level>
<Task>0</Task>
<Opcode>0</Opcode>
<Keywords>0x8080000000000000</Keywords>
<TimeCreated SystemTime="2025-08-06 02:58:57.223396+00:00"></TimeCreated>
<EventRecordID>9476419</EventRecordID>
<Correlation ActivityID="{d920f80b-5315-483f-95c4-d694a1a12dc3}" RelatedActivityID=""></Correlation>
<Execution ProcessID="1644" ThreadID="52324"></Execution>
<Channel>System</Channel>
<Computer>WS101.commercevision.cloud</Computer>
<Security UserID=""></Security>
</System>
<EventData><Data Name="param1">WMI Performance Adapter</Data>
<Data Name="param2">running</Data>
<Binary>dwBtAGkAQQBwAFMAcgB2AC8ANAAAAA==</Binary>
</EventData>
</Event>
<Event xmlns="http://schemas.microsoft.com/win/2004/08/events/event"><System><Provider Name="Service Control Manager" Guid="{555908d1-a6d7-4695-8e1e-26931d2012f4}" EventSourceName="Service Control Manager"></Provider>
<EventID Qualifiers="16384">7036</EventID>
<Version>0</Version>
<Level>4</Level>
<Task>0</Task>
<Opcode>0</Opcode>
<Keywords>0x8080000000000000</Keywords>
<TimeCreated SystemTime="2025-08-06 03:01:04.525032+00:00"></TimeCreated>
<EventRecordID>9476420</EventRecordID>
<Correlation ActivityID="{6fc84f31-bd88-4072-877d-b4e124aa872f}" RelatedActivityID=""></Correlation>
<Execution ProcessID="1644" ThreadID="34764"></Execution>
<Channel>System</Channel>
<Computer>WS101.commercevision.cloud</Computer>
<Security UserID=""></Security>
</System>
<EventData><Data Name="param1">Windows Update</Data>
<Data Name="param2">running</Data>
<Binary>dwB1AGEAdQBzAGUAcgB2AC8ANAAAAA==</Binary>
</EventData>
</Event>
