Parsed events from application.evtx:
<Event xmlns="http://schemas.microsoft.com/win/2004/08/events/event"><System><Provider Name="Service Control Manager" Guid="{555908d1-a6d7-4695-8e1e-26931d2012f4}" EventSourceName="Service Control Manager"></Provider>
<EventID Qualifiers="16384">7036</EventID>
<Version>0</Version>
<Level>4</Level>
<Task>0</Task>
<Opcode>0</Opcode>
<Keywords>0x8080000000000000</Keywords>
<TimeCreated SystemTime="2025-08-06 01:15:48.212309+00:00"></TimeCreated>
<EventRecordID>9476264</EventRecordID>
<Correlation ActivityID="{26c5130c-d0e4-4b42-9425-d4e93a50c7cc}" RelatedActivityID=""></Correlation>
<Execution ProcessID="1644" ThreadID="21444"></Execution>
<Channel>System</Channel>
<Computer>WS101.commercevision.cloud</Computer>
<Security UserID=""></Security>
</System>
<EventData><Data Name="param1">WMI Performance Adapter</Data>
<Data Name="param2">stopped</Data>
<Binary>dwBtAGkAQQBwAFMAcgB2AC8AMQAAAA==</Binary>
</EventData>
</Event>
<Event xmlns="http://schemas.microsoft.com/win/2004/08/events/event"><System><Provider Name="Service Control Manager" Guid="{555908d1-a6d7-4695-8e1e-26931d2012f4}" EventSourceName="Service Control Manager"></Provider>
<EventID Qualifiers="16384">7036</EventID>
<Version>0</Version>
<Level>4</Level>
<Task>0</Task>
<Opcode>0</Opcode>
<Keywords>0x8080000000000000</Keywords>
<TimeCreated SystemTime="2025-08-06 01:15:50.403664+00:00"></TimeCreated>
<EventRecordID>9476265</EventRecordID>
<Correlation ActivityID="{a3c695b3-c2c1-4426-b624-1131c204bc85}" RelatedActivityID=""></Correlation>
<Execution ProcessID="1644" ThreadID="69224"></Execution>
<Channel>System</Channel>
<Computer>WS101.commercevision.cloud</Computer>
<Security UserID=""></Security>
</System>
<EventData><Data Name="param1">WMI Performance Adapter</Data>
<Data Name="param2">running</Data>
<Binary>dwBtAGkAQQBwAFMAcgB2AC8ANAAAAA==</Binary>
</EventData>
</Event>
<Event xmlns="http://schemas.microsoft.com/win/2004/08/events/event"><System><Provider Name="Service Control Manager" Guid="{555908d1-a6d7-4695-8e1e-26931d2012f4}" EventSourceName="Service Control Manager"></Provider>
<EventID Qualifiers="16384">7036</EventID>
<Version>0</Version>
<Level>4</Level>
<Task>0</Task>
<Opcode>0</Opcode>
<Keywords>0x8080000000000000</Keywords>
<TimeCreated SystemTime="2025-08-06 01:18:01.696285+00:00"></TimeCreated>
<EventRecordID>9476266</EventRecordID>
<Correlation ActivityID="{6d794164-6628-499a-bd10-62c7ca30ba67}" RelatedActivityID=""></Correlation>
<Execution ProcessID="1644" ThreadID="34764"></Execution>
<Channel>System</Channel>
<Computer>WS101.commercevision.cloud</Computer>
<Security UserID=""></Security>
</System>
<EventData><Data Name="param1">Network Setup Service</Data>
<Data Name="param2">stopped</Data>
<Binary>TgBlAHQAUwBlAHQAdQBwAFMAdgBjAC8AMQAAAA==</Binary>
</EventData>
</Event>
<Event xmlns="http://schemas.microsoft.com/win/2004/08/events/event"><System><Provider Name="Service Control Manager" Guid="{555908d1-a6d7-4695-8e1e-26931d2012f4}" EventSourceName="Service Control Manager"></Provider>
<EventID Qualifiers="16384">7036</EventID>
<Version>0</Version>
<Level>4</Level>
<Task>0</Task>
<Opcode>0</Opcode>
<Keywords>0x8080000000000000</Keywords>
<TimeCreated SystemTime="2025-08-06 01:18:16.183821+00:00"></TimeCreated>
<EventRecordID>9476267</EventRecordID>
<Correlation ActivityID="{8f129c16-0a61-42da-a31d-0a8070eb78b0}" RelatedActivityID=""></Correlation>
<Execution ProcessID="1644" ThreadID="69224"></Execution>
<Channel>System</Channel>
<Computer>WS101.commercevision.cloud</Computer>
<Security UserID=""></Security>
</System>
<EventData><Data Name="param1">Network Setup Service</Data>
<Data Name="param2">running</Data>
<Binary>TgBlAHQAUwBlAHQAdQBwAFMAdgBjAC8ANAAAAA==</Binary>
</EventData>
</Event>
<Event xmlns="http://schemas.microsoft.com/win/2004/08/events/event"><System><Provider Name="Service Control Manager" Guid="{555908d1-a6d7-4695-8e1e-26931d2012f4}" EventSourceName="Service Control Manager"></Provider>
<EventID Qualifiers="16384">7036</EventID>
<Version>0</Version>
<Level>4</Level>
<Task>0</Task>
<Opcode>0</Opcode>
<Keywords>0x8080000000000000</Keywords>
<TimeCreated SystemTime="2025-08-06 01:22:32.484581+00:00"></TimeCreated>
<EventRecordID>9476268</EventRecordID>
<Correlation ActivityID="{645fc281-7786-4760-b9e7-5e77a8a9a864}" RelatedActivityID=""></Correlation>
<Execution ProcessID="1644" ThreadID="69224"></Execution>
<Channel>System</Channel>
<Computer>WS101.commercevision.cloud</Computer>
<Security UserID=""></Security>
</System>
<EventData><Data Name="param1">WMI Performance Adapter</Data>
<Data Name="param2">stopped</Data>
<Binary>dwBtAGkAQQBwAFMAcgB2AC8AMQAAAA==</Binary>
</EventData>
</Event>
<Event xmlns="http://schemas.microsoft.com/win/2004/08/events/event"><System><Provider Name="Service Control Manager" Guid="{555908d1-a6d7-4695-8e1e-26931d2012f4}" EventSourceName="Service Control Manager"></Provider>
<EventID Qualifiers="16384">7036</EventID>
<Version>0</Version>
<Level>4</Level>
<Task>0</Task>
<Opcode>0</Opcode>
<Keywords>0x8080000000000000</Keywords>
<TimeCreated SystemTime="2025-08-06 01:22:51.906776+00:00"></TimeCreated>
<EventRecordID>9476269</EventRecordID>
<Correlation ActivityID="{c446f2c6-8415-452b-90db-15d9a74edbf1}" RelatedActivityID=""></Correlation>
<Execution ProcessID="1644" ThreadID="69224"></Execution>
<Channel>System</Channel>
<Computer>WS101.commercevision.cloud</Computer>
<Security UserID=""></Security>
</System>
<EventData><Data Name="param1">WMI Performance Adapter</Data>
<Data Name="param2">running</Data>
<Binary>dwBtAGkAQQBwAFMAcgB2AC8ANAAAAA==</Binary>
</EventData>
</Event>
<Event xmlns="http://schemas.microsoft.com/win/2004/08/events/event"><System><Provider Name="Service Control Manager" Guid="{555908d1-a6d7-4695-8e1e-26931d2012f4}" EventSourceName="Service Control Manager"></Provider>
<EventID Qualifiers="16384">7036</EventID>
<Version>0</Version>
<Level>4</Level>
<Task>0</Task>
<Opcode>0</Opcode>
<Keywords>0x8080000000000000</Keywords>
<TimeCreated SystemTime="2025-08-06 01:22:52.184069+00:00"></TimeCreated>
<EventRecordID>9476270</EventRecordID>
<Correlation ActivityID="{eef0b38e-64f6-4d13-8f2b-deb3814d76fc}" RelatedActivityID=""></Correlation>
<Execution ProcessID="1644" ThreadID="69224"></Execution>
<Channel>System</Channel>
<Computer>WS101.commercevision.cloud</Computer>
<Security UserID=""></Security>
</System>
<EventData><Data Name="param1">WMI Performance Adapter</Data>
<Data Name="param2">stopped</Data>
<Binary>dwBtAGkAQQBwAFMAcgB2AC8AMQAAAA==</Binary>
</EventData>
</Event>
<Event xmlns="http://schemas.microsoft.com/win/2004/08/events/event"><System><Provider Name="Service Control Manager" Guid="{555908d1-a6d7-4695-8e1e-26931d2012f4}" EventSourceName="Service Control Manager"></Provider>
<EventID Qualifiers="16384">7036</EventID>
<Version>0</Version>
<Level>4</Level>
<Task>0</Task>
<Opcode>0</Opcode>
<Keywords>0x8080000000000000</Keywords>
<TimeCreated SystemTime="2025-08-06 01:22:55.474869+00:00"></TimeCreated>
<EventRecordID>9476271</EventRecordID>
<Correlation ActivityID="{cf7bedd0-34d4-4936-92cf-afbb42cad5e8}" RelatedActivityID=""></Correlation>
<Execution ProcessID="1644" ThreadID="69224"></Execution>
<Channel>System</Channel>
<Computer>WS101.commercevision.cloud</Computer>
<Security UserID=""></Security>
</System>
<EventData><Data Name="param1">WMI Performance Adapter</Data>
<Data Name="param2">running</Data>
<Binary>dwBtAGkAQQBwAFMAcgB2AC8ANAAAAA==</Binary>
</EventData>
</Event>
<Event xmlns="http://schemas.microsoft.com/win/2004/08/events/event"><System><Provider Name="Service Control Manager" Guid="{555908d1-a6d7-4695-8e1e-26931d2012f4}" EventSourceName="Service Control Manager"></Provider>
<EventID Qualifiers="16384">7036</EventID>
<Version>0</Version>
<Level>4</Level>
<Task>0</Task>
<Opcode>0</Opcode>
<Keywords>0x8080000000000000</Keywords>
<TimeCreated SystemTime="2025-08-06 01:24:01.714281+00:00"></TimeCreated>
<EventRecordID>9476272</EventRecordID>
<Correlation ActivityID="{3dac581a-e3ef-48c3-ab26-4af44fb4e327}" RelatedActivityID=""></Correlation>
<Execution ProcessID="1644" ThreadID="69224"></Execution>
<Channel>System</Channel>
<Computer>WS101.commercevision.cloud</Computer>
<Security UserID=""></Security>
</System>
<EventData><Data Name="param1">Network Setup Service</Data>
<Data Name="param2">stopped</Data>
<Binary>TgBlAHQAUwBlAHQAdQBwAFMAdgBjAC8AMQAAAA==</Binary>
</EventData>
</Event>
<Event xmlns="http://schemas.microsoft.com/win/2004/08/events/event"><System><Provider Name="Service Control Manager" Guid="{555908d1-a6d7-4695-8e1e-26931d2012f4}" EventSourceName="Service Control Manager"></Provider>
<EventID Qualifiers="16384">7036</EventID>
<Version>0</Version>
<Level>4</Level>
<Task>0</Task>
<Opcode>0</Opcode>
<Keywords>0x8080000000000000</Keywords>
<TimeCreated SystemTime="2025-08-06 01:24:16.423225+00:00"></TimeCreated>
<EventRecordID>9476273</EventRecordID>
<Correlation ActivityID="{0df0002b-3a50-45a6-bd0e-6d0582033a7f}" RelatedActivityID=""></Correlation>
<Execution ProcessID="1644" ThreadID="69224"></Execution>
<Channel>System</Channel>
<Computer>WS101.commercevision.cloud</Computer>
<Security UserID=""></Security>
</System>
<EventData><Data Name="param1">Network Setup Service</Data>
<Data Name="param2">running</Data>
<Binary>TgBlAHQAUwBlAHQAdQBwAFMAdgBjAC8ANAAAAA==</Binary>
</EventData>
</Event>
<Event xmlns="http://schemas.microsoft.com/win/2004/08/events/event"><System><Provider Name="Service Control Manager" Guid="{555908d1-a6d7-4695-8e1e-26931d2012f4}" EventSourceName="Service Control Manager"></Provider>
<EventID Qualifiers="16384">7040</EventID>
<Version>0</Version>
<Level>4</Level>
<Task>0</Task>
<Opcode>0</Opcode>
<Keywords>0x8080000000000000</Keywords>
<TimeCreated SystemTime="2025-08-06 01:24:52.501858+00:00"></TimeCreated>
<EventRecordID>9476274</EventRecordID>
<Correlation ActivityID="{72f1cf00-bc41-4a44-8eb5-ff3ba52b2725}" RelatedActivityID=""></Correlation>
<Execution ProcessID="1644" ThreadID="69224"></Execution>
<Channel>System</Channel>
<Computer>WS101.commercevision.cloud</Computer>
<Security UserID="S-1-5-18"></Security>
</System>
<EventData><Data Name="param1">Background Intelligent Transfer Service</Data>
<Data Name="param2">auto start</Data>
<Data Name="param3">demand start</Data>
<Data Name="param4">BITS</Data>
</EventData>
</Event>
<Event xmlns="http://schemas.microsoft.com/win/2004/08/events/event"><System><Provider Name="Service Control Manager" Guid="{555908d1-a6d7-4695-8e1e-26931d2012f4}" EventSourceName="Service Control Manager"></Provider>
<EventID Qualifiers="16384">7036</EventID>
<Version>0</Version>
<Level>4</Level>
<Task>0</Task>
<Opcode>0</Opcode>
<Keywords>0x8080000000000000</Keywords>
<TimeCreated SystemTime="2025-08-06 01:24:52.610197+00:00"></TimeCreated>
<EventRecordID>9476275</EventRecordID>
<Correlation ActivityID="{4ee48ae9-62a4-412c-bf93-8896713722c4}" RelatedActivityID=""></Correlation>
<Execution ProcessID="1644" ThreadID="69224"></Execution>
<Channel>System</Channel>
<Computer>WS101.commercevision.cloud</Computer>
<Security UserID=""></Security>
</System>
<EventData><Data Name="param1">Background Intelligent Transfer Service</Data>
<Data Name="param2">stopped</Data>
<Binary>QgBJAFQAUwAvADEAAAA=</Binary>
</EventData>
</Event>
<Event xmlns="http://schemas.microsoft.com/win/2004/08/events/event"><System><Provider Name="Service Control Manager" Guid="{555908d1-a6d7-4695-8e1e-26931d2012f4}" EventSourceName="Service Control Manager"></Provider>
<EventID Qualifiers="16384">7036</EventID>
<Version>0</Version>
<Level>4</Level>
<Task>0</Task>
<Opcode>0</Opcode>
<Keywords>0x8080000000000000</Keywords>
<TimeCreated SystemTime="2025-08-06 01:28:32.581980+00:00"></TimeCreated>
<EventRecordID>9476276</EventRecordID>
<Correlation ActivityID="{d0263964-cc5b-4108-8741-3ca51d1bd846}" RelatedActivityID=""></Correlation>
<Execution ProcessID="1644" ThreadID="34764"></Execution>
<Channel>System</Channel>
<Computer>WS101.commercevision.cloud</Computer>
<Security UserID=""></Security>
</System>
<EventData><Data Name="param1">WMI Performance Adapter</Data>
<Data Name="param2">stopped</Data>
<Binary>dwBtAGkAQQBwAFMAcgB2AC8AMQAAAA==</Binary>
</EventData>
</Event>
<Event xmlns="http://schemas.microsoft.com/win/2004/08/events/event"><System><Provider Name="Service Control Manager" Guid="{555908d1-a6d7-4695-8e1e-26931d2012f4}" EventSourceName="Service Control Manager"></Provider>
<EventID Qualifiers="16384">7036</EventID>
<Version>0</Version>
<Level>4</Level>
<Task>0</Task>
<Opcode>0</Opcode>
<Keywords>0x8080000000000000</Keywords>
<TimeCreated SystemTime="2025-08-06 01:29:19.487738+00:00"></TimeCreated>
<EventRecordID>9476277</EventRecordID>
<Correlation ActivityID="{52a1f8f7-99a4-40ee-9e10-920fa34b793d}" RelatedActivityID=""></Correlation>
<Execution ProcessID="1644" ThreadID="34764"></Execution>
<Channel>System</Channel>
<Computer>WS101.commercevision.cloud</Computer>
<Security UserID=""></Security>
</System>
<EventData><Data Name="param1">Background Intelligent Transfer Service</Data>
<Data Name="param2">running</Data>
<Binary>QgBJAFQAUwAvADQAAAA=</Binary>
</EventData>
</Event>
<Event xmlns="http://schemas.microsoft.com/win/2004/08/events/event"><System><Provider Name="Service Control Manager" Guid="{555908d1-a6d7-4695-8e1e-26931d2012f4}" EventSourceName="Service Control Manager"></Provider>
<EventID Qualifiers="16384">7040</EventID>
<Version>0</Version>
<Level>4</Level>
<Task>0</Task>
<Opcode>0</Opcode>
<Keywords>0x8080000000000000</Keywords>
<TimeCreated SystemTime="2025-08-06 01:29:19.577864+00:00"></TimeCreated>
<EventRecordID>9476278</EventRecordID>
<Correlation ActivityID="{4fc9bb11-c915-40af-aace-f8186eda241a}" RelatedActivityID=""></Correlation>
<Execution ProcessID="1644" ThreadID="34764"></Execution>
<Channel>System</Channel>
<Computer>WS101.commercevision.cloud</Computer>
<Security UserID="S-1-5-18"></Security>
</System>
<EventData><Data Name="param1">Background Intelligent Transfer Service</Data>
<Data Name="param2">demand start</Data>
<Data Name="param3">auto start</Data>
<Data Name="param4">BITS</Data>
</EventData>
</Event>
<Event xmlns="http://schemas.microsoft.com/win/2004/08/events/event"><System><Provider Name="Service Control Manager" Guid="{555908d1-a6d7-4695-8e1e-26931d2012f4}" EventSourceName="Service Control Manager"></Provider>
<EventID Qualifiers="16384">7036</EventID>
<Version>0</Version>
<Level>4</Level>
<Task>0</Task>
<Opcode>0</Opcode>
<Keywords>0x8080000000000000</Keywords>
<TimeCreated SystemTime="2025-08-06 01:29:22.108250+00:00"></TimeCreated>
<EventRecordID>9476279</EventRecordID>
<Correlation ActivityID="{ddc2f540-ae83-4509-8418-fe9b49a508ad}" RelatedActivityID=""></Correlation>
<Execution ProcessID="1644" ThreadID="34764"></Execution>
<Channel>System</Channel>
<Computer>WS101.commercevision.cloud</Computer>
<Security UserID=""></Security>
</System>
<EventData><Data Name="param1">WMI Performance Adapter</Data>
<Data Name="param2">running</Data>
<Binary>dwBtAGkAQQBwAFMAcgB2AC8ANAAAAA==</Binary>
</EventData>
</Event>
<Event xmlns="http://schemas.microsoft.com/win/2004/08/events/event"><System><Provider Name="Service Control Manager" Guid="{555908d1-a6d7-4695-8e1e-26931d2012f4}" EventSourceName="Service Control Manager"></Provider>
<EventID Qualifiers="16384">7036</EventID>
<Version>0</Version>
<Level>4</Level>
<Task>0</Task>
<Opcode>0</Opcode>
<Keywords>0x8080000000000000</Keywords>
<TimeCreated SystemTime="2025-08-06 01:30:01.709305+00:00"></TimeCreated>
<EventRecordID>9476280</EventRecordID>
<Correlation ActivityID="{10873699-dfba-48f6-9e37-f833cf69889b}" RelatedActivityID=""></Correlation>
<Execution ProcessID="1644" ThreadID="34764"></Execution>
<Channel>System</Channel>
<Computer>WS101.commercevision.cloud</Computer>
<Security UserID=""></Security>
</System>
<EventData><Data Name="param1">Network Setup Service</Data>
<Data Name="param2">stopped</Data>
<Binary>TgBlAHQAUwBlAHQAdQBwAFMAdgBjAC8AMQAAAA==</Binary>
</EventData>
</Event>
<Event xmlns="http://schemas.microsoft.com/win/2004/08/events/event"><System><Provider Name="Service Control Manager" Guid="{555908d1-a6d7-4695-8e1e-26931d2012f4}" EventSourceName="Service Control Manager"></Provider>
<EventID Qualifiers="16384">7036</EventID>
<Version>0</Version>
<Level>4</Level>
<Task>0</Task>
<Opcode>0</Opcode>
<Keywords>0x8080000000000000</Keywords>
<TimeCreated SystemTime="2025-08-06 01:30:16.487963+00:00"></TimeCreated>
<EventRecordID>9476281</EventRecordID>
<Correlation ActivityID="{b696b338-d39a-4600-9307-8ef8e5912d29}" RelatedActivityID=""></Correlation>
<Execution ProcessID="1644" ThreadID="25724"></Execution>
<Channel>System</Channel>
<Computer>WS101.commercevision.cloud</Computer>
<Security UserID=""></Security>
</System>
<EventData><Data Name="param1">Network Setup Service</Data>
<Data Name="param2">running</Data>
<Binary>TgBlAHQAUwBlAHQAdQBwAFMAdgBjAC8ANAAAAA==</Binary>
</EventData>
</Event>
<Event xmlns="http://schemas.microsoft.com/win/2004/08/events/event"><System><Provider Name="Service Control Manager" Guid="{555908d1-a6d7-4695-8e1e-26931d2012f4}" EventSourceName="Service Control Manager"></Provider>
<EventID Qualifiers="16384">7036</EventID>
<Version>0</Version>
<Level>4</Level>
<Task>0</Task>
<Opcode>0</Opcode>
<Keywords>0x8080000000000000</Keywords>
<TimeCreated SystemTime="2025-08-06 01:31:04.555605+00:00"></TimeCreated>
<EventRecordID>9476282</EventRecordID>
<Correlation ActivityID="{38091769-3d31-45fa-a515-53ab84bb6c74}" RelatedActivityID=""></Correlation>
<Execution ProcessID="1644" ThreadID="25724"></Execution>
<Channel>System</Channel>
<Computer>WS101.commercevision.cloud</Computer>
<Security UserID=""></Security>
</System>
<EventData><Data Name="param1">Windows Update</Data>
<Data Name="param2">running</Data>
<Binary>dwB1AGEAdQBzAGUAcgB2AC8ANAAAAA==</Binary>
</EventData>
</Event>
<Event xmlns="http://schemas.microsoft.com/win/2004/08/events/event"><System><Provider Name="Service Control Manager" Guid="{555908d1-a6d7-4695-8e1e-26931d2012f4}" EventSourceName="Service Control Manager"></Provider>
<EventID Qualifiers="16384">7036</EventID>
<Version>0</Version>
<Level>4</Level>
<Task>0</Task>
<Opcode>0</Opcode>
<Keywords>0x8080000000000000</Keywords>
<TimeCreated SystemTime="2025-08-06 01:31:37.322422+00:00"></TimeCreated>
<EventRecordID>9476283</EventRecordID>
<Correlation ActivityID="{e530beac-73fe-478f-8dc1-b61db8816bd8}" RelatedActivityID=""></Correlation>
<Execution ProcessID="1644" ThreadID="25724"></Execution>
<Channel>System</Channel>
<Computer>WS101.commercevision.cloud</Computer>
<Security UserID=""></Security>
</System>
<EventData><Data Name="param1">WMI Performance Adapter</Data>
<Data Name="param2">stopped</Data>
<Binary>dwBtAGkAQQBwAFMAcgB2AC8AMQAAAA==</Binary>
</EventData>
</Event>
<Event xmlns="http://schemas.microsoft.com/win/2004/08/events/event"><System><Provider Name="Service Control Manager" Guid="{555908d1-a6d7-4695-8e1e-26931d2012f4}" EventSourceName="Service Control Manager"></Provider>
<EventID Qualifiers="16384">7040</EventID>
<Version>0</Version>
<Level>4</Level>
<Task>0</Task>
<Opcode>0</Opcode>
<Keywords>0x8080000000000000</Keywords>
<TimeCreated SystemTime="2025-08-06 01:33:37.266739+00:00"></TimeCreated>
<EventRecordID>9476284</EventRecordID>
<Correlation ActivityID="{bf2177bd-204b-4991-8818-4fafa28828d1}" RelatedActivityID=""></Correlation>
<Execution ProcessID="1644" ThreadID="34764"></Execution>
<Channel>System</Channel>
<Computer>WS101.commercevision.cloud</Computer>
<Security UserID="S-1-5-18"></Security>
</System>
<EventData><Data Name="param1">Background Intelligent Transfer Service</Data>
<Data Name="param2">auto start</Data>
<Data Name="param3">demand start</Data>
<Data Name="param4">BITS</Data>
</EventData>
</Event>
<Event xmlns="http://schemas.microsoft.com/win/2004/08/events/event"><System><Provider Name="Service Control Manager" Guid="{555908d1-a6d7-4695-8e1e-26931d2012f4}" EventSourceName="Service Control Manager"></Provider>
<EventID Qualifiers="16384">7036</EventID>
<Version>0</Version>
<Level>4</Level>
<Task>0</Task>
<Opcode>0</Opcode>
<Keywords>0x8080000000000000</Keywords>
<TimeCreated SystemTime="2025-08-06 01:33:37.329245+00:00"></TimeCreated>
<EventRecordID>9476285</EventRecordID>
<Correlation ActivityID="{c4cc2254-6d20-4ca8-8549-cb9db8cffeda}" RelatedActivityID=""></Correlation>
<Execution ProcessID="1644" ThreadID="34764"></Execution>
<Channel>System</Channel>
<Computer>WS101.commercevision.cloud</Computer>
<Security UserID=""></Security>
</System>
<EventData><Data Name="param1">Background Intelligent Transfer Service</Data>
<Data Name="param2">stopped</Data>
<Binary>QgBJAFQAUwAvADEAAAA=</Binary>
</EventData>
</Event>
<Event xmlns="http://schemas.microsoft.com/win/2004/08/events/event"><System><Provider Name="Service Control Manager" Guid="{555908d1-a6d7-4695-8e1e-26931d2012f4}" EventSourceName="Service Control Manager"></Provider>
<EventID Qualifiers="16384">7036</EventID>
<Version>0</Version>
<Level>4</Level>
<Task>0</Task>
<Opcode>0</Opcode>
<Keywords>0x8080000000000000</Keywords>
<TimeCreated SystemTime="2025-08-06 01:34:27.787577+00:00"></TimeCreated>
<EventRecordID>9476286</EventRecordID>
<Correlation ActivityID="{110c36a4-4f0f-4c51-a3c8-c15434a655aa}" RelatedActivityID=""></Correlation>
<Execution ProcessID="1644" ThreadID="34764"></Execution>
<Channel>System</Channel>
<Computer>WS101.commercevision.cloud</Computer>
<Security UserID=""></Security>
</System>
<EventData><Data Name="param1">Windows Modules Installer</Data>
<Data Name="param2">running</Data>
<Binary>VAByAHUAcwB0AGUAZABJAG4AcwB0AGEAbABsAGUAcgAvADQAAAA=</Binary>
</EventData>
</Event>
<Event xmlns="http://schemas.microsoft.com/win/2004/08/events/event"><System><Provider Name="Service Control Manager" Guid="{555908d1-a6d7-4695-8e1e-26931d2012f4}" EventSourceName="Service Control Manager"></Provider>
<EventID Qualifiers="16384">7036</EventID>
<Version>0</Version>
<Level>4</Level>
<Task>0</Task>
<Opcode>0</Opcode>
<Keywords>0x8080000000000000</Keywords>
<TimeCreated SystemTime="2025-08-06 01:35:54.210075+00:00"></TimeCreated>
<EventRecordID>9476287</EventRecordID>
<Correlation ActivityID="{6740186a-a3af-45d0-b1b7-d2e7757f8379}" RelatedActivityID=""></Correlation>
<Execution ProcessID="1644" ThreadID="34764"></Execution>
<Channel>System</Channel>
<Computer>WS101.commercevision.cloud</Computer>
<Security UserID=""></Security>
</System>
<EventData><Data Name="param1">Background Intelligent Transfer Service</Data>
<Data Name="param2">running</Data>
<Binary>QgBJAFQAUwAvADQAAAA=</Binary>
</EventData>
</Event>
<Event xmlns="http://schemas.microsoft.com/win/2004/08/events/event"><System><Provider Name="Service Control Manager" Guid="{555908d1-a6d7-4695-8e1e-26931d2012f4}" EventSourceName="Service Control Manager"></Provider>
<EventID Qualifiers="16384">7040</EventID>
<Version>0</Version>
<Level>4</Level>
<Task>0</Task>
<Opcode>0</Opcode>
<Keywords>0x8080000000000000</Keywords>
<TimeCreated SystemTime="2025-08-06 01:35:54.256952+00:00"></TimeCreated>
<EventRecordID>9476288</EventRecordID>
<Correlation ActivityID="{9aefef92-587e-41e8-be89-cf8f74781465}" RelatedActivityID=""></Correlation>
<Execution ProcessID="1644" ThreadID="34764"></Execution>
<Channel>System</Channel>
<Computer>WS101.commercevision.cloud</Computer>
<Security UserID="S-1-5-18"></Security>
</System>
<EventData><Data Name="param1">Background Intelligent Transfer Service</Data>
<Data Name="param2">demand start</Data>
<Data Name="param3">auto start</Data>
<Data Name="param4">BITS</Data>
</EventData>
</Event>
<Event xmlns="http://schemas.microsoft.com/win/2004/08/events/event"><System><Provider Name="Service Control Manager" Guid="{555908d1-a6d7-4695-8e1e-26931d2012f4}" EventSourceName="Service Control Manager"></Provider>
<EventID Qualifiers="16384">7036</EventID>
<Version>0</Version>
<Level>4</Level>
<Task>0</Task>
<Opcode>0</Opcode>
<Keywords>0x8080000000000000</Keywords>
<TimeCreated SystemTime="2025-08-06 01:35:56.838774+00:00"></TimeCreated>
<EventRecordID>9476289</EventRecordID>
<Correlation ActivityID="{de3dc364-c7e2-4b03-a2d5-ecdfa762c628}" RelatedActivityID=""></Correlation>
<Execution ProcessID="1644" ThreadID="34764"></Execution>
<Channel>System</Channel>
<Computer>WS101.commercevision.cloud</Computer>
<Security UserID=""></Security>
</System>
<EventData><Data Name="param1">WMI Performance Adapter</Data>
<Data Name="param2">running</Data>
<Binary>dwBtAGkAQQBwAFMAcgB2AC8ANAAAAA==</Binary>
</EventData>
</Event>
<Event xmlns="http://schemas.microsoft.com/win/2004/08/events/event"><System><Provider Name="Service Control Manager" Guid="{555908d1-a6d7-4695-8e1e-26931d2012f4}" EventSourceName="Service Control Manager"></Provider>
<EventID Qualifiers="16384">7036</EventID>
<Version>0</Version>
<Level>4</Level>
<Task>0</Task>
<Opcode>0</Opcode>
<Keywords>0x8080000000000000</Keywords>
<TimeCreated SystemTime="2025-08-06 01:36:01.711367+00:00"></TimeCreated>
<EventRecordID>9476290</EventRecordID>
<Correlation ActivityID="{51a7f7ab-6310-443b-b457-0f1b35e2a9e6}" RelatedActivityID=""></Correlation>
<Execution ProcessID="1644" ThreadID="34764"></Execution>
<Channel>System</Channel>
<Computer>WS101.commercevision.cloud</Computer>
<Security UserID=""></Security>
</System>
<EventData><Data Name="param1">Network Setup Service</Data>
<Data Name="param2">stopped</Data>
<Binary>TgBlAHQAUwBlAHQAdQBwAFMAdgBjAC8AMQAAAA==</Binary>
</EventData>
</Event>
<Event xmlns="http://schemas.microsoft.com/win/2004/08/events/event"><System><Provider Name="Service Control Manager" Guid="{555908d1-a6d7-4695-8e1e-26931d2012f4}" EventSourceName="Service Control Manager"></Provider>
<EventID Qualifiers="16384">7036</EventID>
<Version>0</Version>
<Level>4</Level>
<Task>0</Task>
<Opcode>0</Opcode>
<Keywords>0x8080000000000000</Keywords>
<TimeCreated SystemTime="2025-08-06 01:36:16.987743+00:00"></TimeCreated>
<EventRecordID>9476291</EventRecordID>
<Correlation ActivityID="{a20473d3-d46a-4e55-80d6-ee64268f40b0}" RelatedActivityID=""></Correlation>
<Execution ProcessID="1644" ThreadID="25724"></Execution>
<Channel>System</Channel>
<Computer>WS101.commercevision.cloud</Computer>
<Security UserID=""></Security>
</System>
<EventData><Data Name="param1">Network Setup Service</Data>
<Data Name="param2">running</Data>
<Binary>TgBlAHQAUwBlAHQAdQBwAFMAdgBjAC8ANAAAAA==</Binary>
</EventData>
</Event>
<Event xmlns="http://schemas.microsoft.com/win/2004/08/events/event"><System><Provider Name="Service Control Manager" Guid="{555908d1-a6d7-4695-8e1e-26931d2012f4}" EventSourceName="Service Control Manager"></Provider>
<EventID Qualifiers="16384">7036</EventID>
<Version>0</Version>
<Level>4</Level>
<Task>0</Task>
<Opcode>0</Opcode>
<Keywords>0x8080000000000000</Keywords>
<TimeCreated SystemTime="2025-08-06 01:36:30.950962+00:00"></TimeCreated>
<EventRecordID>9476292</EventRecordID>
<Correlation ActivityID="{d1e1f32f-ed4e-4357-aba3-45eb712594f4}" RelatedActivityID=""></Correlation>
<Execution ProcessID="1644" ThreadID="25724"></Execution>
<Channel>System</Channel>
<Computer>WS101.commercevision.cloud</Computer>
<Security UserID=""></Security>
</System>
<EventData><Data Name="param1">Windows Modules Installer</Data>
<Data Name="param2">stopped</Data>
<Binary>VAByAHUAcwB0AGUAZABJAG4AcwB0AGEAbABsAGUAcgAvADEAAAA=</Binary>
</EventData>
</Event>
<Event xmlns="http://schemas.microsoft.com/win/2004/08/events/event"><System><Provider Name="Service Control Manager" Guid="{555908d1-a6d7-4695-8e1e-26931d2012f4}" EventSourceName="Service Control Manager"></Provider>
<EventID Qualifiers="16384">7036</EventID>
<Version>0</Version>
<Level>4</Level>
<Task>0</Task>
<Opcode>0</Opcode>
<Keywords>0x8080000000000000</Keywords>
<TimeCreated SystemTime="2025-08-06 01:41:06.711359+00:00"></TimeCreated>
<EventRecordID>9476293</EventRecordID>
<Correlation ActivityID="{1b9f1300-9d30-490e-a817-961ff5cbcfb9}" RelatedActivityID=""></Correlation>
<Execution ProcessID="1644" ThreadID="25724"></Execution>
<Channel>System</Channel>
<Computer>WS101.commercevision.cloud</Computer>
<Security UserID=""></Security>
</System>
<EventData><Data Name="param1">Windows Update</Data>
<Data Name="param2">stopped</Data>
<Binary>dwB1AGEAdQBzAGUAcgB2AC8AMQAAAA==</Binary>
</EventData>
</Event>
<Event xmlns="http://schemas.microsoft.com/win/2004/08/events/event"><System><Provider Name="Service Control Manager" Guid="{555908d1-a6d7-4695-8e1e-26931d2012f4}" EventSourceName="Service Control Manager"></Provider>
<EventID Qualifiers="16384">7036</EventID>
<Version>0</Version>
<Level>4</Level>
<Task>0</Task>
<Opcode>0</Opcode>
<Keywords>0x8080000000000000</Keywords>
<TimeCreated SystemTime="2025-08-06 01:42:01.711823+00:00"></TimeCreated>
<EventRecordID>9476294</EventRecordID>
<Correlation ActivityID="{be61c79f-2a0c-46a8-858c-625564024aa1}" RelatedActivityID=""></Correlation>
<Execution ProcessID="1644" ThreadID="25724"></Execution>
<Channel>System</Channel>
<Computer>WS101.commercevision.cloud</Computer>
<Security UserID=""></Security>
</System>
<EventData><Data Name="param1">Network Setup Service</Data>
<Data Name="param2">stopped</Data>
<Binary>TgBlAHQAUwBlAHQAdQBwAFMAdgBjAC8AMQAAAA==</Binary>
</EventData>
</Event>
<Event xmlns="http://schemas.microsoft.com/win/2004/08/events/event"><System><Provider Name="Service Control Manager" Guid="{555908d1-a6d7-4695-8e1e-26931d2012f4}" EventSourceName="Service Control Manager"></Provider>
<EventID Qualifiers="16384">7036</EventID>
<Version>0</Version>
<Level>4</Level>
<Task>0</Task>
<Opcode>0</Opcode>
<Keywords>0x8080000000000000</Keywords>
<TimeCreated SystemTime="2025-08-06 01:42:16.666220+00:00"></TimeCreated>
<EventRecordID>9476295</EventRecordID>
<Correlation ActivityID="{a575f60a-d7f3-437e-8822-dcb330df3b14}" RelatedActivityID=""></Correlation>
<Execution ProcessID="1644" ThreadID="43944"></Execution>
<Channel>System</Channel>
<Computer>WS101.commercevision.cloud</Computer>
<Security UserID=""></Security>
</System>
<EventData><Data Name="param1">Network Setup Service</Data>
<Data Name="param2">running</Data>
<Binary>TgBlAHQAUwBlAHQAdQBwAFMAdgBjAC8ANAAAAA==</Binary>
</EventData>
</Event>
<Event xmlns="http://schemas.microsoft.com/win/2004/08/events/event"><System><Provider Name="Service Control Manager" Guid="{555908d1-a6d7-4695-8e1e-26931d2012f4}" EventSourceName="Service Control Manager"></Provider>
<EventID Qualifiers="16384">7036</EventID>
<Version>0</Version>
<Level>4</Level>
<Task>0</Task>
<Opcode>0</Opcode>
<Keywords>0x8080000000000000</Keywords>
<TimeCreated SystemTime="2025-08-06 01:44:59.241283+00:00"></TimeCreated>
<EventRecordID>9476296</EventRecordID>
<Correlation ActivityID="{be265b17-40f7-4b14-a705-d0766efdfe5e}" RelatedActivityID=""></Correlation>
<Execution ProcessID="1644" ThreadID="43944"></Execution>
<Channel>System</Channel>
<Computer>WS101.commercevision.cloud</Computer>
<Security UserID=""></Security>
</System>
<EventData><Data Name="param1">WMI Performance Adapter</Data>
<Data Name="param2">stopped</Data>
<Binary>dwBtAGkAQQBwAFMAcgB2AC8AMQAAAA==</Binary>
</EventData>
</Event>
<Event xmlns="http://schemas.microsoft.com/win/2004/08/events/event"><System><Provider Name="Service Control Manager" Guid="{555908d1-a6d7-4695-8e1e-26931d2012f4}" EventSourceName="Service Control Manager"></Provider>
<EventID Qualifiers="16384">7040</EventID>
<Version>0</Version>
<Level>4</Level>
<Task>0</Task>
<Opcode>0</Opcode>
<Keywords>0x8080000000000000</Keywords>
<TimeCreated SystemTime="2025-08-06 01:46:02.717201+00:00"></TimeCreated>
<EventRecordID>9476297</EventRecordID>
<Correlation ActivityID="{05a21600-9a27-4182-be40-87310d07b9be}" RelatedActivityID=""></Correlation>
<Execution ProcessID="1644" ThreadID="43944"></Execution>
<Channel>System</Channel>
<Computer>WS101.commercevision.cloud</Computer>
<Security UserID="S-1-5-18"></Security>
</System>
<EventData><Data Name="param1">Background Intelligent Transfer Service</Data>
<Data Name="param2">auto start</Data>
<Data Name="param3">demand start</Data>
<Data Name="param4">BITS</Data>
</EventData>
</Event>
<Event xmlns="http://schemas.microsoft.com/win/2004/08/events/event"><System><Provider Name="Service Control Manager" Guid="{555908d1-a6d7-4695-8e1e-26931d2012f4}" EventSourceName="Service Control Manager"></Provider>
<EventID Qualifiers="16384">7036</EventID>
<Version>0</Version>
<Level>4</Level>
<Task>0</Task>
<Opcode>0</Opcode>
<Keywords>0x8080000000000000</Keywords>
<TimeCreated SystemTime="2025-08-06 01:46:02.793102+00:00"></TimeCreated>
<EventRecordID>9476298</EventRecordID>
<Correlation ActivityID="{d59b809f-97cd-4aa9-85f5-40727ccf2b28}" RelatedActivityID=""></Correlation>
<Execution ProcessID="1644" ThreadID="43944"></Execution>
<Channel>System</Channel>
<Computer>WS101.commercevision.cloud</Computer>
<Security UserID=""></Security>
</System>
<EventData><Data Name="param1">Background Intelligent Transfer Service</Data>
<Data Name="param2">stopped</Data>
<Binary>QgBJAFQAUwAvADEAAAA=</Binary>
</EventData>
</Event>
<Event xmlns="http://schemas.microsoft.com/win/2004/08/events/event"><System><Provider Name="Service Control Manager" Guid="{555908d1-a6d7-4695-8e1e-26931d2012f4}" EventSourceName="Service Control Manager"></Provider>
<EventID Qualifiers="16384">7036</EventID>
<Version>0</Version>
<Level>4</Level>
<Task>0</Task>
<Opcode>0</Opcode>
<Keywords>0x8080000000000000</Keywords>
<TimeCreated SystemTime="2025-08-06 01:48:01.714085+00:00"></TimeCreated>
<EventRecordID>9476299</EventRecordID>
<Correlation ActivityID="{8f29d871-2026-471f-ac42-953a58d20652}" RelatedActivityID=""></Correlation>
<Execution ProcessID="1644" ThreadID="72100"></Execution>
<Channel>System</Channel>
<Computer>WS101.commercevision.cloud</Computer>
<Security UserID=""></Security>
</System>
<EventData><Data Name="param1">Network Setup Service</Data>
<Data Name="param2">stopped</Data>
<Binary>TgBlAHQAUwBlAHQAdQBwAFMAdgBjAC8AMQAAAA==</Binary>
</EventData>
</Event>
<Event xmlns="http://schemas.microsoft.com/win/2004/08/events/event"><System><Provider Name="Service Control Manager" Guid="{555908d1-a6d7-4695-8e1e-26931d2012f4}" EventSourceName="Service Control Manager"></Provider>
<EventID Qualifiers="16384">7036</EventID>
<Version>0</Version>
<Level>4</Level>
<Task>0</Task>
<Opcode>0</Opcode>
<Keywords>0x8080000000000000</Keywords>
<TimeCreated SystemTime="2025-08-06 01:48:16.178579+00:00"></TimeCreated>
<EventRecordID>9476300</EventRecordID>
<Correlation ActivityID="{62c00f69-eeb9-4e47-97da-b7573315cc6f}" RelatedActivityID=""></Correlation>
<Execution ProcessID="1644" ThreadID="72100"></Execution>
<Channel>System</Channel>
<Computer>WS101.commercevision.cloud</Computer>
<Security UserID=""></Security>
</System>
<EventData><Data Name="param1">Network Setup Service</Data>
<Data Name="param2">running</Data>
<Binary>TgBlAHQAUwBlAHQAdQBwAFMAdgBjAC8ANAAAAA==</Binary>
</EventData>
</Event>
<Event xmlns="http://schemas.microsoft.com/win/2004/08/events/event"><System><Provider Name="Service Control Manager" Guid="{555908d1-a6d7-4695-8e1e-26931d2012f4}" EventSourceName="Service Control Manager"></Provider>
<EventID Qualifiers="16384">7036</EventID>
<Version>0</Version>
<Level>4</Level>
<Task>0</Task>
<Opcode>0</Opcode>
<Keywords>0x8080000000000000</Keywords>
<TimeCreated SystemTime="2025-08-06 01:49:28.823931+00:00"></TimeCreated>
<EventRecordID>9476301</EventRecordID>
<Correlation ActivityID="{ccf445f0-3617-4435-b230-67420a762863}" RelatedActivityID=""></Correlation>
<Execution ProcessID="1644" ThreadID="72100"></Execution>
<Channel>System</Channel>
<Computer>WS101.commercevision.cloud</Computer>
<Security UserID=""></Security>
</System>
<EventData><Data Name="param1">Background Intelligent Transfer Service</Data>
<Data Name="param2">running</Data>
<Binary>QgBJAFQAUwAvADQAAAA=</Binary>
</EventData>
</Event>
<Event xmlns="http://schemas.microsoft.com/win/2004/08/events/event"><System><Provider Name="Service Control Manager" Guid="{555908d1-a6d7-4695-8e1e-26931d2012f4}" EventSourceName="Service Control Manager"></Provider>
<EventID Qualifiers="16384">7040</EventID>
<Version>0</Version>
<Level>4</Level>
<Task>0</Task>
<Opcode>0</Opcode>
<Keywords>0x8080000000000000</Keywords>
<TimeCreated SystemTime="2025-08-06 01:49:28.855183+00:00"></TimeCreated>
<EventRecordID>9476302</EventRecordID>
<Correlation ActivityID="{ecc973be-28e5-432b-b08f-1225c78db63f}" RelatedActivityID=""></Correlation>
<Execution ProcessID="1644" ThreadID="72100"></Execution>
<Channel>System</Channel>
<Computer>WS101.commercevision.cloud</Computer>
<Security UserID="S-1-5-18"></Security>
</System>
<EventData><Data Name="param1">Background Intelligent Transfer Service</Data>
<Data Name="param2">demand start</Data>
<Data Name="param3">auto start</Data>
<Data Name="param4">BITS</Data>
</EventData>
</Event>
<Event xmlns="http://schemas.microsoft.com/win/2004/08/events/event"><System><Provider Name="Service Control Manager" Guid="{555908d1-a6d7-4695-8e1e-26931d2012f4}" EventSourceName="Service Control Manager"></Provider>
<EventID Qualifiers="16384">7036</EventID>
<Version>0</Version>
<Level>4</Level>
<Task>0</Task>
<Opcode>0</Opcode>
<Keywords>0x8080000000000000</Keywords>
<TimeCreated SystemTime="2025-08-06 01:49:30.949026+00:00"></TimeCreated>
<EventRecordID>9476303</EventRecordID>
<Correlation ActivityID="{d8b47e94-36e3-4c98-af43-e61e2dddf404}" RelatedActivityID=""></Correlation>
<Execution ProcessID="1644" ThreadID="34764"></Execution>
<Channel>System</Channel>
<Computer>WS101.commercevision.cloud</Computer>
<Security UserID=""></Security>
</System>
<EventData><Data Name="param1">WMI Performance Adapter</Data>
<Data Name="param2">running</Data>
<Binary>dwBtAGkAQQBwAFMAcgB2AC8ANAAAAA==</Binary>
</EventData>
</Event>
<Event xmlns="http://schemas.microsoft.com/win/2004/08/events/event"><System><Provider Name="Service Control Manager" Guid="{555908d1-a6d7-4695-8e1e-26931d2012f4}" EventSourceName="Service Control Manager"></Provider>
<EventID Qualifiers="16384">7036</EventID>
<Version>0</Version>
<Level>4</Level>
<Task>0</Task>
<Opcode>0</Opcode>
<Keywords>0x8080000000000000</Keywords>
<TimeCreated SystemTime="2025-08-06 01:51:37.383127+00:00"></TimeCreated>
<EventRecordID>9476304</EventRecordID>
<Correlation ActivityID="{09c2b436-ce06-4ca0-958b-20f6702bd356}" RelatedActivityID=""></Correlation>
<Execution ProcessID="1644" ThreadID="72100"></Execution>
<Channel>System</Channel>
<Computer>WS101.commercevision.cloud</Computer>
<Security UserID=""></Security>
</System>
<EventData><Data Name="param1">WMI Performance Adapter</Data>
<Data Name="param2">stopped</Data>
<Binary>dwBtAGkAQQBwAFMAcgB2AC8AMQAAAA==</Binary>
</EventData>
</Event>
<Event xmlns="http://schemas.microsoft.com/win/2004/08/events/event"><System><Provider Name="Service Control Manager" Guid="{555908d1-a6d7-4695-8e1e-26931d2012f4}" EventSourceName="Service Control Manager"></Provider>
<EventID Qualifiers="16384">7036</EventID>
<Version>0</Version>
<Level>4</Level>
<Task>0</Task>
<Opcode>0</Opcode>
<Keywords>0x8080000000000000</Keywords>
<TimeCreated SystemTime="2025-08-06 01:53:10.831432+00:00"></TimeCreated>
<EventRecordID>9476305</EventRecordID>
<Correlation ActivityID="{9948ebff-bce5-4c72-bbf2-2b4e1f253507}" RelatedActivityID=""></Correlation>
<Execution ProcessID="1644" ThreadID="34764"></Execution>
<Channel>System</Channel>
<Computer>WS101.commercevision.cloud</Computer>
<Security UserID=""></Security>
</System>
<EventData><Data Name="param1">WMI Performance Adapter</Data>
<Data Name="param2">running</Data>
<Binary>dwBtAGkAQQBwAFMAcgB2AC8ANAAAAA==</Binary>
</EventData>
</Event>
<Event xmlns="http://schemas.microsoft.com/win/2004/08/events/event"><System><Provider Name="Service Control Manager" Guid="{555908d1-a6d7-4695-8e1e-26931d2012f4}" EventSourceName="Service Control Manager"></Provider>
<EventID Qualifiers="16384">7036</EventID>
<Version>0</Version>
<Level>4</Level>
<Task>0</Task>
<Opcode>0</Opcode>
<Keywords>0x8080000000000000</Keywords>
<TimeCreated SystemTime="2025-08-06 01:54:01.713942+00:00"></TimeCreated>
<EventRecordID>9476306</EventRecordID>
<Correlation ActivityID="{15694eaa-97d3-4aa4-9e18-fad00e690401}" RelatedActivityID=""></Correlation>
<Execution ProcessID="1644" ThreadID="34764"></Execution>
<Channel>System</Channel>
<Computer>WS101.commercevision.cloud</Computer>
<Security UserID=""></Security>
</System>
<EventData><Data Name="param1">Network Setup Service</Data>
<Data Name="param2">stopped</Data>
<Binary>TgBlAHQAUwBlAHQAdQBwAFMAdgBjAC8AMQAAAA==</Binary>
</EventData>
</Event>
<Event xmlns="http://schemas.microsoft.com/win/2004/08/events/event"><System><Provider Name="Service Control Manager" Guid="{555908d1-a6d7-4695-8e1e-26931d2012f4}" EventSourceName="Service Control Manager"></Provider>
<EventID Qualifiers="16384">7036</EventID>
<Version>0</Version>
<Level>4</Level>
<Task>0</Task>
<Opcode>0</Opcode>
<Keywords>0x8080000000000000</Keywords>
<TimeCreated SystemTime="2025-08-06 01:54:17.575722+00:00"></TimeCreated>
<EventRecordID>9476307</EventRecordID>
<Correlation ActivityID="{f5975b00-a4f2-4d04-bb9f-cc842bd4960f}" RelatedActivityID=""></Correlation>
<Execution ProcessID="1644" ThreadID="34764"></Execution>
<Channel>System</Channel>
<Computer>WS101.commercevision.cloud</Computer>
<Security UserID=""></Security>
</System>
<EventData><Data Name="param1">Network Setup Service</Data>
<Data Name="param2">running</Data>
<Binary>TgBlAHQAUwBlAHQAdQBwAFMAdgBjAC8ANAAAAA==</Binary>
</EventData>
</Event>
<Event xmlns="http://schemas.microsoft.com/win/2004/08/events/event"><System><Provider Name="Service Control Manager" Guid="{555908d1-a6d7-4695-8e1e-26931d2012f4}" EventSourceName="Service Control Manager"></Provider>
<EventID Qualifiers="16384">7036</EventID>
<Version>0</Version>
<Level>4</Level>
<Task>0</Task>
<Opcode>0</Opcode>
<Keywords>0x8080000000000000</Keywords>
<TimeCreated SystemTime="2025-08-06 01:54:33.435143+00:00"></TimeCreated>
<EventRecordID>9476308</EventRecordID>
<Correlation ActivityID="{ac8ed4bc-ed2e-4269-8210-1efb0767047b}" RelatedActivityID=""></Correlation>
<Execution ProcessID="1644" ThreadID="34764"></Execution>
<Channel>System</Channel>
<Computer>WS101.commercevision.cloud</Computer>
<Security UserID=""></Security>
</System>
<EventData><Data Name="param1">Windows Modules Installer</Data>
<Data Name="param2">running</Data>
<Binary>VAByAHUAcwB0AGUAZABJAG4AcwB0AGEAbABsAGUAcgAvADQAAAA=</Binary>
</EventData>
</Event>
<Event xmlns="http://schemas.microsoft.com/win/2004/08/events/event"><System><Provider Name="Service Control Manager" Guid="{555908d1-a6d7-4695-8e1e-26931d2012f4}" EventSourceName="Service Control Manager"></Provider>
<EventID Qualifiers="16384">7040</EventID>
<Version>0</Version>
<Level>4</Level>
<Task>0</Task>
<Opcode>0</Opcode>
<Keywords>0x8080000000000000</Keywords>
<TimeCreated SystemTime="2025-08-06 01:55:08.436302+00:00"></TimeCreated>
<EventRecordID>9476309</EventRecordID>
<Correlation ActivityID="{46bee13d-d3e2-4fae-b904-edfc524148ef}" RelatedActivityID=""></Correlation>
<Execution ProcessID="1644" ThreadID="34764"></Execution>
<Channel>System</Channel>
<Computer>WS101.commercevision.cloud</Computer>
<Security UserID="S-1-5-18"></Security>
</System>
<EventData><Data Name="param1">Background Intelligent Transfer Service</Data>
<Data Name="param2">auto start</Data>
<Data Name="param3">demand start</Data>
<Data Name="param4">BITS</Data>
</EventData>
</Event>
<Event xmlns="http://schemas.microsoft.com/win/2004/08/events/event"><System><Provider Name="Service Control Manager" Guid="{555908d1-a6d7-4695-8e1e-26931d2012f4}" EventSourceName="Service Control Manager"></Provider>
<EventID Qualifiers="16384">7036</EventID>
<Version>0</Version>
<Level>4</Level>
<Task>0</Task>
<Opcode>0</Opcode>
<Keywords>0x8080000000000000</Keywords>
<TimeCreated SystemTime="2025-08-06 01:55:08.498833+00:00"></TimeCreated>
<EventRecordID>9476310</EventRecordID>
<Correlation ActivityID="{1dfbec56-9805-4202-a5c4-288ceb9a80ea}" RelatedActivityID=""></Correlation>
<Execution ProcessID="1644" ThreadID="34764"></Execution>
<Channel>System</Channel>
<Computer>WS101.commercevision.cloud</Computer>
<Security UserID=""></Security>
</System>
<EventData><Data Name="param1">Background Intelligent Transfer Service</Data>
<Data Name="param2">stopped</Data>
<Binary>QgBJAFQAUwAvADEAAAA=</Binary>
</EventData>
</Event>
<Event xmlns="http://schemas.microsoft.com/win/2004/08/events/event"><System><Provider Name="Service Control Manager" Guid="{555908d1-a6d7-4695-8e1e-26931d2012f4}" EventSourceName="Service Control Manager"></Provider>
<EventID Qualifiers="16384">7036</EventID>
<Version>0</Version>
<Level>4</Level>
<Task>0</Task>
<Opcode>0</Opcode>
<Keywords>0x8080000000000000</Keywords>
<TimeCreated SystemTime="2025-08-06 01:55:29.951351+00:00"></TimeCreated>
<EventRecordID>9476311</EventRecordID>
<Correlation ActivityID="{7d25af54-d453-4824-85c0-1369f61be346}" RelatedActivityID=""></Correlation>
<Execution ProcessID="1644" ThreadID="72100"></Execution>
<Channel>System</Channel>
<Computer>WS101.commercevision.cloud</Computer>
<Security UserID=""></Security>
</System>
<EventData><Data Name="param1">WMI Performance Adapter</Data>
<Data Name="param2">stopped</Data>
<Binary>dwBtAGkAQQBwAFMAcgB2AC8AMQAAAA==</Binary>
</EventData>
</Event>
<Event xmlns="http://schemas.microsoft.com/win/2004/08/events/event"><System><Provider Name="Service Control Manager" Guid="{555908d1-a6d7-4695-8e1e-26931d2012f4}" EventSourceName="Service Control Manager"></Provider>
<EventID Qualifiers="16384">7036</EventID>
<Version>0</Version>
<Level>4</Level>
<Task>0</Task>
<Opcode>0</Opcode>
<Keywords>0x8080000000000000</Keywords>
<TimeCreated SystemTime="2025-08-06 01:55:49.165930+00:00"></TimeCreated>
<EventRecordID>9476312</EventRecordID>
<Correlation ActivityID="{63f30ea7-edec-413f-a610-661e30b57120}" RelatedActivityID=""></Correlation>
<Execution ProcessID="1644" ThreadID="34764"></Execution>
<Channel>System</Channel>
<Computer>WS101.commercevision.cloud</Computer>
<Security UserID=""></Security>
</System>
<EventData><Data Name="param1">WMI Performance Adapter</Data>
<Data Name="param2">running</Data>
<Binary>dwBtAGkAQQBwAFMAcgB2AC8ANAAAAA==</Binary>
</EventData>
</Event>
<Event xmlns="http://schemas.microsoft.com/win/2004/08/events/event"><System><Provider Name="Service Control Manager" Guid="{555908d1-a6d7-4695-8e1e-26931d2012f4}" EventSourceName="Service Control Manager"></Provider>
<EventID Qualifiers="16384">7036</EventID>
<Version>0</Version>
<Level>4</Level>
<Task>0</Task>
<Opcode>0</Opcode>
<Keywords>0x8080000000000000</Keywords>
<TimeCreated SystemTime="2025-08-06 01:55:49.259678+00:00"></TimeCreated>
<EventRecordID>9476313</EventRecordID>
<Correlation ActivityID="{f57a2911-a263-46ab-bc30-5fcee47dad8c}" RelatedActivityID=""></Correlation>
<Execution ProcessID="1644" ThreadID="34764"></Execution>
<Channel>System</Channel>
<Computer>WS101.commercevision.cloud</Computer>
<Security UserID=""></Security>
</System>
<EventData><Data Name="param1">WMI Performance Adapter</Data>
<Data Name="param2">stopped</Data>
<Binary>dwBtAGkAQQBwAFMAcgB2AC8AMQAAAA==</Binary>
</EventData>
</Event>
<Event xmlns="http://schemas.microsoft.com/win/2004/08/events/event"><System><Provider Name="Service Control Manager" Guid="{555908d1-a6d7-4695-8e1e-26931d2012f4}" EventSourceName="Service Control Manager"></Provider>
<EventID Qualifiers="16384">7036</EventID>
<Version>0</Version>
<Level>4</Level>
<Task>0</Task>
<Opcode>0</Opcode>
<Keywords>0x8080000000000000</Keywords>
<TimeCreated SystemTime="2025-08-06 01:55:49.764067+00:00"></TimeCreated>
<EventRecordID>9476314</EventRecordID>
<Correlation ActivityID="{1b4b9453-31eb-47a1-996d-0ee9ec44795e}" RelatedActivityID=""></Correlation>
<Execution ProcessID="1644" ThreadID="72100"></Execution>
<Channel>System</Channel>
<Computer>WS101.commercevision.cloud</Computer>
<Security UserID=""></Security>
</System>
<EventData><Data Name="param1">Background Intelligent Transfer Service</Data>
<Data Name="param2">running</Data>
<Binary>QgBJAFQAUwAvADQAAAA=</Binary>
</EventData>
</Event>
<Event xmlns="http://schemas.microsoft.com/win/2004/08/events/event"><System><Provider Name="Service Control Manager" Guid="{555908d1-a6d7-4695-8e1e-26931d2012f4}" EventSourceName="Service Control Manager"></Provider>
<EventID Qualifiers="16384">7040</EventID>
<Version>0</Version>
<Level>4</Level>
<Task>0</Task>
<Opcode>0</Opcode>
<Keywords>0x8080000000000000</Keywords>
<TimeCreated SystemTime="2025-08-06 01:55:49.803341+00:00"></TimeCreated>
<EventRecordID>9476315</EventRecordID>
<Correlation ActivityID="{3c438084-a07b-4c6a-8fc7-28d436296826}" RelatedActivityID=""></Correlation>
<Execution ProcessID="1644" ThreadID="72100"></Execution>
<Channel>System</Channel>
<Computer>WS101.commercevision.cloud</Computer>
<Security UserID="S-1-5-18"></Security>
</System>
<EventData><Data Name="param1">Background Intelligent Transfer Service</Data>
<Data Name="param2">demand start</Data>
<Data Name="param3">auto start</Data>
<Data Name="param4">BITS</Data>
</EventData>
</Event>
<Event xmlns="http://schemas.microsoft.com/win/2004/08/events/event"><System><Provider Name="Service Control Manager" Guid="{555908d1-a6d7-4695-8e1e-26931d2012f4}" EventSourceName="Service Control Manager"></Provider>
<EventID Qualifiers="16384">7036</EventID>
<Version>0</Version>
<Level>4</Level>
<Task>0</Task>
<Opcode>0</Opcode>
<Keywords>0x8080000000000000</Keywords>
<TimeCreated SystemTime="2025-08-06 01:55:52.134899+00:00"></TimeCreated>
<EventRecordID>9476316</EventRecordID>
<Correlation ActivityID="{3a6ef845-83c2-466c-bea4-7f782018f567}" RelatedActivityID=""></Correlation>
<Execution ProcessID="1644" ThreadID="34764"></Execution>
<Channel>System</Channel>
<Computer>WS101.commercevision.cloud</Computer>
<Security UserID=""></Security>
</System>
<EventData><Data Name="param1">WMI Performance Adapter</Data>
<Data Name="param2">running</Data>
<Binary>dwBtAGkAQQBwAFMAcgB2AC8ANAAAAA==</Binary>
</EventData>
</Event>
