<Event xmlns="http://schemas.microsoft.com/win/2004/08/events/event"><System><Provider Name="Microsoft-Windows-CertificateServicesClient-AutoEnrollment" Guid="{F0DB7EF8-B6F3-4005-9937-FEB77B9E1B43}" EventSourceName="AutoEnrollment"></Provider>
<EventID Qualifiers="32768">64</EventID>
<Version>0</Version>
<Level>3</Level>
<Task>0</Task>
<Opcode>0</Opcode>
<Keywords>0x0080000000000000</Keywords>
<TimeCreated SystemTime="2025-08-06 02:15:14.858040+00:00"></TimeCreated>
<EventRecordID>3139227</EventRecordID>
<Correlation ActivityID="" RelatedActivityID=""></Correlation>
<Execution ProcessID="0" ThreadID="0"></Execution>
<Channel>Application</Channel>
<Computer>WS101.commercevision.cloud</Computer>
<Security UserID=""></Security>
</System>
<EventData><Data Name="Context">local system</Data>
<Data Name="ObjId">69 57 75 d6 34 fe 8d 43 5a fc a0 06 e1 08 eb 81 1b cf 7b 90</Data>
</EventData>
</Event>
<Event xmlns="http://schemas.microsoft.com/win/2004/08/events/event"><System><Provider Name="Microsoft-Windows-CertificateServicesClient-AutoEnrollment" Guid="{F0DB7EF8-B6F3-4005-9937-FEB77B9E1B43}" EventSourceName="AutoEnrollment"></Provider>
<EventID Qualifiers="32768">64</EventID>
<Version>0</Version>
<Level>3</Level>
<Task>0</Task>
<Opcode>0</Opcode>
<Keywords>0x0080000000000000</Keywords>
<TimeCreated SystemTime="2025-08-06 02:15:14.858040+00:00"></TimeCreated>
<EventRecordID>3139228</EventRecordID>
<Correlation ActivityID="" RelatedActivityID=""></Correlation>
<Execution ProcessID="0" ThreadID="0"></Execution>
<Channel>Application</Channel>
<Computer>WS101.commercevision.cloud</Computer>
<Security UserID=""></Security>
</System>
<EventData><Data Name="Context">local system</Data>
<Data Name="ObjId">67 7f 8c 0c 20 a3 09 0f 65 79 cd d6 6c dd 3f ac 1a e0 f6 3b</Data>
</EventData>
</Event>
<Event xmlns="http://schemas.microsoft.com/win/2004/08/events/event"><System><Provider Name="Microsoft-Windows-CertificateServicesClient-AutoEnrollment" Guid="{F0DB7EF8-B6F3-4005-9937-FEB77B9E1B43}" EventSourceName="AutoEnrollment"></Provider>
<EventID Qualifiers="32768">64</EventID>
<Version>0</Version>
<Level>3</Level>
<Task>0</Task>
<Opcode>0</Opcode>
<Keywords>0x0080000000000000</Keywords>
<TimeCreated SystemTime="2025-08-06 02:15:14.873661+00:00"></TimeCreated>
<EventRecordID>3139229</EventRecordID>
<Correlation ActivityID="" RelatedActivityID=""></Correlation>
<Execution ProcessID="0" ThreadID="0"></Execution>
<Channel>Application</Channel>
<Computer>WS101.commercevision.cloud</Computer>
<Security UserID=""></Security>
</System>
<EventData><Data Name="Context">local system</Data>
<Data Name="ObjId">66 ec d3 60 8a c5 bc ed d4 c9 9b 58 d7 e6 94 74 ca fe ce 96</Data>
</EventData>
</Event>
<Event xmlns="http://schemas.microsoft.com/win/2004/08/events/event"><System><Provider Name="Microsoft-Windows-CertificateServicesClient-AutoEnrollment" Guid="{F0DB7EF8-B6F3-4005-9937-FEB77B9E1B43}" EventSourceName="AutoEnrollment"></Provider>
<EventID Qualifiers="32768">64</EventID>
<Version>0</Version>
<Level>3</Level>
<Task>0</Task>
<Opcode>0</Opcode>
<Keywords>0x0080000000000000</Keywords>
<TimeCreated SystemTime="2025-08-06 02:15:14.873661+00:00"></TimeCreated>
<EventRecordID>3139230</EventRecordID>
<Correlation ActivityID="" RelatedActivityID=""></Correlation>
<Execution ProcessID="0" ThreadID="0"></Execution>
<Channel>Application</Channel>
<Computer>WS101.commercevision.cloud</Computer>
<Security UserID=""></Security>
</System>
<EventData><Data Name="Context">local system</Data>
<Data Name="ObjId">66 bb 78 04 ce fd 37 29 2f 46 19 9c b4 c5 56 18 97 78 a9 ab</Data>
</EventData>
</Event>
<Event xmlns="http://schemas.microsoft.com/win/2004/08/events/event"><System><Provider Name="Microsoft-Windows-CertificateServicesClient-AutoEnrollment" Guid="{F0DB7EF8-B6F3-4005-9937-FEB77B9E1B43}" EventSourceName="AutoEnrollment"></Provider>
<EventID Qualifiers="32768">64</EventID>
<Version>0</Version>
<Level>3</Level>
<Task>0</Task>
<Opcode>0</Opcode>
<Keywords>0x0080000000000000</Keywords>
<TimeCreated SystemTime="2025-08-06 02:15:14.873661+00:00"></TimeCreated>
<EventRecordID>3139231</EventRecordID>
<Correlation ActivityID="" RelatedActivityID=""></Correlation>
<Execution ProcessID="0" ThreadID="0"></Execution>
<Channel>Application</Channel>
<Computer>WS101.commercevision.cloud</Computer>
<Security UserID=""></Security>
</System>
<EventData><Data Name="Context">local system</Data>
<Data Name="ObjId">66 69 8d 46 b7 11 a1 52 3d d1 9b 14 0b 32 bf 69 3f 7d 9b 0c</Data>
</EventData>
</Event>
<Event xmlns="http://schemas.microsoft.com/win/2004/08/events/event"><System><Provider Name="Microsoft-Windows-CertificateServicesClient-AutoEnrollment" Guid="{F0DB7EF8-B6F3-4005-9937-FEB77B9E1B43}" EventSourceName="AutoEnrollment"></Provider>
<EventID Qualifiers="32768">64</EventID>
<Version>0</Version>
<Level>3</Level>
<Task>0</Task>
<Opcode>0</Opcode>
<Keywords>0x0080000000000000</Keywords>
<TimeCreated SystemTime="2025-08-06 02:15:14.873661+00:00"></TimeCreated>
<EventRecordID>3139232</EventRecordID>
<Correlation ActivityID="" RelatedActivityID=""></Correlation>
<Execution ProcessID="0" ThreadID="0"></Execution>
<Channel>Application</Channel>
<Computer>WS101.commercevision.cloud</Computer>
<Security UserID=""></Security>
</System>
<EventData><Data Name="Context">local system</Data>
<Data Name="ObjId">64 b5 28 0a eb 02 ab 9a d6 66 97 e3 7a b4 94 61 ae 25 0b 60</Data>
</EventData>
</Event>
<Event xmlns="http://schemas.microsoft.com/win/2004/08/events/event"><System><Provider Name="Microsoft-Windows-CertificateServicesClient-AutoEnrollment" Guid="{F0DB7EF8-B6F3-4005-9937-FEB77B9E1B43}" EventSourceName="AutoEnrollment"></Provider>
<EventID Qualifiers="32768">64</EventID>
<Version>0</Version>
<Level>3</Level>
<Task>0</Task>
<Opcode>0</Opcode>
<Keywords>0x0080000000000000</Keywords>
<TimeCreated SystemTime="2025-08-06 02:15:14.873661+00:00"></TimeCreated>
<EventRecordID>3139233</EventRecordID>
<Correlation ActivityID="" RelatedActivityID=""></Correlation>
<Execution ProcessID="0" ThreadID="0"></Execution>
<Channel>Application</Channel>
<Computer>WS101.commercevision.cloud</Computer>
<Security UserID=""></Security>
</System>
<EventData><Data Name="Context">local system</Data>
<Data Name="ObjId">63 26 c3 37 88 b5 a4 af 62 f1 5c f1 03 34 8e dc d6 34 ca 8f</Data>
</EventData>
</Event>
<Event xmlns="http://schemas.microsoft.com/win/2004/08/events/event"><System><Provider Name="Microsoft-Windows-CertificateServicesClient-AutoEnrollment" Guid="{F0DB7EF8-B6F3-4005-9937-FEB77B9E1B43}" EventSourceName="AutoEnrollment"></Provider>
<EventID Qualifiers="32768">64</EventID>
<Version>0</Version>
<Level>3</Level>
<Task>0</Task>
<Opcode>0</Opcode>
<Keywords>0x0080000000000000</Keywords>
<TimeCreated SystemTime="2025-08-06 02:15:14.873661+00:00"></TimeCreated>
<EventRecordID>3139234</EventRecordID>
<Correlation ActivityID="" RelatedActivityID=""></Correlation>
<Execution ProcessID="0" ThreadID="0"></Execution>
<Channel>Application</Channel>
<Computer>WS101.commercevision.cloud</Computer>
<Security UserID=""></Security>
</System>
<EventData><Data Name="Context">local system</Data>
<Data Name="ObjId">63 21 14 be e3 40 fa 27 4c 1c 4f 4d 92 a4 a2 a1 f1 64 68 c4</Data>
</EventData>
</Event>
<Event xmlns="http://schemas.microsoft.com/win/2004/08/events/event"><System><Provider Name="Microsoft-Windows-CertificateServicesClient-AutoEnrollment" Guid="{F0DB7EF8-B6F3-4005-9937-FEB77B9E1B43}" EventSourceName="AutoEnrollment"></Provider>
<EventID Qualifiers="32768">64</EventID>
<Version>0</Version>
<Level>3</Level>
<Task>0</Task>
<Opcode>0</Opcode>
<Keywords>0x0080000000000000</Keywords>
<TimeCreated SystemTime="2025-08-06 02:15:14.873661+00:00"></TimeCreated>
<EventRecordID>3139235</EventRecordID>
<Correlation ActivityID="" RelatedActivityID=""></Correlation>
<Execution ProcessID="0" ThreadID="0"></Execution>
<Channel>Application</Channel>
<Computer>WS101.commercevision.cloud</Computer>
<Security UserID=""></Security>
</System>
<EventData><Data Name="Context">local system</Data>
<Data Name="ObjId">61 b6 95 b4 1f 45 bb 7d 6d 7d 54 7c 32 75 f9 9e e2 fc b2 37</Data>
</EventData>
</Event>
<Event xmlns="http://schemas.microsoft.com/win/2004/08/events/event"><System><Provider Name="Microsoft-Windows-CertificateServicesClient-AutoEnrollment" Guid="{F0DB7EF8-B6F3-4005-9937-FEB77B9E1B43}" EventSourceName="AutoEnrollment"></Provider>
<EventID Qualifiers="32768">64</EventID>
<Version>0</Version>
<Level>3</Level>
<Task>0</Task>
<Opcode>0</Opcode>
<Keywords>0x0080000000000000</Keywords>
<TimeCreated SystemTime="2025-08-06 02:15:14.873661+00:00"></TimeCreated>
<EventRecordID>3139236</EventRecordID>
<Correlation ActivityID="" RelatedActivityID=""></Correlation>
<Execution ProcessID="0" ThreadID="0"></Execution>
<Channel>Application</Channel>
<Computer>WS101.commercevision.cloud</Computer>
<Security UserID=""></Security>
</System>
<EventData><Data Name="Context">local system</Data>
<Data Name="ObjId">5d ed dd 9d 29 be c2 fe cc be ac 1c 41 1e e6 c3 e7 3c 42 50</Data>
</EventData>
</Event>
<Event xmlns="http://schemas.microsoft.com/win/2004/08/events/event"><System><Provider Name="Microsoft-Windows-CertificateServicesClient-AutoEnrollment" Guid="{F0DB7EF8-B6F3-4005-9937-FEB77B9E1B43}" EventSourceName="AutoEnrollment"></Provider>
<EventID Qualifiers="32768">64</EventID>
<Version>0</Version>
<Level>3</Level>
<Task>0</Task>
<Opcode>0</Opcode>
<Keywords>0x0080000000000000</Keywords>
<TimeCreated SystemTime="2025-08-06 02:15:14.873661+00:00"></TimeCreated>
<EventRecordID>3139237</EventRecordID>
<Correlation ActivityID="" RelatedActivityID=""></Correlation>
<Execution ProcessID="0" ThreadID="0"></Execution>
<Channel>Application</Channel>
<Computer>WS101.commercevision.cloud</Computer>
<Security UserID=""></Security>
</System>
<EventData><Data Name="Context">local system</Data>
<Data Name="ObjId">5b 01 f7 c0 6e 46 d8 93 eb 06 a3 78 60 bc 3f c6 7d 36 67 19</Data>
</EventData>
</Event>
<Event xmlns="http://schemas.microsoft.com/win/2004/08/events/event"><System><Provider Name="Microsoft-Windows-CertificateServicesClient-AutoEnrollment" Guid="{F0DB7EF8-B6F3-4005-9937-FEB77B9E1B43}" EventSourceName="AutoEnrollment"></Provider>
<EventID Qualifiers="32768">64</EventID>
<Version>0</Version>
<Level>3</Level>
<Task>0</Task>
<Opcode>0</Opcode>
<Keywords>0x0080000000000000</Keywords>
<TimeCreated SystemTime="2025-08-06 02:15:14.873661+00:00"></TimeCreated>
<EventRecordID>3139238</EventRecordID>
<Correlation ActivityID="" RelatedActivityID=""></Correlation>
<Execution ProcessID="0" ThreadID="0"></Execution>
<Channel>Application</Channel>
<Computer>WS101.commercevision.cloud</Computer>
<Security UserID=""></Security>
</System>
<EventData><Data Name="Context">local system</Data>
<Data Name="ObjId">58 8c 76 2b 80 7d f4 00 79 b7 5e da 08 7a 02 a9 68 02 df 59</Data>
</EventData>
</Event>
<Event xmlns="http://schemas.microsoft.com/win/2004/08/events/event"><System><Provider Name="Microsoft-Windows-CertificateServicesClient-AutoEnrollment" Guid="{F0DB7EF8-B6F3-4005-9937-FEB77B9E1B43}" EventSourceName="AutoEnrollment"></Provider>
<EventID Qualifiers="32768">64</EventID>
<Version>0</Version>
<Level>3</Level>
<Task>0</Task>
<Opcode>0</Opcode>
<Keywords>0x0080000000000000</Keywords>
<TimeCreated SystemTime="2025-08-06 02:15:14.873661+00:00"></TimeCreated>
<EventRecordID>3139239</EventRecordID>
<Correlation ActivityID="" RelatedActivityID=""></Correlation>
<Execution ProcessID="0" ThreadID="0"></Execution>
<Channel>Application</Channel>
<Computer>WS101.commercevision.cloud</Computer>
<Security UserID=""></Security>
</System>
<EventData><Data Name="Context">local system</Data>
<Data Name="ObjId">56 57 11 a6 75 7b d8 95 eb c5 c1 03 c9 e4 e5 46 cb 64 e3 9f</Data>
</EventData>
</Event>
<Event xmlns="http://schemas.microsoft.com/win/2004/08/events/event"><System><Provider Name="Microsoft-Windows-CertificateServicesClient-AutoEnrollment" Guid="{F0DB7EF8-B6F3-4005-9937-FEB77B9E1B43}" EventSourceName="AutoEnrollment"></Provider>
<EventID Qualifiers="32768">64</EventID>
<Version>0</Version>
<Level>3</Level>
<Task>0</Task>
<Opcode>0</Opcode>
<Keywords>0x0080000000000000</Keywords>
<TimeCreated SystemTime="2025-08-06 02:15:14.873661+00:00"></TimeCreated>
<EventRecordID>3139240</EventRecordID>
<Correlation ActivityID="" RelatedActivityID=""></Correlation>
<Execution ProcessID="0" ThreadID="0"></Execution>
<Channel>Application</Channel>
<Computer>WS101.commercevision.cloud</Computer>
<Security UserID=""></Security>
</System>
<EventData><Data Name="Context">local system</Data>
<Data Name="ObjId">56 40 44 8b 89 24 26 b6 e3 a4 e2 7b ec 23 59 ae 08 47 ca 88</Data>
</EventData>
</Event>
<Event xmlns="http://schemas.microsoft.com/win/2004/08/events/event"><System><Provider Name="Microsoft-Windows-CertificateServicesClient-AutoEnrollment" Guid="{F0DB7EF8-B6F3-4005-9937-FEB77B9E1B43}" EventSourceName="AutoEnrollment"></Provider>
<EventID Qualifiers="32768">64</EventID>
<Version>0</Version>
<Level>3</Level>
<Task>0</Task>
<Opcode>0</Opcode>
<Keywords>0x0080000000000000</Keywords>
<TimeCreated SystemTime="2025-08-06 02:15:14.873661+00:00"></TimeCreated>
<EventRecordID>3139241</EventRecordID>
<Correlation ActivityID="" RelatedActivityID=""></Correlation>
<Execution ProcessID="0" ThreadID="0"></Execution>
<Channel>Application</Channel>
<Computer>WS101.commercevision.cloud</Computer>
<Security UserID=""></Security>
</System>
<EventData><Data Name="Context">local system</Data>
<Data Name="ObjId">55 c3 0a e0 d6 f2 d7 b1 d3 bc ae a1 4b 96 a8 2c 16 f7 35 2a</Data>
</EventData>
</Event>
<Event xmlns="http://schemas.microsoft.com/win/2004/08/events/event"><System><Provider Name="Microsoft-Windows-CertificateServicesClient-AutoEnrollment" Guid="{F0DB7EF8-B6F3-4005-9937-FEB77B9E1B43}" EventSourceName="AutoEnrollment"></Provider>
<EventID Qualifiers="32768">64</EventID>
<Version>0</Version>
<Level>3</Level>
<Task>0</Task>
<Opcode>0</Opcode>
<Keywords>0x0080000000000000</Keywords>
<TimeCreated SystemTime="2025-08-06 02:15:14.873661+00:00"></TimeCreated>
<EventRecordID>3139242</EventRecordID>
<Correlation ActivityID="" RelatedActivityID=""></Correlation>
<Execution ProcessID="0" ThreadID="0"></Execution>
<Channel>Application</Channel>
<Computer>WS101.commercevision.cloud</Computer>
<Security UserID=""></Security>
</System>
<EventData><Data Name="Context">local system</Data>
<Data Name="ObjId">54 5f 30 29 d1 cd 48 ba c6 02 ee 83 65 21 13 74 03 25 93 a2</Data>
</EventData>
</Event>
<Event xmlns="http://schemas.microsoft.com/win/2004/08/events/event"><System><Provider Name="Microsoft-Windows-CertificateServicesClient-AutoEnrollment" Guid="{F0DB7EF8-B6F3-4005-9937-FEB77B9E1B43}" EventSourceName="AutoEnrollment"></Provider>
<EventID Qualifiers="32768">64</EventID>
<Version>0</Version>
<Level>3</Level>
<Task>0</Task>
<Opcode>0</Opcode>
<Keywords>0x0080000000000000</Keywords>
<TimeCreated SystemTime="2025-08-06 02:15:14.873661+00:00"></TimeCreated>
<EventRecordID>3139243</EventRecordID>
<Correlation ActivityID="" RelatedActivityID=""></Correlation>
<Execution ProcessID="0" ThreadID="0"></Execution>
<Channel>Application</Channel>
<Computer>WS101.commercevision.cloud</Computer>
<Security UserID=""></Security>
</System>
<EventData><Data Name="Context">local system</Data>
<Data Name="ObjId">50 b4 98 fd 66 52 49 c7 4a b7 b0 8d 4a 6b 19 34 33 07 51 a6</Data>
</EventData>
</Event>
<Event xmlns="http://schemas.microsoft.com/win/2004/08/events/event"><System><Provider Name="Microsoft-Windows-CertificateServicesClient-AutoEnrollment" Guid="{F0DB7EF8-B6F3-4005-9937-FEB77B9E1B43}" EventSourceName="AutoEnrollment"></Provider>
<EventID Qualifiers="32768">64</EventID>
<Version>0</Version>
<Level>3</Level>
<Task>0</Task>
<Opcode>0</Opcode>
<Keywords>0x0080000000000000</Keywords>
<TimeCreated SystemTime="2025-08-06 02:15:14.873661+00:00"></TimeCreated>
<EventRecordID>3139244</EventRecordID>
<Correlation ActivityID="" RelatedActivityID=""></Correlation>
<Execution ProcessID="0" ThreadID="0"></Execution>
<Channel>Application</Channel>
<Computer>WS101.commercevision.cloud</Computer>
<Security UserID=""></Security>
</System>
<EventData><Data Name="Context">local system</Data>
<Data Name="ObjId">49 ce 5a ca cf b6 f3 93 f2 a1 37 a1 ef 51 6c 42 6e 44 ea 76</Data>
</EventData>
</Event>
<Event xmlns="http://schemas.microsoft.com/win/2004/08/events/event"><System><Provider Name="Microsoft-Windows-CertificateServicesClient-AutoEnrollment" Guid="{F0DB7EF8-B6F3-4005-9937-FEB77B9E1B43}" EventSourceName="AutoEnrollment"></Provider>
<EventID Qualifiers="32768">64</EventID>
<Version>0</Version>
<Level>3</Level>
<Task>0</Task>
<Opcode>0</Opcode>
<Keywords>0x0080000000000000</Keywords>
<TimeCreated SystemTime="2025-08-06 02:15:14.873661+00:00"></TimeCreated>
<EventRecordID>3139245</EventRecordID>
<Correlation ActivityID="" RelatedActivityID=""></Correlation>
<Execution ProcessID="0" ThreadID="0"></Execution>
<Channel>Application</Channel>
<Computer>WS101.commercevision.cloud</Computer>
<Security UserID=""></Security>
</System>
<EventData><Data Name="Context">local system</Data>
<Data Name="ObjId">47 dc a6 82 53 fb 80 45 4f 43 3d 41 f3 8e 2a cd b3 f5 ed f6</Data>
</EventData>
</Event>
<Event xmlns="http://schemas.microsoft.com/win/2004/08/events/event"><System><Provider Name="Microsoft-Windows-CertificateServicesClient-AutoEnrollment" Guid="{F0DB7EF8-B6F3-4005-9937-FEB77B9E1B43}" EventSourceName="AutoEnrollment"></Provider>
<EventID Qualifiers="32768">64</EventID>
<Version>0</Version>
<Level>3</Level>
<Task>0</Task>
<Opcode>0</Opcode>
<Keywords>0x0080000000000000</Keywords>
<TimeCreated SystemTime="2025-08-06 02:15:14.873661+00:00"></TimeCreated>
<EventRecordID>3139246</EventRecordID>
<Correlation ActivityID="" RelatedActivityID=""></Correlation>
<Execution ProcessID="0" ThreadID="0"></Execution>
<Channel>Application</Channel>
<Computer>WS101.commercevision.cloud</Computer>
<Security UserID=""></Security>
</System>
<EventData><Data Name="Context">local system</Data>
<Data Name="ObjId">47 90 08 da 62 45 ba ad 4f cf 18 d6 74 80 7e df 43 7b f4 7c</Data>
</EventData>
</Event>
<Event xmlns="http://schemas.microsoft.com/win/2004/08/events/event"><System><Provider Name="Microsoft-Windows-CertificateServicesClient-AutoEnrollment" Guid="{F0DB7EF8-B6F3-4005-9937-FEB77B9E1B43}" EventSourceName="AutoEnrollment"></Provider>
<EventID Qualifiers="32768">64</EventID>
<Version>0</Version>
<Level>3</Level>
<Task>0</Task>
<Opcode>0</Opcode>
<Keywords>0x0080000000000000</Keywords>
<TimeCreated SystemTime="2025-08-06 02:15:14.873661+00:00"></TimeCreated>
<EventRecordID>3139247</EventRecordID>
<Correlation ActivityID="" RelatedActivityID=""></Correlation>
<Execution ProcessID="0" ThreadID="0"></Execution>
<Channel>Application</Channel>
<Computer>WS101.commercevision.cloud</Computer>
<Security UserID=""></Security>
</System>
<EventData><Data Name="Context">local system</Data>
<Data Name="ObjId">44 ef 46 1a ee b5 e4 9f 05 89 63 33 d0 1b b4 08 f6 91 7b 0f</Data>
</EventData>
</Event>
<Event xmlns="http://schemas.microsoft.com/win/2004/08/events/event"><System><Provider Name="Microsoft-Windows-CertificateServicesClient-AutoEnrollment" Guid="{F0DB7EF8-B6F3-4005-9937-FEB77B9E1B43}" EventSourceName="AutoEnrollment"></Provider>
<EventID Qualifiers="32768">64</EventID>
<Version>0</Version>
<Level>3</Level>
<Task>0</Task>
<Opcode>0</Opcode>
<Keywords>0x0080000000000000</Keywords>
<TimeCreated SystemTime="2025-08-06 02:15:14.873661+00:00"></TimeCreated>
<EventRecordID>3139248</EventRecordID>
<Correlation ActivityID="" RelatedActivityID=""></Correlation>
<Execution ProcessID="0" ThreadID="0"></Execution>
<Channel>Application</Channel>
<Computer>WS101.commercevision.cloud</Computer>
<Security UserID=""></Security>
</System>
<EventData><Data Name="Context">local system</Data>
<Data Name="ObjId">41 a6 7e d6 86 96 a1 f7 c4 8d 02 e9 14 93 da e5 5a 26 f1 74</Data>
</EventData>
</Event>
<Event xmlns="http://schemas.microsoft.com/win/2004/08/events/event"><System><Provider Name="Microsoft-Windows-CertificateServicesClient-AutoEnrollment" Guid="{F0DB7EF8-B6F3-4005-9937-FEB77B9E1B43}" EventSourceName="AutoEnrollment"></Provider>
<EventID Qualifiers="32768">64</EventID>
<Version>0</Version>
<Level>3</Level>
<Task>0</Task>
<Opcode>0</Opcode>
<Keywords>0x0080000000000000</Keywords>
<TimeCreated SystemTime="2025-08-06 02:15:14.873661+00:00"></TimeCreated>
<EventRecordID>3139249</EventRecordID>
<Correlation ActivityID="" RelatedActivityID=""></Correlation>
<Execution ProcessID="0" ThreadID="0"></Execution>
<Channel>Application</Channel>
<Computer>WS101.commercevision.cloud</Computer>
<Security UserID=""></Security>
</System>
<EventData><Data Name="Context">local system</Data>
<Data Name="ObjId">3f eb 02 85 4b 54 8b 45 20 74 b8 10 ab 41 a3 ff f9 fb 5d 90</Data>
</EventData>
</Event>
<Event xmlns="http://schemas.microsoft.com/win/2004/08/events/event"><System><Provider Name="Microsoft-Windows-CertificateServicesClient-AutoEnrollment" Guid="{F0DB7EF8-B6F3-4005-9937-FEB77B9E1B43}" EventSourceName="AutoEnrollment"></Provider>
<EventID Qualifiers="32768">64</EventID>
<Version>0</Version>
<Level>3</Level>
<Task>0</Task>
<Opcode>0</Opcode>
<Keywords>0x0080000000000000</Keywords>
<TimeCreated SystemTime="2025-08-06 02:15:14.873661+00:00"></TimeCreated>
<EventRecordID>3139250</EventRecordID>
<Correlation ActivityID="" RelatedActivityID=""></Correlation>
<Execution ProcessID="0" ThreadID="0"></Execution>
<Channel>Application</Channel>
<Computer>WS101.commercevision.cloud</Computer>
<Security UserID=""></Security>
</System>
<EventData><Data Name="Context">local system</Data>
<Data Name="ObjId">3d 7d 9a da 3d ad b6 33 d2 d6 80 9b bb 29 17 16 16 fd 00 f6</Data>
</EventData>
</Event>
<Event xmlns="http://schemas.microsoft.com/win/2004/08/events/event"><System><Provider Name="Microsoft-Windows-CertificateServicesClient-AutoEnrollment" Guid="{F0DB7EF8-B6F3-4005-9937-FEB77B9E1B43}" EventSourceName="AutoEnrollment"></Provider>
<EventID Qualifiers="32768">64</EventID>
<Version>0</Version>
<Level>3</Level>
<Task>0</Task>
<Opcode>0</Opcode>
<Keywords>0x0080000000000000</Keywords>
<TimeCreated SystemTime="2025-08-06 02:15:14.873661+00:00"></TimeCreated>
<EventRecordID>3139251</EventRecordID>
<Correlation ActivityID="" RelatedActivityID=""></Correlation>
<Execution ProcessID="0" ThreadID="0"></Execution>
<Channel>Application</Channel>
<Computer>WS101.commercevision.cloud</Computer>
<Security UserID=""></Security>
</System>
<EventData><Data Name="Context">local system</Data>
<Data Name="ObjId">3c cf bb fb d3 66 24 08 97 3b 0a 2a 2a 20 24 ad 71 75 76 c0</Data>
</EventData>
</Event>
<Event xmlns="http://schemas.microsoft.com/win/2004/08/events/event"><System><Provider Name="Microsoft-Windows-CertificateServicesClient-AutoEnrollment" Guid="{F0DB7EF8-B6F3-4005-9937-FEB77B9E1B43}" EventSourceName="AutoEnrollment"></Provider>
<EventID Qualifiers="32768">64</EventID>
<Version>0</Version>
<Level>3</Level>
<Task>0</Task>
<Opcode>0</Opcode>
<Keywords>0x0080000000000000</Keywords>
<TimeCreated SystemTime="2025-08-06 02:15:14.873661+00:00"></TimeCreated>
<EventRecordID>3139252</EventRecordID>
<Correlation ActivityID="" RelatedActivityID=""></Correlation>
<Execution ProcessID="0" ThreadID="0"></Execution>
<Channel>Application</Channel>
<Computer>WS101.commercevision.cloud</Computer>
<Security UserID=""></Security>
</System>
<EventData><Data Name="Context">local system</Data>
<Data Name="ObjId">3a 56 73 04 07 33 40 cc a7 2b 64 0a d2 24 76 b8 6c 58 85 d9</Data>
</EventData>
</Event>
<Event xmlns="http://schemas.microsoft.com/win/2004/08/events/event"><System><Provider Name="Microsoft-Windows-CertificateServicesClient-AutoEnrollment" Guid="{F0DB7EF8-B6F3-4005-9937-FEB77B9E1B43}" EventSourceName="AutoEnrollment"></Provider>
<EventID Qualifiers="32768">64</EventID>
<Version>0</Version>
<Level>3</Level>
<Task>0</Task>
<Opcode>0</Opcode>
<Keywords>0x0080000000000000</Keywords>
<TimeCreated SystemTime="2025-08-06 02:15:14.873661+00:00"></TimeCreated>
<EventRecordID>3139253</EventRecordID>
<Correlation ActivityID="" RelatedActivityID=""></Correlation>
<Execution ProcessID="0" ThreadID="0"></Execution>
<Channel>Application</Channel>
<Computer>WS101.commercevision.cloud</Computer>
<Security UserID=""></Security>
</System>
<EventData><Data Name="Context">local system</Data>
<Data Name="ObjId">38 9a 4f 49 9b 19 c6 87 e2 8e ef 9d 8b e8 6b c1 50 75 db 28</Data>
</EventData>
</Event>
<Event xmlns="http://schemas.microsoft.com/win/2004/08/events/event"><System><Provider Name="Microsoft-Windows-CertificateServicesClient-AutoEnrollment" Guid="{F0DB7EF8-B6F3-4005-9937-FEB77B9E1B43}" EventSourceName="AutoEnrollment"></Provider>
<EventID Qualifiers="32768">64</EventID>
<Version>0</Version>
<Level>3</Level>
<Task>0</Task>
<Opcode>0</Opcode>
<Keywords>0x0080000000000000</Keywords>
<TimeCreated SystemTime="2025-08-06 02:15:14.873661+00:00"></TimeCreated>
<EventRecordID>3139254</EventRecordID>
<Correlation ActivityID="" RelatedActivityID=""></Correlation>
<Execution ProcessID="0" ThreadID="0"></Execution>
<Channel>Application</Channel>
<Computer>WS101.commercevision.cloud</Computer>
<Security UserID=""></Security>
</System>
<EventData><Data Name="Context">local system</Data>
<Data Name="ObjId">37 c1 7e 03 30 b7 95 ee 63 e8 0e 4a 91 f6 54 16 ea c0 1f db</Data>
</EventData>
</Event>
<Event xmlns="http://schemas.microsoft.com/win/2004/08/events/event"><System><Provider Name="Microsoft-Windows-CertificateServicesClient-AutoEnrollment" Guid="{F0DB7EF8-B6F3-4005-9937-FEB77B9E1B43}" EventSourceName="AutoEnrollment"></Provider>
<EventID Qualifiers="32768">64</EventID>
<Version>0</Version>
<Level>3</Level>
<Task>0</Task>
<Opcode>0</Opcode>
<Keywords>0x0080000000000000</Keywords>
<TimeCreated SystemTime="2025-08-06 02:15:14.873661+00:00"></TimeCreated>
<EventRecordID>3139255</EventRecordID>
<Correlation ActivityID="" RelatedActivityID=""></Correlation>
<Execution ProcessID="0" ThreadID="0"></Execution>
<Channel>Application</Channel>
<Computer>WS101.commercevision.cloud</Computer>
<Security UserID=""></Security>
</System>
<EventData><Data Name="Context">local system</Data>
<Data Name="ObjId">2f ee c4 e5 41 7c b1 32 2f bc d3 bb 69 ef 31 6f 98 1b 9f 01</Data>
</EventData>
</Event>
<Event xmlns="http://schemas.microsoft.com/win/2004/08/events/event"><System><Provider Name="Microsoft-Windows-CertificateServicesClient-AutoEnrollment" Guid="{F0DB7EF8-B6F3-4005-9937-FEB77B9E1B43}" EventSourceName="AutoEnrollment"></Provider>
<EventID Qualifiers="32768">64</EventID>
<Version>0</Version>
<Level>3</Level>
<Task>0</Task>
<Opcode>0</Opcode>
<Keywords>0x0080000000000000</Keywords>
<TimeCreated SystemTime="2025-08-06 02:15:14.873661+00:00"></TimeCreated>
<EventRecordID>3139256</EventRecordID>
<Correlation ActivityID="" RelatedActivityID=""></Correlation>
<Execution ProcessID="0" ThreadID="0"></Execution>
<Channel>Application</Channel>
<Computer>WS101.commercevision.cloud</Computer>
<Security UserID=""></Security>
</System>
<EventData><Data Name="Context">local system</Data>
<Data Name="ObjId">2f 3d a3 ea 9b b0 a5 fc 77 35 b3 0a 89 23 4f 4b 7c 27 cd 48</Data>
</EventData>
</Event>
<Event xmlns="http://schemas.microsoft.com/win/2004/08/events/event"><System><Provider Name="Microsoft-Windows-CertificateServicesClient-AutoEnrollment" Guid="{F0DB7EF8-B6F3-4005-9937-FEB77B9E1B43}" EventSourceName="AutoEnrollment"></Provider>
<EventID Qualifiers="32768">64</EventID>
<Version>0</Version>
<Level>3</Level>
<Task>0</Task>
<Opcode>0</Opcode>
<Keywords>0x0080000000000000</Keywords>
<TimeCreated SystemTime="2025-08-06 02:15:14.873661+00:00"></TimeCreated>
<EventRecordID>3139257</EventRecordID>
<Correlation ActivityID="" RelatedActivityID=""></Correlation>
<Execution ProcessID="0" ThreadID="0"></Execution>
<Channel>Application</Channel>
<Computer>WS101.commercevision.cloud</Computer>
<Security UserID=""></Security>
</System>
<EventData><Data Name="Context">local system</Data>
<Data Name="ObjId">2f 19 d7 aa 3e 0a 75 31 f0 9d c0 7e 17 e7 48 88 d8 d7 24 cf</Data>
</EventData>
</Event>
<Event xmlns="http://schemas.microsoft.com/win/2004/08/events/event"><System><Provider Name="Microsoft-Windows-CertificateServicesClient-AutoEnrollment" Guid="{F0DB7EF8-B6F3-4005-9937-FEB77B9E1B43}" EventSourceName="AutoEnrollment"></Provider>
<EventID Qualifiers="32768">64</EventID>
<Version>0</Version>
<Level>3</Level>
<Task>0</Task>
<Opcode>0</Opcode>
<Keywords>0x0080000000000000</Keywords>
<TimeCreated SystemTime="2025-08-06 02:15:14.873661+00:00"></TimeCreated>
<EventRecordID>3139258</EventRecordID>
<Correlation ActivityID="" RelatedActivityID=""></Correlation>
<Execution ProcessID="0" ThreadID="0"></Execution>
<Channel>Application</Channel>
<Computer>WS101.commercevision.cloud</Computer>
<Security UserID=""></Security>
</System>
<EventData><Data Name="Context">local system</Data>
<Data Name="ObjId">2e 81 5a 84 f9 bb 60 d6 be d3 c1 2a f1 eb d8 51 ef 5b 31 1f</Data>
</EventData>
</Event>
<Event xmlns="http://schemas.microsoft.com/win/2004/08/events/event"><System><Provider Name="Microsoft-Windows-CertificateServicesClient-AutoEnrollment" Guid="{F0DB7EF8-B6F3-4005-9937-FEB77B9E1B43}" EventSourceName="AutoEnrollment"></Provider>
<EventID Qualifiers="32768">64</EventID>
<Version>0</Version>
<Level>3</Level>
<Task>0</Task>
<Opcode>0</Opcode>
<Keywords>0x0080000000000000</Keywords>
<TimeCreated SystemTime="2025-08-06 02:15:14.873661+00:00"></TimeCreated>
<EventRecordID>3139259</EventRecordID>
<Correlation ActivityID="" RelatedActivityID=""></Correlation>
<Execution ProcessID="0" ThreadID="0"></Execution>
<Channel>Application</Channel>
<Computer>WS101.commercevision.cloud</Computer>
<Security UserID=""></Security>
</System>
<EventData><Data Name="Context">local system</Data>
<Data Name="ObjId">2b 11 49 5c a7 b6 fe 62 81 41 ca c1 29 c4 b1 01 9e 5f a6 e0</Data>
</EventData>
</Event>
<Event xmlns="http://schemas.microsoft.com/win/2004/08/events/event"><System><Provider Name="Microsoft-Windows-CertificateServicesClient-AutoEnrollment" Guid="{F0DB7EF8-B6F3-4005-9937-FEB77B9E1B43}" EventSourceName="AutoEnrollment"></Provider>
<EventID Qualifiers="32768">64</EventID>
<Version>0</Version>
<Level>3</Level>
<Task>0</Task>
<Opcode>0</Opcode>
<Keywords>0x0080000000000000</Keywords>
<TimeCreated SystemTime="2025-08-06 02:15:14.889288+00:00"></TimeCreated>
<EventRecordID>3139260</EventRecordID>
<Correlation ActivityID="" RelatedActivityID=""></Correlation>
<Execution ProcessID="0" ThreadID="0"></Execution>
<Channel>Application</Channel>
<Computer>WS101.commercevision.cloud</Computer>
<Security UserID=""></Security>
</System>
<EventData><Data Name="Context">local system</Data>
<Data Name="ObjId">22 86 ce e5 f7 cc 0e aa e1 13 16 48 9e 25 e4 96 95 11 3f 0c</Data>
</EventData>
</Event>
<Event xmlns="http://schemas.microsoft.com/win/2004/08/events/event"><System><Provider Name="Microsoft-Windows-CertificateServicesClient-AutoEnrollment" Guid="{F0DB7EF8-B6F3-4005-9937-FEB77B9E1B43}" EventSourceName="AutoEnrollment"></Provider>
<EventID Qualifiers="32768">64</EventID>
<Version>0</Version>
<Level>3</Level>
<Task>0</Task>
<Opcode>0</Opcode>
<Keywords>0x0080000000000000</Keywords>
<TimeCreated SystemTime="2025-08-06 02:15:14.889288+00:00"></TimeCreated>
<EventRecordID>3139261</EventRecordID>
<Correlation ActivityID="" RelatedActivityID=""></Correlation>
<Execution ProcessID="0" ThreadID="0"></Execution>
<Channel>Application</Channel>
<Computer>WS101.commercevision.cloud</Computer>
<Security UserID=""></Security>
</System>
<EventData><Data Name="Context">local system</Data>
<Data Name="ObjId">21 df 51 97 6e 30 2c 55 71 0f 65 51 c9 02 68 d7 d5 f2 55 0a</Data>
</EventData>
</Event>
<Event xmlns="http://schemas.microsoft.com/win/2004/08/events/event"><System><Provider Name="Microsoft-Windows-CertificateServicesClient-AutoEnrollment" Guid="{F0DB7EF8-B6F3-4005-9937-FEB77B9E1B43}" EventSourceName="AutoEnrollment"></Provider>
<EventID Qualifiers="32768">64</EventID>
<Version>0</Version>
<Level>3</Level>
<Task>0</Task>
<Opcode>0</Opcode>
<Keywords>0x0080000000000000</Keywords>
<TimeCreated SystemTime="2025-08-06 02:15:14.889288+00:00"></TimeCreated>
<EventRecordID>3139262</EventRecordID>
<Correlation ActivityID="" RelatedActivityID=""></Correlation>
<Execution ProcessID="0" ThreadID="0"></Execution>
<Channel>Application</Channel>
<Computer>WS101.commercevision.cloud</Computer>
<Security UserID=""></Security>
</System>
<EventData><Data Name="Context">local system</Data>
<Data Name="ObjId">20 bf ba 30 33 4b d0 55 55 6a 55 67 d9 a7 ca 11 44 91 4e 1f</Data>
</EventData>
</Event>
<Event xmlns="http://schemas.microsoft.com/win/2004/08/events/event"><System><Provider Name="Microsoft-Windows-CertificateServicesClient-AutoEnrollment" Guid="{F0DB7EF8-B6F3-4005-9937-FEB77B9E1B43}" EventSourceName="AutoEnrollment"></Provider>
<EventID Qualifiers="32768">64</EventID>
<Version>0</Version>
<Level>3</Level>
<Task>0</Task>
<Opcode>0</Opcode>
<Keywords>0x0080000000000000</Keywords>
<TimeCreated SystemTime="2025-08-06 02:15:14.889288+00:00"></TimeCreated>
<EventRecordID>3139263</EventRecordID>
<Correlation ActivityID="" RelatedActivityID=""></Correlation>
<Execution ProcessID="0" ThreadID="0"></Execution>
<Channel>Application</Channel>
<Computer>WS101.commercevision.cloud</Computer>
<Security UserID=""></Security>
</System>
<EventData><Data Name="Context">local system</Data>
<Data Name="ObjId">1f 1c 87 7b fc 7a 62 6d 7f 2b 7c df 86 c4 09 f4 13 8e 9c 2a</Data>
</EventData>
</Event>
<Event xmlns="http://schemas.microsoft.com/win/2004/08/events/event"><System><Provider Name="Microsoft-Windows-CertificateServicesClient-AutoEnrollment" Guid="{F0DB7EF8-B6F3-4005-9937-FEB77B9E1B43}" EventSourceName="AutoEnrollment"></Provider>
<EventID Qualifiers="32768">64</EventID>
<Version>0</Version>
<Level>3</Level>
<Task>0</Task>
<Opcode>0</Opcode>
<Keywords>0x0080000000000000</Keywords>
<TimeCreated SystemTime="2025-08-06 02:15:14.889288+00:00"></TimeCreated>
<EventRecordID>3139264</EventRecordID>
<Correlation ActivityID="" RelatedActivityID=""></Correlation>
<Execution ProcessID="0" ThreadID="0"></Execution>
<Channel>Application</Channel>
<Computer>WS101.commercevision.cloud</Computer>
<Security UserID=""></Security>
</System>
<EventData><Data Name="Context">local system</Data>
<Data Name="ObjId">1e ba 3a 96 2d 22 4d 1f d3 9a 8a fb 4e 23 8a bb 8f 87 e5 2c</Data>
</EventData>
</Event>
<Event xmlns="http://schemas.microsoft.com/win/2004/08/events/event"><System><Provider Name="Microsoft-Windows-CertificateServicesClient-AutoEnrollment" Guid="{F0DB7EF8-B6F3-4005-9937-FEB77B9E1B43}" EventSourceName="AutoEnrollment"></Provider>
<EventID Qualifiers="32768">64</EventID>
<Version>0</Version>
<Level>3</Level>
<Task>0</Task>
<Opcode>0</Opcode>
<Keywords>0x0080000000000000</Keywords>
<TimeCreated SystemTime="2025-08-06 02:15:14.889288+00:00"></TimeCreated>
<EventRecordID>3139265</EventRecordID>
<Correlation ActivityID="" RelatedActivityID=""></Correlation>
<Execution ProcessID="0" ThreadID="0"></Execution>
<Channel>Application</Channel>
<Computer>WS101.commercevision.cloud</Computer>
<Security UserID=""></Security>
</System>
<EventData><Data Name="Context">local system</Data>
<Data Name="ObjId">1b e2 c4 fe 12 16 c8 d2 18 07 84 fe 34 bb a2 bf f3 93 9d 7a</Data>
</EventData>
</Event>
<Event xmlns="http://schemas.microsoft.com/win/2004/08/events/event"><System><Provider Name="Microsoft-Windows-CertificateServicesClient-AutoEnrollment" Guid="{F0DB7EF8-B6F3-4005-9937-FEB77B9E1B43}" EventSourceName="AutoEnrollment"></Provider>
<EventID Qualifiers="32768">64</EventID>
<Version>0</Version>
<Level>3</Level>
<Task>0</Task>
<Opcode>0</Opcode>
<Keywords>0x0080000000000000</Keywords>
<TimeCreated SystemTime="2025-08-06 02:15:14.889288+00:00"></TimeCreated>
<EventRecordID>3139266</EventRecordID>
<Correlation ActivityID="" RelatedActivityID=""></Correlation>
<Execution ProcessID="0" ThreadID="0"></Execution>
<Channel>Application</Channel>
<Computer>WS101.commercevision.cloud</Computer>
<Security UserID=""></Security>
</System>
<EventData><Data Name="Context">local system</Data>
<Data Name="ObjId">1a e1 e2 53 64 09 c4 a5 c8 1b 10 30 b0 8a d2 d4 d8 ea 0d 79</Data>
</EventData>
</Event>
<Event xmlns="http://schemas.microsoft.com/win/2004/08/events/event"><System><Provider Name="Microsoft-Windows-CertificateServicesClient-AutoEnrollment" Guid="{F0DB7EF8-B6F3-4005-9937-FEB77B9E1B43}" EventSourceName="AutoEnrollment"></Provider>
<EventID Qualifiers="32768">64</EventID>
<Version>0</Version>
<Level>3</Level>
<Task>0</Task>
<Opcode>0</Opcode>
<Keywords>0x0080000000000000</Keywords>
<TimeCreated SystemTime="2025-08-06 02:15:14.889288+00:00"></TimeCreated>
<EventRecordID>3139267</EventRecordID>
<Correlation ActivityID="" RelatedActivityID=""></Correlation>
<Execution ProcessID="0" ThreadID="0"></Execution>
<Channel>Application</Channel>
<Computer>WS101.commercevision.cloud</Computer>
<Security UserID=""></Security>
</System>
<EventData><Data Name="Context">local system</Data>
<Data Name="ObjId">1a d9 3d fa d8 0e fd 52 a1 e3 6e 5f a5 46 23 ad 77 9e a9 69</Data>
</EventData>
</Event>
<Event xmlns="http://schemas.microsoft.com/win/2004/08/events/event"><System><Provider Name="Microsoft-Windows-CertificateServicesClient-AutoEnrollment" Guid="{F0DB7EF8-B6F3-4005-9937-FEB77B9E1B43}" EventSourceName="AutoEnrollment"></Provider>
<EventID Qualifiers="32768">64</EventID>
<Version>0</Version>
<Level>3</Level>
<Task>0</Task>
<Opcode>0</Opcode>
<Keywords>0x0080000000000000</Keywords>
<TimeCreated SystemTime="2025-08-06 02:15:14.889288+00:00"></TimeCreated>
<EventRecordID>3139268</EventRecordID>
<Correlation ActivityID="" RelatedActivityID=""></Correlation>
<Execution ProcessID="0" ThreadID="0"></Execution>
<Channel>Application</Channel>
<Computer>WS101.commercevision.cloud</Computer>
<Security UserID=""></Security>
</System>
<EventData><Data Name="Context">local system</Data>
<Data Name="ObjId">1a 24 23 41 9a e3 94 74 bd 40 e7 63 66 16 f9 c8 30 10 8a 4b</Data>
</EventData>
</Event>
<Event xmlns="http://schemas.microsoft.com/win/2004/08/events/event"><System><Provider Name="Microsoft-Windows-CertificateServicesClient-AutoEnrollment" Guid="{F0DB7EF8-B6F3-4005-9937-FEB77B9E1B43}" EventSourceName="AutoEnrollment"></Provider>
<EventID Qualifiers="32768">64</EventID>
<Version>0</Version>
<Level>3</Level>
<Task>0</Task>
<Opcode>0</Opcode>
<Keywords>0x0080000000000000</Keywords>
<TimeCreated SystemTime="2025-08-06 02:15:14.889288+00:00"></TimeCreated>
<EventRecordID>3139269</EventRecordID>
<Correlation ActivityID="" RelatedActivityID=""></Correlation>
<Execution ProcessID="0" ThreadID="0"></Execution>
<Channel>Application</Channel>
<Computer>WS101.commercevision.cloud</Computer>
<Security UserID=""></Security>
</System>
<EventData><Data Name="Context">local system</Data>
<Data Name="ObjId">18 7a 0d a1 61 4c a9 f3 80 dd 45 93 dd 1d 54 cd 38 ce ea 0e</Data>
</EventData>
</Event>
<Event xmlns="http://schemas.microsoft.com/win/2004/08/events/event"><System><Provider Name="Microsoft-Windows-CertificateServicesClient-AutoEnrollment" Guid="{F0DB7EF8-B6F3-4005-9937-FEB77B9E1B43}" EventSourceName="AutoEnrollment"></Provider>
<EventID Qualifiers="32768">64</EventID>
<Version>0</Version>
<Level>3</Level>
<Task>0</Task>
<Opcode>0</Opcode>
<Keywords>0x0080000000000000</Keywords>
<TimeCreated SystemTime="2025-08-06 02:15:14.889288+00:00"></TimeCreated>
<EventRecordID>3139270</EventRecordID>
<Correlation ActivityID="" RelatedActivityID=""></Correlation>
<Execution ProcessID="0" ThreadID="0"></Execution>
<Channel>Application</Channel>
<Computer>WS101.commercevision.cloud</Computer>
<Security UserID=""></Security>
</System>
<EventData><Data Name="Context">local system</Data>
<Data Name="ObjId">18 24 45 f4 7b dc a5 03 d9 cb 53 b4 4c 14 d1 49 3b e5 41 59</Data>
</EventData>
</Event>
<Event xmlns="http://schemas.microsoft.com/win/2004/08/events/event"><System><Provider Name="Microsoft-Windows-CertificateServicesClient-AutoEnrollment" Guid="{F0DB7EF8-B6F3-4005-9937-FEB77B9E1B43}" EventSourceName="AutoEnrollment"></Provider>
<EventID Qualifiers="32768">64</EventID>
<Version>0</Version>
<Level>3</Level>
<Task>0</Task>
<Opcode>0</Opcode>
<Keywords>0x0080000000000000</Keywords>
<TimeCreated SystemTime="2025-08-06 02:15:14.889288+00:00"></TimeCreated>
<EventRecordID>3139271</EventRecordID>
<Correlation ActivityID="" RelatedActivityID=""></Correlation>
<Execution ProcessID="0" ThreadID="0"></Execution>
<Channel>Application</Channel>
<Computer>WS101.commercevision.cloud</Computer>
<Security UserID=""></Security>
</System>
<EventData><Data Name="Context">local system</Data>
<Data Name="ObjId">16 55 27 0a f0 b4 6f 8d ce 04 c3 59 05 7a 18 71 3c 9f 43 9d</Data>
</EventData>
</Event>
<Event xmlns="http://schemas.microsoft.com/win/2004/08/events/event"><System><Provider Name="Microsoft-Windows-CertificateServicesClient-AutoEnrollment" Guid="{F0DB7EF8-B6F3-4005-9937-FEB77B9E1B43}" EventSourceName="AutoEnrollment"></Provider>
<EventID Qualifiers="32768">64</EventID>
<Version>0</Version>
<Level>3</Level>
<Task>0</Task>
<Opcode>0</Opcode>
<Keywords>0x0080000000000000</Keywords>
<TimeCreated SystemTime="2025-08-06 02:15:14.889288+00:00"></TimeCreated>
<EventRecordID>3139272</EventRecordID>
<Correlation ActivityID="" RelatedActivityID=""></Correlation>
<Execution ProcessID="0" ThreadID="0"></Execution>
<Channel>Application</Channel>
<Computer>WS101.commercevision.cloud</Computer>
<Security UserID=""></Security>
</System>
<EventData><Data Name="Context">local system</Data>
<Data Name="ObjId">14 8a 29 12 69 dc a3 03 1d e8 c1 b4 78 06 08 2c 22 07 5e ba</Data>
</EventData>
</Event>
<Event xmlns="http://schemas.microsoft.com/win/2004/08/events/event"><System><Provider Name="Microsoft-Windows-CertificateServicesClient-AutoEnrollment" Guid="{F0DB7EF8-B6F3-4005-9937-FEB77B9E1B43}" EventSourceName="AutoEnrollment"></Provider>
<EventID Qualifiers="32768">64</EventID>
<Version>0</Version>
<Level>3</Level>
<Task>0</Task>
<Opcode>0</Opcode>
<Keywords>0x0080000000000000</Keywords>
<TimeCreated SystemTime="2025-08-06 02:15:14.889288+00:00"></TimeCreated>
<EventRecordID>3139273</EventRecordID>
<Correlation ActivityID="" RelatedActivityID=""></Correlation>
<Execution ProcessID="0" ThreadID="0"></Execution>
<Channel>Application</Channel>
<Computer>WS101.commercevision.cloud</Computer>
<Security UserID=""></Security>
</System>
<EventData><Data Name="Context">local system</Data>
<Data Name="ObjId">14 5d 54 86 56 76 da 43 cc 44 32 b3 a5 ae 40 f6 b0 7a 7d f7</Data>
</EventData>
</Event>
<Event xmlns="http://schemas.microsoft.com/win/2004/08/events/event"><System><Provider Name="Microsoft-Windows-CertificateServicesClient-AutoEnrollment" Guid="{F0DB7EF8-B6F3-4005-9937-FEB77B9E1B43}" EventSourceName="AutoEnrollment"></Provider>
<EventID Qualifiers="32768">64</EventID>
<Version>0</Version>
<Level>3</Level>
<Task>0</Task>
<Opcode>0</Opcode>
<Keywords>0x0080000000000000</Keywords>
<TimeCreated SystemTime="2025-08-06 02:15:14.889288+00:00"></TimeCreated>
<EventRecordID>3139274</EventRecordID>
<Correlation ActivityID="" RelatedActivityID=""></Correlation>
<Execution ProcessID="0" ThreadID="0"></Execution>
<Channel>Application</Channel>
<Computer>WS101.commercevision.cloud</Computer>
<Security UserID=""></Security>
</System>
<EventData><Data Name="Context">local system</Data>
<Data Name="ObjId">13 d9 21 2c 5e 51 c8 8c 5a f0 98 13 6c 8c a6 75 ec 81 5e 89</Data>
</EventData>
</Event>
<Event xmlns="http://schemas.microsoft.com/win/2004/08/events/event"><System><Provider Name="Microsoft-Windows-CertificateServicesClient-AutoEnrollment" Guid="{F0DB7EF8-B6F3-4005-9937-FEB77B9E1B43}" EventSourceName="AutoEnrollment"></Provider>
<EventID Qualifiers="32768">64</EventID>
<Version>0</Version>
<Level>3</Level>
<Task>0</Task>
<Opcode>0</Opcode>
<Keywords>0x0080000000000000</Keywords>
<TimeCreated SystemTime="2025-08-06 02:15:14.889288+00:00"></TimeCreated>
<EventRecordID>3139275</EventRecordID>
<Correlation ActivityID="" RelatedActivityID=""></Correlation>
<Execution ProcessID="0" ThreadID="0"></Execution>
<Channel>Application</Channel>
<Computer>WS101.commercevision.cloud</Computer>
<Security UserID=""></Security>
</System>
<EventData><Data Name="Context">local system</Data>
<Data Name="ObjId">13 b4 6f 2d 86 11 42 be fe 92 46 5c 31 d4 dd 2b 85 45 a7 60</Data>
</EventData>
</Event>
<Event xmlns="http://schemas.microsoft.com/win/2004/08/events/event"><System><Provider Name="Microsoft-Windows-CertificateServicesClient-AutoEnrollment" Guid="{F0DB7EF8-B6F3-4005-9937-FEB77B9E1B43}" EventSourceName="AutoEnrollment"></Provider>
<EventID Qualifiers="32768">64</EventID>
<Version>0</Version>
<Level>3</Level>
<Task>0</Task>
<Opcode>0</Opcode>
<Keywords>0x0080000000000000</Keywords>
<TimeCreated SystemTime="2025-08-06 02:15:14.889288+00:00"></TimeCreated>
<EventRecordID>3139276</EventRecordID>
<Correlation ActivityID="" RelatedActivityID=""></Correlation>
<Execution ProcessID="0" ThreadID="0"></Execution>
<Channel>Application</Channel>
<Computer>WS101.commercevision.cloud</Computer>
<Security UserID=""></Security>
</System>
<EventData><Data Name="Context">local system</Data>
<Data Name="ObjId">13 8b 84 62 cb f0 24 77 61 a4 8c 0c 97 67 d3 33 20 1e 9f 4e</Data>
</EventData>
</Event>
<Event xmlns="http://schemas.microsoft.com/win/2004/08/events/event"><System><Provider Name="Microsoft-Windows-CertificateServicesClient-AutoEnrollment" Guid="{F0DB7EF8-B6F3-4005-9937-FEB77B9E1B43}" EventSourceName="AutoEnrollment"></Provider>
<EventID Qualifiers="32768">64</EventID>
<Version>0</Version>
<Level>3</Level>
<Task>0</Task>
<Opcode>0</Opcode>
<Keywords>0x0080000000000000</Keywords>
<TimeCreated SystemTime="2025-08-06 02:15:14.889288+00:00"></TimeCreated>
<EventRecordID>3139277</EventRecordID>
<Correlation ActivityID="" RelatedActivityID=""></Correlation>
<Execution ProcessID="0" ThreadID="0"></Execution>
<Channel>Application</Channel>
<Computer>WS101.commercevision.cloud</Computer>
<Security UserID=""></Security>
</System>
<EventData><Data Name="Context">local system</Data>
<Data Name="ObjId">11 ac a0 31 ec 37 01 e1 f5 25 95 10 20 e7 1d e9 39 81 00 35</Data>
</EventData>
</Event>
<Event xmlns="http://schemas.microsoft.com/win/2004/08/events/event"><System><Provider Name="Microsoft-Windows-CertificateServicesClient-AutoEnrollment" Guid="{F0DB7EF8-B6F3-4005-9937-FEB77B9E1B43}" EventSourceName="AutoEnrollment"></Provider>
<EventID Qualifiers="32768">64</EventID>
<Version>0</Version>
<Level>3</Level>
<Task>0</Task>
<Opcode>0</Opcode>
<Keywords>0x0080000000000000</Keywords>
<TimeCreated SystemTime="2025-08-06 02:15:14.889288+00:00"></TimeCreated>
<EventRecordID>3139278</EventRecordID>
<Correlation ActivityID="" RelatedActivityID=""></Correlation>
<Execution ProcessID="0" ThreadID="0"></Execution>
<Channel>Application</Channel>
<Computer>WS101.commercevision.cloud</Computer>
<Security UserID=""></Security>
</System>
<EventData><Data Name="Context">local system</Data>
<Data Name="ObjId">0f 47 42 e4 03 23 aa 7e 43 9f 9b 41 64 62 e1 c8 a2 9d dc 7f</Data>
</EventData>
</Event>
<Event xmlns="http://schemas.microsoft.com/win/2004/08/events/event"><System><Provider Name="Microsoft-Windows-CertificateServicesClient-AutoEnrollment" Guid="{F0DB7EF8-B6F3-4005-9937-FEB77B9E1B43}" EventSourceName="AutoEnrollment"></Provider>
<EventID Qualifiers="32768">64</EventID>
<Version>0</Version>
<Level>3</Level>
<Task>0</Task>
<Opcode>0</Opcode>
<Keywords>0x0080000000000000</Keywords>
<TimeCreated SystemTime="2025-08-06 02:15:14.889288+00:00"></TimeCreated>
<EventRecordID>3139279</EventRecordID>
<Correlation ActivityID="" RelatedActivityID=""></Correlation>
<Execution ProcessID="0" ThreadID="0"></Execution>
<Channel>Application</Channel>
<Computer>WS101.commercevision.cloud</Computer>
<Security UserID=""></Security>
</System>
<EventData><Data Name="Context">local system</Data>
<Data Name="ObjId">0f 20 76 43 a6 68 ae d8 18 74 58 af ad c3 f6 38 56 44 15 a0</Data>
</EventData>
</Event>
<Event xmlns="http://schemas.microsoft.com/win/2004/08/events/event"><System><Provider Name="Microsoft-Windows-CertificateServicesClient-AutoEnrollment" Guid="{F0DB7EF8-B6F3-4005-9937-FEB77B9E1B43}" EventSourceName="AutoEnrollment"></Provider>
<EventID Qualifiers="32768">64</EventID>
<Version>0</Version>
<Level>3</Level>
<Task>0</Task>
<Opcode>0</Opcode>
<Keywords>0x0080000000000000</Keywords>
<TimeCreated SystemTime="2025-08-06 02:15:14.889288+00:00"></TimeCreated>
<EventRecordID>3139280</EventRecordID>
<Correlation ActivityID="" RelatedActivityID=""></Correlation>
<Execution ProcessID="0" ThreadID="0"></Execution>
<Channel>Application</Channel>
<Computer>WS101.commercevision.cloud</Computer>
<Security UserID=""></Security>
</System>
<EventData><Data Name="Context">local system</Data>
<Data Name="ObjId">0d 98 2a f5 ee 02 c4 bf 89 40 6b 60 84 b9 94 ef 67 d9 5f 79</Data>
</EventData>
</Event>
<Event xmlns="http://schemas.microsoft.com/win/2004/08/events/event"><System><Provider Name="Microsoft-Windows-CertificateServicesClient-AutoEnrollment" Guid="{F0DB7EF8-B6F3-4005-9937-FEB77B9E1B43}" EventSourceName="AutoEnrollment"></Provider>
<EventID Qualifiers="32768">64</EventID>
<Version>0</Version>
<Level>3</Level>
<Task>0</Task>
<Opcode>0</Opcode>
<Keywords>0x0080000000000000</Keywords>
<TimeCreated SystemTime="2025-08-06 02:15:14.889288+00:00"></TimeCreated>
<EventRecordID>3139281</EventRecordID>
<Correlation ActivityID="" RelatedActivityID=""></Correlation>
<Execution ProcessID="0" ThreadID="0"></Execution>
<Channel>Application</Channel>
<Computer>WS101.commercevision.cloud</Computer>
<Security UserID=""></Security>
</System>
<EventData><Data Name="Context">local system</Data>
<Data Name="ObjId">0a b4 a4 80 f6 8a 56 a6 25 f0 f6 28 bc 69 2a e6 52 55 42 5a</Data>
</EventData>
</Event>
