<Event xmlns="http://schemas.microsoft.com/win/2004/08/events/event"><System><Provider Name="Microsoft-Windows-CertificateServicesClient-AutoEnrollment" Guid="{F0DB7EF8-B6F3-4005-9937-FEB77B9E1B43}" EventSourceName="AutoEnrollment"></Provider>
<EventID Qualifiers="32768">64</EventID>
<Version>0</Version>
<Level>3</Level>
<Task>0</Task>
<Opcode>0</Opcode>
<Keywords>0x0080000000000000</Keywords>
<TimeCreated SystemTime="2025-08-06 02:15:14.842413+00:00"></TimeCreated>
<EventRecordID>3139172</EventRecordID>
<Correlation ActivityID="" RelatedActivityID=""></Correlation>
<Execution ProcessID="0" ThreadID="0"></Execution>
<Channel>Application</Channel>
<Computer>WS101.commercevision.cloud</Computer>
<Security UserID=""></Security>
</System>
<EventData><Data Name="Context">local system</Data>
<Data Name="ObjId">b4 ee 14 2a 47 cc 45 4f 4c 1f cd 79 58 10 66 6c d7 53 46 00</Data>
</EventData>
</Event>
<Event xmlns="http://schemas.microsoft.com/win/2004/08/events/event"><System><Provider Name="Microsoft-Windows-CertificateServicesClient-AutoEnrollment" Guid="{F0DB7EF8-B6F3-4005-9937-FEB77B9E1B43}" EventSourceName="AutoEnrollment"></Provider>
<EventID Qualifiers="32768">64</EventID>
<Version>0</Version>
<Level>3</Level>
<Task>0</Task>
<Opcode>0</Opcode>
<Keywords>0x0080000000000000</Keywords>
<TimeCreated SystemTime="2025-08-06 02:15:14.842413+00:00"></TimeCreated>
<EventRecordID>3139173</EventRecordID>
<Correlation ActivityID="" RelatedActivityID=""></Correlation>
<Execution ProcessID="0" ThreadID="0"></Execution>
<Channel>Application</Channel>
<Computer>WS101.commercevision.cloud</Computer>
<Security UserID=""></Security>
</System>
<EventData><Data Name="Context">local system</Data>
<Data Name="ObjId">b2 29 4d 4b ec 86 97 7f 33 01 82 93 69 94 93 e6 fc ba 6f 08</Data>
</EventData>
</Event>
<Event xmlns="http://schemas.microsoft.com/win/2004/08/events/event"><System><Provider Name="Microsoft-Windows-CertificateServicesClient-AutoEnrollment" Guid="{F0DB7EF8-B6F3-4005-9937-FEB77B9E1B43}" EventSourceName="AutoEnrollment"></Provider>
<EventID Qualifiers="32768">64</EventID>
<Version>0</Version>
<Level>3</Level>
<Task>0</Task>
<Opcode>0</Opcode>
<Keywords>0x0080000000000000</Keywords>
<TimeCreated SystemTime="2025-08-06 02:15:14.842413+00:00"></TimeCreated>
<EventRecordID>3139174</EventRecordID>
<Correlation ActivityID="" RelatedActivityID=""></Correlation>
<Execution ProcessID="0" ThreadID="0"></Execution>
<Channel>Application</Channel>
<Computer>WS101.commercevision.cloud</Computer>
<Security UserID=""></Security>
</System>
<EventData><Data Name="Context">local system</Data>
<Data Name="ObjId">b1 dc d4 8d 8c 0f 7e 7f 69 27 f5 11 04 70 57 e8 a5 f8 19 3b</Data>
</EventData>
</Event>
<Event xmlns="http://schemas.microsoft.com/win/2004/08/events/event"><System><Provider Name="Microsoft-Windows-CertificateServicesClient-AutoEnrollment" Guid="{F0DB7EF8-B6F3-4005-9937-FEB77B9E1B43}" EventSourceName="AutoEnrollment"></Provider>
<EventID Qualifiers="32768">64</EventID>
<Version>0</Version>
<Level>3</Level>
<Task>0</Task>
<Opcode>0</Opcode>
<Keywords>0x0080000000000000</Keywords>
<TimeCreated SystemTime="2025-08-06 02:15:14.842413+00:00"></TimeCreated>
<EventRecordID>3139175</EventRecordID>
<Correlation ActivityID="" RelatedActivityID=""></Correlation>
<Execution ProcessID="0" ThreadID="0"></Execution>
<Channel>Application</Channel>
<Computer>WS101.commercevision.cloud</Computer>
<Security UserID=""></Security>
</System>
<EventData><Data Name="Context">local system</Data>
<Data Name="ObjId">b1 60 86 8d e4 50 56 8a cc 58 19 d6 28 3b aa d4 41 76 f7 11</Data>
</EventData>
</Event>
<Event xmlns="http://schemas.microsoft.com/win/2004/08/events/event"><System><Provider Name="Microsoft-Windows-CertificateServicesClient-AutoEnrollment" Guid="{F0DB7EF8-B6F3-4005-9937-FEB77B9E1B43}" EventSourceName="AutoEnrollment"></Provider>
<EventID Qualifiers="32768">64</EventID>
<Version>0</Version>
<Level>3</Level>
<Task>0</Task>
<Opcode>0</Opcode>
<Keywords>0x0080000000000000</Keywords>
<TimeCreated SystemTime="2025-08-06 02:15:14.842413+00:00"></TimeCreated>
<EventRecordID>3139176</EventRecordID>
<Correlation ActivityID="" RelatedActivityID=""></Correlation>
<Execution ProcessID="0" ThreadID="0"></Execution>
<Channel>Application</Channel>
<Computer>WS101.commercevision.cloud</Computer>
<Security UserID=""></Security>
</System>
<EventData><Data Name="Context">local system</Data>
<Data Name="ObjId">b0 ec 69 d1 06 c4 33 06 07 0a 96 87 d8 92 c4 41 44 fa 1d 50</Data>
</EventData>
</Event>
<Event xmlns="http://schemas.microsoft.com/win/2004/08/events/event"><System><Provider Name="Microsoft-Windows-CertificateServicesClient-AutoEnrollment" Guid="{F0DB7EF8-B6F3-4005-9937-FEB77B9E1B43}" EventSourceName="AutoEnrollment"></Provider>
<EventID Qualifiers="32768">64</EventID>
<Version>0</Version>
<Level>3</Level>
<Task>0</Task>
<Opcode>0</Opcode>
<Keywords>0x0080000000000000</Keywords>
<TimeCreated SystemTime="2025-08-06 02:15:14.842413+00:00"></TimeCreated>
<EventRecordID>3139177</EventRecordID>
<Correlation ActivityID="" RelatedActivityID=""></Correlation>
<Execution ProcessID="0" ThreadID="0"></Execution>
<Channel>Application</Channel>
<Computer>WS101.commercevision.cloud</Computer>
<Security UserID=""></Security>
</System>
<EventData><Data Name="Context">local system</Data>
<Data Name="ObjId">af e6 9b 8d 63 d8 05 52 74 86 e1 71 94 c4 51 a6 05 49 22 bc</Data>
</EventData>
</Event>
<Event xmlns="http://schemas.microsoft.com/win/2004/08/events/event"><System><Provider Name="Microsoft-Windows-CertificateServicesClient-AutoEnrollment" Guid="{F0DB7EF8-B6F3-4005-9937-FEB77B9E1B43}" EventSourceName="AutoEnrollment"></Provider>
<EventID Qualifiers="32768">64</EventID>
<Version>0</Version>
<Level>3</Level>
<Task>0</Task>
<Opcode>0</Opcode>
<Keywords>0x0080000000000000</Keywords>
<TimeCreated SystemTime="2025-08-06 02:15:14.842413+00:00"></TimeCreated>
<EventRecordID>3139178</EventRecordID>
<Correlation ActivityID="" RelatedActivityID=""></Correlation>
<Execution ProcessID="0" ThreadID="0"></Execution>
<Channel>Application</Channel>
<Computer>WS101.commercevision.cloud</Computer>
<Security UserID=""></Security>
</System>
<EventData><Data Name="Context">local system</Data>
<Data Name="ObjId">ad 0f 62 ef c8 a9 94 77 56 3c be ef bf 80 ff d7 64 18 a1 2c</Data>
</EventData>
</Event>
<Event xmlns="http://schemas.microsoft.com/win/2004/08/events/event"><System><Provider Name="Microsoft-Windows-CertificateServicesClient-AutoEnrollment" Guid="{F0DB7EF8-B6F3-4005-9937-FEB77B9E1B43}" EventSourceName="AutoEnrollment"></Provider>
<EventID Qualifiers="32768">64</EventID>
<Version>0</Version>
<Level>3</Level>
<Task>0</Task>
<Opcode>0</Opcode>
<Keywords>0x0080000000000000</Keywords>
<TimeCreated SystemTime="2025-08-06 02:15:14.842413+00:00"></TimeCreated>
<EventRecordID>3139179</EventRecordID>
<Correlation ActivityID="" RelatedActivityID=""></Correlation>
<Execution ProcessID="0" ThreadID="0"></Execution>
<Channel>Application</Channel>
<Computer>WS101.commercevision.cloud</Computer>
<Security UserID=""></Security>
</System>
<EventData><Data Name="Context">local system</Data>
<Data Name="ObjId">aa 4b 17 93 46 71 3a 84 ce 54 91 ef dc 79 55 93 98 e6 74 35</Data>
</EventData>
</Event>
<Event xmlns="http://schemas.microsoft.com/win/2004/08/events/event"><System><Provider Name="Microsoft-Windows-CertificateServicesClient-AutoEnrollment" Guid="{F0DB7EF8-B6F3-4005-9937-FEB77B9E1B43}" EventSourceName="AutoEnrollment"></Provider>
<EventID Qualifiers="32768">64</EventID>
<Version>0</Version>
<Level>3</Level>
<Task>0</Task>
<Opcode>0</Opcode>
<Keywords>0x0080000000000000</Keywords>
<TimeCreated SystemTime="2025-08-06 02:15:14.842413+00:00"></TimeCreated>
<EventRecordID>3139180</EventRecordID>
<Correlation ActivityID="" RelatedActivityID=""></Correlation>
<Execution ProcessID="0" ThreadID="0"></Execution>
<Channel>Application</Channel>
<Computer>WS101.commercevision.cloud</Computer>
<Security UserID=""></Security>
</System>
<EventData><Data Name="Context">local system</Data>
<Data Name="ObjId">a9 e6 a4 90 75 71 2c 8f 37 57 c7 58 3e f8 cf 1b 8d 7d 9f a2</Data>
</EventData>
</Event>
<Event xmlns="http://schemas.microsoft.com/win/2004/08/events/event"><System><Provider Name="Microsoft-Windows-CertificateServicesClient-AutoEnrollment" Guid="{F0DB7EF8-B6F3-4005-9937-FEB77B9E1B43}" EventSourceName="AutoEnrollment"></Provider>
<EventID Qualifiers="32768">64</EventID>
<Version>0</Version>
<Level>3</Level>
<Task>0</Task>
<Opcode>0</Opcode>
<Keywords>0x0080000000000000</Keywords>
<TimeCreated SystemTime="2025-08-06 02:15:14.842413+00:00"></TimeCreated>
<EventRecordID>3139181</EventRecordID>
<Correlation ActivityID="" RelatedActivityID=""></Correlation>
<Execution ProcessID="0" ThreadID="0"></Execution>
<Channel>Application</Channel>
<Computer>WS101.commercevision.cloud</Computer>
<Security UserID=""></Security>
</System>
<EventData><Data Name="Context">local system</Data>
<Data Name="ObjId">a9 cb 47 b0 97 01 4b 90 80 49 b1 7b 4b b3 40 e5 d4 90 5c cb</Data>
</EventData>
</Event>
<Event xmlns="http://schemas.microsoft.com/win/2004/08/events/event"><System><Provider Name="Microsoft-Windows-CertificateServicesClient-AutoEnrollment" Guid="{F0DB7EF8-B6F3-4005-9937-FEB77B9E1B43}" EventSourceName="AutoEnrollment"></Provider>
<EventID Qualifiers="32768">64</EventID>
<Version>0</Version>
<Level>3</Level>
<Task>0</Task>
<Opcode>0</Opcode>
<Keywords>0x0080000000000000</Keywords>
<TimeCreated SystemTime="2025-08-06 02:15:14.842413+00:00"></TimeCreated>
<EventRecordID>3139182</EventRecordID>
<Correlation ActivityID="" RelatedActivityID=""></Correlation>
<Execution ProcessID="0" ThreadID="0"></Execution>
<Channel>Application</Channel>
<Computer>WS101.commercevision.cloud</Computer>
<Security UserID=""></Security>
</System>
<EventData><Data Name="Context">local system</Data>
<Data Name="ObjId">a8 ca b8 4e 92 d3 44 24 65 73 1a d8 80 77 c7 13 36 05 28 ea</Data>
</EventData>
</Event>
<Event xmlns="http://schemas.microsoft.com/win/2004/08/events/event"><System><Provider Name="Microsoft-Windows-CertificateServicesClient-AutoEnrollment" Guid="{F0DB7EF8-B6F3-4005-9937-FEB77B9E1B43}" EventSourceName="AutoEnrollment"></Provider>
<EventID Qualifiers="32768">64</EventID>
<Version>0</Version>
<Level>3</Level>
<Task>0</Task>
<Opcode>0</Opcode>
<Keywords>0x0080000000000000</Keywords>
<TimeCreated SystemTime="2025-08-06 02:15:14.842413+00:00"></TimeCreated>
<EventRecordID>3139183</EventRecordID>
<Correlation ActivityID="" RelatedActivityID=""></Correlation>
<Execution ProcessID="0" ThreadID="0"></Execution>
<Channel>Application</Channel>
<Computer>WS101.commercevision.cloud</Computer>
<Security UserID=""></Security>
</System>
<EventData><Data Name="Context">local system</Data>
<Data Name="ObjId">a8 b8 d6 a2 61 67 dd 17 45 81 be 32 f0 35 dc d0 23 19 f0 7d</Data>
</EventData>
</Event>
<Event xmlns="http://schemas.microsoft.com/win/2004/08/events/event"><System><Provider Name="Microsoft-Windows-CertificateServicesClient-AutoEnrollment" Guid="{F0DB7EF8-B6F3-4005-9937-FEB77B9E1B43}" EventSourceName="AutoEnrollment"></Provider>
<EventID Qualifiers="32768">64</EventID>
<Version>0</Version>
<Level>3</Level>
<Task>0</Task>
<Opcode>0</Opcode>
<Keywords>0x0080000000000000</Keywords>
<TimeCreated SystemTime="2025-08-06 02:15:14.842413+00:00"></TimeCreated>
<EventRecordID>3139184</EventRecordID>
<Correlation ActivityID="" RelatedActivityID=""></Correlation>
<Execution ProcessID="0" ThreadID="0"></Execution>
<Channel>Application</Channel>
<Computer>WS101.commercevision.cloud</Computer>
<Security UserID=""></Security>
</System>
<EventData><Data Name="Context">local system</Data>
<Data Name="ObjId">a7 e4 1c 29 5a 11 77 50 c2 1d ea 84 ea a5 df 13 f6 fb e4 9c</Data>
</EventData>
</Event>
<Event xmlns="http://schemas.microsoft.com/win/2004/08/events/event"><System><Provider Name="Microsoft-Windows-CertificateServicesClient-AutoEnrollment" Guid="{F0DB7EF8-B6F3-4005-9937-FEB77B9E1B43}" EventSourceName="AutoEnrollment"></Provider>
<EventID Qualifiers="32768">64</EventID>
<Version>0</Version>
<Level>3</Level>
<Task>0</Task>
<Opcode>0</Opcode>
<Keywords>0x0080000000000000</Keywords>
<TimeCreated SystemTime="2025-08-06 02:15:14.842413+00:00"></TimeCreated>
<EventRecordID>3139185</EventRecordID>
<Correlation ActivityID="" RelatedActivityID=""></Correlation>
<Execution ProcessID="0" ThreadID="0"></Execution>
<Channel>Application</Channel>
<Computer>WS101.commercevision.cloud</Computer>
<Security UserID=""></Security>
</System>
<EventData><Data Name="Context">local system</Data>
<Data Name="ObjId">a6 84 7c 45 b1 dd a0 49 4d dc 65 03 b4 e9 b9 86 f8 b9 51 6c</Data>
</EventData>
</Event>
<Event xmlns="http://schemas.microsoft.com/win/2004/08/events/event"><System><Provider Name="Microsoft-Windows-CertificateServicesClient-AutoEnrollment" Guid="{F0DB7EF8-B6F3-4005-9937-FEB77B9E1B43}" EventSourceName="AutoEnrollment"></Provider>
<EventID Qualifiers="32768">64</EventID>
<Version>0</Version>
<Level>3</Level>
<Task>0</Task>
<Opcode>0</Opcode>
<Keywords>0x0080000000000000</Keywords>
<TimeCreated SystemTime="2025-08-06 02:15:14.842413+00:00"></TimeCreated>
<EventRecordID>3139186</EventRecordID>
<Correlation ActivityID="" RelatedActivityID=""></Correlation>
<Execution ProcessID="0" ThreadID="0"></Execution>
<Channel>Application</Channel>
<Computer>WS101.commercevision.cloud</Computer>
<Security UserID=""></Security>
</System>
<EventData><Data Name="Context">local system</Data>
<Data Name="ObjId">a4 f8 b1 59 e9 b0 ce e3 5b 34 8b ac 2e cb 00 0a 1b 11 41 2c</Data>
</EventData>
</Event>
<Event xmlns="http://schemas.microsoft.com/win/2004/08/events/event"><System><Provider Name="Microsoft-Windows-CertificateServicesClient-AutoEnrollment" Guid="{F0DB7EF8-B6F3-4005-9937-FEB77B9E1B43}" EventSourceName="AutoEnrollment"></Provider>
<EventID Qualifiers="32768">64</EventID>
<Version>0</Version>
<Level>3</Level>
<Task>0</Task>
<Opcode>0</Opcode>
<Keywords>0x0080000000000000</Keywords>
<TimeCreated SystemTime="2025-08-06 02:15:14.842413+00:00"></TimeCreated>
<EventRecordID>3139187</EventRecordID>
<Correlation ActivityID="" RelatedActivityID=""></Correlation>
<Execution ProcessID="0" ThreadID="0"></Execution>
<Channel>Application</Channel>
<Computer>WS101.commercevision.cloud</Computer>
<Security UserID=""></Security>
</System>
<EventData><Data Name="Context">local system</Data>
<Data Name="ObjId">a1 e4 c9 94 26 2e d5 fa 72 9e 0d 9c ee 9b 06 90 1e 88 6b a2</Data>
</EventData>
</Event>
<Event xmlns="http://schemas.microsoft.com/win/2004/08/events/event"><System><Provider Name="Microsoft-Windows-CertificateServicesClient-AutoEnrollment" Guid="{F0DB7EF8-B6F3-4005-9937-FEB77B9E1B43}" EventSourceName="AutoEnrollment"></Provider>
<EventID Qualifiers="32768">64</EventID>
<Version>0</Version>
<Level>3</Level>
<Task>0</Task>
<Opcode>0</Opcode>
<Keywords>0x0080000000000000</Keywords>
<TimeCreated SystemTime="2025-08-06 02:15:14.842413+00:00"></TimeCreated>
<EventRecordID>3139188</EventRecordID>
<Correlation ActivityID="" RelatedActivityID=""></Correlation>
<Execution ProcessID="0" ThreadID="0"></Execution>
<Channel>Application</Channel>
<Computer>WS101.commercevision.cloud</Computer>
<Security UserID=""></Security>
</System>
<EventData><Data Name="Context">local system</Data>
<Data Name="ObjId">a1 35 18 67 5b f3 91 9d 60 e8 f5 e9 66 5f 14 3b cb d7 6f e6</Data>
</EventData>
</Event>
<Event xmlns="http://schemas.microsoft.com/win/2004/08/events/event"><System><Provider Name="Microsoft-Windows-CertificateServicesClient-AutoEnrollment" Guid="{F0DB7EF8-B6F3-4005-9937-FEB77B9E1B43}" EventSourceName="AutoEnrollment"></Provider>
<EventID Qualifiers="32768">64</EventID>
<Version>0</Version>
<Level>3</Level>
<Task>0</Task>
<Opcode>0</Opcode>
<Keywords>0x0080000000000000</Keywords>
<TimeCreated SystemTime="2025-08-06 02:15:14.842413+00:00"></TimeCreated>
<EventRecordID>3139189</EventRecordID>
<Correlation ActivityID="" RelatedActivityID=""></Correlation>
<Execution ProcessID="0" ThreadID="0"></Execution>
<Channel>Application</Channel>
<Computer>WS101.commercevision.cloud</Computer>
<Security UserID=""></Security>
</System>
<EventData><Data Name="Context">local system</Data>
<Data Name="ObjId">9d c1 27 5b 7d 75 3d 38 16 e4 54 0f 90 f3 97 56 da 54 e7 5f</Data>
</EventData>
</Event>
<Event xmlns="http://schemas.microsoft.com/win/2004/08/events/event"><System><Provider Name="Microsoft-Windows-CertificateServicesClient-AutoEnrollment" Guid="{F0DB7EF8-B6F3-4005-9937-FEB77B9E1B43}" EventSourceName="AutoEnrollment"></Provider>
<EventID Qualifiers="32768">64</EventID>
<Version>0</Version>
<Level>3</Level>
<Task>0</Task>
<Opcode>0</Opcode>
<Keywords>0x0080000000000000</Keywords>
<TimeCreated SystemTime="2025-08-06 02:15:14.842413+00:00"></TimeCreated>
<EventRecordID>3139190</EventRecordID>
<Correlation ActivityID="" RelatedActivityID=""></Correlation>
<Execution ProcessID="0" ThreadID="0"></Execution>
<Channel>Application</Channel>
<Computer>WS101.commercevision.cloud</Computer>
<Security UserID=""></Security>
</System>
<EventData><Data Name="Context">local system</Data>
<Data Name="ObjId">9d 7a 73 20 b2 5a 73 2f 02 b8 05 da d6 e8 04 6b ca 68 e7 f0</Data>
</EventData>
</Event>
<Event xmlns="http://schemas.microsoft.com/win/2004/08/events/event"><System><Provider Name="Microsoft-Windows-CertificateServicesClient-AutoEnrollment" Guid="{F0DB7EF8-B6F3-4005-9937-FEB77B9E1B43}" EventSourceName="AutoEnrollment"></Provider>
<EventID Qualifiers="32768">64</EventID>
<Version>0</Version>
<Level>3</Level>
<Task>0</Task>
<Opcode>0</Opcode>
<Keywords>0x0080000000000000</Keywords>
<TimeCreated SystemTime="2025-08-06 02:15:14.842413+00:00"></TimeCreated>
<EventRecordID>3139191</EventRecordID>
<Correlation ActivityID="" RelatedActivityID=""></Correlation>
<Execution ProcessID="0" ThreadID="0"></Execution>
<Channel>Application</Channel>
<Computer>WS101.commercevision.cloud</Computer>
<Security UserID=""></Security>
</System>
<EventData><Data Name="Context">local system</Data>
<Data Name="ObjId">9c 5b d6 32 fb 6b 4a 48 89 b7 60 03 7d 82 dd f4 5e 26 0d 84</Data>
</EventData>
</Event>
<Event xmlns="http://schemas.microsoft.com/win/2004/08/events/event"><System><Provider Name="Microsoft-Windows-CertificateServicesClient-AutoEnrollment" Guid="{F0DB7EF8-B6F3-4005-9937-FEB77B9E1B43}" EventSourceName="AutoEnrollment"></Provider>
<EventID Qualifiers="32768">64</EventID>
<Version>0</Version>
<Level>3</Level>
<Task>0</Task>
<Opcode>0</Opcode>
<Keywords>0x0080000000000000</Keywords>
<TimeCreated SystemTime="2025-08-06 02:15:14.842413+00:00"></TimeCreated>
<EventRecordID>3139192</EventRecordID>
<Correlation ActivityID="" RelatedActivityID=""></Correlation>
<Execution ProcessID="0" ThreadID="0"></Execution>
<Channel>Application</Channel>
<Computer>WS101.commercevision.cloud</Computer>
<Security UserID=""></Security>
</System>
<EventData><Data Name="Context">local system</Data>
<Data Name="ObjId">9c 24 04 6c 59 39 ab fa 41 93 9d fd 2f a6 d8 6b a4 bd 15 5c</Data>
</EventData>
</Event>
<Event xmlns="http://schemas.microsoft.com/win/2004/08/events/event"><System><Provider Name="Microsoft-Windows-CertificateServicesClient-AutoEnrollment" Guid="{F0DB7EF8-B6F3-4005-9937-FEB77B9E1B43}" EventSourceName="AutoEnrollment"></Provider>
<EventID Qualifiers="32768">64</EventID>
<Version>0</Version>
<Level>3</Level>
<Task>0</Task>
<Opcode>0</Opcode>
<Keywords>0x0080000000000000</Keywords>
<TimeCreated SystemTime="2025-08-06 02:15:14.842413+00:00"></TimeCreated>
<EventRecordID>3139193</EventRecordID>
<Correlation ActivityID="" RelatedActivityID=""></Correlation>
<Execution ProcessID="0" ThreadID="0"></Execution>
<Channel>Application</Channel>
<Computer>WS101.commercevision.cloud</Computer>
<Security UserID=""></Security>
</System>
<EventData><Data Name="Context">local system</Data>
<Data Name="ObjId">9a 60 49 25 59 a8 4a f2 40 22 d5 48 f8 ee 2d e0 7b f0 41 69</Data>
</EventData>
</Event>
<Event xmlns="http://schemas.microsoft.com/win/2004/08/events/event"><System><Provider Name="Microsoft-Windows-CertificateServicesClient-AutoEnrollment" Guid="{F0DB7EF8-B6F3-4005-9937-FEB77B9E1B43}" EventSourceName="AutoEnrollment"></Provider>
<EventID Qualifiers="32768">64</EventID>
<Version>0</Version>
<Level>3</Level>
<Task>0</Task>
<Opcode>0</Opcode>
<Keywords>0x0080000000000000</Keywords>
<TimeCreated SystemTime="2025-08-06 02:15:14.842413+00:00"></TimeCreated>
<EventRecordID>3139194</EventRecordID>
<Correlation ActivityID="" RelatedActivityID=""></Correlation>
<Execution ProcessID="0" ThreadID="0"></Execution>
<Channel>Application</Channel>
<Computer>WS101.commercevision.cloud</Computer>
<Security UserID=""></Security>
</System>
<EventData><Data Name="Context">local system</Data>
<Data Name="ObjId">98 23 97 98 fe 26 7e 00 2f fd 71 bf af 1f 52 dd 92 2e 53 39</Data>
</EventData>
</Event>
<Event xmlns="http://schemas.microsoft.com/win/2004/08/events/event"><System><Provider Name="Microsoft-Windows-CertificateServicesClient-AutoEnrollment" Guid="{F0DB7EF8-B6F3-4005-9937-FEB77B9E1B43}" EventSourceName="AutoEnrollment"></Provider>
<EventID Qualifiers="32768">64</EventID>
<Version>0</Version>
<Level>3</Level>
<Task>0</Task>
<Opcode>0</Opcode>
<Keywords>0x0080000000000000</Keywords>
<TimeCreated SystemTime="2025-08-06 02:15:14.842413+00:00"></TimeCreated>
<EventRecordID>3139195</EventRecordID>
<Correlation ActivityID="" RelatedActivityID=""></Correlation>
<Execution ProcessID="0" ThreadID="0"></Execution>
<Channel>Application</Channel>
<Computer>WS101.commercevision.cloud</Computer>
<Security UserID=""></Security>
</System>
<EventData><Data Name="Context">local system</Data>
<Data Name="ObjId">97 65 54 d7 ca e3 57 88 83 14 ff 4a c2 78 7b 37 4f 45 5a 33</Data>
</EventData>
</Event>
<Event xmlns="http://schemas.microsoft.com/win/2004/08/events/event"><System><Provider Name="Microsoft-Windows-CertificateServicesClient-AutoEnrollment" Guid="{F0DB7EF8-B6F3-4005-9937-FEB77B9E1B43}" EventSourceName="AutoEnrollment"></Provider>
<EventID Qualifiers="32768">64</EventID>
<Version>0</Version>
<Level>3</Level>
<Task>0</Task>
<Opcode>0</Opcode>
<Keywords>0x0080000000000000</Keywords>
<TimeCreated SystemTime="2025-08-06 02:15:14.842413+00:00"></TimeCreated>
<EventRecordID>3139196</EventRecordID>
<Correlation ActivityID="" RelatedActivityID=""></Correlation>
<Execution ProcessID="0" ThreadID="0"></Execution>
<Channel>Application</Channel>
<Computer>WS101.commercevision.cloud</Computer>
<Security UserID=""></Security>
</System>
<EventData><Data Name="Context">local system</Data>
<Data Name="ObjId">96 b4 8d ce 9c 8b 6c 66 3d bc 28 ab 94 fd 2b 3e d7 08 60 b1</Data>
</EventData>
</Event>
<Event xmlns="http://schemas.microsoft.com/win/2004/08/events/event"><System><Provider Name="Microsoft-Windows-CertificateServicesClient-AutoEnrollment" Guid="{F0DB7EF8-B6F3-4005-9937-FEB77B9E1B43}" EventSourceName="AutoEnrollment"></Provider>
<EventID Qualifiers="32768">64</EventID>
<Version>0</Version>
<Level>3</Level>
<Task>0</Task>
<Opcode>0</Opcode>
<Keywords>0x0080000000000000</Keywords>
<TimeCreated SystemTime="2025-08-06 02:15:14.842413+00:00"></TimeCreated>
<EventRecordID>3139197</EventRecordID>
<Correlation ActivityID="" RelatedActivityID=""></Correlation>
<Execution ProcessID="0" ThreadID="0"></Execution>
<Channel>Application</Channel>
<Computer>WS101.commercevision.cloud</Computer>
<Security UserID=""></Security>
</System>
<EventData><Data Name="Context">local system</Data>
<Data Name="ObjId">96 17 48 65 a9 43 7e 62 84 f9 82 0f 48 6f 21 86 be 88 73 39</Data>
</EventData>
</Event>
<Event xmlns="http://schemas.microsoft.com/win/2004/08/events/event"><System><Provider Name="Microsoft-Windows-CertificateServicesClient-AutoEnrollment" Guid="{F0DB7EF8-B6F3-4005-9937-FEB77B9E1B43}" EventSourceName="AutoEnrollment"></Provider>
<EventID Qualifiers="32768">64</EventID>
<Version>0</Version>
<Level>3</Level>
<Task>0</Task>
<Opcode>0</Opcode>
<Keywords>0x0080000000000000</Keywords>
<TimeCreated SystemTime="2025-08-06 02:15:14.858040+00:00"></TimeCreated>
<EventRecordID>3139198</EventRecordID>
<Correlation ActivityID="" RelatedActivityID=""></Correlation>
<Execution ProcessID="0" ThreadID="0"></Execution>
<Channel>Application</Channel>
<Computer>WS101.commercevision.cloud</Computer>
<Security UserID=""></Security>
</System>
<EventData><Data Name="Context">local system</Data>
<Data Name="ObjId">94 bc 47 da 5e 73 f2 36 7e bf e3 1c 98 25 38 38 9d 51 16 78</Data>
</EventData>
</Event>
<Event xmlns="http://schemas.microsoft.com/win/2004/08/events/event"><System><Provider Name="Microsoft-Windows-CertificateServicesClient-AutoEnrollment" Guid="{F0DB7EF8-B6F3-4005-9937-FEB77B9E1B43}" EventSourceName="AutoEnrollment"></Provider>
<EventID Qualifiers="32768">64</EventID>
<Version>0</Version>
<Level>3</Level>
<Task>0</Task>
<Opcode>0</Opcode>
<Keywords>0x0080000000000000</Keywords>
<TimeCreated SystemTime="2025-08-06 02:15:14.858040+00:00"></TimeCreated>
<EventRecordID>3139199</EventRecordID>
<Correlation ActivityID="" RelatedActivityID=""></Correlation>
<Execution ProcessID="0" ThreadID="0"></Execution>
<Channel>Application</Channel>
<Computer>WS101.commercevision.cloud</Computer>
<Security UserID=""></Security>
</System>
<EventData><Data Name="Context">local system</Data>
<Data Name="ObjId">94 80 71 b3 b5 92 87 b5 87 29 9d a1 60 9d a6 d6 26 0e 84 d4</Data>
</EventData>
</Event>
<Event xmlns="http://schemas.microsoft.com/win/2004/08/events/event"><System><Provider Name="Microsoft-Windows-CertificateServicesClient-AutoEnrollment" Guid="{F0DB7EF8-B6F3-4005-9937-FEB77B9E1B43}" EventSourceName="AutoEnrollment"></Provider>
<EventID Qualifiers="32768">64</EventID>
<Version>0</Version>
<Level>3</Level>
<Task>0</Task>
<Opcode>0</Opcode>
<Keywords>0x0080000000000000</Keywords>
<TimeCreated SystemTime="2025-08-06 02:15:14.858040+00:00"></TimeCreated>
<EventRecordID>3139200</EventRecordID>
<Correlation ActivityID="" RelatedActivityID=""></Correlation>
<Execution ProcessID="0" ThreadID="0"></Execution>
<Channel>Application</Channel>
<Computer>WS101.commercevision.cloud</Computer>
<Security UserID=""></Security>
</System>
<EventData><Data Name="Context">local system</Data>
<Data Name="ObjId">92 dc cd 65 63 52 1a 0e f3 fd 4b 36 29 a0 b6 d1 93 2c 0b d5</Data>
</EventData>
</Event>
<Event xmlns="http://schemas.microsoft.com/win/2004/08/events/event"><System><Provider Name="Microsoft-Windows-CertificateServicesClient-AutoEnrollment" Guid="{F0DB7EF8-B6F3-4005-9937-FEB77B9E1B43}" EventSourceName="AutoEnrollment"></Provider>
<EventID Qualifiers="32768">64</EventID>
<Version>0</Version>
<Level>3</Level>
<Task>0</Task>
<Opcode>0</Opcode>
<Keywords>0x0080000000000000</Keywords>
<TimeCreated SystemTime="2025-08-06 02:15:14.858040+00:00"></TimeCreated>
<EventRecordID>3139201</EventRecordID>
<Correlation ActivityID="" RelatedActivityID=""></Correlation>
<Execution ProcessID="0" ThreadID="0"></Execution>
<Channel>Application</Channel>
<Computer>WS101.commercevision.cloud</Computer>
<Security UserID=""></Security>
</System>
<EventData><Data Name="Context">local system</Data>
<Data Name="ObjId">91 18 ec df ca 66 ec a4 30 30 4c 1f b4 1a d3 55 27 b6 01 83</Data>
</EventData>
</Event>
<Event xmlns="http://schemas.microsoft.com/win/2004/08/events/event"><System><Provider Name="Microsoft-Windows-CertificateServicesClient-AutoEnrollment" Guid="{F0DB7EF8-B6F3-4005-9937-FEB77B9E1B43}" EventSourceName="AutoEnrollment"></Provider>
<EventID Qualifiers="32768">64</EventID>
<Version>0</Version>
<Level>3</Level>
<Task>0</Task>
<Opcode>0</Opcode>
<Keywords>0x0080000000000000</Keywords>
<TimeCreated SystemTime="2025-08-06 02:15:14.858040+00:00"></TimeCreated>
<EventRecordID>3139202</EventRecordID>
<Correlation ActivityID="" RelatedActivityID=""></Correlation>
<Execution ProcessID="0" ThreadID="0"></Execution>
<Channel>Application</Channel>
<Computer>WS101.commercevision.cloud</Computer>
<Security UserID=""></Security>
</System>
<EventData><Data Name="Context">local system</Data>
<Data Name="ObjId">90 87 54 de 0c 04 3c 8d 47 37 61 38 82 bb 4e 65 04 3b 4c c1</Data>
</EventData>
</Event>
<Event xmlns="http://schemas.microsoft.com/win/2004/08/events/event"><System><Provider Name="Microsoft-Windows-CertificateServicesClient-AutoEnrollment" Guid="{F0DB7EF8-B6F3-4005-9937-FEB77B9E1B43}" EventSourceName="AutoEnrollment"></Provider>
<EventID Qualifiers="32768">64</EventID>
<Version>0</Version>
<Level>3</Level>
<Task>0</Task>
<Opcode>0</Opcode>
<Keywords>0x0080000000000000</Keywords>
<TimeCreated SystemTime="2025-08-06 02:15:14.858040+00:00"></TimeCreated>
<EventRecordID>3139203</EventRecordID>
<Correlation ActivityID="" RelatedActivityID=""></Correlation>
<Execution ProcessID="0" ThreadID="0"></Execution>
<Channel>Application</Channel>
<Computer>WS101.commercevision.cloud</Computer>
<Security UserID=""></Security>
</System>
<EventData><Data Name="Context">local system</Data>
<Data Name="ObjId">8b 41 a5 f1 cd 64 c5 30 ff 8a 2a f3 1e 53 9b b3 8c 29 14 52</Data>
</EventData>
</Event>
<Event xmlns="http://schemas.microsoft.com/win/2004/08/events/event"><System><Provider Name="Microsoft-Windows-CertificateServicesClient-AutoEnrollment" Guid="{F0DB7EF8-B6F3-4005-9937-FEB77B9E1B43}" EventSourceName="AutoEnrollment"></Provider>
<EventID Qualifiers="32768">64</EventID>
<Version>0</Version>
<Level>3</Level>
<Task>0</Task>
<Opcode>0</Opcode>
<Keywords>0x0080000000000000</Keywords>
<TimeCreated SystemTime="2025-08-06 02:15:14.858040+00:00"></TimeCreated>
<EventRecordID>3139204</EventRecordID>
<Correlation ActivityID="" RelatedActivityID=""></Correlation>
<Execution ProcessID="0" ThreadID="0"></Execution>
<Channel>Application</Channel>
<Computer>WS101.commercevision.cloud</Computer>
<Security UserID=""></Security>
</System>
<EventData><Data Name="Context">local system</Data>
<Data Name="ObjId">89 52 37 4f 5d db db 3e be 19 77 79 a8 56 5d ba b5 7d 2e 62</Data>
</EventData>
</Event>
<Event xmlns="http://schemas.microsoft.com/win/2004/08/events/event"><System><Provider Name="Microsoft-Windows-CertificateServicesClient-AutoEnrollment" Guid="{F0DB7EF8-B6F3-4005-9937-FEB77B9E1B43}" EventSourceName="AutoEnrollment"></Provider>
<EventID Qualifiers="32768">64</EventID>
<Version>0</Version>
<Level>3</Level>
<Task>0</Task>
<Opcode>0</Opcode>
<Keywords>0x0080000000000000</Keywords>
<TimeCreated SystemTime="2025-08-06 02:15:14.858040+00:00"></TimeCreated>
<EventRecordID>3139205</EventRecordID>
<Correlation ActivityID="" RelatedActivityID=""></Correlation>
<Execution ProcessID="0" ThreadID="0"></Execution>
<Channel>Application</Channel>
<Computer>WS101.commercevision.cloud</Computer>
<Security UserID=""></Security>
</System>
<EventData><Data Name="Context">local system</Data>
<Data Name="ObjId">84 af 35 4f da a5 0c 8b de 56 45 ab d7 6c 3b 2c 05 83 fb 5c</Data>
</EventData>
</Event>
<Event xmlns="http://schemas.microsoft.com/win/2004/08/events/event"><System><Provider Name="Microsoft-Windows-CertificateServicesClient-AutoEnrollment" Guid="{F0DB7EF8-B6F3-4005-9937-FEB77B9E1B43}" EventSourceName="AutoEnrollment"></Provider>
<EventID Qualifiers="32768">64</EventID>
<Version>0</Version>
<Level>3</Level>
<Task>0</Task>
<Opcode>0</Opcode>
<Keywords>0x0080000000000000</Keywords>
<TimeCreated SystemTime="2025-08-06 02:15:14.858040+00:00"></TimeCreated>
<EventRecordID>3139206</EventRecordID>
<Correlation ActivityID="" RelatedActivityID=""></Correlation>
<Execution ProcessID="0" ThreadID="0"></Execution>
<Channel>Application</Channel>
<Computer>WS101.commercevision.cloud</Computer>
<Security UserID=""></Security>
</System>
<EventData><Data Name="Context">local system</Data>
<Data Name="ObjId">82 e8 fa 02 f5 38 64 90 4f 13 b4 10 70 60 51 c1 da 50 47 8e</Data>
</EventData>
</Event>
<Event xmlns="http://schemas.microsoft.com/win/2004/08/events/event"><System><Provider Name="Microsoft-Windows-CertificateServicesClient-AutoEnrollment" Guid="{F0DB7EF8-B6F3-4005-9937-FEB77B9E1B43}" EventSourceName="AutoEnrollment"></Provider>
<EventID Qualifiers="32768">64</EventID>
<Version>0</Version>
<Level>3</Level>
<Task>0</Task>
<Opcode>0</Opcode>
<Keywords>0x0080000000000000</Keywords>
<TimeCreated SystemTime="2025-08-06 02:15:14.858040+00:00"></TimeCreated>
<EventRecordID>3139207</EventRecordID>
<Correlation ActivityID="" RelatedActivityID=""></Correlation>
<Execution ProcessID="0" ThreadID="0"></Execution>
<Channel>Application</Channel>
<Computer>WS101.commercevision.cloud</Computer>
<Security UserID=""></Security>
</System>
<EventData><Data Name="Context">local system</Data>
<Data Name="ObjId">80 2c fd f4 2a 76 88 d2 28 bb e8 df a2 91 39 1c e2 bb 3f 93</Data>
</EventData>
</Event>
<Event xmlns="http://schemas.microsoft.com/win/2004/08/events/event"><System><Provider Name="Microsoft-Windows-CertificateServicesClient-AutoEnrollment" Guid="{F0DB7EF8-B6F3-4005-9937-FEB77B9E1B43}" EventSourceName="AutoEnrollment"></Provider>
<EventID Qualifiers="32768">64</EventID>
<Version>0</Version>
<Level>3</Level>
<Task>0</Task>
<Opcode>0</Opcode>
<Keywords>0x0080000000000000</Keywords>
<TimeCreated SystemTime="2025-08-06 02:15:14.858040+00:00"></TimeCreated>
<EventRecordID>3139208</EventRecordID>
<Correlation ActivityID="" RelatedActivityID=""></Correlation>
<Execution ProcessID="0" ThreadID="0"></Execution>
<Channel>Application</Channel>
<Computer>WS101.commercevision.cloud</Computer>
<Security UserID=""></Security>
</System>
<EventData><Data Name="Context">local system</Data>
<Data Name="ObjId">7f c0 34 66 b7 7c 14 30 91 39 2b 55 ed af 5b a1 fc b4 1a 92</Data>
</EventData>
</Event>
<Event xmlns="http://schemas.microsoft.com/win/2004/08/events/event"><System><Provider Name="Microsoft-Windows-CertificateServicesClient-AutoEnrollment" Guid="{F0DB7EF8-B6F3-4005-9937-FEB77B9E1B43}" EventSourceName="AutoEnrollment"></Provider>
<EventID Qualifiers="32768">64</EventID>
<Version>0</Version>
<Level>3</Level>
<Task>0</Task>
<Opcode>0</Opcode>
<Keywords>0x0080000000000000</Keywords>
<TimeCreated SystemTime="2025-08-06 02:15:14.858040+00:00"></TimeCreated>
<EventRecordID>3139209</EventRecordID>
<Correlation ActivityID="" RelatedActivityID=""></Correlation>
<Execution ProcessID="0" ThreadID="0"></Execution>
<Channel>Application</Channel>
<Computer>WS101.commercevision.cloud</Computer>
<Security UserID=""></Security>
</System>
<EventData><Data Name="Context">local system</Data>
<Data Name="ObjId">7e f9 f6 af b1 cc 5c a5 1f fd 77 f4 12 d2 7f b7 28 e8 b5 af</Data>
</EventData>
</Event>
<Event xmlns="http://schemas.microsoft.com/win/2004/08/events/event"><System><Provider Name="Microsoft-Windows-CertificateServicesClient-AutoEnrollment" Guid="{F0DB7EF8-B6F3-4005-9937-FEB77B9E1B43}" EventSourceName="AutoEnrollment"></Provider>
<EventID Qualifiers="32768">64</EventID>
<Version>0</Version>
<Level>3</Level>
<Task>0</Task>
<Opcode>0</Opcode>
<Keywords>0x0080000000000000</Keywords>
<TimeCreated SystemTime="2025-08-06 02:15:14.858040+00:00"></TimeCreated>
<EventRecordID>3139210</EventRecordID>
<Correlation ActivityID="" RelatedActivityID=""></Correlation>
<Execution ProcessID="0" ThreadID="0"></Execution>
<Channel>Application</Channel>
<Computer>WS101.commercevision.cloud</Computer>
<Security UserID=""></Security>
</System>
<EventData><Data Name="Context">local system</Data>
<Data Name="ObjId">7d e0 30 73 5f 4b 16 07 5c 62 3e 0a 62 b2 5b 30 e8 27 5b e0</Data>
</EventData>
</Event>
<Event xmlns="http://schemas.microsoft.com/win/2004/08/events/event"><System><Provider Name="Microsoft-Windows-CertificateServicesClient-AutoEnrollment" Guid="{F0DB7EF8-B6F3-4005-9937-FEB77B9E1B43}" EventSourceName="AutoEnrollment"></Provider>
<EventID Qualifiers="32768">64</EventID>
<Version>0</Version>
<Level>3</Level>
<Task>0</Task>
<Opcode>0</Opcode>
<Keywords>0x0080000000000000</Keywords>
<TimeCreated SystemTime="2025-08-06 02:15:14.858040+00:00"></TimeCreated>
<EventRecordID>3139211</EventRecordID>
<Correlation ActivityID="" RelatedActivityID=""></Correlation>
<Execution ProcessID="0" ThreadID="0"></Execution>
<Channel>Application</Channel>
<Computer>WS101.commercevision.cloud</Computer>
<Security UserID=""></Security>
</System>
<EventData><Data Name="Context">local system</Data>
<Data Name="ObjId">7d 39 cf d8 fc ea 84 5a 64 01 d8 e3 37 fa 1a df 79 7c b8 c1</Data>
</EventData>
</Event>
<Event xmlns="http://schemas.microsoft.com/win/2004/08/events/event"><System><Provider Name="Microsoft-Windows-CertificateServicesClient-AutoEnrollment" Guid="{F0DB7EF8-B6F3-4005-9937-FEB77B9E1B43}" EventSourceName="AutoEnrollment"></Provider>
<EventID Qualifiers="32768">64</EventID>
<Version>0</Version>
<Level>3</Level>
<Task>0</Task>
<Opcode>0</Opcode>
<Keywords>0x0080000000000000</Keywords>
<TimeCreated SystemTime="2025-08-06 02:15:14.858040+00:00"></TimeCreated>
<EventRecordID>3139212</EventRecordID>
<Correlation ActivityID="" RelatedActivityID=""></Correlation>
<Execution ProcessID="0" ThreadID="0"></Execution>
<Channel>Application</Channel>
<Computer>WS101.commercevision.cloud</Computer>
<Security UserID=""></Security>
</System>
<EventData><Data Name="Context">local system</Data>
<Data Name="ObjId">7b 9a 66 93 e3 87 b0 05 d8 f6 f2 94 63 5b 8a 53 69 f7 52 19</Data>
</EventData>
</Event>
<Event xmlns="http://schemas.microsoft.com/win/2004/08/events/event"><System><Provider Name="Microsoft-Windows-CertificateServicesClient-AutoEnrollment" Guid="{F0DB7EF8-B6F3-4005-9937-FEB77B9E1B43}" EventSourceName="AutoEnrollment"></Provider>
<EventID Qualifiers="32768">64</EventID>
<Version>0</Version>
<Level>3</Level>
<Task>0</Task>
<Opcode>0</Opcode>
<Keywords>0x0080000000000000</Keywords>
<TimeCreated SystemTime="2025-08-06 02:15:14.858040+00:00"></TimeCreated>
<EventRecordID>3139213</EventRecordID>
<Correlation ActivityID="" RelatedActivityID=""></Correlation>
<Execution ProcessID="0" ThreadID="0"></Execution>
<Channel>Application</Channel>
<Computer>WS101.commercevision.cloud</Computer>
<Security UserID=""></Security>
</System>
<EventData><Data Name="Context">local system</Data>
<Data Name="ObjId">7b 37 cb ec a4 e7 1b 1e 45 da b2 d3 2b fb 64 c4 5a a8 3c ec</Data>
</EventData>
</Event>
<Event xmlns="http://schemas.microsoft.com/win/2004/08/events/event"><System><Provider Name="Microsoft-Windows-CertificateServicesClient-AutoEnrollment" Guid="{F0DB7EF8-B6F3-4005-9937-FEB77B9E1B43}" EventSourceName="AutoEnrollment"></Provider>
<EventID Qualifiers="32768">64</EventID>
<Version>0</Version>
<Level>3</Level>
<Task>0</Task>
<Opcode>0</Opcode>
<Keywords>0x0080000000000000</Keywords>
<TimeCreated SystemTime="2025-08-06 02:15:14.858040+00:00"></TimeCreated>
<EventRecordID>3139214</EventRecordID>
<Correlation ActivityID="" RelatedActivityID=""></Correlation>
<Execution ProcessID="0" ThreadID="0"></Execution>
<Channel>Application</Channel>
<Computer>WS101.commercevision.cloud</Computer>
<Security UserID=""></Security>
</System>
<EventData><Data Name="Context">local system</Data>
<Data Name="ObjId">7b 32 b5 d4 90 12 b8 d8 d4 c9 9d e3 db 29 89 d9 cf 6c 2c f5</Data>
</EventData>
</Event>
<Event xmlns="http://schemas.microsoft.com/win/2004/08/events/event"><System><Provider Name="Microsoft-Windows-CertificateServicesClient-AutoEnrollment" Guid="{F0DB7EF8-B6F3-4005-9937-FEB77B9E1B43}" EventSourceName="AutoEnrollment"></Provider>
<EventID Qualifiers="32768">64</EventID>
<Version>0</Version>
<Level>3</Level>
<Task>0</Task>
<Opcode>0</Opcode>
<Keywords>0x0080000000000000</Keywords>
<TimeCreated SystemTime="2025-08-06 02:15:14.858040+00:00"></TimeCreated>
<EventRecordID>3139215</EventRecordID>
<Correlation ActivityID="" RelatedActivityID=""></Correlation>
<Execution ProcessID="0" ThreadID="0"></Execution>
<Channel>Application</Channel>
<Computer>WS101.commercevision.cloud</Computer>
<Security UserID=""></Security>
</System>
<EventData><Data Name="Context">local system</Data>
<Data Name="ObjId">7a ce 6d 27 91 69 0e 28 14 a5 14 01 73 09 89 9d 48 a4 8c 6d</Data>
</EventData>
</Event>
<Event xmlns="http://schemas.microsoft.com/win/2004/08/events/event"><System><Provider Name="Microsoft-Windows-CertificateServicesClient-AutoEnrollment" Guid="{F0DB7EF8-B6F3-4005-9937-FEB77B9E1B43}" EventSourceName="AutoEnrollment"></Provider>
<EventID Qualifiers="32768">64</EventID>
<Version>0</Version>
<Level>3</Level>
<Task>0</Task>
<Opcode>0</Opcode>
<Keywords>0x0080000000000000</Keywords>
<TimeCreated SystemTime="2025-08-06 02:15:14.858040+00:00"></TimeCreated>
<EventRecordID>3139216</EventRecordID>
<Correlation ActivityID="" RelatedActivityID=""></Correlation>
<Execution ProcessID="0" ThreadID="0"></Execution>
<Channel>Application</Channel>
<Computer>WS101.commercevision.cloud</Computer>
<Security UserID=""></Security>
</System>
<EventData><Data Name="Context">local system</Data>
<Data Name="ObjId">79 49 b4 f3 79 c5 a0 bd ff 41 43 74 28 1e 59 2c 52 f9 1b 30</Data>
</EventData>
</Event>
<Event xmlns="http://schemas.microsoft.com/win/2004/08/events/event"><System><Provider Name="Microsoft-Windows-CertificateServicesClient-AutoEnrollment" Guid="{F0DB7EF8-B6F3-4005-9937-FEB77B9E1B43}" EventSourceName="AutoEnrollment"></Provider>
<EventID Qualifiers="32768">64</EventID>
<Version>0</Version>
<Level>3</Level>
<Task>0</Task>
<Opcode>0</Opcode>
<Keywords>0x0080000000000000</Keywords>
<TimeCreated SystemTime="2025-08-06 02:15:14.858040+00:00"></TimeCreated>
<EventRecordID>3139217</EventRecordID>
<Correlation ActivityID="" RelatedActivityID=""></Correlation>
<Execution ProcessID="0" ThreadID="0"></Execution>
<Channel>Application</Channel>
<Computer>WS101.commercevision.cloud</Computer>
<Security UserID=""></Security>
</System>
<EventData><Data Name="Context">local system</Data>
<Data Name="ObjId">78 8f 8b 97 c1 68 dd d3 15 74 70 09 de 86 d1 a8 7d 4f 26 08</Data>
</EventData>
</Event>
<Event xmlns="http://schemas.microsoft.com/win/2004/08/events/event"><System><Provider Name="Microsoft-Windows-CertificateServicesClient-AutoEnrollment" Guid="{F0DB7EF8-B6F3-4005-9937-FEB77B9E1B43}" EventSourceName="AutoEnrollment"></Provider>
<EventID Qualifiers="32768">64</EventID>
<Version>0</Version>
<Level>3</Level>
<Task>0</Task>
<Opcode>0</Opcode>
<Keywords>0x0080000000000000</Keywords>
<TimeCreated SystemTime="2025-08-06 02:15:14.858040+00:00"></TimeCreated>
<EventRecordID>3139218</EventRecordID>
<Correlation ActivityID="" RelatedActivityID=""></Correlation>
<Execution ProcessID="0" ThreadID="0"></Execution>
<Channel>Application</Channel>
<Computer>WS101.commercevision.cloud</Computer>
<Security UserID=""></Security>
</System>
<EventData><Data Name="Context">local system</Data>
<Data Name="ObjId">77 95 c1 0b 62 0f 5a 92 01 98 1e 60 94 96 81 b9 6e 8b 05 04</Data>
</EventData>
</Event>
<Event xmlns="http://schemas.microsoft.com/win/2004/08/events/event"><System><Provider Name="Microsoft-Windows-CertificateServicesClient-AutoEnrollment" Guid="{F0DB7EF8-B6F3-4005-9937-FEB77B9E1B43}" EventSourceName="AutoEnrollment"></Provider>
<EventID Qualifiers="32768">64</EventID>
<Version>0</Version>
<Level>3</Level>
<Task>0</Task>
<Opcode>0</Opcode>
<Keywords>0x0080000000000000</Keywords>
<TimeCreated SystemTime="2025-08-06 02:15:14.858040+00:00"></TimeCreated>
<EventRecordID>3139219</EventRecordID>
<Correlation ActivityID="" RelatedActivityID=""></Correlation>
<Execution ProcessID="0" ThreadID="0"></Execution>
<Channel>Application</Channel>
<Computer>WS101.commercevision.cloud</Computer>
<Security UserID=""></Security>
</System>
<EventData><Data Name="Context">local system</Data>
<Data Name="ObjId">75 ed fa 6f d8 71 c3 e7 d7 7c 45 a9 f2 f6 95 80 7c 0a 67 21</Data>
</EventData>
</Event>
<Event xmlns="http://schemas.microsoft.com/win/2004/08/events/event"><System><Provider Name="Microsoft-Windows-CertificateServicesClient-AutoEnrollment" Guid="{F0DB7EF8-B6F3-4005-9937-FEB77B9E1B43}" EventSourceName="AutoEnrollment"></Provider>
<EventID Qualifiers="32768">64</EventID>
<Version>0</Version>
<Level>3</Level>
<Task>0</Task>
<Opcode>0</Opcode>
<Keywords>0x0080000000000000</Keywords>
<TimeCreated SystemTime="2025-08-06 02:15:14.858040+00:00"></TimeCreated>
<EventRecordID>3139220</EventRecordID>
<Correlation ActivityID="" RelatedActivityID=""></Correlation>
<Execution ProcessID="0" ThreadID="0"></Execution>
<Channel>Application</Channel>
<Computer>WS101.commercevision.cloud</Computer>
<Security UserID=""></Security>
</System>
<EventData><Data Name="Context">local system</Data>
<Data Name="ObjId">75 9d 6f 0a a3 f5 20 f8 2e 69 9c db 71 bc 61 e8 ae cb db 38</Data>
</EventData>
</Event>
<Event xmlns="http://schemas.microsoft.com/win/2004/08/events/event"><System><Provider Name="Microsoft-Windows-CertificateServicesClient-AutoEnrollment" Guid="{F0DB7EF8-B6F3-4005-9937-FEB77B9E1B43}" EventSourceName="AutoEnrollment"></Provider>
<EventID Qualifiers="32768">64</EventID>
<Version>0</Version>
<Level>3</Level>
<Task>0</Task>
<Opcode>0</Opcode>
<Keywords>0x0080000000000000</Keywords>
<TimeCreated SystemTime="2025-08-06 02:15:14.858040+00:00"></TimeCreated>
<EventRecordID>3139221</EventRecordID>
<Correlation ActivityID="" RelatedActivityID=""></Correlation>
<Execution ProcessID="0" ThreadID="0"></Execution>
<Channel>Application</Channel>
<Computer>WS101.commercevision.cloud</Computer>
<Security UserID=""></Security>
</System>
<EventData><Data Name="Context">local system</Data>
<Data Name="ObjId">73 c0 98 5c 74 a5 cd 34 95 86 60 ad 0e e2 cf 67 72 15 66 fd</Data>
</EventData>
</Event>
<Event xmlns="http://schemas.microsoft.com/win/2004/08/events/event"><System><Provider Name="Microsoft-Windows-CertificateServicesClient-AutoEnrollment" Guid="{F0DB7EF8-B6F3-4005-9937-FEB77B9E1B43}" EventSourceName="AutoEnrollment"></Provider>
<EventID Qualifiers="32768">64</EventID>
<Version>0</Version>
<Level>3</Level>
<Task>0</Task>
<Opcode>0</Opcode>
<Keywords>0x0080000000000000</Keywords>
<TimeCreated SystemTime="2025-08-06 02:15:14.858040+00:00"></TimeCreated>
<EventRecordID>3139222</EventRecordID>
<Correlation ActivityID="" RelatedActivityID=""></Correlation>
<Execution ProcessID="0" ThreadID="0"></Execution>
<Channel>Application</Channel>
<Computer>WS101.commercevision.cloud</Computer>
<Security UserID=""></Security>
</System>
<EventData><Data Name="Context">local system</Data>
<Data Name="ObjId">73 8b e1 b7 47 aa 84 7f 21 5c ee 23 f4 c7 39 94 4e 99 ee b8</Data>
</EventData>
</Event>
<Event xmlns="http://schemas.microsoft.com/win/2004/08/events/event"><System><Provider Name="Microsoft-Windows-CertificateServicesClient-AutoEnrollment" Guid="{F0DB7EF8-B6F3-4005-9937-FEB77B9E1B43}" EventSourceName="AutoEnrollment"></Provider>
<EventID Qualifiers="32768">64</EventID>
<Version>0</Version>
<Level>3</Level>
<Task>0</Task>
<Opcode>0</Opcode>
<Keywords>0x0080000000000000</Keywords>
<TimeCreated SystemTime="2025-08-06 02:15:14.858040+00:00"></TimeCreated>
<EventRecordID>3139223</EventRecordID>
<Correlation ActivityID="" RelatedActivityID=""></Correlation>
<Execution ProcessID="0" ThreadID="0"></Execution>
<Channel>Application</Channel>
<Computer>WS101.commercevision.cloud</Computer>
<Security UserID=""></Security>
</System>
<EventData><Data Name="Context">local system</Data>
<Data Name="ObjId">73 0d a4 7c 54 5e f2 ab 74 73 15 e5 7b 0f 59 48 87 34 f9 36</Data>
</EventData>
</Event>
<Event xmlns="http://schemas.microsoft.com/win/2004/08/events/event"><System><Provider Name="Microsoft-Windows-CertificateServicesClient-AutoEnrollment" Guid="{F0DB7EF8-B6F3-4005-9937-FEB77B9E1B43}" EventSourceName="AutoEnrollment"></Provider>
<EventID Qualifiers="32768">64</EventID>
<Version>0</Version>
<Level>3</Level>
<Task>0</Task>
<Opcode>0</Opcode>
<Keywords>0x0080000000000000</Keywords>
<TimeCreated SystemTime="2025-08-06 02:15:14.858040+00:00"></TimeCreated>
<EventRecordID>3139224</EventRecordID>
<Correlation ActivityID="" RelatedActivityID=""></Correlation>
<Execution ProcessID="0" ThreadID="0"></Execution>
<Channel>Application</Channel>
<Computer>WS101.commercevision.cloud</Computer>
<Security UserID=""></Security>
</System>
<EventData><Data Name="Context">local system</Data>
<Data Name="ObjId">72 a2 3d 8d 6e 82 98 8d 04 42 7c 50 05 0e 53 18 51 eb 8c a7</Data>
</EventData>
</Event>
<Event xmlns="http://schemas.microsoft.com/win/2004/08/events/event"><System><Provider Name="Microsoft-Windows-CertificateServicesClient-AutoEnrollment" Guid="{F0DB7EF8-B6F3-4005-9937-FEB77B9E1B43}" EventSourceName="AutoEnrollment"></Provider>
<EventID Qualifiers="32768">64</EventID>
<Version>0</Version>
<Level>3</Level>
<Task>0</Task>
<Opcode>0</Opcode>
<Keywords>0x0080000000000000</Keywords>
<TimeCreated SystemTime="2025-08-06 02:15:14.858040+00:00"></TimeCreated>
<EventRecordID>3139225</EventRecordID>
<Correlation ActivityID="" RelatedActivityID=""></Correlation>
<Execution ProcessID="0" ThreadID="0"></Execution>
<Channel>Application</Channel>
<Computer>WS101.commercevision.cloud</Computer>
<Security UserID=""></Security>
</System>
<EventData><Data Name="Context">local system</Data>
<Data Name="ObjId">6e 1e 17 14 44 41 fe 9b 8c a4 8e 17 c5 52 d4 0e f6 d4 33 11</Data>
</EventData>
</Event>
<Event xmlns="http://schemas.microsoft.com/win/2004/08/events/event"><System><Provider Name="Microsoft-Windows-CertificateServicesClient-AutoEnrollment" Guid="{F0DB7EF8-B6F3-4005-9937-FEB77B9E1B43}" EventSourceName="AutoEnrollment"></Provider>
<EventID Qualifiers="32768">64</EventID>
<Version>0</Version>
<Level>3</Level>
<Task>0</Task>
<Opcode>0</Opcode>
<Keywords>0x0080000000000000</Keywords>
<TimeCreated SystemTime="2025-08-06 02:15:14.858040+00:00"></TimeCreated>
<EventRecordID>3139226</EventRecordID>
<Correlation ActivityID="" RelatedActivityID=""></Correlation>
<Execution ProcessID="0" ThreadID="0"></Execution>
<Channel>Application</Channel>
<Computer>WS101.commercevision.cloud</Computer>
<Security UserID=""></Security>
</System>
<EventData><Data Name="Context">local system</Data>
<Data Name="ObjId">69 58 f1 9d bb 27 2f dc 23 81 68 e3 27 5a 2e 4b f6 b2 38 da</Data>
</EventData>
</Event>
