Parsed events from system.evtx:
<Event xmlns="http://schemas.microsoft.com/win/2004/08/events/event"><System><Provider Name="Microsoft-Windows-RestartManager" Guid="{0888e5ef-9b98-4695-979d-e92ce4247224}"></Provider>
<EventID Qualifiers="">10001</EventID>
<Version>0</Version>
<Level>4</Level>
<Task>0</Task>
<Opcode>0</Opcode>
<Keywords>0x8000000000000000</Keywords>
<TimeCreated SystemTime="2025-08-05 23:36:36.864204+00:00"></TimeCreated>
<EventRecordID>3139117</EventRecordID>
<Correlation ActivityID="" RelatedActivityID=""></Correlation>
<Execution ProcessID="81356" ThreadID="17432"></Execution>
<Channel>Application</Channel>
<Computer>WS101.commercevision.cloud</Computer>
<Security UserID="S-1-5-18"></Security>
</System>
<UserData><RmSessionEvent xmlns="http://www.microsoft.com/2005/08/Windows/Reliability/RestartManager/"><RmSessionId>0</RmSessionId>
<UTCStartTime>2025-08-05 23:36:20.938667+00:00</UTCStartTime>
</RmSessionEvent>
</UserData>
</Event>
<Event xmlns="http://schemas.microsoft.com/win/2004/08/events/event"><System><Provider Name="Microsoft-Windows-CertificateServicesClient-AutoEnrollment" Guid="{F0DB7EF8-B6F3-4005-9937-FEB77B9E1B43}" EventSourceName="AutoEnrollment"></Provider>
<EventID Qualifiers="32768">64</EventID>
<Version>0</Version>
<Level>3</Level>
<Task>0</Task>
<Opcode>0</Opcode>
<Keywords>0x0080000000000000</Keywords>
<TimeCreated SystemTime="2025-08-06 02:15:14.811165+00:00"></TimeCreated>
<EventRecordID>3139118</EventRecordID>
<Correlation ActivityID="" RelatedActivityID=""></Correlation>
<Execution ProcessID="0" ThreadID="0"></Execution>
<Channel>Application</Channel>
<Computer>WS101.commercevision.cloud</Computer>
<Security UserID=""></Security>
</System>
<EventData><Data Name="Context">local system</Data>
<Data Name="ObjId">ff ed ad bb 69 66 d2 7d 4e ad db 53 20 e1 74 dd 62 1e c3 b1</Data>
</EventData>
</Event>
<Event xmlns="http://schemas.microsoft.com/win/2004/08/events/event"><System><Provider Name="Microsoft-Windows-CertificateServicesClient-AutoEnrollment" Guid="{F0DB7EF8-B6F3-4005-9937-FEB77B9E1B43}" EventSourceName="AutoEnrollment"></Provider>
<EventID Qualifiers="32768">64</EventID>
<Version>0</Version>
<Level>3</Level>
<Task>0</Task>
<Opcode>0</Opcode>
<Keywords>0x0080000000000000</Keywords>
<TimeCreated SystemTime="2025-08-06 02:15:14.811165+00:00"></TimeCreated>
<EventRecordID>3139119</EventRecordID>
<Correlation ActivityID="" RelatedActivityID=""></Correlation>
<Execution ProcessID="0" ThreadID="0"></Execution>
<Channel>Application</Channel>
<Computer>WS101.commercevision.cloud</Computer>
<Security UserID=""></Security>
</System>
<EventData><Data Name="Context">local system</Data>
<Data Name="ObjId">fc e9 ef c5 70 4f 0e c1 9e 3c 9e 6f a2 c0 4b 85 d6 b4 d4 12</Data>
</EventData>
</Event>
<Event xmlns="http://schemas.microsoft.com/win/2004/08/events/event"><System><Provider Name="Microsoft-Windows-CertificateServicesClient-AutoEnrollment" Guid="{F0DB7EF8-B6F3-4005-9937-FEB77B9E1B43}" EventSourceName="AutoEnrollment"></Provider>
<EventID Qualifiers="32768">64</EventID>
<Version>0</Version>
<Level>3</Level>
<Task>0</Task>
<Opcode>0</Opcode>
<Keywords>0x0080000000000000</Keywords>
<TimeCreated SystemTime="2025-08-06 02:15:14.811165+00:00"></TimeCreated>
<EventRecordID>3139120</EventRecordID>
<Correlation ActivityID="" RelatedActivityID=""></Correlation>
<Execution ProcessID="0" ThreadID="0"></Execution>
<Channel>Application</Channel>
<Computer>WS101.commercevision.cloud</Computer>
<Security UserID=""></Security>
</System>
<EventData><Data Name="Context">local system</Data>
<Data Name="ObjId">fc 80 ee 22 ae 98 34 76 a6 7e 40 98 69 49 62 12 27 e3 9f 48</Data>
</EventData>
</Event>
<Event xmlns="http://schemas.microsoft.com/win/2004/08/events/event"><System><Provider Name="Microsoft-Windows-CertificateServicesClient-AutoEnrollment" Guid="{F0DB7EF8-B6F3-4005-9937-FEB77B9E1B43}" EventSourceName="AutoEnrollment"></Provider>
<EventID Qualifiers="32768">64</EventID>
<Version>0</Version>
<Level>3</Level>
<Task>0</Task>
<Opcode>0</Opcode>
<Keywords>0x0080000000000000</Keywords>
<TimeCreated SystemTime="2025-08-06 02:15:14.811165+00:00"></TimeCreated>
<EventRecordID>3139121</EventRecordID>
<Correlation ActivityID="" RelatedActivityID=""></Correlation>
<Execution ProcessID="0" ThreadID="0"></Execution>
<Channel>Application</Channel>
<Computer>WS101.commercevision.cloud</Computer>
<Security UserID=""></Security>
</System>
<EventData><Data Name="Context">local system</Data>
<Data Name="ObjId">f9 5c 55 91 0c 08 e3 81 5b f4 31 b7 78 15 c8 51 89 c7 47 4a</Data>
</EventData>
</Event>
<Event xmlns="http://schemas.microsoft.com/win/2004/08/events/event"><System><Provider Name="Microsoft-Windows-CertificateServicesClient-AutoEnrollment" Guid="{F0DB7EF8-B6F3-4005-9937-FEB77B9E1B43}" EventSourceName="AutoEnrollment"></Provider>
<EventID Qualifiers="32768">64</EventID>
<Version>0</Version>
<Level>3</Level>
<Task>0</Task>
<Opcode>0</Opcode>
<Keywords>0x0080000000000000</Keywords>
<TimeCreated SystemTime="2025-08-06 02:15:14.811165+00:00"></TimeCreated>
<EventRecordID>3139122</EventRecordID>
<Correlation ActivityID="" RelatedActivityID=""></Correlation>
<Execution ProcessID="0" ThreadID="0"></Execution>
<Channel>Application</Channel>
<Computer>WS101.commercevision.cloud</Computer>
<Security UserID=""></Security>
</System>
<EventData><Data Name="Context">local system</Data>
<Data Name="ObjId">f8 51 bc e0 da fe 64 79 f7 da 2f 83 be bf af 1a 69 7a 9a 1d</Data>
</EventData>
</Event>
<Event xmlns="http://schemas.microsoft.com/win/2004/08/events/event"><System><Provider Name="Microsoft-Windows-CertificateServicesClient-AutoEnrollment" Guid="{F0DB7EF8-B6F3-4005-9937-FEB77B9E1B43}" EventSourceName="AutoEnrollment"></Provider>
<EventID Qualifiers="32768">64</EventID>
<Version>0</Version>
<Level>3</Level>
<Task>0</Task>
<Opcode>0</Opcode>
<Keywords>0x0080000000000000</Keywords>
<TimeCreated SystemTime="2025-08-06 02:15:14.811165+00:00"></TimeCreated>
<EventRecordID>3139123</EventRecordID>
<Correlation ActivityID="" RelatedActivityID=""></Correlation>
<Execution ProcessID="0" ThreadID="0"></Execution>
<Channel>Application</Channel>
<Computer>WS101.commercevision.cloud</Computer>
<Security UserID=""></Security>
</System>
<EventData><Data Name="Context">local system</Data>
<Data Name="ObjId">f4 23 90 a7 69 6c 0b 25 1e d9 45 4e 52 1e 1a 53 80 8b d3 60</Data>
</EventData>
</Event>
<Event xmlns="http://schemas.microsoft.com/win/2004/08/events/event"><System><Provider Name="Microsoft-Windows-CertificateServicesClient-AutoEnrollment" Guid="{F0DB7EF8-B6F3-4005-9937-FEB77B9E1B43}" EventSourceName="AutoEnrollment"></Provider>
<EventID Qualifiers="32768">64</EventID>
<Version>0</Version>
<Level>3</Level>
<Task>0</Task>
<Opcode>0</Opcode>
<Keywords>0x0080000000000000</Keywords>
<TimeCreated SystemTime="2025-08-06 02:15:14.811165+00:00"></TimeCreated>
<EventRecordID>3139124</EventRecordID>
<Correlation ActivityID="" RelatedActivityID=""></Correlation>
<Execution ProcessID="0" ThreadID="0"></Execution>
<Channel>Application</Channel>
<Computer>WS101.commercevision.cloud</Computer>
<Security UserID=""></Security>
</System>
<EventData><Data Name="Context">local system</Data>
<Data Name="ObjId">f3 a5 84 be f1 a5 50 18 85 16 af b9 da 09 12 ce 0c 03 b6 c4</Data>
</EventData>
</Event>
<Event xmlns="http://schemas.microsoft.com/win/2004/08/events/event"><System><Provider Name="Microsoft-Windows-CertificateServicesClient-AutoEnrollment" Guid="{F0DB7EF8-B6F3-4005-9937-FEB77B9E1B43}" EventSourceName="AutoEnrollment"></Provider>
<EventID Qualifiers="32768">64</EventID>
<Version>0</Version>
<Level>3</Level>
<Task>0</Task>
<Opcode>0</Opcode>
<Keywords>0x0080000000000000</Keywords>
<TimeCreated SystemTime="2025-08-06 02:15:14.811165+00:00"></TimeCreated>
<EventRecordID>3139125</EventRecordID>
<Correlation ActivityID="" RelatedActivityID=""></Correlation>
<Execution ProcessID="0" ThreadID="0"></Execution>
<Channel>Application</Channel>
<Computer>WS101.commercevision.cloud</Computer>
<Security UserID=""></Security>
</System>
<EventData><Data Name="Context">local system</Data>
<Data Name="ObjId">f2 0e 44 7a e4 36 53 b5 33 56 fd e0 50 e3 75 08 73 1d cb 19</Data>
</EventData>
</Event>
<Event xmlns="http://schemas.microsoft.com/win/2004/08/events/event"><System><Provider Name="Microsoft-Windows-CertificateServicesClient-AutoEnrollment" Guid="{F0DB7EF8-B6F3-4005-9937-FEB77B9E1B43}" EventSourceName="AutoEnrollment"></Provider>
<EventID Qualifiers="32768">64</EventID>
<Version>0</Version>
<Level>3</Level>
<Task>0</Task>
<Opcode>0</Opcode>
<Keywords>0x0080000000000000</Keywords>
<TimeCreated SystemTime="2025-08-06 02:15:14.811165+00:00"></TimeCreated>
<EventRecordID>3139126</EventRecordID>
<Correlation ActivityID="" RelatedActivityID=""></Correlation>
<Execution ProcessID="0" ThreadID="0"></Execution>
<Channel>Application</Channel>
<Computer>WS101.commercevision.cloud</Computer>
<Security UserID=""></Security>
</System>
<EventData><Data Name="Context">local system</Data>
<Data Name="ObjId">f1 bc 0c 7a 94 b1 c6 e9 88 de 93 1c 76 39 f5 e9 9e 21 ae 5e</Data>
</EventData>
</Event>
<Event xmlns="http://schemas.microsoft.com/win/2004/08/events/event"><System><Provider Name="Microsoft-Windows-CertificateServicesClient-AutoEnrollment" Guid="{F0DB7EF8-B6F3-4005-9937-FEB77B9E1B43}" EventSourceName="AutoEnrollment"></Provider>
<EventID Qualifiers="32768">64</EventID>
<Version>0</Version>
<Level>3</Level>
<Task>0</Task>
<Opcode>0</Opcode>
<Keywords>0x0080000000000000</Keywords>
<TimeCreated SystemTime="2025-08-06 02:15:14.811165+00:00"></TimeCreated>
<EventRecordID>3139127</EventRecordID>
<Correlation ActivityID="" RelatedActivityID=""></Correlation>
<Execution ProcessID="0" ThreadID="0"></Execution>
<Channel>Application</Channel>
<Computer>WS101.commercevision.cloud</Computer>
<Security UserID=""></Security>
</System>
<EventData><Data Name="Context">local system</Data>
<Data Name="ObjId">ef 2c a3 ac 06 d5 2d 2c 8d 62 61 f2 0d fd e9 a3 c2 12 8e 4e</Data>
</EventData>
</Event>
<Event xmlns="http://schemas.microsoft.com/win/2004/08/events/event"><System><Provider Name="Microsoft-Windows-CertificateServicesClient-AutoEnrollment" Guid="{F0DB7EF8-B6F3-4005-9937-FEB77B9E1B43}" EventSourceName="AutoEnrollment"></Provider>
<EventID Qualifiers="32768">64</EventID>
<Version>0</Version>
<Level>3</Level>
<Task>0</Task>
<Opcode>0</Opcode>
<Keywords>0x0080000000000000</Keywords>
<TimeCreated SystemTime="2025-08-06 02:15:14.811165+00:00"></TimeCreated>
<EventRecordID>3139128</EventRecordID>
<Correlation ActivityID="" RelatedActivityID=""></Correlation>
<Execution ProcessID="0" ThreadID="0"></Execution>
<Channel>Application</Channel>
<Computer>WS101.commercevision.cloud</Computer>
<Security UserID=""></Security>
</System>
<EventData><Data Name="Context">local system</Data>
<Data Name="ObjId">ee 36 7a 9a d9 f6 71 38 7a 18 91 c4 de 55 49 1c 24 d6 7c 21</Data>
</EventData>
</Event>
<Event xmlns="http://schemas.microsoft.com/win/2004/08/events/event"><System><Provider Name="Microsoft-Windows-CertificateServicesClient-AutoEnrollment" Guid="{F0DB7EF8-B6F3-4005-9937-FEB77B9E1B43}" EventSourceName="AutoEnrollment"></Provider>
<EventID Qualifiers="32768">64</EventID>
<Version>0</Version>
<Level>3</Level>
<Task>0</Task>
<Opcode>0</Opcode>
<Keywords>0x0080000000000000</Keywords>
<TimeCreated SystemTime="2025-08-06 02:15:14.811165+00:00"></TimeCreated>
<EventRecordID>3139129</EventRecordID>
<Correlation ActivityID="" RelatedActivityID=""></Correlation>
<Execution ProcessID="0" ThreadID="0"></Execution>
<Channel>Application</Channel>
<Computer>WS101.commercevision.cloud</Computer>
<Security UserID=""></Security>
</System>
<EventData><Data Name="Context">local system</Data>
<Data Name="ObjId">ee 33 bd 8a c2 94 92 75 a2 c1 eb ba 5d da 50 e8 c7 09 91 57</Data>
</EventData>
</Event>
<Event xmlns="http://schemas.microsoft.com/win/2004/08/events/event"><System><Provider Name="Microsoft-Windows-CertificateServicesClient-AutoEnrollment" Guid="{F0DB7EF8-B6F3-4005-9937-FEB77B9E1B43}" EventSourceName="AutoEnrollment"></Provider>
<EventID Qualifiers="32768">64</EventID>
<Version>0</Version>
<Level>3</Level>
<Task>0</Task>
<Opcode>0</Opcode>
<Keywords>0x0080000000000000</Keywords>
<TimeCreated SystemTime="2025-08-06 02:15:14.811165+00:00"></TimeCreated>
<EventRecordID>3139130</EventRecordID>
<Correlation ActivityID="" RelatedActivityID=""></Correlation>
<Execution ProcessID="0" ThreadID="0"></Execution>
<Channel>Application</Channel>
<Computer>WS101.commercevision.cloud</Computer>
<Security UserID=""></Security>
</System>
<EventData><Data Name="Context">local system</Data>
<Data Name="ObjId">ed 6b fb d9 5c c3 5a c8 07 35 d9 0a dc 01 8c c4 4e af f1 55</Data>
</EventData>
</Event>
<Event xmlns="http://schemas.microsoft.com/win/2004/08/events/event"><System><Provider Name="Microsoft-Windows-CertificateServicesClient-AutoEnrollment" Guid="{F0DB7EF8-B6F3-4005-9937-FEB77B9E1B43}" EventSourceName="AutoEnrollment"></Provider>
<EventID Qualifiers="32768">64</EventID>
<Version>0</Version>
<Level>3</Level>
<Task>0</Task>
<Opcode>0</Opcode>
<Keywords>0x0080000000000000</Keywords>
<TimeCreated SystemTime="2025-08-06 02:15:14.811165+00:00"></TimeCreated>
<EventRecordID>3139131</EventRecordID>
<Correlation ActivityID="" RelatedActivityID=""></Correlation>
<Execution ProcessID="0" ThreadID="0"></Execution>
<Channel>Application</Channel>
<Computer>WS101.commercevision.cloud</Computer>
<Security UserID=""></Security>
</System>
<EventData><Data Name="Context">local system</Data>
<Data Name="ObjId">ed 6a c8 e4 bf 2b bc 44 dd 4d 0b 87 04 11 71 ad 0e 84 e3 33</Data>
</EventData>
</Event>
<Event xmlns="http://schemas.microsoft.com/win/2004/08/events/event"><System><Provider Name="Microsoft-Windows-CertificateServicesClient-AutoEnrollment" Guid="{F0DB7EF8-B6F3-4005-9937-FEB77B9E1B43}" EventSourceName="AutoEnrollment"></Provider>
<EventID Qualifiers="32768">64</EventID>
<Version>0</Version>
<Level>3</Level>
<Task>0</Task>
<Opcode>0</Opcode>
<Keywords>0x0080000000000000</Keywords>
<TimeCreated SystemTime="2025-08-06 02:15:14.811165+00:00"></TimeCreated>
<EventRecordID>3139132</EventRecordID>
<Correlation ActivityID="" RelatedActivityID=""></Correlation>
<Execution ProcessID="0" ThreadID="0"></Execution>
<Channel>Application</Channel>
<Computer>WS101.commercevision.cloud</Computer>
<Security UserID=""></Security>
</System>
<EventData><Data Name="Context">local system</Data>
<Data Name="ObjId">ec a7 21 49 82 c3 94 65 16 83 31 e0 07 63 cb 9b 54 02 be 57</Data>
</EventData>
</Event>
<Event xmlns="http://schemas.microsoft.com/win/2004/08/events/event"><System><Provider Name="Microsoft-Windows-CertificateServicesClient-AutoEnrollment" Guid="{F0DB7EF8-B6F3-4005-9937-FEB77B9E1B43}" EventSourceName="AutoEnrollment"></Provider>
<EventID Qualifiers="32768">64</EventID>
<Version>0</Version>
<Level>3</Level>
<Task>0</Task>
<Opcode>0</Opcode>
<Keywords>0x0080000000000000</Keywords>
<TimeCreated SystemTime="2025-08-06 02:15:14.811165+00:00"></TimeCreated>
<EventRecordID>3139133</EventRecordID>
<Correlation ActivityID="" RelatedActivityID=""></Correlation>
<Execution ProcessID="0" ThreadID="0"></Execution>
<Channel>Application</Channel>
<Computer>WS101.commercevision.cloud</Computer>
<Security UserID=""></Security>
</System>
<EventData><Data Name="Context">local system</Data>
<Data Name="ObjId">ea fa 3b f5 38 d1 19 22 e2 1c 13 52 7d 51 62 73 c3 55 81 d1</Data>
</EventData>
</Event>
<Event xmlns="http://schemas.microsoft.com/win/2004/08/events/event"><System><Provider Name="Microsoft-Windows-CertificateServicesClient-AutoEnrollment" Guid="{F0DB7EF8-B6F3-4005-9937-FEB77B9E1B43}" EventSourceName="AutoEnrollment"></Provider>
<EventID Qualifiers="32768">64</EventID>
<Version>0</Version>
<Level>3</Level>
<Task>0</Task>
<Opcode>0</Opcode>
<Keywords>0x0080000000000000</Keywords>
<TimeCreated SystemTime="2025-08-06 02:15:14.811165+00:00"></TimeCreated>
<EventRecordID>3139134</EventRecordID>
<Correlation ActivityID="" RelatedActivityID=""></Correlation>
<Execution ProcessID="0" ThreadID="0"></Execution>
<Channel>Application</Channel>
<Computer>WS101.commercevision.cloud</Computer>
<Security UserID=""></Security>
</System>
<EventData><Data Name="Context">local system</Data>
<Data Name="ObjId">ea df a1 e6 0b f5 5c 43 ac 2e ba 5a da 96 5b 26 44 e5 bf e7</Data>
</EventData>
</Event>
<Event xmlns="http://schemas.microsoft.com/win/2004/08/events/event"><System><Provider Name="Microsoft-Windows-CertificateServicesClient-AutoEnrollment" Guid="{F0DB7EF8-B6F3-4005-9937-FEB77B9E1B43}" EventSourceName="AutoEnrollment"></Provider>
<EventID Qualifiers="32768">64</EventID>
<Version>0</Version>
<Level>3</Level>
<Task>0</Task>
<Opcode>0</Opcode>
<Keywords>0x0080000000000000</Keywords>
<TimeCreated SystemTime="2025-08-06 02:15:14.811165+00:00"></TimeCreated>
<EventRecordID>3139135</EventRecordID>
<Correlation ActivityID="" RelatedActivityID=""></Correlation>
<Execution ProcessID="0" ThreadID="0"></Execution>
<Channel>Application</Channel>
<Computer>WS101.commercevision.cloud</Computer>
<Security UserID=""></Security>
</System>
<EventData><Data Name="Context">local system</Data>
<Data Name="ObjId">e9 ed 19 8a cd 07 89 54 cf f7 2b 9a 4c 39 92 ee 48 e0 22 a2</Data>
</EventData>
</Event>
<Event xmlns="http://schemas.microsoft.com/win/2004/08/events/event"><System><Provider Name="Microsoft-Windows-CertificateServicesClient-AutoEnrollment" Guid="{F0DB7EF8-B6F3-4005-9937-FEB77B9E1B43}" EventSourceName="AutoEnrollment"></Provider>
<EventID Qualifiers="32768">64</EventID>
<Version>0</Version>
<Level>3</Level>
<Task>0</Task>
<Opcode>0</Opcode>
<Keywords>0x0080000000000000</Keywords>
<TimeCreated SystemTime="2025-08-06 02:15:14.811165+00:00"></TimeCreated>
<EventRecordID>3139136</EventRecordID>
<Correlation ActivityID="" RelatedActivityID=""></Correlation>
<Execution ProcessID="0" ThreadID="0"></Execution>
<Channel>Application</Channel>
<Computer>WS101.commercevision.cloud</Computer>
<Security UserID=""></Security>
</System>
<EventData><Data Name="Context">local system</Data>
<Data Name="ObjId">e9 a2 9d 0d e8 c3 c6 cb 2e 61 b4 61 4c de e2 01 95 95 0c 7c</Data>
</EventData>
</Event>
<Event xmlns="http://schemas.microsoft.com/win/2004/08/events/event"><System><Provider Name="Microsoft-Windows-CertificateServicesClient-AutoEnrollment" Guid="{F0DB7EF8-B6F3-4005-9937-FEB77B9E1B43}" EventSourceName="AutoEnrollment"></Provider>
<EventID Qualifiers="32768">64</EventID>
<Version>0</Version>
<Level>3</Level>
<Task>0</Task>
<Opcode>0</Opcode>
<Keywords>0x0080000000000000</Keywords>
<TimeCreated SystemTime="2025-08-06 02:15:14.811165+00:00"></TimeCreated>
<EventRecordID>3139137</EventRecordID>
<Correlation ActivityID="" RelatedActivityID=""></Correlation>
<Execution ProcessID="0" ThreadID="0"></Execution>
<Channel>Application</Channel>
<Computer>WS101.commercevision.cloud</Computer>
<Security UserID=""></Security>
</System>
<EventData><Data Name="Context">local system</Data>
<Data Name="ObjId">e8 0c 98 15 b9 12 62 c9 07 55 9e 60 ee 87 45 9b f2 9b 44 60</Data>
</EventData>
</Event>
<Event xmlns="http://schemas.microsoft.com/win/2004/08/events/event"><System><Provider Name="Microsoft-Windows-CertificateServicesClient-AutoEnrollment" Guid="{F0DB7EF8-B6F3-4005-9937-FEB77B9E1B43}" EventSourceName="AutoEnrollment"></Provider>
<EventID Qualifiers="32768">64</EventID>
<Version>0</Version>
<Level>3</Level>
<Task>0</Task>
<Opcode>0</Opcode>
<Keywords>0x0080000000000000</Keywords>
<TimeCreated SystemTime="2025-08-06 02:15:14.811165+00:00"></TimeCreated>
<EventRecordID>3139138</EventRecordID>
<Correlation ActivityID="" RelatedActivityID=""></Correlation>
<Execution ProcessID="0" ThreadID="0"></Execution>
<Channel>Application</Channel>
<Computer>WS101.commercevision.cloud</Computer>
<Security UserID=""></Security>
</System>
<EventData><Data Name="Context">local system</Data>
<Data Name="ObjId">e7 31 21 39 c7 33 75 f1 ec 11 9d 1e df 40 42 46 44 ad ab ac</Data>
</EventData>
</Event>
<Event xmlns="http://schemas.microsoft.com/win/2004/08/events/event"><System><Provider Name="Microsoft-Windows-CertificateServicesClient-AutoEnrollment" Guid="{F0DB7EF8-B6F3-4005-9937-FEB77B9E1B43}" EventSourceName="AutoEnrollment"></Provider>
<EventID Qualifiers="32768">64</EventID>
<Version>0</Version>
<Level>3</Level>
<Task>0</Task>
<Opcode>0</Opcode>
<Keywords>0x0080000000000000</Keywords>
<TimeCreated SystemTime="2025-08-06 02:15:14.811165+00:00"></TimeCreated>
<EventRecordID>3139139</EventRecordID>
<Correlation ActivityID="" RelatedActivityID=""></Correlation>
<Execution ProcessID="0" ThreadID="0"></Execution>
<Channel>Application</Channel>
<Computer>WS101.commercevision.cloud</Computer>
<Security UserID=""></Security>
</System>
<EventData><Data Name="Context">local system</Data>
<Data Name="ObjId">e5 88 ac c0 78 ce 38 26 ac ab 32 45 b1 fc 9b 85 da 9d 40 03</Data>
</EventData>
</Event>
<Event xmlns="http://schemas.microsoft.com/win/2004/08/events/event"><System><Provider Name="Microsoft-Windows-CertificateServicesClient-AutoEnrollment" Guid="{F0DB7EF8-B6F3-4005-9937-FEB77B9E1B43}" EventSourceName="AutoEnrollment"></Provider>
<EventID Qualifiers="32768">64</EventID>
<Version>0</Version>
<Level>3</Level>
<Task>0</Task>
<Opcode>0</Opcode>
<Keywords>0x0080000000000000</Keywords>
<TimeCreated SystemTime="2025-08-06 02:15:14.811165+00:00"></TimeCreated>
<EventRecordID>3139140</EventRecordID>
<Correlation ActivityID="" RelatedActivityID=""></Correlation>
<Execution ProcessID="0" ThreadID="0"></Execution>
<Channel>Application</Channel>
<Computer>WS101.commercevision.cloud</Computer>
<Security UserID=""></Security>
</System>
<EventData><Data Name="Context">local system</Data>
<Data Name="ObjId">e4 1b d0 53 6b bf 76 4a 66 47 1a ea 07 67 d9 cf ee bf a7 70</Data>
</EventData>
</Event>
<Event xmlns="http://schemas.microsoft.com/win/2004/08/events/event"><System><Provider Name="Microsoft-Windows-CertificateServicesClient-AutoEnrollment" Guid="{F0DB7EF8-B6F3-4005-9937-FEB77B9E1B43}" EventSourceName="AutoEnrollment"></Provider>
<EventID Qualifiers="32768">64</EventID>
<Version>0</Version>
<Level>3</Level>
<Task>0</Task>
<Opcode>0</Opcode>
<Keywords>0x0080000000000000</Keywords>
<TimeCreated SystemTime="2025-08-06 02:15:14.811165+00:00"></TimeCreated>
<EventRecordID>3139141</EventRecordID>
<Correlation ActivityID="" RelatedActivityID=""></Correlation>
<Execution ProcessID="0" ThreadID="0"></Execution>
<Channel>Application</Channel>
<Computer>WS101.commercevision.cloud</Computer>
<Security UserID=""></Security>
</System>
<EventData><Data Name="Context">local system</Data>
<Data Name="ObjId">e2 92 65 c8 64 5c 73 7b 85 89 93 15 70 ec e8 64 ea be 02 b6</Data>
</EventData>
</Event>
<Event xmlns="http://schemas.microsoft.com/win/2004/08/events/event"><System><Provider Name="Microsoft-Windows-CertificateServicesClient-AutoEnrollment" Guid="{F0DB7EF8-B6F3-4005-9937-FEB77B9E1B43}" EventSourceName="AutoEnrollment"></Provider>
<EventID Qualifiers="32768">64</EventID>
<Version>0</Version>
<Level>3</Level>
<Task>0</Task>
<Opcode>0</Opcode>
<Keywords>0x0080000000000000</Keywords>
<TimeCreated SystemTime="2025-08-06 02:15:14.811165+00:00"></TimeCreated>
<EventRecordID>3139142</EventRecordID>
<Correlation ActivityID="" RelatedActivityID=""></Correlation>
<Execution ProcessID="0" ThreadID="0"></Execution>
<Channel>Application</Channel>
<Computer>WS101.commercevision.cloud</Computer>
<Security UserID=""></Security>
</System>
<EventData><Data Name="Context">local system</Data>
<Data Name="ObjId">e2 91 f4 05 0e b9 8d 4f 67 f8 f5 4f 22 da 14 03 36 c6 48 f2</Data>
</EventData>
</Event>
<Event xmlns="http://schemas.microsoft.com/win/2004/08/events/event"><System><Provider Name="Microsoft-Windows-CertificateServicesClient-AutoEnrollment" Guid="{F0DB7EF8-B6F3-4005-9937-FEB77B9E1B43}" EventSourceName="AutoEnrollment"></Provider>
<EventID Qualifiers="32768">64</EventID>
<Version>0</Version>
<Level>3</Level>
<Task>0</Task>
<Opcode>0</Opcode>
<Keywords>0x0080000000000000</Keywords>
<TimeCreated SystemTime="2025-08-06 02:15:14.826790+00:00"></TimeCreated>
<EventRecordID>3139143</EventRecordID>
<Correlation ActivityID="" RelatedActivityID=""></Correlation>
<Execution ProcessID="0" ThreadID="0"></Execution>
<Channel>Application</Channel>
<Computer>WS101.commercevision.cloud</Computer>
<Security UserID=""></Security>
</System>
<EventData><Data Name="Context">local system</Data>
<Data Name="ObjId">e2 21 9d 16 97 fd c4 c0 84 7d fb 23 7e 61 b2 76 3b 55 55 b3</Data>
</EventData>
</Event>
<Event xmlns="http://schemas.microsoft.com/win/2004/08/events/event"><System><Provider Name="Microsoft-Windows-CertificateServicesClient-AutoEnrollment" Guid="{F0DB7EF8-B6F3-4005-9937-FEB77B9E1B43}" EventSourceName="AutoEnrollment"></Provider>
<EventID Qualifiers="32768">64</EventID>
<Version>0</Version>
<Level>3</Level>
<Task>0</Task>
<Opcode>0</Opcode>
<Keywords>0x0080000000000000</Keywords>
<TimeCreated SystemTime="2025-08-06 02:15:14.826790+00:00"></TimeCreated>
<EventRecordID>3139144</EventRecordID>
<Correlation ActivityID="" RelatedActivityID=""></Correlation>
<Execution ProcessID="0" ThreadID="0"></Execution>
<Channel>Application</Channel>
<Computer>WS101.commercevision.cloud</Computer>
<Security UserID=""></Security>
</System>
<EventData><Data Name="Context">local system</Data>
<Data Name="ObjId">e1 04 b9 06 91 2a e5 d3 ba 4b 8d f1 7d d5 a3 6d 50 d2 8b f7</Data>
</EventData>
</Event>
<Event xmlns="http://schemas.microsoft.com/win/2004/08/events/event"><System><Provider Name="Microsoft-Windows-CertificateServicesClient-AutoEnrollment" Guid="{F0DB7EF8-B6F3-4005-9937-FEB77B9E1B43}" EventSourceName="AutoEnrollment"></Provider>
<EventID Qualifiers="32768">64</EventID>
<Version>0</Version>
<Level>3</Level>
<Task>0</Task>
<Opcode>0</Opcode>
<Keywords>0x0080000000000000</Keywords>
<TimeCreated SystemTime="2025-08-06 02:15:14.826790+00:00"></TimeCreated>
<EventRecordID>3139145</EventRecordID>
<Correlation ActivityID="" RelatedActivityID=""></Correlation>
<Execution ProcessID="0" ThreadID="0"></Execution>
<Channel>Application</Channel>
<Computer>WS101.commercevision.cloud</Computer>
<Security UserID=""></Security>
</System>
<EventData><Data Name="Context">local system</Data>
<Data Name="ObjId">df 24 f4 6a 07 3c 13 03 14 0a 90 94 af 1d 1d 12 ce b0 97 9d</Data>
</EventData>
</Event>
<Event xmlns="http://schemas.microsoft.com/win/2004/08/events/event"><System><Provider Name="Microsoft-Windows-CertificateServicesClient-AutoEnrollment" Guid="{F0DB7EF8-B6F3-4005-9937-FEB77B9E1B43}" EventSourceName="AutoEnrollment"></Provider>
<EventID Qualifiers="32768">64</EventID>
<Version>0</Version>
<Level>3</Level>
<Task>0</Task>
<Opcode>0</Opcode>
<Keywords>0x0080000000000000</Keywords>
<TimeCreated SystemTime="2025-08-06 02:15:14.826790+00:00"></TimeCreated>
<EventRecordID>3139146</EventRecordID>
<Correlation ActivityID="" RelatedActivityID=""></Correlation>
<Execution ProcessID="0" ThreadID="0"></Execution>
<Channel>Application</Channel>
<Computer>WS101.commercevision.cloud</Computer>
<Security UserID=""></Security>
</System>
<EventData><Data Name="Context">local system</Data>
<Data Name="ObjId">de f1 af 0a 68 e9 d7 e2 8a ca 27 6a b0 86 be 4b 95 57 3e f6</Data>
</EventData>
</Event>
<Event xmlns="http://schemas.microsoft.com/win/2004/08/events/event"><System><Provider Name="Microsoft-Windows-CertificateServicesClient-AutoEnrollment" Guid="{F0DB7EF8-B6F3-4005-9937-FEB77B9E1B43}" EventSourceName="AutoEnrollment"></Provider>
<EventID Qualifiers="32768">64</EventID>
<Version>0</Version>
<Level>3</Level>
<Task>0</Task>
<Opcode>0</Opcode>
<Keywords>0x0080000000000000</Keywords>
<TimeCreated SystemTime="2025-08-06 02:15:14.826790+00:00"></TimeCreated>
<EventRecordID>3139147</EventRecordID>
<Correlation ActivityID="" RelatedActivityID=""></Correlation>
<Execution ProcessID="0" ThreadID="0"></Execution>
<Channel>Application</Channel>
<Computer>WS101.commercevision.cloud</Computer>
<Security UserID=""></Security>
</System>
<EventData><Data Name="Context">local system</Data>
<Data Name="ObjId">dd b0 3a 86 c3 61 da 8b 5c 5f bd 39 20 f7 bd 6e 5c fd a9 32</Data>
</EventData>
</Event>
<Event xmlns="http://schemas.microsoft.com/win/2004/08/events/event"><System><Provider Name="Microsoft-Windows-CertificateServicesClient-AutoEnrollment" Guid="{F0DB7EF8-B6F3-4005-9937-FEB77B9E1B43}" EventSourceName="AutoEnrollment"></Provider>
<EventID Qualifiers="32768">64</EventID>
<Version>0</Version>
<Level>3</Level>
<Task>0</Task>
<Opcode>0</Opcode>
<Keywords>0x0080000000000000</Keywords>
<TimeCreated SystemTime="2025-08-06 02:15:14.826790+00:00"></TimeCreated>
<EventRecordID>3139148</EventRecordID>
<Correlation ActivityID="" RelatedActivityID=""></Correlation>
<Execution ProcessID="0" ThreadID="0"></Execution>
<Channel>Application</Channel>
<Computer>WS101.commercevision.cloud</Computer>
<Security UserID=""></Security>
</System>
<EventData><Data Name="Context">local system</Data>
<Data Name="ObjId">dd 01 e0 1d 2d c8 c0 29 1c 80 cc ec c7 1b 9a c6 bd 13 41 b9</Data>
</EventData>
</Event>
<Event xmlns="http://schemas.microsoft.com/win/2004/08/events/event"><System><Provider Name="Microsoft-Windows-CertificateServicesClient-AutoEnrollment" Guid="{F0DB7EF8-B6F3-4005-9937-FEB77B9E1B43}" EventSourceName="AutoEnrollment"></Provider>
<EventID Qualifiers="32768">64</EventID>
<Version>0</Version>
<Level>3</Level>
<Task>0</Task>
<Opcode>0</Opcode>
<Keywords>0x0080000000000000</Keywords>
<TimeCreated SystemTime="2025-08-06 02:15:14.826790+00:00"></TimeCreated>
<EventRecordID>3139149</EventRecordID>
<Correlation ActivityID="" RelatedActivityID=""></Correlation>
<Execution ProcessID="0" ThreadID="0"></Execution>
<Channel>Application</Channel>
<Computer>WS101.commercevision.cloud</Computer>
<Security UserID=""></Security>
</System>
<EventData><Data Name="Context">local system</Data>
<Data Name="ObjId">db f9 12 b6 87 4a e0 9f 21 b3 e5 4d 9a f5 09 39 0b 40 48 e3</Data>
</EventData>
</Event>
<Event xmlns="http://schemas.microsoft.com/win/2004/08/events/event"><System><Provider Name="Microsoft-Windows-CertificateServicesClient-AutoEnrollment" Guid="{F0DB7EF8-B6F3-4005-9937-FEB77B9E1B43}" EventSourceName="AutoEnrollment"></Provider>
<EventID Qualifiers="32768">64</EventID>
<Version>0</Version>
<Level>3</Level>
<Task>0</Task>
<Opcode>0</Opcode>
<Keywords>0x0080000000000000</Keywords>
<TimeCreated SystemTime="2025-08-06 02:15:14.826790+00:00"></TimeCreated>
<EventRecordID>3139150</EventRecordID>
<Correlation ActivityID="" RelatedActivityID=""></Correlation>
<Execution ProcessID="0" ThreadID="0"></Execution>
<Channel>Application</Channel>
<Computer>WS101.commercevision.cloud</Computer>
<Security UserID=""></Security>
</System>
<EventData><Data Name="Context">local system</Data>
<Data Name="ObjId">db e9 58 c5 1a df bf 7a e1 b2 a2 2a 3c 3a a1 7f 53 77 7c 64</Data>
</EventData>
</Event>
<Event xmlns="http://schemas.microsoft.com/win/2004/08/events/event"><System><Provider Name="Microsoft-Windows-CertificateServicesClient-AutoEnrollment" Guid="{F0DB7EF8-B6F3-4005-9937-FEB77B9E1B43}" EventSourceName="AutoEnrollment"></Provider>
<EventID Qualifiers="32768">64</EventID>
<Version>0</Version>
<Level>3</Level>
<Task>0</Task>
<Opcode>0</Opcode>
<Keywords>0x0080000000000000</Keywords>
<TimeCreated SystemTime="2025-08-06 02:15:14.826790+00:00"></TimeCreated>
<EventRecordID>3139151</EventRecordID>
<Correlation ActivityID="" RelatedActivityID=""></Correlation>
<Execution ProcessID="0" ThreadID="0"></Execution>
<Channel>Application</Channel>
<Computer>WS101.commercevision.cloud</Computer>
<Security UserID=""></Security>
</System>
<EventData><Data Name="Context">local system</Data>
<Data Name="ObjId">d4 62 81 68 05 0a 12 2a 32 48 88 8f d4 07 9e f6 c3 fb bc 3b</Data>
</EventData>
</Event>
<Event xmlns="http://schemas.microsoft.com/win/2004/08/events/event"><System><Provider Name="Microsoft-Windows-CertificateServicesClient-AutoEnrollment" Guid="{F0DB7EF8-B6F3-4005-9937-FEB77B9E1B43}" EventSourceName="AutoEnrollment"></Provider>
<EventID Qualifiers="32768">64</EventID>
<Version>0</Version>
<Level>3</Level>
<Task>0</Task>
<Opcode>0</Opcode>
<Keywords>0x0080000000000000</Keywords>
<TimeCreated SystemTime="2025-08-06 02:15:14.826790+00:00"></TimeCreated>
<EventRecordID>3139152</EventRecordID>
<Correlation ActivityID="" RelatedActivityID=""></Correlation>
<Execution ProcessID="0" ThreadID="0"></Execution>
<Channel>Application</Channel>
<Computer>WS101.commercevision.cloud</Computer>
<Security UserID=""></Security>
</System>
<EventData><Data Name="Context">local system</Data>
<Data Name="ObjId">d4 28 82 78 cb ae 80 fe 75 7f d9 7b 67 9d 34 a0 03 00 8a f3</Data>
</EventData>
</Event>
<Event xmlns="http://schemas.microsoft.com/win/2004/08/events/event"><System><Provider Name="Microsoft-Windows-CertificateServicesClient-AutoEnrollment" Guid="{F0DB7EF8-B6F3-4005-9937-FEB77B9E1B43}" EventSourceName="AutoEnrollment"></Provider>
<EventID Qualifiers="32768">64</EventID>
<Version>0</Version>
<Level>3</Level>
<Task>0</Task>
<Opcode>0</Opcode>
<Keywords>0x0080000000000000</Keywords>
<TimeCreated SystemTime="2025-08-06 02:15:14.826790+00:00"></TimeCreated>
<EventRecordID>3139153</EventRecordID>
<Correlation ActivityID="" RelatedActivityID=""></Correlation>
<Execution ProcessID="0" ThreadID="0"></Execution>
<Channel>Application</Channel>
<Computer>WS101.commercevision.cloud</Computer>
<Security UserID=""></Security>
</System>
<EventData><Data Name="Context">local system</Data>
<Data Name="ObjId">d3 aa 3f ad 4e cf 46 3a 6a b1 c2 dd 03 84 64 a0 3a 02 03 c5</Data>
</EventData>
</Event>
<Event xmlns="http://schemas.microsoft.com/win/2004/08/events/event"><System><Provider Name="Microsoft-Windows-CertificateServicesClient-AutoEnrollment" Guid="{F0DB7EF8-B6F3-4005-9937-FEB77B9E1B43}" EventSourceName="AutoEnrollment"></Provider>
<EventID Qualifiers="32768">64</EventID>
<Version>0</Version>
<Level>3</Level>
<Task>0</Task>
<Opcode>0</Opcode>
<Keywords>0x0080000000000000</Keywords>
<TimeCreated SystemTime="2025-08-06 02:15:14.826790+00:00"></TimeCreated>
<EventRecordID>3139154</EventRecordID>
<Correlation ActivityID="" RelatedActivityID=""></Correlation>
<Execution ProcessID="0" ThreadID="0"></Execution>
<Channel>Application</Channel>
<Computer>WS101.commercevision.cloud</Computer>
<Security UserID=""></Security>
</System>
<EventData><Data Name="Context">local system</Data>
<Data Name="ObjId">d3 0d 1c cf 38 15 67 6c b4 94 fb 27 58 f7 61 81 bc 5b ee f9</Data>
</EventData>
</Event>
<Event xmlns="http://schemas.microsoft.com/win/2004/08/events/event"><System><Provider Name="Microsoft-Windows-CertificateServicesClient-AutoEnrollment" Guid="{F0DB7EF8-B6F3-4005-9937-FEB77B9E1B43}" EventSourceName="AutoEnrollment"></Provider>
<EventID Qualifiers="32768">64</EventID>
<Version>0</Version>
<Level>3</Level>
<Task>0</Task>
<Opcode>0</Opcode>
<Keywords>0x0080000000000000</Keywords>
<TimeCreated SystemTime="2025-08-06 02:15:14.826790+00:00"></TimeCreated>
<EventRecordID>3139155</EventRecordID>
<Correlation ActivityID="" RelatedActivityID=""></Correlation>
<Execution ProcessID="0" ThreadID="0"></Execution>
<Channel>Application</Channel>
<Computer>WS101.commercevision.cloud</Computer>
<Security UserID=""></Security>
</System>
<EventData><Data Name="Context">local system</Data>
<Data Name="ObjId">cf 3e fa c8 a8 90 ff 68 24 de 65 ed da 2f 76 ec 48 ff 87 13</Data>
</EventData>
</Event>
<Event xmlns="http://schemas.microsoft.com/win/2004/08/events/event"><System><Provider Name="Microsoft-Windows-CertificateServicesClient-AutoEnrollment" Guid="{F0DB7EF8-B6F3-4005-9937-FEB77B9E1B43}" EventSourceName="AutoEnrollment"></Provider>
<EventID Qualifiers="32768">64</EventID>
<Version>0</Version>
<Level>3</Level>
<Task>0</Task>
<Opcode>0</Opcode>
<Keywords>0x0080000000000000</Keywords>
<TimeCreated SystemTime="2025-08-06 02:15:14.826790+00:00"></TimeCreated>
<EventRecordID>3139156</EventRecordID>
<Correlation ActivityID="" RelatedActivityID=""></Correlation>
<Execution ProcessID="0" ThreadID="0"></Execution>
<Channel>Application</Channel>
<Computer>WS101.commercevision.cloud</Computer>
<Security UserID=""></Security>
</System>
<EventData><Data Name="Context">local system</Data>
<Data Name="ObjId">cd a0 6d c9 86 7f 1e 78 bf 1c 65 c2 48 de dd 96 45 d1 b7 7d</Data>
</EventData>
</Event>
<Event xmlns="http://schemas.microsoft.com/win/2004/08/events/event"><System><Provider Name="Microsoft-Windows-CertificateServicesClient-AutoEnrollment" Guid="{F0DB7EF8-B6F3-4005-9937-FEB77B9E1B43}" EventSourceName="AutoEnrollment"></Provider>
<EventID Qualifiers="32768">64</EventID>
<Version>0</Version>
<Level>3</Level>
<Task>0</Task>
<Opcode>0</Opcode>
<Keywords>0x0080000000000000</Keywords>
<TimeCreated SystemTime="2025-08-06 02:15:14.826790+00:00"></TimeCreated>
<EventRecordID>3139157</EventRecordID>
<Correlation ActivityID="" RelatedActivityID=""></Correlation>
<Execution ProcessID="0" ThreadID="0"></Execution>
<Channel>Application</Channel>
<Computer>WS101.commercevision.cloud</Computer>
<Security UserID=""></Security>
</System>
<EventData><Data Name="Context">local system</Data>
<Data Name="ObjId">cd 1e 58 7b 03 e1 ec 2d 07 6d a7 18 0f dc 0c e0 60 30 43 39</Data>
</EventData>
</Event>
<Event xmlns="http://schemas.microsoft.com/win/2004/08/events/event"><System><Provider Name="Microsoft-Windows-CertificateServicesClient-AutoEnrollment" Guid="{F0DB7EF8-B6F3-4005-9937-FEB77B9E1B43}" EventSourceName="AutoEnrollment"></Provider>
<EventID Qualifiers="32768">64</EventID>
<Version>0</Version>
<Level>3</Level>
<Task>0</Task>
<Opcode>0</Opcode>
<Keywords>0x0080000000000000</Keywords>
<TimeCreated SystemTime="2025-08-06 02:15:14.826790+00:00"></TimeCreated>
<EventRecordID>3139158</EventRecordID>
<Correlation ActivityID="" RelatedActivityID=""></Correlation>
<Execution ProcessID="0" ThreadID="0"></Execution>
<Channel>Application</Channel>
<Computer>WS101.commercevision.cloud</Computer>
<Security UserID=""></Security>
</System>
<EventData><Data Name="Context">local system</Data>
<Data Name="ObjId">cd 0a 13 fc 2b 05 37 2d b7 66 fb 4f b9 56 5c 85 e9 44 48 09</Data>
</EventData>
</Event>
<Event xmlns="http://schemas.microsoft.com/win/2004/08/events/event"><System><Provider Name="Microsoft-Windows-CertificateServicesClient-AutoEnrollment" Guid="{F0DB7EF8-B6F3-4005-9937-FEB77B9E1B43}" EventSourceName="AutoEnrollment"></Provider>
<EventID Qualifiers="32768">64</EventID>
<Version>0</Version>
<Level>3</Level>
<Task>0</Task>
<Opcode>0</Opcode>
<Keywords>0x0080000000000000</Keywords>
<TimeCreated SystemTime="2025-08-06 02:15:14.826790+00:00"></TimeCreated>
<EventRecordID>3139159</EventRecordID>
<Correlation ActivityID="" RelatedActivityID=""></Correlation>
<Execution ProcessID="0" ThreadID="0"></Execution>
<Channel>Application</Channel>
<Computer>WS101.commercevision.cloud</Computer>
<Security UserID=""></Security>
</System>
<EventData><Data Name="Context">local system</Data>
<Data Name="ObjId">cc df fc 93 5e f5 ee 49 ee 30 3a 43 9b 4d e4 e6 a3 51 0e 84</Data>
</EventData>
</Event>
<Event xmlns="http://schemas.microsoft.com/win/2004/08/events/event"><System><Provider Name="Microsoft-Windows-CertificateServicesClient-AutoEnrollment" Guid="{F0DB7EF8-B6F3-4005-9937-FEB77B9E1B43}" EventSourceName="AutoEnrollment"></Provider>
<EventID Qualifiers="32768">64</EventID>
<Version>0</Version>
<Level>3</Level>
<Task>0</Task>
<Opcode>0</Opcode>
<Keywords>0x0080000000000000</Keywords>
<TimeCreated SystemTime="2025-08-06 02:15:14.826790+00:00"></TimeCreated>
<EventRecordID>3139160</EventRecordID>
<Correlation ActivityID="" RelatedActivityID=""></Correlation>
<Execution ProcessID="0" ThreadID="0"></Execution>
<Channel>Application</Channel>
<Computer>WS101.commercevision.cloud</Computer>
<Security UserID=""></Security>
</System>
<EventData><Data Name="Context">local system</Data>
<Data Name="ObjId">cb 0e d9 7e 8f 0f af 14 15 2e 0a df 24 b1 02 dc 6b 1b 83 b3</Data>
</EventData>
</Event>
<Event xmlns="http://schemas.microsoft.com/win/2004/08/events/event"><System><Provider Name="Microsoft-Windows-CertificateServicesClient-AutoEnrollment" Guid="{F0DB7EF8-B6F3-4005-9937-FEB77B9E1B43}" EventSourceName="AutoEnrollment"></Provider>
<EventID Qualifiers="32768">64</EventID>
<Version>0</Version>
<Level>3</Level>
<Task>0</Task>
<Opcode>0</Opcode>
<Keywords>0x0080000000000000</Keywords>
<TimeCreated SystemTime="2025-08-06 02:15:14.826790+00:00"></TimeCreated>
<EventRecordID>3139161</EventRecordID>
<Correlation ActivityID="" RelatedActivityID=""></Correlation>
<Execution ProcessID="0" ThreadID="0"></Execution>
<Channel>Application</Channel>
<Computer>WS101.commercevision.cloud</Computer>
<Security UserID=""></Security>
</System>
<EventData><Data Name="Context">local system</Data>
<Data Name="ObjId">c9 cd f0 04 67 3e 0f 1b e1 2a b5 b7 c2 a0 17 9b 64 eb 51 0e</Data>
</EventData>
</Event>
<Event xmlns="http://schemas.microsoft.com/win/2004/08/events/event"><System><Provider Name="Microsoft-Windows-CertificateServicesClient-AutoEnrollment" Guid="{F0DB7EF8-B6F3-4005-9937-FEB77B9E1B43}" EventSourceName="AutoEnrollment"></Provider>
<EventID Qualifiers="32768">64</EventID>
<Version>0</Version>
<Level>3</Level>
<Task>0</Task>
<Opcode>0</Opcode>
<Keywords>0x0080000000000000</Keywords>
<TimeCreated SystemTime="2025-08-06 02:15:14.826790+00:00"></TimeCreated>
<EventRecordID>3139162</EventRecordID>
<Correlation ActivityID="" RelatedActivityID=""></Correlation>
<Execution ProcessID="0" ThreadID="0"></Execution>
<Channel>Application</Channel>
<Computer>WS101.commercevision.cloud</Computer>
<Security UserID=""></Security>
</System>
<EventData><Data Name="Context">local system</Data>
<Data Name="ObjId">c8 85 53 e7 22 f5 43 f0 98 a2 a5 36 95 16 0c e6 7e ef 0a 20</Data>
</EventData>
</Event>
<Event xmlns="http://schemas.microsoft.com/win/2004/08/events/event"><System><Provider Name="Microsoft-Windows-CertificateServicesClient-AutoEnrollment" Guid="{F0DB7EF8-B6F3-4005-9937-FEB77B9E1B43}" EventSourceName="AutoEnrollment"></Provider>
<EventID Qualifiers="32768">64</EventID>
<Version>0</Version>
<Level>3</Level>
<Task>0</Task>
<Opcode>0</Opcode>
<Keywords>0x0080000000000000</Keywords>
<TimeCreated SystemTime="2025-08-06 02:15:14.826790+00:00"></TimeCreated>
<EventRecordID>3139163</EventRecordID>
<Correlation ActivityID="" RelatedActivityID=""></Correlation>
<Execution ProcessID="0" ThreadID="0"></Execution>
<Channel>Application</Channel>
<Computer>WS101.commercevision.cloud</Computer>
<Security UserID=""></Security>
</System>
<EventData><Data Name="Context">local system</Data>
<Data Name="ObjId">c8 65 37 af 45 9a ce bb 9e c0 29 7d fe 1a 6a e1 7c b7 77 c2</Data>
</EventData>
</Event>
<Event xmlns="http://schemas.microsoft.com/win/2004/08/events/event"><System><Provider Name="Microsoft-Windows-CertificateServicesClient-AutoEnrollment" Guid="{F0DB7EF8-B6F3-4005-9937-FEB77B9E1B43}" EventSourceName="AutoEnrollment"></Provider>
<EventID Qualifiers="32768">64</EventID>
<Version>0</Version>
<Level>3</Level>
<Task>0</Task>
<Opcode>0</Opcode>
<Keywords>0x0080000000000000</Keywords>
<TimeCreated SystemTime="2025-08-06 02:15:14.826790+00:00"></TimeCreated>
<EventRecordID>3139164</EventRecordID>
<Correlation ActivityID="" RelatedActivityID=""></Correlation>
<Execution ProcessID="0" ThreadID="0"></Execution>
<Channel>Application</Channel>
<Computer>WS101.commercevision.cloud</Computer>
<Security UserID=""></Security>
</System>
<EventData><Data Name="Context">local system</Data>
<Data Name="ObjId">c5 f1 38 bc 4b 9a b7 b9 6b 6a 67 f5 ac ec 4d 71 83 1f 44 c8</Data>
</EventData>
</Event>
<Event xmlns="http://schemas.microsoft.com/win/2004/08/events/event"><System><Provider Name="Microsoft-Windows-CertificateServicesClient-AutoEnrollment" Guid="{F0DB7EF8-B6F3-4005-9937-FEB77B9E1B43}" EventSourceName="AutoEnrollment"></Provider>
<EventID Qualifiers="32768">64</EventID>
<Version>0</Version>
<Level>3</Level>
<Task>0</Task>
<Opcode>0</Opcode>
<Keywords>0x0080000000000000</Keywords>
<TimeCreated SystemTime="2025-08-06 02:15:14.826790+00:00"></TimeCreated>
<EventRecordID>3139165</EventRecordID>
<Correlation ActivityID="" RelatedActivityID=""></Correlation>
<Execution ProcessID="0" ThreadID="0"></Execution>
<Channel>Application</Channel>
<Computer>WS101.commercevision.cloud</Computer>
<Security UserID=""></Security>
</System>
<EventData><Data Name="Context">local system</Data>
<Data Name="ObjId">c4 c0 0e 8b c3 eb 14 da 6b 84 c6 d8 23 f0 87 48 dd b8 ea 05</Data>
</EventData>
</Event>
<Event xmlns="http://schemas.microsoft.com/win/2004/08/events/event"><System><Provider Name="Microsoft-Windows-CertificateServicesClient-AutoEnrollment" Guid="{F0DB7EF8-B6F3-4005-9937-FEB77B9E1B43}" EventSourceName="AutoEnrollment"></Provider>
<EventID Qualifiers="32768">64</EventID>
<Version>0</Version>
<Level>3</Level>
<Task>0</Task>
<Opcode>0</Opcode>
<Keywords>0x0080000000000000</Keywords>
<TimeCreated SystemTime="2025-08-06 02:15:14.826790+00:00"></TimeCreated>
<EventRecordID>3139166</EventRecordID>
<Correlation ActivityID="" RelatedActivityID=""></Correlation>
<Execution ProcessID="0" ThreadID="0"></Execution>
<Channel>Application</Channel>
<Computer>WS101.commercevision.cloud</Computer>
<Security UserID=""></Security>
</System>
<EventData><Data Name="Context">local system</Data>
<Data Name="ObjId">c4 9f 87 d2 fc 93 cc 8d e4 0d c2 86 06 5e 07 d4 1a 6f 6c 86</Data>
</EventData>
</Event>
<Event xmlns="http://schemas.microsoft.com/win/2004/08/events/event"><System><Provider Name="Microsoft-Windows-CertificateServicesClient-AutoEnrollment" Guid="{F0DB7EF8-B6F3-4005-9937-FEB77B9E1B43}" EventSourceName="AutoEnrollment"></Provider>
<EventID Qualifiers="32768">64</EventID>
<Version>0</Version>
<Level>3</Level>
<Task>0</Task>
<Opcode>0</Opcode>
<Keywords>0x0080000000000000</Keywords>
<TimeCreated SystemTime="2025-08-06 02:15:14.826790+00:00"></TimeCreated>
<EventRecordID>3139167</EventRecordID>
<Correlation ActivityID="" RelatedActivityID=""></Correlation>
<Execution ProcessID="0" ThreadID="0"></Execution>
<Channel>Application</Channel>
<Computer>WS101.commercevision.cloud</Computer>
<Security UserID=""></Security>
</System>
<EventData><Data Name="Context">local system</Data>
<Data Name="ObjId">c3 5a e8 34 c0 e5 43 c9 92 15 51 bc eb 04 45 8e 71 cf a0 c4</Data>
</EventData>
</Event>
<Event xmlns="http://schemas.microsoft.com/win/2004/08/events/event"><System><Provider Name="Microsoft-Windows-CertificateServicesClient-AutoEnrollment" Guid="{F0DB7EF8-B6F3-4005-9937-FEB77B9E1B43}" EventSourceName="AutoEnrollment"></Provider>
<EventID Qualifiers="32768">64</EventID>
<Version>0</Version>
<Level>3</Level>
<Task>0</Task>
<Opcode>0</Opcode>
<Keywords>0x0080000000000000</Keywords>
<TimeCreated SystemTime="2025-08-06 02:15:14.826790+00:00"></TimeCreated>
<EventRecordID>3139168</EventRecordID>
<Correlation ActivityID="" RelatedActivityID=""></Correlation>
<Execution ProcessID="0" ThreadID="0"></Execution>
<Channel>Application</Channel>
<Computer>WS101.commercevision.cloud</Computer>
<Security UserID=""></Security>
</System>
<EventData><Data Name="Context">local system</Data>
<Data Name="ObjId">c1 89 71 98 74 3d 04 8b fa 13 c8 f3 d0 ec 30 e9 fe 6d 03 a3</Data>
</EventData>
</Event>
<Event xmlns="http://schemas.microsoft.com/win/2004/08/events/event"><System><Provider Name="Microsoft-Windows-CertificateServicesClient-AutoEnrollment" Guid="{F0DB7EF8-B6F3-4005-9937-FEB77B9E1B43}" EventSourceName="AutoEnrollment"></Provider>
<EventID Qualifiers="32768">64</EventID>
<Version>0</Version>
<Level>3</Level>
<Task>0</Task>
<Opcode>0</Opcode>
<Keywords>0x0080000000000000</Keywords>
<TimeCreated SystemTime="2025-08-06 02:15:14.826790+00:00"></TimeCreated>
<EventRecordID>3139169</EventRecordID>
<Correlation ActivityID="" RelatedActivityID=""></Correlation>
<Execution ProcessID="0" ThreadID="0"></Execution>
<Channel>Application</Channel>
<Computer>WS101.commercevision.cloud</Computer>
<Security UserID=""></Security>
</System>
<EventData><Data Name="Context">local system</Data>
<Data Name="ObjId">c1 51 d7 2c 18 6d 3f 44 51 76 3d 86 af c4 e5 6e cd bf 4a 72</Data>
</EventData>
</Event>
<Event xmlns="http://schemas.microsoft.com/win/2004/08/events/event"><System><Provider Name="Microsoft-Windows-CertificateServicesClient-AutoEnrollment" Guid="{F0DB7EF8-B6F3-4005-9937-FEB77B9E1B43}" EventSourceName="AutoEnrollment"></Provider>
<EventID Qualifiers="32768">64</EventID>
<Version>0</Version>
<Level>3</Level>
<Task>0</Task>
<Opcode>0</Opcode>
<Keywords>0x0080000000000000</Keywords>
<TimeCreated SystemTime="2025-08-06 02:15:14.842413+00:00"></TimeCreated>
<EventRecordID>3139170</EventRecordID>
<Correlation ActivityID="" RelatedActivityID=""></Correlation>
<Execution ProcessID="0" ThreadID="0"></Execution>
<Channel>Application</Channel>
<Computer>WS101.commercevision.cloud</Computer>
<Security UserID=""></Security>
</System>
<EventData><Data Name="Context">local system</Data>
<Data Name="ObjId">c0 a3 5c 1b f1 9c ae 0a 14 20 dd 6f dd 1f a0 2a 02 88 b6 92</Data>
</EventData>
</Event>
<Event xmlns="http://schemas.microsoft.com/win/2004/08/events/event"><System><Provider Name="Microsoft-Windows-CertificateServicesClient-AutoEnrollment" Guid="{F0DB7EF8-B6F3-4005-9937-FEB77B9E1B43}" EventSourceName="AutoEnrollment"></Provider>
<EventID Qualifiers="32768">64</EventID>
<Version>0</Version>
<Level>3</Level>
<Task>0</Task>
<Opcode>0</Opcode>
<Keywords>0x0080000000000000</Keywords>
<TimeCreated SystemTime="2025-08-06 02:15:14.842413+00:00"></TimeCreated>
<EventRecordID>3139171</EventRecordID>
<Correlation ActivityID="" RelatedActivityID=""></Correlation>
<Execution ProcessID="0" ThreadID="0"></Execution>
<Channel>Application</Channel>
<Computer>WS101.commercevision.cloud</Computer>
<Security UserID=""></Security>
</System>
<EventData><Data Name="Context">local system</Data>
<Data Name="ObjId">b7 35 9b 05 ba 69 4c 49 40 41 78 1d b4 6c e8 59 5c af 33 ec</Data>
</EventData>
</Event>
